[1.571s] Invoking command in '/home/useradd/ros2_ws/src/robot_navigation': PYTHONPATH=/home/useradd/ros2_ws/build/robot_navigation/prefix_override:/usr/lib/python3/dist-packages/colcon_core/task/python/colcon_distutils_commands:/home/useradd/ros2_ws/install/robot_navigation/lib/python3.10/site-packages:${PYTHONPATH} /usr/bin/python3 -W ignore:setup.py install is deprecated -W ignore:easy_install command is deprecated setup.py egg_info --egg-base ../../build/robot_navigation build --build-base /home/useradd/ros2_ws/build/robot_navigation/build install --record /home/useradd/ros2_ws/build/robot_navigation/install.log --single-version-externally-managed
[1.815s] running egg_info
[1.816s] writing ../../build/robot_navigation/robot_navigation.egg-info/PKG-INFO
[1.816s] writing dependency_links to ../../build/robot_navigation/robot_navigation.egg-info/dependency_links.txt
[1.816s] writing entry points to ../../build/robot_navigation/robot_navigation.egg-info/entry_points.txt
[1.817s] writing requirements to ../../build/robot_navigation/robot_navigation.egg-info/requires.txt
[1.817s] writing top-level names to ../../build/robot_navigation/robot_navigation.egg-info/top_level.txt
[1.819s] reading manifest file '../../build/robot_navigation/robot_navigation.egg-info/SOURCES.txt'
[1.821s] writing manifest file '../../build/robot_navigation/robot_navigation.egg-info/SOURCES.txt'
[1.821s] running build
[1.821s] running build_py
[1.821s] running install
[1.821s] running install_lib
[1.824s] running install_egg_info
[1.826s] removing '/home/useradd/ros2_ws/install/robot_navigation/lib/python3.10/site-packages/robot_navigation-0.0.0-py3.10.egg-info' (and everything under it)
[1.827s] Copying ../../build/robot_navigation/robot_navigation.egg-info to /home/useradd/ros2_ws/install/robot_navigation/lib/python3.10/site-packages/robot_navigation-0.0.0-py3.10.egg-info
[1.829s] running install_scripts
[1.849s] Installing navigate_to_goal script to /home/useradd/ros2_ws/install/robot_navigation/lib/robot_navigation
[1.849s] Installing navigate_to_goal_v2 script to /home/useradd/ros2_ws/install/robot_navigation/lib/robot_navigation
[1.850s] writing list of installed files to '/home/useradd/ros2_ws/build/robot_navigation/install.log'
[1.878s] Invoked command in '/home/useradd/ros2_ws/src/robot_navigation' returned '0': PYTHONPATH=/home/useradd/ros2_ws/build/robot_navigation/prefix_override:/usr/lib/python3/dist-packages/colcon_core/task/python/colcon_distutils_commands:/home/useradd/ros2_ws/install/robot_navigation/lib/python3.10/site-packages:${PYTHONPATH} /usr/bin/python3 -W ignore:setup.py install is deprecated -W ignore:easy_install command is deprecated setup.py egg_info --egg-base ../../build/robot_navigation build --build-base /home/useradd/ros2_ws/build/robot_navigation/build install --record /home/useradd/ros2_ws/build/robot_navigation/install.log --single-version-externally-managed
