[0.243s] Invoking command in '/home/useradd/ros2_ws/build/ur5_moveit_config': CMAKE_PREFIX_PATH=/home/useradd/ros2_ws/install/husky_ur5:/home/useradd/ros2_ws/install/ur_description:/home/useradd/ros2_ws/install/husky_description:/home/useradd/ros2_ws/install/ur_simulation_gazebo:/home/useradd/ros2_ws/install/ur5_moveit_config:/home/useradd/ros2_ws/install/robotiq_description:/home/useradd/ros2_ws/install/robotiq_controllers:/home/useradd/ros2_ws/install/move_ur5:/home/useradd/ros2_ws/install/husky_desktop:/home/useradd/ros2_ws/install/husky_viz:/home/useradd/ros2_ws/install/husky_simulator:/home/useradd/ros2_ws/install/husky_robot:/home/useradd/ros2_ws/install/husky_bringup:/home/useradd/ros2_ws/install/husky_base:/home/useradd/ros2_ws/install/husky_msgs:/home/useradd/ros2_ws/install/husky_gazebo:/home/useradd/ros2_ws/install/husky_control:/home/useradd/ros2_ws/install/aws_robomaker_small_warehouse_world:/home/useradd/ws_moveit2/install/moveit_common:/home/useradd/dev_ws/install/ur5_ros2_moveit2:/home/useradd/dev_ws/install/ur5_ros2_gazebo:/home/useradd/dev_ws/install/ros2_actions:/home/useradd/dev_ws/install/ros2_data:/home/useradd/dev_ws/install/dsr_description2:/home/useradd/tfg_ws/install/husky_desktop:/home/useradd/tfg_ws/install/husky_viz:/home/useradd/tfg_ws/install/husky_simulator:/home/useradd/tfg_ws/install/husky_robot:/home/useradd/tfg_ws/install/husky_bringup:/home/useradd/tfg_ws/install/husky_base:/home/useradd/tfg_ws/install/husky_msgs:/home/useradd/tfg_ws/install/husky_gazebo:/home/useradd/tfg_ws/install/husky_control:/home/useradd/tfg_ws/install/husky_description:/home/useradd/evaluable_ws/install/arm_controller:/home/useradd/cyprgame_ws/install/warrior_21:/home/useradd/cyprgame_ws/install/rosgame_msgs:/home/useradd/cyprgame_ws/install/rosgame_bridge:/home/useradd/cypr_ws/install/navigation:/home/useradd/cypr_ws/install/motion:/home/useradd/cypr_ws/install/localization:/home/useradd/cypr_ws/install/keyboard_control:/home/useradd/cypr_exam_ws/install/my_pkg:/home/useradd/cypr_exam_ws/install/data_pkg:/home/useradd/ros2_ws/install/robot_navigation:/home/useradd/ros2_ws/install/robot_initial_pose:/home/useradd/ws_moveit2/install/launch_param_builder:/home/useradd/dev_ws/install/robot_description:/home/useradd/dev_ws/install/my_doosan_pkg:/home/useradd/dev_ws/install/mobile_manipulator:/home/useradd/dev_ws/install/doosan_description:/home/useradd/dev_ws/install/bulldog_description:/opt/ros/humble /usr/bin/cmake --build /home/useradd/ros2_ws/build/ur5_moveit_config -- -j16 -l16
[0.282s] Invoked command in '/home/useradd/ros2_ws/build/ur5_moveit_config' returned '0': CMAKE_PREFIX_PATH=/home/useradd/ros2_ws/install/husky_ur5:/home/useradd/ros2_ws/install/ur_description:/home/useradd/ros2_ws/install/husky_description:/home/useradd/ros2_ws/install/ur_simulation_gazebo:/home/useradd/ros2_ws/install/ur5_moveit_config:/home/useradd/ros2_ws/install/robotiq_description:/home/useradd/ros2_ws/install/robotiq_controllers:/home/useradd/ros2_ws/install/move_ur5:/home/useradd/ros2_ws/install/husky_desktop:/home/useradd/ros2_ws/install/husky_viz:/home/useradd/ros2_ws/install/husky_simulator:/home/useradd/ros2_ws/install/husky_robot:/home/useradd/ros2_ws/install/husky_bringup:/home/useradd/ros2_ws/install/husky_base:/home/useradd/ros2_ws/install/husky_msgs:/home/useradd/ros2_ws/install/husky_gazebo:/home/useradd/ros2_ws/install/husky_control:/home/useradd/ros2_ws/install/aws_robomaker_small_warehouse_world:/home/useradd/ws_moveit2/install/moveit_common:/home/useradd/dev_ws/install/ur5_ros2_moveit2:/home/useradd/dev_ws/install/ur5_ros2_gazebo:/home/useradd/dev_ws/install/ros2_actions:/home/useradd/dev_ws/install/ros2_data:/home/useradd/dev_ws/install/dsr_description2:/home/useradd/tfg_ws/install/husky_desktop:/home/useradd/tfg_ws/install/husky_viz:/home/useradd/tfg_ws/install/husky_simulator:/home/useradd/tfg_ws/install/husky_robot:/home/useradd/tfg_ws/install/husky_bringup:/home/useradd/tfg_ws/install/husky_base:/home/useradd/tfg_ws/install/husky_msgs:/home/useradd/tfg_ws/install/husky_gazebo:/home/useradd/tfg_ws/install/husky_control:/home/useradd/tfg_ws/install/husky_description:/home/useradd/evaluable_ws/install/arm_controller:/home/useradd/cyprgame_ws/install/warrior_21:/home/useradd/cyprgame_ws/install/rosgame_msgs:/home/useradd/cyprgame_ws/install/rosgame_bridge:/home/useradd/cypr_ws/install/navigation:/home/useradd/cypr_ws/install/motion:/home/useradd/cypr_ws/install/localization:/home/useradd/cypr_ws/install/keyboard_control:/home/useradd/cypr_exam_ws/install/my_pkg:/home/useradd/cypr_exam_ws/install/data_pkg:/home/useradd/ros2_ws/install/robot_navigation:/home/useradd/ros2_ws/install/robot_initial_pose:/home/useradd/ws_moveit2/install/launch_param_builder:/home/useradd/dev_ws/install/robot_description:/home/useradd/dev_ws/install/my_doosan_pkg:/home/useradd/dev_ws/install/mobile_manipulator:/home/useradd/dev_ws/install/doosan_description:/home/useradd/dev_ws/install/bulldog_description:/opt/ros/humble /usr/bin/cmake --build /home/useradd/ros2_ws/build/ur5_moveit_config -- -j16 -l16
[0.285s] Invoking command in '/home/useradd/ros2_ws/build/ur5_moveit_config': CMAKE_PREFIX_PATH=/home/useradd/ros2_ws/install/husky_ur5:/home/useradd/ros2_ws/install/ur_description:/home/useradd/ros2_ws/install/husky_description:/home/useradd/ros2_ws/install/ur_simulation_gazebo:/home/useradd/ros2_ws/install/ur5_moveit_config:/home/useradd/ros2_ws/install/robotiq_description:/home/useradd/ros2_ws/install/robotiq_controllers:/home/useradd/ros2_ws/install/move_ur5:/home/useradd/ros2_ws/install/husky_desktop:/home/useradd/ros2_ws/install/husky_viz:/home/useradd/ros2_ws/install/husky_simulator:/home/useradd/ros2_ws/install/husky_robot:/home/useradd/ros2_ws/install/husky_bringup:/home/useradd/ros2_ws/install/husky_base:/home/useradd/ros2_ws/install/husky_msgs:/home/useradd/ros2_ws/install/husky_gazebo:/home/useradd/ros2_ws/install/husky_control:/home/useradd/ros2_ws/install/aws_robomaker_small_warehouse_world:/home/useradd/ws_moveit2/install/moveit_common:/home/useradd/dev_ws/install/ur5_ros2_moveit2:/home/useradd/dev_ws/install/ur5_ros2_gazebo:/home/useradd/dev_ws/install/ros2_actions:/home/useradd/dev_ws/install/ros2_data:/home/useradd/dev_ws/install/dsr_description2:/home/useradd/tfg_ws/install/husky_desktop:/home/useradd/tfg_ws/install/husky_viz:/home/useradd/tfg_ws/install/husky_simulator:/home/useradd/tfg_ws/install/husky_robot:/home/useradd/tfg_ws/install/husky_bringup:/home/useradd/tfg_ws/install/husky_base:/home/useradd/tfg_ws/install/husky_msgs:/home/useradd/tfg_ws/install/husky_gazebo:/home/useradd/tfg_ws/install/husky_control:/home/useradd/tfg_ws/install/husky_description:/home/useradd/evaluable_ws/install/arm_controller:/home/useradd/cyprgame_ws/install/warrior_21:/home/useradd/cyprgame_ws/install/rosgame_msgs:/home/useradd/cyprgame_ws/install/rosgame_bridge:/home/useradd/cypr_ws/install/navigation:/home/useradd/cypr_ws/install/motion:/home/useradd/cypr_ws/install/localization:/home/useradd/cypr_ws/install/keyboard_control:/home/useradd/cypr_exam_ws/install/my_pkg:/home/useradd/cypr_exam_ws/install/data_pkg:/home/useradd/ros2_ws/install/robot_navigation:/home/useradd/ros2_ws/install/robot_initial_pose:/home/useradd/ws_moveit2/install/launch_param_builder:/home/useradd/dev_ws/install/robot_description:/home/useradd/dev_ws/install/my_doosan_pkg:/home/useradd/dev_ws/install/mobile_manipulator:/home/useradd/dev_ws/install/doosan_description:/home/useradd/dev_ws/install/bulldog_description:/opt/ros/humble /usr/bin/cmake --install /home/useradd/ros2_ws/build/ur5_moveit_config
[0.293s] -- Install configuration: ""
[0.293s] -- Up-to-date: /home/useradd/ros2_ws/install/ur5_moveit_config/share/ament_index/resource_index/package_run_dependencies/ur5_moveit_config
[0.294s] -- Up-to-date: /home/useradd/ros2_ws/install/ur5_moveit_config/share/ament_index/resource_index/parent_prefix_path/ur5_moveit_config
[0.294s] -- Up-to-date: /home/useradd/ros2_ws/install/ur5_moveit_config/share/ur5_moveit_config/environment/ament_prefix_path.sh
[0.294s] -- Up-to-date: /home/useradd/ros2_ws/install/ur5_moveit_config/share/ur5_moveit_config/environment/ament_prefix_path.dsv
[0.294s] -- Up-to-date: /home/useradd/ros2_ws/install/ur5_moveit_config/share/ur5_moveit_config/environment/path.sh
[0.294s] -- Up-to-date: /home/useradd/ros2_ws/install/ur5_moveit_config/share/ur5_moveit_config/environment/path.dsv
[0.294s] -- Up-to-date: /home/useradd/ros2_ws/install/ur5_moveit_config/share/ur5_moveit_config/local_setup.bash
[0.295s] -- Up-to-date: /home/useradd/ros2_ws/install/ur5_moveit_config/share/ur5_moveit_config/local_setup.sh
[0.295s] -- Up-to-date: /home/useradd/ros2_ws/install/ur5_moveit_config/share/ur5_moveit_config/local_setup.zsh
[0.295s] -- Up-to-date: /home/useradd/ros2_ws/install/ur5_moveit_config/share/ur5_moveit_config/local_setup.dsv
[0.296s] -- Up-to-date: /home/useradd/ros2_ws/install/ur5_moveit_config/share/ur5_moveit_config/package.dsv
[0.296s] -- Up-to-date: /home/useradd/ros2_ws/install/ur5_moveit_config/share/ament_index/resource_index/packages/ur5_moveit_config
[0.296s] -- Up-to-date: /home/useradd/ros2_ws/install/ur5_moveit_config/share/ur5_moveit_config/cmake/ur5_moveit_configConfig.cmake
[0.296s] -- Up-to-date: /home/useradd/ros2_ws/install/ur5_moveit_config/share/ur5_moveit_config/cmake/ur5_moveit_configConfig-version.cmake
[0.297s] -- Up-to-date: /home/useradd/ros2_ws/install/ur5_moveit_config/share/ur5_moveit_config/package.xml
[0.297s] -- Up-to-date: /home/useradd/ros2_ws/install/ur5_moveit_config/share/ur5_moveit_config/config
[0.297s] -- Up-to-date: /home/useradd/ros2_ws/install/ur5_moveit_config/share/ur5_moveit_config/config/initial_positions.yaml
[0.297s] -- Up-to-date: /home/useradd/ros2_ws/install/ur5_moveit_config/share/ur5_moveit_config/config/husky_ur5_gazebo.urdf.xacro
[0.297s] -- Up-to-date: /home/useradd/ros2_ws/install/ur5_moveit_config/share/ur5_moveit_config/config/kinematics.yaml
[0.297s] -- Up-to-date: /home/useradd/ros2_ws/install/ur5_moveit_config/share/ur5_moveit_config/config/moveit_controllers.yaml
[0.297s] -- Up-to-date: /home/useradd/ros2_ws/install/ur5_moveit_config/share/ur5_moveit_config/config/pilz_cartesian_limits.yaml
[0.297s] -- Up-to-date: /home/useradd/ros2_ws/install/ur5_moveit_config/share/ur5_moveit_config/config/moveit.rviz
[0.297s] -- Up-to-date: /home/useradd/ros2_ws/install/ur5_moveit_config/share/ur5_moveit_config/config/sensors_3d.yaml
[0.297s] -- Up-to-date: /home/useradd/ros2_ws/install/ur5_moveit_config/share/ur5_moveit_config/config/husky_ur5_gazebo.srdf
[0.297s] -- Up-to-date: /home/useradd/ros2_ws/install/ur5_moveit_config/share/ur5_moveit_config/config/joint_limits.yaml
[0.297s] -- Up-to-date: /home/useradd/ros2_ws/install/ur5_moveit_config/share/ur5_moveit_config/config/ros2_controllers.yaml
[0.297s] -- Up-to-date: /home/useradd/ros2_ws/install/ur5_moveit_config/share/ur5_moveit_config/config/husky_ur5_gazebo.ros2_control.xacro
[0.297s] -- Up-to-date: /home/useradd/ros2_ws/install/ur5_moveit_config/share/ur5_moveit_config/launch
[0.297s] -- Up-to-date: /home/useradd/ros2_ws/install/ur5_moveit_config/share/ur5_moveit_config/launch/rsp.launch.py
[0.297s] -- Up-to-date: /home/useradd/ros2_ws/install/ur5_moveit_config/share/ur5_moveit_config/launch/moveit_rviz.launch.py
[0.298s] -- Up-to-date: /home/useradd/ros2_ws/install/ur5_moveit_config/share/ur5_moveit_config/launch/spawn_controllers.launch.py
[0.298s] -- Up-to-date: /home/useradd/ros2_ws/install/ur5_moveit_config/share/ur5_moveit_config/launch/move_group.launch.py
[0.298s] -- Up-to-date: /home/useradd/ros2_ws/install/ur5_moveit_config/share/ur5_moveit_config/launch/demo.launch.py
[0.298s] -- Up-to-date: /home/useradd/ros2_ws/install/ur5_moveit_config/share/ur5_moveit_config/launch/move_rviz.launch.py
[0.298s] -- Up-to-date: /home/useradd/ros2_ws/install/ur5_moveit_config/share/ur5_moveit_config/launch/static_virtual_joint_tfs.launch.py
[0.298s] -- Up-to-date: /home/useradd/ros2_ws/install/ur5_moveit_config/share/ur5_moveit_config/launch/setup_assistant.launch.py
[0.298s] -- Up-to-date: /home/useradd/ros2_ws/install/ur5_moveit_config/share/ur5_moveit_config/launch/warehouse_db.launch.py
[0.298s] -- Up-to-date: /home/useradd/ros2_ws/install/ur5_moveit_config/share/ur5_moveit_config/launch/warehouse_db.launch - copia.py:Zone.Identifier
[0.299s] -- Up-to-date: /home/useradd/ros2_ws/install/ur5_moveit_config/share/ur5_moveit_config/config
[0.299s] -- Up-to-date: /home/useradd/ros2_ws/install/ur5_moveit_config/share/ur5_moveit_config/config/initial_positions.yaml
[0.299s] -- Up-to-date: /home/useradd/ros2_ws/install/ur5_moveit_config/share/ur5_moveit_config/config/husky_ur5_gazebo.urdf.xacro
[0.299s] -- Up-to-date: /home/useradd/ros2_ws/install/ur5_moveit_config/share/ur5_moveit_config/config/kinematics.yaml
[0.299s] -- Up-to-date: /home/useradd/ros2_ws/install/ur5_moveit_config/share/ur5_moveit_config/config/moveit_controllers.yaml
[0.299s] -- Up-to-date: /home/useradd/ros2_ws/install/ur5_moveit_config/share/ur5_moveit_config/config/pilz_cartesian_limits.yaml
[0.299s] -- Up-to-date: /home/useradd/ros2_ws/install/ur5_moveit_config/share/ur5_moveit_config/config/moveit.rviz
[0.299s] -- Up-to-date: /home/useradd/ros2_ws/install/ur5_moveit_config/share/ur5_moveit_config/config/sensors_3d.yaml
[0.300s] -- Up-to-date: /home/useradd/ros2_ws/install/ur5_moveit_config/share/ur5_moveit_config/config/husky_ur5_gazebo.srdf
[0.300s] -- Up-to-date: /home/useradd/ros2_ws/install/ur5_moveit_config/share/ur5_moveit_config/config/joint_limits.yaml
[0.300s] -- Up-to-date: /home/useradd/ros2_ws/install/ur5_moveit_config/share/ur5_moveit_config/config/ros2_controllers.yaml
[0.300s] -- Up-to-date: /home/useradd/ros2_ws/install/ur5_moveit_config/share/ur5_moveit_config/config/husky_ur5_gazebo.ros2_control.xacro
[0.300s] -- Up-to-date: /home/useradd/ros2_ws/install/ur5_moveit_config/share/ur5_moveit_config/.setup_assistant
[0.315s] Invoked command in '/home/useradd/ros2_ws/build/ur5_moveit_config' returned '0': CMAKE_PREFIX_PATH=/home/useradd/ros2_ws/install/husky_ur5:/home/useradd/ros2_ws/install/ur_description:/home/useradd/ros2_ws/install/husky_description:/home/useradd/ros2_ws/install/ur_simulation_gazebo:/home/useradd/ros2_ws/install/ur5_moveit_config:/home/useradd/ros2_ws/install/robotiq_description:/home/useradd/ros2_ws/install/robotiq_controllers:/home/useradd/ros2_ws/install/move_ur5:/home/useradd/ros2_ws/install/husky_desktop:/home/useradd/ros2_ws/install/husky_viz:/home/useradd/ros2_ws/install/husky_simulator:/home/useradd/ros2_ws/install/husky_robot:/home/useradd/ros2_ws/install/husky_bringup:/home/useradd/ros2_ws/install/husky_base:/home/useradd/ros2_ws/install/husky_msgs:/home/useradd/ros2_ws/install/husky_gazebo:/home/useradd/ros2_ws/install/husky_control:/home/useradd/ros2_ws/install/aws_robomaker_small_warehouse_world:/home/useradd/ws_moveit2/install/moveit_common:/home/useradd/dev_ws/install/ur5_ros2_moveit2:/home/useradd/dev_ws/install/ur5_ros2_gazebo:/home/useradd/dev_ws/install/ros2_actions:/home/useradd/dev_ws/install/ros2_data:/home/useradd/dev_ws/install/dsr_description2:/home/useradd/tfg_ws/install/husky_desktop:/home/useradd/tfg_ws/install/husky_viz:/home/useradd/tfg_ws/install/husky_simulator:/home/useradd/tfg_ws/install/husky_robot:/home/useradd/tfg_ws/install/husky_bringup:/home/useradd/tfg_ws/install/husky_base:/home/useradd/tfg_ws/install/husky_msgs:/home/useradd/tfg_ws/install/husky_gazebo:/home/useradd/tfg_ws/install/husky_control:/home/useradd/tfg_ws/install/husky_description:/home/useradd/evaluable_ws/install/arm_controller:/home/useradd/cyprgame_ws/install/warrior_21:/home/useradd/cyprgame_ws/install/rosgame_msgs:/home/useradd/cyprgame_ws/install/rosgame_bridge:/home/useradd/cypr_ws/install/navigation:/home/useradd/cypr_ws/install/motion:/home/useradd/cypr_ws/install/localization:/home/useradd/cypr_ws/install/keyboard_control:/home/useradd/cypr_exam_ws/install/my_pkg:/home/useradd/cypr_exam_ws/install/data_pkg:/home/useradd/ros2_ws/install/robot_navigation:/home/useradd/ros2_ws/install/robot_initial_pose:/home/useradd/ws_moveit2/install/launch_param_builder:/home/useradd/dev_ws/install/robot_description:/home/useradd/dev_ws/install/my_doosan_pkg:/home/useradd/dev_ws/install/mobile_manipulator:/home/useradd/dev_ws/install/doosan_description:/home/useradd/dev_ws/install/bulldog_description:/opt/ros/humble /usr/bin/cmake --install /home/useradd/ros2_ws/build/ur5_moveit_config
