-- Install configuration: ""
-- Up-to-date: /home/useradd/ros2_ws/install/husky_ur5/share/husky_ur5/launch
-- Up-to-date: /home/useradd/ros2_ws/install/husky_ur5/share/husky_ur5/launch/slam.launch.py
-- Up-to-date: /home/useradd/ros2_ws/install/husky_ur5/share/husky_ur5/launch/install
-- Up-to-date: /home/useradd/ros2_ws/install/husky_ur5/share/husky_ur5/launch/install/_local_setup_util_sh.py
-- Up-to-date: /home/useradd/ros2_ws/install/husky_ur5/share/husky_ur5/launch/install/_local_setup_util_ps1.py
-- Up-to-date: /home/useradd/ros2_ws/install/husky_ur5/share/husky_ur5/launch/install/local_setup.sh
-- Up-to-date: /home/useradd/ros2_ws/install/husky_ur5/share/husky_ur5/launch/install/.colcon_install_layout
-- Up-to-date: /home/useradd/ros2_ws/install/husky_ur5/share/husky_ur5/launch/install/COLCON_IGNORE
-- Up-to-date: /home/useradd/ros2_ws/install/husky_ur5/share/husky_ur5/launch/install/setup.ps1
-- Up-to-date: /home/useradd/ros2_ws/install/husky_ur5/share/husky_ur5/launch/install/local_setup.bash
-- Up-to-date: /home/useradd/ros2_ws/install/husky_ur5/share/husky_ur5/launch/install/setup.bash
-- Up-to-date: /home/useradd/ros2_ws/install/husky_ur5/share/husky_ur5/launch/install/local_setup.zsh
-- Up-to-date: /home/useradd/ros2_ws/install/husky_ur5/share/husky_ur5/launch/install/local_setup.ps1
-- Up-to-date: /home/useradd/ros2_ws/install/husky_ur5/share/husky_ur5/launch/install/setup.sh
-- Up-to-date: /home/useradd/ros2_ws/install/husky_ur5/share/husky_ur5/launch/install/setup.zsh
-- Up-to-date: /home/useradd/ros2_ws/install/husky_ur5/share/husky_ur5/launch/build
-- Up-to-date: /home/useradd/ros2_ws/install/husky_ur5/share/husky_ur5/launch/build/COLCON_IGNORE
-- Up-to-date: /home/useradd/ros2_ws/install/husky_ur5/share/husky_ur5/launch/build/.built_by
-- Up-to-date: /home/useradd/ros2_ws/install/husky_ur5/share/husky_ur5/launch/gazebo_launch - copia.py:Zone.Identifier
-- Up-to-date: /home/useradd/ros2_ws/install/husky_ur5/share/husky_ur5/launch/gazebo_launch.py
-- Up-to-date: /home/useradd/ros2_ws/install/husky_ur5/share/husky_ur5/launch/nav2_almacen.launch.py
-- Up-to-date: /home/useradd/ros2_ws/install/husky_ur5/share/husky_ur5/urdf
-- Up-to-date: /home/useradd/ros2_ws/install/husky_ur5/share/husky_ur5/urdf/husky_ur5_gazebo.urdf.xacro
-- Up-to-date: /home/useradd/ros2_ws/install/husky_ur5/share/husky_ur5/config
-- Up-to-date: /home/useradd/ros2_ws/install/husky_ur5/share/husky_ur5/config/global_costmap.yaml
-- Up-to-date: /home/useradd/ros2_ws/install/husky_ur5/share/husky_ur5/config/initial_positions.yaml
-- Up-to-date: /home/useradd/ros2_ws/install/husky_ur5/share/husky_ur5/config/slam_params.yaml
-- Up-to-date: /home/useradd/ros2_ws/install/husky_ur5/share/husky_ur5/config/initial_positions.yaml:Zone.Identifier
-- Up-to-date: /home/useradd/ros2_ws/install/husky_ur5/share/husky_ur5/config/ur_controllers.yaml
-- Up-to-date: /home/useradd/ros2_ws/install/husky_ur5/share/husky_ur5/config/costmap_common.yaml
-- Up-to-date: /home/useradd/ros2_ws/install/husky_ur5/share/husky_ur5/config/ekf.yaml
-- Up-to-date: /home/useradd/ros2_ws/install/husky_ur5/share/husky_ur5/config/control.yaml:Zone.Identifier
-- Up-to-date: /home/useradd/ros2_ws/install/husky_ur5/share/husky_ur5/config/control - copia.yaml:Zone.Identifier
-- Up-to-date: /home/useradd/ros2_ws/install/husky_ur5/share/husky_ur5/config/nav2_params.yaml
-- Up-to-date: /home/useradd/ros2_ws/install/husky_ur5/share/husky_ur5/config/husky_ur5_controllers - copia.yaml:Zone.Identifier
-- Up-to-date: /home/useradd/ros2_ws/install/husky_ur5/share/husky_ur5/config/local_costmap.yaml
-- Up-to-date: /home/useradd/ros2_ws/install/husky_ur5/share/husky_ur5/config/husky_ur5_controllers.yaml
-- Up-to-date: /home/useradd/ros2_ws/install/husky_ur5/share/husky_ur5/config/control.yaml
-- Up-to-date: /home/useradd/ros2_ws/install/husky_ur5/share/husky_ur5/config/bt_navigator.yaml
-- Up-to-date: /home/useradd/ros2_ws/install/husky_ur5/share/husky_ur5/worlds
-- Up-to-date: /home/useradd/ros2_ws/install/husky_ur5/share/husky_ur5/worlds/clearpath_playpen.world
-- Up-to-date: /home/useradd/ros2_ws/install/husky_ur5/share/husky_ur5/worlds/factory.world:Zone.Identifier
-- Up-to-date: /home/useradd/ros2_ws/install/husky_ur5/share/husky_ur5/worlds/almacen.world
-- Up-to-date: /home/useradd/ros2_ws/install/husky_ur5/share/husky_ur5/worlds/warehouse.world
-- Up-to-date: /home/useradd/ros2_ws/install/husky_ur5/share/husky_ur5/worlds/clearpath_playpen.world:Zone.Identifier
-- Up-to-date: /home/useradd/ros2_ws/install/husky_ur5/share/husky_ur5/worlds/factory.world
-- Up-to-date: /home/useradd/ros2_ws/install/husky_ur5/share/husky_ur5/maps
-- Up-to-date: /home/useradd/ros2_ws/install/husky_ur5/share/husky_ur5/maps/almacen_map.pgm
-- Up-to-date: /home/useradd/ros2_ws/install/husky_ur5/share/husky_ur5/maps/almacen_map.yaml
-- Up-to-date: /home/useradd/ros2_ws/install/husky_ur5/share/ament_index/resource_index/package_run_dependencies/husky_ur5
-- Up-to-date: /home/useradd/ros2_ws/install/husky_ur5/share/ament_index/resource_index/parent_prefix_path/husky_ur5
-- Up-to-date: /home/useradd/ros2_ws/install/husky_ur5/share/husky_ur5/environment/ament_prefix_path.sh
-- Up-to-date: /home/useradd/ros2_ws/install/husky_ur5/share/husky_ur5/environment/ament_prefix_path.dsv
-- Up-to-date: /home/useradd/ros2_ws/install/husky_ur5/share/husky_ur5/environment/path.sh
-- Up-to-date: /home/useradd/ros2_ws/install/husky_ur5/share/husky_ur5/environment/path.dsv
-- Up-to-date: /home/useradd/ros2_ws/install/husky_ur5/share/husky_ur5/local_setup.bash
-- Up-to-date: /home/useradd/ros2_ws/install/husky_ur5/share/husky_ur5/local_setup.sh
-- Up-to-date: /home/useradd/ros2_ws/install/husky_ur5/share/husky_ur5/local_setup.zsh
-- Up-to-date: /home/useradd/ros2_ws/install/husky_ur5/share/husky_ur5/local_setup.dsv
-- Up-to-date: /home/useradd/ros2_ws/install/husky_ur5/share/husky_ur5/package.dsv
-- Up-to-date: /home/useradd/ros2_ws/install/husky_ur5/share/ament_index/resource_index/packages/husky_ur5
-- Up-to-date: /home/useradd/ros2_ws/install/husky_ur5/share/husky_ur5/cmake/husky_ur5Config.cmake
-- Up-to-date: /home/useradd/ros2_ws/install/husky_ur5/share/husky_ur5/cmake/husky_ur5Config-version.cmake
-- Up-to-date: /home/useradd/ros2_ws/install/husky_ur5/share/husky_ur5/package.xml
