[0.226s] Invoking command in '/home/useradd/ros2_ws/build/husky_ur5': CMAKE_PREFIX_PATH=/home/useradd/ros2_ws/install/ur_description:/home/useradd/ros2_ws/install/husky_description:/home/useradd/ros2_ws/install/ur_simulation_gazebo:/home/useradd/ros2_ws/install/ur5_moveit_config:/home/useradd/ros2_ws/install/husky_ur5:/home/useradd/ros2_ws/install/robotiq_description:/home/useradd/ros2_ws/install/robotiq_controllers:/home/useradd/ros2_ws/install/move_ur5:/home/useradd/ros2_ws/install/husky_desktop:/home/useradd/ros2_ws/install/husky_viz:/home/useradd/ros2_ws/install/husky_simulator:/home/useradd/ros2_ws/install/husky_robot:/home/useradd/ros2_ws/install/husky_bringup:/home/useradd/ros2_ws/install/husky_base:/home/useradd/ros2_ws/install/husky_msgs:/home/useradd/ros2_ws/install/husky_gazebo:/home/useradd/ros2_ws/install/husky_control:/home/useradd/ros2_ws/install/aws_robomaker_small_warehouse_world:/home/useradd/ws_moveit2/install/moveit_common:/home/useradd/dev_ws/install/ur5_ros2_moveit2:/home/useradd/dev_ws/install/ur5_ros2_gazebo:/home/useradd/dev_ws/install/ros2_actions:/home/useradd/dev_ws/install/ros2_data:/home/useradd/dev_ws/install/dsr_description2:/home/useradd/tfg_ws/install/husky_desktop:/home/useradd/tfg_ws/install/husky_viz:/home/useradd/tfg_ws/install/husky_simulator:/home/useradd/tfg_ws/install/husky_robot:/home/useradd/tfg_ws/install/husky_bringup:/home/useradd/tfg_ws/install/husky_base:/home/useradd/tfg_ws/install/husky_msgs:/home/useradd/tfg_ws/install/husky_gazebo:/home/useradd/tfg_ws/install/husky_control:/home/useradd/tfg_ws/install/husky_description:/home/useradd/evaluable_ws/install/arm_controller:/home/useradd/cyprgame_ws/install/warrior_21:/home/useradd/cyprgame_ws/install/rosgame_msgs:/home/useradd/cyprgame_ws/install/rosgame_bridge:/home/useradd/cypr_ws/install/navigation:/home/useradd/cypr_ws/install/motion:/home/useradd/cypr_ws/install/localization:/home/useradd/cypr_ws/install/keyboard_control:/home/useradd/cypr_exam_ws/install/my_pkg:/home/useradd/cypr_exam_ws/install/data_pkg:/home/useradd/ros2_ws/install/robot_navigation:/home/useradd/ros2_ws/install/robot_initial_pose:/home/useradd/ws_moveit2/install/launch_param_builder:/home/useradd/dev_ws/install/robot_description:/home/useradd/dev_ws/install/my_doosan_pkg:/home/useradd/dev_ws/install/mobile_manipulator:/home/useradd/dev_ws/install/doosan_description:/home/useradd/dev_ws/install/bulldog_description:/opt/ros/humble /usr/bin/cmake --build /home/useradd/ros2_ws/build/husky_ur5 -- -j16 -l16
[0.269s] Invoked command in '/home/useradd/ros2_ws/build/husky_ur5' returned '0': CMAKE_PREFIX_PATH=/home/useradd/ros2_ws/install/ur_description:/home/useradd/ros2_ws/install/husky_description:/home/useradd/ros2_ws/install/ur_simulation_gazebo:/home/useradd/ros2_ws/install/ur5_moveit_config:/home/useradd/ros2_ws/install/husky_ur5:/home/useradd/ros2_ws/install/robotiq_description:/home/useradd/ros2_ws/install/robotiq_controllers:/home/useradd/ros2_ws/install/move_ur5:/home/useradd/ros2_ws/install/husky_desktop:/home/useradd/ros2_ws/install/husky_viz:/home/useradd/ros2_ws/install/husky_simulator:/home/useradd/ros2_ws/install/husky_robot:/home/useradd/ros2_ws/install/husky_bringup:/home/useradd/ros2_ws/install/husky_base:/home/useradd/ros2_ws/install/husky_msgs:/home/useradd/ros2_ws/install/husky_gazebo:/home/useradd/ros2_ws/install/husky_control:/home/useradd/ros2_ws/install/aws_robomaker_small_warehouse_world:/home/useradd/ws_moveit2/install/moveit_common:/home/useradd/dev_ws/install/ur5_ros2_moveit2:/home/useradd/dev_ws/install/ur5_ros2_gazebo:/home/useradd/dev_ws/install/ros2_actions:/home/useradd/dev_ws/install/ros2_data:/home/useradd/dev_ws/install/dsr_description2:/home/useradd/tfg_ws/install/husky_desktop:/home/useradd/tfg_ws/install/husky_viz:/home/useradd/tfg_ws/install/husky_simulator:/home/useradd/tfg_ws/install/husky_robot:/home/useradd/tfg_ws/install/husky_bringup:/home/useradd/tfg_ws/install/husky_base:/home/useradd/tfg_ws/install/husky_msgs:/home/useradd/tfg_ws/install/husky_gazebo:/home/useradd/tfg_ws/install/husky_control:/home/useradd/tfg_ws/install/husky_description:/home/useradd/evaluable_ws/install/arm_controller:/home/useradd/cyprgame_ws/install/warrior_21:/home/useradd/cyprgame_ws/install/rosgame_msgs:/home/useradd/cyprgame_ws/install/rosgame_bridge:/home/useradd/cypr_ws/install/navigation:/home/useradd/cypr_ws/install/motion:/home/useradd/cypr_ws/install/localization:/home/useradd/cypr_ws/install/keyboard_control:/home/useradd/cypr_exam_ws/install/my_pkg:/home/useradd/cypr_exam_ws/install/data_pkg:/home/useradd/ros2_ws/install/robot_navigation:/home/useradd/ros2_ws/install/robot_initial_pose:/home/useradd/ws_moveit2/install/launch_param_builder:/home/useradd/dev_ws/install/robot_description:/home/useradd/dev_ws/install/my_doosan_pkg:/home/useradd/dev_ws/install/mobile_manipulator:/home/useradd/dev_ws/install/doosan_description:/home/useradd/dev_ws/install/bulldog_description:/opt/ros/humble /usr/bin/cmake --build /home/useradd/ros2_ws/build/husky_ur5 -- -j16 -l16
[0.271s] Invoking command in '/home/useradd/ros2_ws/build/husky_ur5': CMAKE_PREFIX_PATH=/home/useradd/ros2_ws/install/ur_description:/home/useradd/ros2_ws/install/husky_description:/home/useradd/ros2_ws/install/ur_simulation_gazebo:/home/useradd/ros2_ws/install/ur5_moveit_config:/home/useradd/ros2_ws/install/husky_ur5:/home/useradd/ros2_ws/install/robotiq_description:/home/useradd/ros2_ws/install/robotiq_controllers:/home/useradd/ros2_ws/install/move_ur5:/home/useradd/ros2_ws/install/husky_desktop:/home/useradd/ros2_ws/install/husky_viz:/home/useradd/ros2_ws/install/husky_simulator:/home/useradd/ros2_ws/install/husky_robot:/home/useradd/ros2_ws/install/husky_bringup:/home/useradd/ros2_ws/install/husky_base:/home/useradd/ros2_ws/install/husky_msgs:/home/useradd/ros2_ws/install/husky_gazebo:/home/useradd/ros2_ws/install/husky_control:/home/useradd/ros2_ws/install/aws_robomaker_small_warehouse_world:/home/useradd/ws_moveit2/install/moveit_common:/home/useradd/dev_ws/install/ur5_ros2_moveit2:/home/useradd/dev_ws/install/ur5_ros2_gazebo:/home/useradd/dev_ws/install/ros2_actions:/home/useradd/dev_ws/install/ros2_data:/home/useradd/dev_ws/install/dsr_description2:/home/useradd/tfg_ws/install/husky_desktop:/home/useradd/tfg_ws/install/husky_viz:/home/useradd/tfg_ws/install/husky_simulator:/home/useradd/tfg_ws/install/husky_robot:/home/useradd/tfg_ws/install/husky_bringup:/home/useradd/tfg_ws/install/husky_base:/home/useradd/tfg_ws/install/husky_msgs:/home/useradd/tfg_ws/install/husky_gazebo:/home/useradd/tfg_ws/install/husky_control:/home/useradd/tfg_ws/install/husky_description:/home/useradd/evaluable_ws/install/arm_controller:/home/useradd/cyprgame_ws/install/warrior_21:/home/useradd/cyprgame_ws/install/rosgame_msgs:/home/useradd/cyprgame_ws/install/rosgame_bridge:/home/useradd/cypr_ws/install/navigation:/home/useradd/cypr_ws/install/motion:/home/useradd/cypr_ws/install/localization:/home/useradd/cypr_ws/install/keyboard_control:/home/useradd/cypr_exam_ws/install/my_pkg:/home/useradd/cypr_exam_ws/install/data_pkg:/home/useradd/ros2_ws/install/robot_navigation:/home/useradd/ros2_ws/install/robot_initial_pose:/home/useradd/ws_moveit2/install/launch_param_builder:/home/useradd/dev_ws/install/robot_description:/home/useradd/dev_ws/install/my_doosan_pkg:/home/useradd/dev_ws/install/mobile_manipulator:/home/useradd/dev_ws/install/doosan_description:/home/useradd/dev_ws/install/bulldog_description:/opt/ros/humble /usr/bin/cmake --install /home/useradd/ros2_ws/build/husky_ur5
[0.280s] -- Install configuration: ""
[0.280s] -- Up-to-date: /home/useradd/ros2_ws/install/husky_ur5/share/husky_ur5/launch
[0.280s] -- Up-to-date: /home/useradd/ros2_ws/install/husky_ur5/share/husky_ur5/launch/slam.launch.py
[0.280s] -- Up-to-date: /home/useradd/ros2_ws/install/husky_ur5/share/husky_ur5/launch/install
[0.280s] -- Up-to-date: /home/useradd/ros2_ws/install/husky_ur5/share/husky_ur5/launch/install/_local_setup_util_sh.py
[0.280s] -- Up-to-date: /home/useradd/ros2_ws/install/husky_ur5/share/husky_ur5/launch/install/_local_setup_util_ps1.py
[0.280s] -- Up-to-date: /home/useradd/ros2_ws/install/husky_ur5/share/husky_ur5/launch/install/local_setup.sh
[0.281s] -- Up-to-date: /home/useradd/ros2_ws/install/husky_ur5/share/husky_ur5/launch/install/.colcon_install_layout
[0.281s] -- Up-to-date: /home/useradd/ros2_ws/install/husky_ur5/share/husky_ur5/launch/install/COLCON_IGNORE
[0.281s] -- Up-to-date: /home/useradd/ros2_ws/install/husky_ur5/share/husky_ur5/launch/install/setup.ps1
[0.281s] -- Up-to-date: /home/useradd/ros2_ws/install/husky_ur5/share/husky_ur5/launch/install/local_setup.bash
[0.281s] -- Up-to-date: /home/useradd/ros2_ws/install/husky_ur5/share/husky_ur5/launch/install/setup.bash
[0.281s] -- Up-to-date: /home/useradd/ros2_ws/install/husky_ur5/share/husky_ur5/launch/install/local_setup.zsh
[0.281s] -- Up-to-date: /home/useradd/ros2_ws/install/husky_ur5/share/husky_ur5/launch/install/local_setup.ps1
[0.281s] -- Up-to-date: /home/useradd/ros2_ws/install/husky_ur5/share/husky_ur5/launch/install/setup.sh
[0.281s] -- Up-to-date: /home/useradd/ros2_ws/install/husky_ur5/share/husky_ur5/launch/install/setup.zsh
[0.282s] -- Up-to-date: /home/useradd/ros2_ws/install/husky_ur5/share/husky_ur5/launch/build
[0.282s] -- Up-to-date: /home/useradd/ros2_ws/install/husky_ur5/share/husky_ur5/launch/build/COLCON_IGNORE
[0.282s] -- Up-to-date: /home/useradd/ros2_ws/install/husky_ur5/share/husky_ur5/launch/build/.built_by
[0.282s] -- Up-to-date: /home/useradd/ros2_ws/install/husky_ur5/share/husky_ur5/launch/gazebo_launch - copia.py:Zone.Identifier
[0.282s] -- Up-to-date: /home/useradd/ros2_ws/install/husky_ur5/share/husky_ur5/launch/gazebo_launch.py
[0.282s] -- Up-to-date: /home/useradd/ros2_ws/install/husky_ur5/share/husky_ur5/launch/nav2_almacen.launch.py
[0.282s] -- Up-to-date: /home/useradd/ros2_ws/install/husky_ur5/share/husky_ur5/urdf
[0.283s] -- Up-to-date: /home/useradd/ros2_ws/install/husky_ur5/share/husky_ur5/urdf/husky_ur5_gazebo.urdf.xacro
[0.283s] -- Up-to-date: /home/useradd/ros2_ws/install/husky_ur5/share/husky_ur5/config
[0.283s] -- Up-to-date: /home/useradd/ros2_ws/install/husky_ur5/share/husky_ur5/config/global_costmap.yaml
[0.284s] -- Up-to-date: /home/useradd/ros2_ws/install/husky_ur5/share/husky_ur5/config/initial_positions.yaml
[0.284s] -- Up-to-date: /home/useradd/ros2_ws/install/husky_ur5/share/husky_ur5/config/slam_params.yaml
[0.284s] -- Up-to-date: /home/useradd/ros2_ws/install/husky_ur5/share/husky_ur5/config/initial_positions.yaml:Zone.Identifier
[0.285s] -- Up-to-date: /home/useradd/ros2_ws/install/husky_ur5/share/husky_ur5/config/ur_controllers.yaml
[0.285s] -- Up-to-date: /home/useradd/ros2_ws/install/husky_ur5/share/husky_ur5/config/costmap_common.yaml
[0.285s] -- Up-to-date: /home/useradd/ros2_ws/install/husky_ur5/share/husky_ur5/config/ekf.yaml
[0.285s] -- Up-to-date: /home/useradd/ros2_ws/install/husky_ur5/share/husky_ur5/config/control.yaml:Zone.Identifier
[0.285s] -- Up-to-date: /home/useradd/ros2_ws/install/husky_ur5/share/husky_ur5/config/control - copia.yaml:Zone.Identifier
[0.285s] -- Up-to-date: /home/useradd/ros2_ws/install/husky_ur5/share/husky_ur5/config/nav2_params.yaml
[0.286s] -- Up-to-date: /home/useradd/ros2_ws/install/husky_ur5/share/husky_ur5/config/husky_ur5_controllers - copia.yaml:Zone.Identifier
[0.286s] -- Up-to-date: /home/useradd/ros2_ws/install/husky_ur5/share/husky_ur5/config/local_costmap.yaml
[0.286s] -- Up-to-date: /home/useradd/ros2_ws/install/husky_ur5/share/husky_ur5/config/husky_ur5_controllers.yaml
[0.286s] -- Up-to-date: /home/useradd/ros2_ws/install/husky_ur5/share/husky_ur5/config/control.yaml
[0.286s] -- Up-to-date: /home/useradd/ros2_ws/install/husky_ur5/share/husky_ur5/config/bt_navigator.yaml
[0.286s] -- Up-to-date: /home/useradd/ros2_ws/install/husky_ur5/share/husky_ur5/worlds
[0.286s] -- Up-to-date: /home/useradd/ros2_ws/install/husky_ur5/share/husky_ur5/worlds/clearpath_playpen.world
[0.287s] -- Up-to-date: /home/useradd/ros2_ws/install/husky_ur5/share/husky_ur5/worlds/factory.world:Zone.Identifier
[0.288s] -- Up-to-date: /home/useradd/ros2_ws/install/husky_ur5/share/husky_ur5/worlds/almacen.world
[0.288s] -- Up-to-date: /home/useradd/ros2_ws/install/husky_ur5/share/husky_ur5/worlds/warehouse.world
[0.289s] -- Up-to-date: /home/useradd/ros2_ws/install/husky_ur5/share/husky_ur5/worlds/clearpath_playpen.world:Zone.Identifier
[0.289s] -- Up-to-date: /home/useradd/ros2_ws/install/husky_ur5/share/husky_ur5/worlds/factory.world
[0.289s] -- Up-to-date: /home/useradd/ros2_ws/install/husky_ur5/share/husky_ur5/maps
[0.289s] -- Up-to-date: /home/useradd/ros2_ws/install/husky_ur5/share/husky_ur5/maps/almacen_map.pgm
[0.289s] -- Up-to-date: /home/useradd/ros2_ws/install/husky_ur5/share/husky_ur5/maps/almacen_map.yaml
[0.289s] -- Up-to-date: /home/useradd/ros2_ws/install/husky_ur5/share/ament_index/resource_index/package_run_dependencies/husky_ur5
[0.289s] -- Up-to-date: /home/useradd/ros2_ws/install/husky_ur5/share/ament_index/resource_index/parent_prefix_path/husky_ur5
[0.289s] -- Up-to-date: /home/useradd/ros2_ws/install/husky_ur5/share/husky_ur5/environment/ament_prefix_path.sh
[0.290s] -- Up-to-date: /home/useradd/ros2_ws/install/husky_ur5/share/husky_ur5/environment/ament_prefix_path.dsv
[0.290s] -- Up-to-date: /home/useradd/ros2_ws/install/husky_ur5/share/husky_ur5/environment/path.sh
[0.290s] -- Up-to-date: /home/useradd/ros2_ws/install/husky_ur5/share/husky_ur5/environment/path.dsv
[0.290s] -- Up-to-date: /home/useradd/ros2_ws/install/husky_ur5/share/husky_ur5/local_setup.bash
[0.290s] -- Up-to-date: /home/useradd/ros2_ws/install/husky_ur5/share/husky_ur5/local_setup.sh
[0.290s] -- Up-to-date: /home/useradd/ros2_ws/install/husky_ur5/share/husky_ur5/local_setup.zsh
[0.290s] -- Up-to-date: /home/useradd/ros2_ws/install/husky_ur5/share/husky_ur5/local_setup.dsv
[0.291s] -- Up-to-date: /home/useradd/ros2_ws/install/husky_ur5/share/husky_ur5/package.dsv
[0.291s] -- Up-to-date: /home/useradd/ros2_ws/install/husky_ur5/share/ament_index/resource_index/packages/husky_ur5
[0.291s] -- Up-to-date: /home/useradd/ros2_ws/install/husky_ur5/share/husky_ur5/cmake/husky_ur5Config.cmake
[0.291s] -- Up-to-date: /home/useradd/ros2_ws/install/husky_ur5/share/husky_ur5/cmake/husky_ur5Config-version.cmake
[0.291s] -- Up-to-date: /home/useradd/ros2_ws/install/husky_ur5/share/husky_ur5/package.xml
[0.291s] Invoked command in '/home/useradd/ros2_ws/build/husky_ur5' returned '0': CMAKE_PREFIX_PATH=/home/useradd/ros2_ws/install/ur_description:/home/useradd/ros2_ws/install/husky_description:/home/useradd/ros2_ws/install/ur_simulation_gazebo:/home/useradd/ros2_ws/install/ur5_moveit_config:/home/useradd/ros2_ws/install/husky_ur5:/home/useradd/ros2_ws/install/robotiq_description:/home/useradd/ros2_ws/install/robotiq_controllers:/home/useradd/ros2_ws/install/move_ur5:/home/useradd/ros2_ws/install/husky_desktop:/home/useradd/ros2_ws/install/husky_viz:/home/useradd/ros2_ws/install/husky_simulator:/home/useradd/ros2_ws/install/husky_robot:/home/useradd/ros2_ws/install/husky_bringup:/home/useradd/ros2_ws/install/husky_base:/home/useradd/ros2_ws/install/husky_msgs:/home/useradd/ros2_ws/install/husky_gazebo:/home/useradd/ros2_ws/install/husky_control:/home/useradd/ros2_ws/install/aws_robomaker_small_warehouse_world:/home/useradd/ws_moveit2/install/moveit_common:/home/useradd/dev_ws/install/ur5_ros2_moveit2:/home/useradd/dev_ws/install/ur5_ros2_gazebo:/home/useradd/dev_ws/install/ros2_actions:/home/useradd/dev_ws/install/ros2_data:/home/useradd/dev_ws/install/dsr_description2:/home/useradd/tfg_ws/install/husky_desktop:/home/useradd/tfg_ws/install/husky_viz:/home/useradd/tfg_ws/install/husky_simulator:/home/useradd/tfg_ws/install/husky_robot:/home/useradd/tfg_ws/install/husky_bringup:/home/useradd/tfg_ws/install/husky_base:/home/useradd/tfg_ws/install/husky_msgs:/home/useradd/tfg_ws/install/husky_gazebo:/home/useradd/tfg_ws/install/husky_control:/home/useradd/tfg_ws/install/husky_description:/home/useradd/evaluable_ws/install/arm_controller:/home/useradd/cyprgame_ws/install/warrior_21:/home/useradd/cyprgame_ws/install/rosgame_msgs:/home/useradd/cyprgame_ws/install/rosgame_bridge:/home/useradd/cypr_ws/install/navigation:/home/useradd/cypr_ws/install/motion:/home/useradd/cypr_ws/install/localization:/home/useradd/cypr_ws/install/keyboard_control:/home/useradd/cypr_exam_ws/install/my_pkg:/home/useradd/cypr_exam_ws/install/data_pkg:/home/useradd/ros2_ws/install/robot_navigation:/home/useradd/ros2_ws/install/robot_initial_pose:/home/useradd/ws_moveit2/install/launch_param_builder:/home/useradd/dev_ws/install/robot_description:/home/useradd/dev_ws/install/my_doosan_pkg:/home/useradd/dev_ws/install/mobile_manipulator:/home/useradd/dev_ws/install/doosan_description:/home/useradd/dev_ws/install/bulldog_description:/opt/ros/humble /usr/bin/cmake --install /home/useradd/ros2_ws/build/husky_ur5
