[2.448s] Invoking command in '/home/useradd/ros2_ws/src/build/robotiq_controllers': CMAKE_PREFIX_PATH=${CMAKE_PREFIX_PATH}:/home/useradd/ros2_ws/install/twist_mux_bridge:/home/useradd/ros2_ws/install/robot_navigation:/home/useradd/ros2_ws/install/robot_initial_pose:/home/useradd/ros2_ws/install/odom_bridge:/home/useradd/ros2_ws/install/mi_giro_final:/home/useradd/ros2_ws/install/cmd_vel_bridge:/home/useradd/dev_ws/install/robot_description:/home/useradd/dev_ws/install/my_doosan_pkg:/home/useradd/dev_ws/install/mobile_manipulator:/home/useradd/dev_ws/install/doosan_description:/home/useradd/dev_ws/install/bulldog_description:/opt/ros/humble /usr/bin/cmake /home/useradd/ros2_ws/src/ros2_robotiq_gripper/robotiq_controllers -DCMAKE_INSTALL_PREFIX=/home/useradd/ros2_ws/src/install/robotiq_controllers
[2.873s] -- The C compiler identification is GNU 11.4.0
[3.617s] -- The CXX compiler identification is GNU 11.4.0
[4.730s] -- Detecting C compiler ABI info
[5.069s] -- Detecting C compiler ABI info - done
[5.080s] -- Check for working C compiler: /usr/bin/cc - skipped
[5.081s] -- Detecting C compile features
[5.081s] -- Detecting C compile features - done
[5.085s] -- Detecting CXX compiler ABI info
[5.333s] -- Detecting CXX compiler ABI info - done
[5.344s] -- Check for working CXX compiler: /usr/bin/c++ - skipped
[5.345s] -- Detecting CXX compile features
[5.346s] -- Detecting CXX compile features - done
[5.355s] -- Found ament_cmake: 1.3.11 (/opt/ros/humble/share/ament_cmake/cmake)
[5.773s] -- Found Python3: /usr/bin/python3 (found version "3.10.12") found components: Interpreter 
[6.007s] -- Found controller_interface: 2.49.0 (/opt/ros/humble/share/controller_interface/cmake)
[6.313s] -- Found rosidl_generator_c: 3.1.6 (/opt/ros/humble/share/rosidl_generator_c/cmake)
[6.330s] -- Found rosidl_adapter: 3.1.6 (/opt/ros/humble/share/rosidl_adapter/cmake)
[6.349s] -- Found rosidl_generator_cpp: 3.1.6 (/opt/ros/humble/share/rosidl_generator_cpp/cmake)
[6.381s] -- Using all available rosidl_typesupport_c: rosidl_typesupport_fastrtps_c;rosidl_typesupport_introspection_c
[6.421s] -- Using all available rosidl_typesupport_cpp: rosidl_typesupport_fastrtps_cpp;rosidl_typesupport_introspection_cpp
[8.745s] -- Found rmw_implementation_cmake: 6.1.2 (/opt/ros/humble/share/rmw_implementation_cmake/cmake)
[8.755s] -- Found rmw_fastrtps_cpp: 6.2.7 (/opt/ros/humble/share/rmw_fastrtps_cpp/cmake)
[8.808s] -- Found TinyXML2 via Config file: TinyXML2_DIR-NOTFOUND
[8.885s] -- Found OpenSSL: /usr/lib/x86_64-linux-gnu/libcrypto.so (found version "3.0.2")  
[8.888s] -- Found TinyXML2 via Config file: TinyXML2_DIR-NOTFOUND
[9.122s] -- Found FastRTPS: /opt/ros/humble/include  
[9.128s] -- Found TinyXML2 via Config file: TinyXML2_DIR-NOTFOUND
[9.138s] -- Found TinyXML2 via Config file: TinyXML2_DIR-NOTFOUND
[9.259s] -- Using RMW implementation 'rmw_fastrtps_cpp' as default
[9.287s] -- Looking for pthread.h
[9.492s] -- Looking for pthread.h - found
[9.492s] -- Performing Test CMAKE_HAVE_LIBC_PTHREAD
[9.672s] -- Performing Test CMAKE_HAVE_LIBC_PTHREAD - Success
[9.673s] -- Found Threads: TRUE  
[9.753s] -- Found std_srvs: 4.8.0 (/opt/ros/humble/share/std_srvs/cmake)
[9.790s] -- Found ament_lint_auto: 0.12.12 (/opt/ros/humble/share/ament_lint_auto/cmake)
[9.909s] -- Added test 'cppcheck' to perform static code analysis on C / C++ code
[9.909s] -- Configured cppcheck include dirs: /home/useradd/ros2_ws/src/ros2_robotiq_gripper/robotiq_controllers/include
[9.909s] -- Configured cppcheck exclude dirs and/or files: 
[9.911s] -- Added test 'lint_cmake' to check CMake code style
[9.915s] -- Configuring done
[9.942s] -- Generating done
[9.948s] -- Build files have been written to: /home/useradd/ros2_ws/src/build/robotiq_controllers
[9.963s] Invoked command in '/home/useradd/ros2_ws/src/build/robotiq_controllers' returned '0': CMAKE_PREFIX_PATH=${CMAKE_PREFIX_PATH}:/home/useradd/ros2_ws/install/twist_mux_bridge:/home/useradd/ros2_ws/install/robot_navigation:/home/useradd/ros2_ws/install/robot_initial_pose:/home/useradd/ros2_ws/install/odom_bridge:/home/useradd/ros2_ws/install/mi_giro_final:/home/useradd/ros2_ws/install/cmd_vel_bridge:/home/useradd/dev_ws/install/robot_description:/home/useradd/dev_ws/install/my_doosan_pkg:/home/useradd/dev_ws/install/mobile_manipulator:/home/useradd/dev_ws/install/doosan_description:/home/useradd/dev_ws/install/bulldog_description:/opt/ros/humble /usr/bin/cmake /home/useradd/ros2_ws/src/ros2_robotiq_gripper/robotiq_controllers -DCMAKE_INSTALL_PREFIX=/home/useradd/ros2_ws/src/install/robotiq_controllers
[9.965s] Invoking command in '/home/useradd/ros2_ws/src/build/robotiq_controllers': CMAKE_PREFIX_PATH=${CMAKE_PREFIX_PATH}:/home/useradd/ros2_ws/install/twist_mux_bridge:/home/useradd/ros2_ws/install/robot_navigation:/home/useradd/ros2_ws/install/robot_initial_pose:/home/useradd/ros2_ws/install/odom_bridge:/home/useradd/ros2_ws/install/mi_giro_final:/home/useradd/ros2_ws/install/cmd_vel_bridge:/home/useradd/dev_ws/install/robot_description:/home/useradd/dev_ws/install/my_doosan_pkg:/home/useradd/dev_ws/install/mobile_manipulator:/home/useradd/dev_ws/install/doosan_description:/home/useradd/dev_ws/install/bulldog_description:/opt/ros/humble /usr/bin/cmake --build /home/useradd/ros2_ws/src/build/robotiq_controllers -- -j16 -l16
[10.021s] [ 50%] [32mBuilding CXX object CMakeFiles/robotiq_controllers.dir/src/robotiq_activation_controller.cpp.o[0m
[14.730s] [100%] [32m[1mLinking CXX shared library librobotiq_controllers.so[0m
[15.051s] [100%] Built target robotiq_controllers
[15.064s] Invoked command in '/home/useradd/ros2_ws/src/build/robotiq_controllers' returned '0': CMAKE_PREFIX_PATH=${CMAKE_PREFIX_PATH}:/home/useradd/ros2_ws/install/twist_mux_bridge:/home/useradd/ros2_ws/install/robot_navigation:/home/useradd/ros2_ws/install/robot_initial_pose:/home/useradd/ros2_ws/install/odom_bridge:/home/useradd/ros2_ws/install/mi_giro_final:/home/useradd/ros2_ws/install/cmd_vel_bridge:/home/useradd/dev_ws/install/robot_description:/home/useradd/dev_ws/install/my_doosan_pkg:/home/useradd/dev_ws/install/mobile_manipulator:/home/useradd/dev_ws/install/doosan_description:/home/useradd/dev_ws/install/bulldog_description:/opt/ros/humble /usr/bin/cmake --build /home/useradd/ros2_ws/src/build/robotiq_controllers -- -j16 -l16
[15.066s] Invoking command in '/home/useradd/ros2_ws/src/build/robotiq_controllers': CMAKE_PREFIX_PATH=${CMAKE_PREFIX_PATH}:/home/useradd/ros2_ws/install/twist_mux_bridge:/home/useradd/ros2_ws/install/robot_navigation:/home/useradd/ros2_ws/install/robot_initial_pose:/home/useradd/ros2_ws/install/odom_bridge:/home/useradd/ros2_ws/install/mi_giro_final:/home/useradd/ros2_ws/install/cmd_vel_bridge:/home/useradd/dev_ws/install/robot_description:/home/useradd/dev_ws/install/my_doosan_pkg:/home/useradd/dev_ws/install/mobile_manipulator:/home/useradd/dev_ws/install/doosan_description:/home/useradd/dev_ws/install/bulldog_description:/opt/ros/humble /usr/bin/cmake --install /home/useradd/ros2_ws/src/build/robotiq_controllers
[15.075s] -- Install configuration: ""
[15.075s] -- Installing: /home/useradd/ros2_ws/src/install/robotiq_controllers/share/robotiq_controllers/controller_plugins.xml
[15.075s] -- Installing: /home/useradd/ros2_ws/src/install/robotiq_controllers/lib/librobotiq_controllers.so
[15.077s] -- Set runtime path of "/home/useradd/ros2_ws/src/install/robotiq_controllers/lib/librobotiq_controllers.so" to ""
[15.077s] -- Installing: /home/useradd/ros2_ws/src/install/robotiq_controllers/include
[15.077s] -- Installing: /home/useradd/ros2_ws/src/install/robotiq_controllers/include/robotiq_controllers
[15.077s] -- Installing: /home/useradd/ros2_ws/src/install/robotiq_controllers/include/robotiq_controllers/robotiq_activation_controller.hpp
[15.077s] -- Installing: /home/useradd/ros2_ws/src/install/robotiq_controllers/share/robotiq_controllers/environment/library_path.sh
[15.077s] -- Installing: /home/useradd/ros2_ws/src/install/robotiq_controllers/share/robotiq_controllers/environment/library_path.dsv
[15.078s] -- Installing: /home/useradd/ros2_ws/src/install/robotiq_controllers/share/ament_index/resource_index/package_run_dependencies/robotiq_controllers
[15.078s] -- Installing: /home/useradd/ros2_ws/src/install/robotiq_controllers/share/ament_index/resource_index/parent_prefix_path/robotiq_controllers
[15.078s] -- Installing: /home/useradd/ros2_ws/src/install/robotiq_controllers/share/robotiq_controllers/environment/ament_prefix_path.sh
[15.079s] -- Installing: /home/useradd/ros2_ws/src/install/robotiq_controllers/share/robotiq_controllers/environment/ament_prefix_path.dsv
[15.079s] -- Installing: /home/useradd/ros2_ws/src/install/robotiq_controllers/share/robotiq_controllers/environment/path.sh
[15.079s] -- Installing: /home/useradd/ros2_ws/src/install/robotiq_controllers/share/robotiq_controllers/environment/path.dsv
[15.079s] -- Installing: /home/useradd/ros2_ws/src/install/robotiq_controllers/share/robotiq_controllers/local_setup.bash
[15.079s] -- Installing: /home/useradd/ros2_ws/src/install/robotiq_controllers/share/robotiq_controllers/local_setup.sh
[15.080s] -- Installing: /home/useradd/ros2_ws/src/install/robotiq_controllers/share/robotiq_controllers/local_setup.zsh
[15.080s] -- Installing: /home/useradd/ros2_ws/src/install/robotiq_controllers/share/robotiq_controllers/local_setup.dsv
[15.080s] -- Installing: /home/useradd/ros2_ws/src/install/robotiq_controllers/share/robotiq_controllers/package.dsv
[15.080s] -- Installing: /home/useradd/ros2_ws/src/install/robotiq_controllers/share/ament_index/resource_index/packages/robotiq_controllers
[15.080s] -- Installing: /home/useradd/ros2_ws/src/install/robotiq_controllers/share/ament_index/resource_index/controller_interface__pluginlib__plugin/robotiq_controllers
[15.081s] -- Installing: /home/useradd/ros2_ws/src/install/robotiq_controllers/share/robotiq_controllers/cmake/export_robotiq_controllersExport.cmake
[15.081s] -- Installing: /home/useradd/ros2_ws/src/install/robotiq_controllers/share/robotiq_controllers/cmake/export_robotiq_controllersExport-noconfig.cmake
[15.081s] -- Installing: /home/useradd/ros2_ws/src/install/robotiq_controllers/share/robotiq_controllers/cmake/ament_cmake_export_include_directories-extras.cmake
[15.081s] -- Installing: /home/useradd/ros2_ws/src/install/robotiq_controllers/share/robotiq_controllers/cmake/ament_cmake_export_libraries-extras.cmake
[15.082s] -- Installing: /home/useradd/ros2_ws/src/install/robotiq_controllers/share/robotiq_controllers/cmake/ament_cmake_export_targets-extras.cmake
[15.082s] -- Installing: /home/useradd/ros2_ws/src/install/robotiq_controllers/share/robotiq_controllers/cmake/ament_cmake_export_dependencies-extras.cmake
[15.082s] -- Installing: /home/useradd/ros2_ws/src/install/robotiq_controllers/share/robotiq_controllers/cmake/robotiq_controllersConfig.cmake
[15.082s] -- Installing: /home/useradd/ros2_ws/src/install/robotiq_controllers/share/robotiq_controllers/cmake/robotiq_controllersConfig-version.cmake
[15.082s] -- Installing: /home/useradd/ros2_ws/src/install/robotiq_controllers/share/robotiq_controllers/package.xml
[15.084s] Invoked command in '/home/useradd/ros2_ws/src/build/robotiq_controllers' returned '0': CMAKE_PREFIX_PATH=${CMAKE_PREFIX_PATH}:/home/useradd/ros2_ws/install/twist_mux_bridge:/home/useradd/ros2_ws/install/robot_navigation:/home/useradd/ros2_ws/install/robot_initial_pose:/home/useradd/ros2_ws/install/odom_bridge:/home/useradd/ros2_ws/install/mi_giro_final:/home/useradd/ros2_ws/install/cmd_vel_bridge:/home/useradd/dev_ws/install/robot_description:/home/useradd/dev_ws/install/my_doosan_pkg:/home/useradd/dev_ws/install/mobile_manipulator:/home/useradd/dev_ws/install/doosan_description:/home/useradd/dev_ws/install/bulldog_description:/opt/ros/humble /usr/bin/cmake --install /home/useradd/ros2_ws/src/build/robotiq_controllers
