running develop
running egg_info
creating twist_mux_bridge.egg-info
writing twist_mux_bridge.egg-info/PKG-INFO
writing dependency_links to twist_mux_bridge.egg-info/dependency_links.txt
writing entry points to twist_mux_bridge.egg-info/entry_points.txt
writing requirements to twist_mux_bridge.egg-info/requires.txt
writing top-level names to twist_mux_bridge.egg-info/top_level.txt
writing manifest file 'twist_mux_bridge.egg-info/SOURCES.txt'
reading manifest file 'twist_mux_bridge.egg-info/SOURCES.txt'
writing manifest file 'twist_mux_bridge.egg-info/SOURCES.txt'
running build_ext
Creating /home/useradd/ros2_ws/src/install/twist_mux_bridge/lib/python3.10/site-packages/twist-mux-bridge.egg-link (link to .)
Installing twist_bridge_node script to /home/useradd/ros2_ws/src/install/twist_mux_bridge/lib/twist_mux_bridge

Installed /home/useradd/ros2_ws/src/build/twist_mux_bridge
running symlink_data
creating /home/useradd/ros2_ws/src/install/twist_mux_bridge/share/ament_index
creating /home/useradd/ros2_ws/src/install/twist_mux_bridge/share/ament_index/resource_index
creating /home/useradd/ros2_ws/src/install/twist_mux_bridge/share/ament_index/resource_index/packages
symbolically linking /home/useradd/ros2_ws/src/build/twist_mux_bridge/resource/twist_mux_bridge -> /home/useradd/ros2_ws/src/install/twist_mux_bridge/share/ament_index/resource_index/packages
symbolically linking /home/useradd/ros2_ws/src/build/twist_mux_bridge/package.xml -> /home/useradd/ros2_ws/src/install/twist_mux_bridge/share/twist_mux_bridge
