[1.100s] Invoking command in '/home/useradd/ros2_ws/src/build/twist_mux_bridge': PYTHONPATH=/home/useradd/ros2_ws/src/build/twist_mux_bridge/prefix_override:/usr/lib/python3/dist-packages/colcon_core/task/python/colcon_distutils_commands:/home/useradd/ros2_ws/src/install/twist_mux_bridge/lib/python3.10/site-packages:${PYTHONPATH} /usr/bin/python3 -W ignore:setup.py install is deprecated -W ignore:easy_install command is deprecated setup.py develop --editable --build-directory /home/useradd/ros2_ws/src/build/twist_mux_bridge/build --no-deps symlink_data
[1.326s] running develop
[1.458s] running egg_info
[1.459s] creating twist_mux_bridge.egg-info
[1.459s] writing twist_mux_bridge.egg-info/PKG-INFO
[1.459s] writing dependency_links to twist_mux_bridge.egg-info/dependency_links.txt
[1.459s] writing entry points to twist_mux_bridge.egg-info/entry_points.txt
[1.459s] writing requirements to twist_mux_bridge.egg-info/requires.txt
[1.460s] writing top-level names to twist_mux_bridge.egg-info/top_level.txt
[1.460s] writing manifest file 'twist_mux_bridge.egg-info/SOURCES.txt'
[1.460s] reading manifest file 'twist_mux_bridge.egg-info/SOURCES.txt'
[1.461s] writing manifest file 'twist_mux_bridge.egg-info/SOURCES.txt'
[1.462s] running build_ext
[1.462s] Creating /home/useradd/ros2_ws/src/install/twist_mux_bridge/lib/python3.10/site-packages/twist-mux-bridge.egg-link (link to .)
[1.463s] Installing twist_bridge_node script to /home/useradd/ros2_ws/src/install/twist_mux_bridge/lib/twist_mux_bridge
[1.463s] 
[1.463s] Installed /home/useradd/ros2_ws/src/build/twist_mux_bridge
[1.464s] running symlink_data
[1.464s] creating /home/useradd/ros2_ws/src/install/twist_mux_bridge/share/ament_index
[1.464s] creating /home/useradd/ros2_ws/src/install/twist_mux_bridge/share/ament_index/resource_index
[1.464s] creating /home/useradd/ros2_ws/src/install/twist_mux_bridge/share/ament_index/resource_index/packages
[1.464s] symbolically linking /home/useradd/ros2_ws/src/build/twist_mux_bridge/resource/twist_mux_bridge -> /home/useradd/ros2_ws/src/install/twist_mux_bridge/share/ament_index/resource_index/packages
[1.465s] symbolically linking /home/useradd/ros2_ws/src/build/twist_mux_bridge/package.xml -> /home/useradd/ros2_ws/src/install/twist_mux_bridge/share/twist_mux_bridge
[1.489s] Invoked command in '/home/useradd/ros2_ws/src/build/twist_mux_bridge' returned '0': PYTHONPATH=/home/useradd/ros2_ws/src/build/twist_mux_bridge/prefix_override:/usr/lib/python3/dist-packages/colcon_core/task/python/colcon_distutils_commands:/home/useradd/ros2_ws/src/install/twist_mux_bridge/lib/python3.10/site-packages:${PYTHONPATH} /usr/bin/python3 -W ignore:setup.py install is deprecated -W ignore:easy_install command is deprecated setup.py develop --editable --build-directory /home/useradd/ros2_ws/src/build/twist_mux_bridge/build --no-deps symlink_data
