[0.063s] Invoking command in '/home/useradd/ros2_ws/src/build/moveit_resources_pr2_description': CMAKE_PREFIX_PATH=${CMAKE_PREFIX_PATH}:/home/useradd/ros2_ws/install/twist_mux_bridge:/home/useradd/ros2_ws/install/odom_bridge:/home/useradd/dev_ws/install/robot_description:/home/useradd/dev_ws/install/my_doosan_pkg:/home/useradd/dev_ws/install/mobile_manipulator:/home/useradd/dev_ws/install/doosan_description:/home/useradd/dev_ws/install/bulldog_description:/opt/ros/humble /usr/bin/cmake /home/useradd/ros2_ws/src/moveit_resources/pr2_description -DAMENT_CMAKE_SYMLINK_INSTALL=1 -DCMAKE_INSTALL_PREFIX=/home/useradd/ros2_ws/src/install/moveit_resources_pr2_description
[0.393s] -- The C compiler identification is GNU 11.4.0
[1.956s] -- The CXX compiler identification is GNU 11.4.0
[3.132s] -- Detecting C compiler ABI info
[3.354s] -- Detecting C compiler ABI info - done
[3.361s] -- Check for working C compiler: /usr/bin/cc - skipped
[3.361s] -- Detecting C compile features
[3.362s] -- Detecting C compile features - done
[3.365s] -- Detecting CXX compiler ABI info
[3.504s] -- Detecting CXX compiler ABI info - done
[3.510s] -- Check for working CXX compiler: /usr/bin/c++ - skipped
[3.510s] -- Detecting CXX compile features
[3.511s] -- Detecting CXX compile features - done
[3.519s] -- Found ament_cmake: 1.3.11 (/opt/ros/humble/share/ament_cmake/cmake)
[3.757s] -- Found Python3: /usr/bin/python3 (found version "3.10.12") found components: Interpreter 
[3.830s] -- Override CMake install command with custom implementation using symlinks instead of copying resources
[3.959s] -- Configuring done
[3.961s] -- Generating done
[3.963s] -- Build files have been written to: /home/useradd/ros2_ws/src/build/moveit_resources_pr2_description
[3.967s] Invoked command in '/home/useradd/ros2_ws/src/build/moveit_resources_pr2_description' returned '0': CMAKE_PREFIX_PATH=${CMAKE_PREFIX_PATH}:/home/useradd/ros2_ws/install/twist_mux_bridge:/home/useradd/ros2_ws/install/odom_bridge:/home/useradd/dev_ws/install/robot_description:/home/useradd/dev_ws/install/my_doosan_pkg:/home/useradd/dev_ws/install/mobile_manipulator:/home/useradd/dev_ws/install/doosan_description:/home/useradd/dev_ws/install/bulldog_description:/opt/ros/humble /usr/bin/cmake /home/useradd/ros2_ws/src/moveit_resources/pr2_description -DAMENT_CMAKE_SYMLINK_INSTALL=1 -DCMAKE_INSTALL_PREFIX=/home/useradd/ros2_ws/src/install/moveit_resources_pr2_description
[3.968s] Invoking command in '/home/useradd/ros2_ws/src/build/moveit_resources_pr2_description': CMAKE_PREFIX_PATH=${CMAKE_PREFIX_PATH}:/home/useradd/ros2_ws/install/twist_mux_bridge:/home/useradd/ros2_ws/install/odom_bridge:/home/useradd/dev_ws/install/robot_description:/home/useradd/dev_ws/install/my_doosan_pkg:/home/useradd/dev_ws/install/mobile_manipulator:/home/useradd/dev_ws/install/doosan_description:/home/useradd/dev_ws/install/bulldog_description:/opt/ros/humble /usr/bin/cmake --build /home/useradd/ros2_ws/src/build/moveit_resources_pr2_description -- -j16 -l16
[4.004s] Invoked command in '/home/useradd/ros2_ws/src/build/moveit_resources_pr2_description' returned '0': CMAKE_PREFIX_PATH=${CMAKE_PREFIX_PATH}:/home/useradd/ros2_ws/install/twist_mux_bridge:/home/useradd/ros2_ws/install/odom_bridge:/home/useradd/dev_ws/install/robot_description:/home/useradd/dev_ws/install/my_doosan_pkg:/home/useradd/dev_ws/install/mobile_manipulator:/home/useradd/dev_ws/install/doosan_description:/home/useradd/dev_ws/install/bulldog_description:/opt/ros/humble /usr/bin/cmake --build /home/useradd/ros2_ws/src/build/moveit_resources_pr2_description -- -j16 -l16
[4.006s] Invoking command in '/home/useradd/ros2_ws/src/build/moveit_resources_pr2_description': CMAKE_PREFIX_PATH=${CMAKE_PREFIX_PATH}:/home/useradd/ros2_ws/install/twist_mux_bridge:/home/useradd/ros2_ws/install/odom_bridge:/home/useradd/dev_ws/install/robot_description:/home/useradd/dev_ws/install/my_doosan_pkg:/home/useradd/dev_ws/install/mobile_manipulator:/home/useradd/dev_ws/install/doosan_description:/home/useradd/dev_ws/install/bulldog_description:/opt/ros/humble /usr/bin/cmake --install /home/useradd/ros2_ws/src/build/moveit_resources_pr2_description
[4.012s] -- Install configuration: ""
[4.012s] -- Execute custom install script
[4.013s] -- Symlinking: /home/useradd/ros2_ws/src/install/moveit_resources_pr2_description/share/ament_index/resource_index/package_run_dependencies/moveit_resources_pr2_description
[4.019s] -- Symlinking: /home/useradd/ros2_ws/src/install/moveit_resources_pr2_description/share/ament_index/resource_index/parent_prefix_path/moveit_resources_pr2_description
[4.027s] -- Symlinking: /home/useradd/ros2_ws/src/install/moveit_resources_pr2_description/share/moveit_resources_pr2_description/environment/ament_prefix_path.sh
[4.035s] -- Symlinking: /home/useradd/ros2_ws/src/install/moveit_resources_pr2_description/share/moveit_resources_pr2_description/environment/ament_prefix_path.dsv
[4.042s] -- Symlinking: /home/useradd/ros2_ws/src/install/moveit_resources_pr2_description/share/moveit_resources_pr2_description/environment/path.sh
[4.049s] -- Symlinking: /home/useradd/ros2_ws/src/install/moveit_resources_pr2_description/share/moveit_resources_pr2_description/environment/path.dsv
[4.056s] -- Symlinking: /home/useradd/ros2_ws/src/install/moveit_resources_pr2_description/share/moveit_resources_pr2_description/local_setup.bash
[4.063s] -- Symlinking: /home/useradd/ros2_ws/src/install/moveit_resources_pr2_description/share/moveit_resources_pr2_description/local_setup.sh
[4.071s] -- Symlinking: /home/useradd/ros2_ws/src/install/moveit_resources_pr2_description/share/moveit_resources_pr2_description/local_setup.zsh
[4.077s] -- Symlinking: /home/useradd/ros2_ws/src/install/moveit_resources_pr2_description/share/moveit_resources_pr2_description/local_setup.dsv
[4.083s] -- Symlinking: /home/useradd/ros2_ws/src/install/moveit_resources_pr2_description/share/moveit_resources_pr2_description/package.dsv
[4.092s] -- Symlinking: /home/useradd/ros2_ws/src/install/moveit_resources_pr2_description/share/ament_index/resource_index/packages/moveit_resources_pr2_description
[4.101s] -- Symlinking: /home/useradd/ros2_ws/src/install/moveit_resources_pr2_description/share/moveit_resources_pr2_description/cmake/moveit_resources_pr2_descriptionConfig.cmake
[4.108s] -- Symlinking: /home/useradd/ros2_ws/src/install/moveit_resources_pr2_description/share/moveit_resources_pr2_description/cmake/moveit_resources_pr2_descriptionConfig-version.cmake
[4.115s] -- Symlinking: /home/useradd/ros2_ws/src/install/moveit_resources_pr2_description/share/moveit_resources_pr2_description/package.xml
[4.123s] -- Symlinking: /home/useradd/ros2_ws/src/install/moveit_resources_pr2_description/share/moveit_resources_pr2_description/srdf/robot.xml
[4.141s] -- Symlinking: /home/useradd/ros2_ws/src/install/moveit_resources_pr2_description/share/moveit_resources_pr2_description/urdf/materials/textures/pr2_caster_texture.png
[4.148s] -- Symlinking: /home/useradd/ros2_ws/src/install/moveit_resources_pr2_description/share/moveit_resources_pr2_description/urdf/materials/textures/pr2_wheel_left.png
[4.156s] -- Symlinking: /home/useradd/ros2_ws/src/install/moveit_resources_pr2_description/share/moveit_resources_pr2_description/urdf/materials/textures/pr2_wheel_right.png
[4.165s] -- Symlinking: /home/useradd/ros2_ws/src/install/moveit_resources_pr2_description/share/moveit_resources_pr2_description/urdf/meshes/base_v0/base.dae
[4.174s] -- Symlinking: /home/useradd/ros2_ws/src/install/moveit_resources_pr2_description/share/moveit_resources_pr2_description/urdf/meshes/base_v0/base.stl
[4.184s] -- Symlinking: /home/useradd/ros2_ws/src/install/moveit_resources_pr2_description/share/moveit_resources_pr2_description/urdf/meshes/base_v0/base_L.stl
[4.190s] -- Symlinking: /home/useradd/ros2_ws/src/install/moveit_resources_pr2_description/share/moveit_resources_pr2_description/urdf/meshes/base_v0/base_color.tif
[4.197s] -- Symlinking: /home/useradd/ros2_ws/src/install/moveit_resources_pr2_description/share/moveit_resources_pr2_description/urdf/meshes/base_v0/base_normals.tif
[4.204s] -- Symlinking: /home/useradd/ros2_ws/src/install/moveit_resources_pr2_description/share/moveit_resources_pr2_description/urdf/meshes/base_v0/caster.stl
[4.211s] -- Symlinking: /home/useradd/ros2_ws/src/install/moveit_resources_pr2_description/share/moveit_resources_pr2_description/urdf/meshes/base_v0/caster_L.stl
[4.217s] -- Symlinking: /home/useradd/ros2_ws/src/install/moveit_resources_pr2_description/share/moveit_resources_pr2_description/urdf/meshes/base_v0/convex/base.dae
[4.224s] -- Symlinking: /home/useradd/ros2_ws/src/install/moveit_resources_pr2_description/share/moveit_resources_pr2_description/urdf/meshes/base_v0/convex/base.xml
[4.231s] -- Symlinking: /home/useradd/ros2_ws/src/install/moveit_resources_pr2_description/share/moveit_resources_pr2_description/urdf/meshes/base_v0/convex/base_L.dae
[4.238s] -- Symlinking: /home/useradd/ros2_ws/src/install/moveit_resources_pr2_description/share/moveit_resources_pr2_description/urdf/meshes/base_v0/convex/base_L.xml
[4.245s] -- Symlinking: /home/useradd/ros2_ws/src/install/moveit_resources_pr2_description/share/moveit_resources_pr2_description/urdf/meshes/base_v0/convex/base_L_convex.stla
[4.254s] -- Symlinking: /home/useradd/ros2_ws/src/install/moveit_resources_pr2_description/share/moveit_resources_pr2_description/urdf/meshes/base_v0/convex/base_L_convex.stlb
[4.262s] -- Symlinking: /home/useradd/ros2_ws/src/install/moveit_resources_pr2_description/share/moveit_resources_pr2_description/urdf/meshes/base_v0/convex/base_convex.stla
[4.268s] -- Symlinking: /home/useradd/ros2_ws/src/install/moveit_resources_pr2_description/share/moveit_resources_pr2_description/urdf/meshes/base_v0/convex/base_convex.stlb
[4.274s] -- Symlinking: /home/useradd/ros2_ws/src/install/moveit_resources_pr2_description/share/moveit_resources_pr2_description/urdf/meshes/base_v0/convex/caster.dae
[4.282s] -- Symlinking: /home/useradd/ros2_ws/src/install/moveit_resources_pr2_description/share/moveit_resources_pr2_description/urdf/meshes/base_v0/convex/caster.xml
[4.289s] -- Symlinking: /home/useradd/ros2_ws/src/install/moveit_resources_pr2_description/share/moveit_resources_pr2_description/urdf/meshes/base_v0/convex/caster_L.dae
[4.296s] -- Symlinking: /home/useradd/ros2_ws/src/install/moveit_resources_pr2_description/share/moveit_resources_pr2_description/urdf/meshes/base_v0/convex/caster_L.xml
[4.303s] -- Symlinking: /home/useradd/ros2_ws/src/install/moveit_resources_pr2_description/share/moveit_resources_pr2_description/urdf/meshes/base_v0/convex/caster_L_convex.stla
[4.312s] -- Symlinking: /home/useradd/ros2_ws/src/install/moveit_resources_pr2_description/share/moveit_resources_pr2_description/urdf/meshes/base_v0/convex/caster_L_convex.stlb
[4.319s] -- Symlinking: /home/useradd/ros2_ws/src/install/moveit_resources_pr2_description/share/moveit_resources_pr2_description/urdf/meshes/base_v0/convex/caster_convex.stla
[4.327s] -- Symlinking: /home/useradd/ros2_ws/src/install/moveit_resources_pr2_description/share/moveit_resources_pr2_description/urdf/meshes/base_v0/convex/caster_convex.stlb
[4.333s] -- Symlinking: /home/useradd/ros2_ws/src/install/moveit_resources_pr2_description/share/moveit_resources_pr2_description/urdf/meshes/base_v0/convex/pr2_wheel.dae
[4.338s] -- Symlinking: /home/useradd/ros2_ws/src/install/moveit_resources_pr2_description/share/moveit_resources_pr2_description/urdf/meshes/base_v0/convex/pr2_wheel.xml
[4.345s] -- Symlinking: /home/useradd/ros2_ws/src/install/moveit_resources_pr2_description/share/moveit_resources_pr2_description/urdf/meshes/base_v0/convex/pr2_wheel_convex.stla
[4.351s] -- Symlinking: /home/useradd/ros2_ws/src/install/moveit_resources_pr2_description/share/moveit_resources_pr2_description/urdf/meshes/base_v0/convex/pr2_wheel_convex.stlb
[4.357s] -- Symlinking: /home/useradd/ros2_ws/src/install/moveit_resources_pr2_description/share/moveit_resources_pr2_description/urdf/meshes/base_v0/convex/wheel.dae
[4.363s] -- Symlinking: /home/useradd/ros2_ws/src/install/moveit_resources_pr2_description/share/moveit_resources_pr2_description/urdf/meshes/base_v0/convex/wheel.xml
[4.370s] -- Symlinking: /home/useradd/ros2_ws/src/install/moveit_resources_pr2_description/share/moveit_resources_pr2_description/urdf/meshes/base_v0/convex/wheel_convex.stla
[4.377s] -- Symlinking: /home/useradd/ros2_ws/src/install/moveit_resources_pr2_description/share/moveit_resources_pr2_description/urdf/meshes/base_v0/convex/wheel_convex.stlb
[4.384s] -- Symlinking: /home/useradd/ros2_ws/src/install/moveit_resources_pr2_description/share/moveit_resources_pr2_description/urdf/meshes/base_v0/pr2_wheel.stl
[4.390s] -- Symlinking: /home/useradd/ros2_ws/src/install/moveit_resources_pr2_description/share/moveit_resources_pr2_description/urdf/meshes/base_v0/wheel.dae
[4.396s] -- Symlinking: /home/useradd/ros2_ws/src/install/moveit_resources_pr2_description/share/moveit_resources_pr2_description/urdf/meshes/base_v0/wheel.stl
[4.403s] -- Symlinking: /home/useradd/ros2_ws/src/install/moveit_resources_pr2_description/share/moveit_resources_pr2_description/urdf/meshes/base_v0/wheel_color.tif
[4.409s] -- Symlinking: /home/useradd/ros2_ws/src/install/moveit_resources_pr2_description/share/moveit_resources_pr2_description/urdf/meshes/base_v0/wheel_h.dae
[4.416s] -- Symlinking: /home/useradd/ros2_ws/src/install/moveit_resources_pr2_description/share/moveit_resources_pr2_description/urdf/meshes/base_v0/wheel_h_color.tif
[4.423s] -- Symlinking: /home/useradd/ros2_ws/src/install/moveit_resources_pr2_description/share/moveit_resources_pr2_description/urdf/meshes/base_v0/wheel_normals.tif
[4.431s] -- Symlinking: /home/useradd/ros2_ws/src/install/moveit_resources_pr2_description/share/moveit_resources_pr2_description/urdf/meshes/forearm_v0/convex/forearm.dae
[4.438s] -- Symlinking: /home/useradd/ros2_ws/src/install/moveit_resources_pr2_description/share/moveit_resources_pr2_description/urdf/meshes/forearm_v0/convex/forearm.xml
[4.444s] -- Symlinking: /home/useradd/ros2_ws/src/install/moveit_resources_pr2_description/share/moveit_resources_pr2_description/urdf/meshes/forearm_v0/convex/forearm_convex.stla
[4.450s] -- Symlinking: /home/useradd/ros2_ws/src/install/moveit_resources_pr2_description/share/moveit_resources_pr2_description/urdf/meshes/forearm_v0/convex/forearm_convex.stlb
[4.456s] -- Symlinking: /home/useradd/ros2_ws/src/install/moveit_resources_pr2_description/share/moveit_resources_pr2_description/urdf/meshes/forearm_v0/convex/wrist_flex.dae
[4.463s] -- Symlinking: /home/useradd/ros2_ws/src/install/moveit_resources_pr2_description/share/moveit_resources_pr2_description/urdf/meshes/forearm_v0/convex/wrist_flex.xml
[4.470s] -- Symlinking: /home/useradd/ros2_ws/src/install/moveit_resources_pr2_description/share/moveit_resources_pr2_description/urdf/meshes/forearm_v0/convex/wrist_flex_convex.stla
[4.477s] -- Symlinking: /home/useradd/ros2_ws/src/install/moveit_resources_pr2_description/share/moveit_resources_pr2_description/urdf/meshes/forearm_v0/convex/wrist_flex_convex.stlb
[4.484s] -- Symlinking: /home/useradd/ros2_ws/src/install/moveit_resources_pr2_description/share/moveit_resources_pr2_description/urdf/meshes/forearm_v0/convex/wrist_roll.dae
[4.490s] -- Symlinking: /home/useradd/ros2_ws/src/install/moveit_resources_pr2_description/share/moveit_resources_pr2_description/urdf/meshes/forearm_v0/convex/wrist_roll.xml
[4.496s] -- Symlinking: /home/useradd/ros2_ws/src/install/moveit_resources_pr2_description/share/moveit_resources_pr2_description/urdf/meshes/forearm_v0/convex/wrist_roll_L.dae
[4.502s] -- Symlinking: /home/useradd/ros2_ws/src/install/moveit_resources_pr2_description/share/moveit_resources_pr2_description/urdf/meshes/forearm_v0/convex/wrist_roll_L.xml
[4.509s] -- Symlinking: /home/useradd/ros2_ws/src/install/moveit_resources_pr2_description/share/moveit_resources_pr2_description/urdf/meshes/forearm_v0/convex/wrist_roll_L_convex.stla
[4.515s] -- Symlinking: /home/useradd/ros2_ws/src/install/moveit_resources_pr2_description/share/moveit_resources_pr2_description/urdf/meshes/forearm_v0/convex/wrist_roll_L_convex.stlb
[4.521s] -- Symlinking: /home/useradd/ros2_ws/src/install/moveit_resources_pr2_description/share/moveit_resources_pr2_description/urdf/meshes/forearm_v0/convex/wrist_roll_convex.stla
[4.528s] -- Symlinking: /home/useradd/ros2_ws/src/install/moveit_resources_pr2_description/share/moveit_resources_pr2_description/urdf/meshes/forearm_v0/convex/wrist_roll_convex.stlb
[4.534s] -- Symlinking: /home/useradd/ros2_ws/src/install/moveit_resources_pr2_description/share/moveit_resources_pr2_description/urdf/meshes/forearm_v0/forearm.dae
[4.540s] -- Symlinking: /home/useradd/ros2_ws/src/install/moveit_resources_pr2_description/share/moveit_resources_pr2_description/urdf/meshes/forearm_v0/forearm.jpg
[4.549s] -- Symlinking: /home/useradd/ros2_ws/src/install/moveit_resources_pr2_description/share/moveit_resources_pr2_description/urdf/meshes/forearm_v0/forearm.stl
[4.556s] -- Symlinking: /home/useradd/ros2_ws/src/install/moveit_resources_pr2_description/share/moveit_resources_pr2_description/urdf/meshes/forearm_v0/forearm_color.tif
[4.562s] -- Symlinking: /home/useradd/ros2_ws/src/install/moveit_resources_pr2_description/share/moveit_resources_pr2_description/urdf/meshes/forearm_v0/forearm_normals.tif
[4.568s] -- Symlinking: /home/useradd/ros2_ws/src/install/moveit_resources_pr2_description/share/moveit_resources_pr2_description/urdf/meshes/forearm_v0/wrist_color.tif
[4.574s] -- Symlinking: /home/useradd/ros2_ws/src/install/moveit_resources_pr2_description/share/moveit_resources_pr2_description/urdf/meshes/forearm_v0/wrist_flex.dae
[4.580s] -- Symlinking: /home/useradd/ros2_ws/src/install/moveit_resources_pr2_description/share/moveit_resources_pr2_description/urdf/meshes/forearm_v0/wrist_flex.stl
[4.586s] -- Symlinking: /home/useradd/ros2_ws/src/install/moveit_resources_pr2_description/share/moveit_resources_pr2_description/urdf/meshes/forearm_v0/wrist_normals.tif
[4.593s] -- Symlinking: /home/useradd/ros2_ws/src/install/moveit_resources_pr2_description/share/moveit_resources_pr2_description/urdf/meshes/forearm_v0/wrist_roll.stl
[4.599s] -- Symlinking: /home/useradd/ros2_ws/src/install/moveit_resources_pr2_description/share/moveit_resources_pr2_description/urdf/meshes/forearm_v0/wrist_roll_L.stl
[4.606s] -- Symlinking: /home/useradd/ros2_ws/src/install/moveit_resources_pr2_description/share/moveit_resources_pr2_description/urdf/meshes/gripper_v0/convex/finger_tip_l.dae
[4.612s] -- Symlinking: /home/useradd/ros2_ws/src/install/moveit_resources_pr2_description/share/moveit_resources_pr2_description/urdf/meshes/gripper_v0/convex/finger_tip_l.xml
[4.618s] -- Symlinking: /home/useradd/ros2_ws/src/install/moveit_resources_pr2_description/share/moveit_resources_pr2_description/urdf/meshes/gripper_v0/convex/finger_tip_l_convex.stla
[4.624s] -- Symlinking: /home/useradd/ros2_ws/src/install/moveit_resources_pr2_description/share/moveit_resources_pr2_description/urdf/meshes/gripper_v0/convex/finger_tip_l_convex.stlb
[4.630s] -- Symlinking: /home/useradd/ros2_ws/src/install/moveit_resources_pr2_description/share/moveit_resources_pr2_description/urdf/meshes/gripper_v0/convex/finger_tip_pad2_l.dae
[4.638s] -- Symlinking: /home/useradd/ros2_ws/src/install/moveit_resources_pr2_description/share/moveit_resources_pr2_description/urdf/meshes/gripper_v0/convex/finger_tip_pad2_l.xml
[4.644s] -- Symlinking: /home/useradd/ros2_ws/src/install/moveit_resources_pr2_description/share/moveit_resources_pr2_description/urdf/meshes/gripper_v0/convex/finger_tip_pad2_l_convex.stla
[4.651s] -- Symlinking: /home/useradd/ros2_ws/src/install/moveit_resources_pr2_description/share/moveit_resources_pr2_description/urdf/meshes/gripper_v0/convex/finger_tip_pad2_l_convex.stlb
[4.657s] -- Symlinking: /home/useradd/ros2_ws/src/install/moveit_resources_pr2_description/share/moveit_resources_pr2_description/urdf/meshes/gripper_v0/convex/finger_tip_pad2_r.dae
[4.663s] -- Symlinking: /home/useradd/ros2_ws/src/install/moveit_resources_pr2_description/share/moveit_resources_pr2_description/urdf/meshes/gripper_v0/convex/finger_tip_pad2_r.xml
[4.669s] -- Symlinking: /home/useradd/ros2_ws/src/install/moveit_resources_pr2_description/share/moveit_resources_pr2_description/urdf/meshes/gripper_v0/convex/finger_tip_pad2_r_convex.stla
[4.675s] -- Symlinking: /home/useradd/ros2_ws/src/install/moveit_resources_pr2_description/share/moveit_resources_pr2_description/urdf/meshes/gripper_v0/convex/finger_tip_pad2_r_convex.stlb
[4.681s] -- Symlinking: /home/useradd/ros2_ws/src/install/moveit_resources_pr2_description/share/moveit_resources_pr2_description/urdf/meshes/gripper_v0/convex/finger_tip_r.dae
[4.688s] -- Symlinking: /home/useradd/ros2_ws/src/install/moveit_resources_pr2_description/share/moveit_resources_pr2_description/urdf/meshes/gripper_v0/convex/finger_tip_r.xml
[4.693s] -- Symlinking: /home/useradd/ros2_ws/src/install/moveit_resources_pr2_description/share/moveit_resources_pr2_description/urdf/meshes/gripper_v0/convex/finger_tip_r_convex.stla
[4.699s] -- Symlinking: /home/useradd/ros2_ws/src/install/moveit_resources_pr2_description/share/moveit_resources_pr2_description/urdf/meshes/gripper_v0/convex/finger_tip_r_convex.stlb
[4.706s] -- Symlinking: /home/useradd/ros2_ws/src/install/moveit_resources_pr2_description/share/moveit_resources_pr2_description/urdf/meshes/gripper_v0/convex/gripper_palm.dae
[4.714s] -- Symlinking: /home/useradd/ros2_ws/src/install/moveit_resources_pr2_description/share/moveit_resources_pr2_description/urdf/meshes/gripper_v0/convex/gripper_palm.xml
[4.720s] -- Symlinking: /home/useradd/ros2_ws/src/install/moveit_resources_pr2_description/share/moveit_resources_pr2_description/urdf/meshes/gripper_v0/convex/gripper_palm_convex.stla
[4.725s] -- Symlinking: /home/useradd/ros2_ws/src/install/moveit_resources_pr2_description/share/moveit_resources_pr2_description/urdf/meshes/gripper_v0/convex/gripper_palm_convex.stlb
[4.731s] -- Symlinking: /home/useradd/ros2_ws/src/install/moveit_resources_pr2_description/share/moveit_resources_pr2_description/urdf/meshes/gripper_v0/convex/l_finger.dae
[4.737s] -- Symlinking: /home/useradd/ros2_ws/src/install/moveit_resources_pr2_description/share/moveit_resources_pr2_description/urdf/meshes/gripper_v0/convex/l_finger.xml
[4.743s] -- Symlinking: /home/useradd/ros2_ws/src/install/moveit_resources_pr2_description/share/moveit_resources_pr2_description/urdf/meshes/gripper_v0/convex/l_finger_convex.stla
[4.749s] -- Symlinking: /home/useradd/ros2_ws/src/install/moveit_resources_pr2_description/share/moveit_resources_pr2_description/urdf/meshes/gripper_v0/convex/l_finger_convex.stlb
[4.755s] -- Symlinking: /home/useradd/ros2_ws/src/install/moveit_resources_pr2_description/share/moveit_resources_pr2_description/urdf/meshes/gripper_v0/convex/l_finger_tip.dae
[4.762s] -- Symlinking: /home/useradd/ros2_ws/src/install/moveit_resources_pr2_description/share/moveit_resources_pr2_description/urdf/meshes/gripper_v0/convex/l_finger_tip.xml
[4.769s] -- Symlinking: /home/useradd/ros2_ws/src/install/moveit_resources_pr2_description/share/moveit_resources_pr2_description/urdf/meshes/gripper_v0/convex/l_finger_tip_convex.stla
[4.775s] -- Symlinking: /home/useradd/ros2_ws/src/install/moveit_resources_pr2_description/share/moveit_resources_pr2_description/urdf/meshes/gripper_v0/convex/l_finger_tip_convex.stlb
[4.784s] -- Symlinking: /home/useradd/ros2_ws/src/install/moveit_resources_pr2_description/share/moveit_resources_pr2_description/urdf/meshes/gripper_v0/convex/l_floating.dae
[4.789s] -- Symlinking: /home/useradd/ros2_ws/src/install/moveit_resources_pr2_description/share/moveit_resources_pr2_description/urdf/meshes/gripper_v0/convex/l_floating.xml
[4.795s] -- Symlinking: /home/useradd/ros2_ws/src/install/moveit_resources_pr2_description/share/moveit_resources_pr2_description/urdf/meshes/gripper_v0/convex/l_floating_convex.stla
[4.802s] -- Symlinking: /home/useradd/ros2_ws/src/install/moveit_resources_pr2_description/share/moveit_resources_pr2_description/urdf/meshes/gripper_v0/convex/l_floating_convex.stlb
[4.809s] -- Symlinking: /home/useradd/ros2_ws/src/install/moveit_resources_pr2_description/share/moveit_resources_pr2_description/urdf/meshes/gripper_v0/convex/upper_finger_l.dae
[4.816s] -- Symlinking: /home/useradd/ros2_ws/src/install/moveit_resources_pr2_description/share/moveit_resources_pr2_description/urdf/meshes/gripper_v0/convex/upper_finger_l.xml
[4.823s] -- Symlinking: /home/useradd/ros2_ws/src/install/moveit_resources_pr2_description/share/moveit_resources_pr2_description/urdf/meshes/gripper_v0/convex/upper_finger_l_convex.stla
[4.830s] -- Symlinking: /home/useradd/ros2_ws/src/install/moveit_resources_pr2_description/share/moveit_resources_pr2_description/urdf/meshes/gripper_v0/convex/upper_finger_l_convex.stlb
[4.835s] -- Symlinking: /home/useradd/ros2_ws/src/install/moveit_resources_pr2_description/share/moveit_resources_pr2_description/urdf/meshes/gripper_v0/convex/upper_finger_r.dae
[4.841s] -- Symlinking: /home/useradd/ros2_ws/src/install/moveit_resources_pr2_description/share/moveit_resources_pr2_description/urdf/meshes/gripper_v0/convex/upper_finger_r.xml
[4.847s] -- Symlinking: /home/useradd/ros2_ws/src/install/moveit_resources_pr2_description/share/moveit_resources_pr2_description/urdf/meshes/gripper_v0/convex/upper_finger_r_convex.stla
[4.854s] -- Symlinking: /home/useradd/ros2_ws/src/install/moveit_resources_pr2_description/share/moveit_resources_pr2_description/urdf/meshes/gripper_v0/convex/upper_finger_r_convex.stlb
[4.860s] -- Symlinking: /home/useradd/ros2_ws/src/install/moveit_resources_pr2_description/share/moveit_resources_pr2_description/urdf/meshes/gripper_v0/finger_H_Color_100430.tif
[4.866s] -- Symlinking: /home/useradd/ros2_ws/src/install/moveit_resources_pr2_description/share/moveit_resources_pr2_description/urdf/meshes/gripper_v0/finger_H_UV_100430.dae
[4.872s] -- Symlinking: /home/useradd/ros2_ws/src/install/moveit_resources_pr2_description/share/moveit_resources_pr2_description/urdf/meshes/gripper_v0/finger_tip_H_UV_100430.dae
[4.878s] -- Symlinking: /home/useradd/ros2_ws/src/install/moveit_resources_pr2_description/share/moveit_resources_pr2_description/urdf/meshes/gripper_v0/finger_tip_l.stl
[4.884s] -- Symlinking: /home/useradd/ros2_ws/src/install/moveit_resources_pr2_description/share/moveit_resources_pr2_description/urdf/meshes/gripper_v0/finger_tip_pad2_l.stl
[4.890s] -- Symlinking: /home/useradd/ros2_ws/src/install/moveit_resources_pr2_description/share/moveit_resources_pr2_description/urdf/meshes/gripper_v0/finger_tip_pad2_r.stl
[4.896s] -- Symlinking: /home/useradd/ros2_ws/src/install/moveit_resources_pr2_description/share/moveit_resources_pr2_description/urdf/meshes/gripper_v0/finger_tip_r.stl
[4.902s] -- Symlinking: /home/useradd/ros2_ws/src/install/moveit_resources_pr2_description/share/moveit_resources_pr2_description/urdf/meshes/gripper_v0/fingertip_H_Color_100430.tif
[4.908s] -- Symlinking: /home/useradd/ros2_ws/src/install/moveit_resources_pr2_description/share/moveit_resources_pr2_description/urdf/meshes/gripper_v0/float_H_Color_100430.tif
[4.914s] -- Symlinking: /home/useradd/ros2_ws/src/install/moveit_resources_pr2_description/share/moveit_resources_pr2_description/urdf/meshes/gripper_v0/float_H_UV_100430.dae
[4.921s] -- Symlinking: /home/useradd/ros2_ws/src/install/moveit_resources_pr2_description/share/moveit_resources_pr2_description/urdf/meshes/gripper_v0/gripper_palm.dae
[4.926s] -- Symlinking: /home/useradd/ros2_ws/src/install/moveit_resources_pr2_description/share/moveit_resources_pr2_description/urdf/meshes/gripper_v0/gripper_palm.stl
[4.933s] -- Symlinking: /home/useradd/ros2_ws/src/install/moveit_resources_pr2_description/share/moveit_resources_pr2_description/urdf/meshes/gripper_v0/gripper_palm_color.tif
[4.939s] -- Symlinking: /home/useradd/ros2_ws/src/install/moveit_resources_pr2_description/share/moveit_resources_pr2_description/urdf/meshes/gripper_v0/gripper_palm_normals.tif
[4.945s] -- Symlinking: /home/useradd/ros2_ws/src/install/moveit_resources_pr2_description/share/moveit_resources_pr2_description/urdf/meshes/gripper_v0/l_finger.dae
[4.951s] -- Symlinking: /home/useradd/ros2_ws/src/install/moveit_resources_pr2_description/share/moveit_resources_pr2_description/urdf/meshes/gripper_v0/l_finger.stl
[4.957s] -- Symlinking: /home/useradd/ros2_ws/src/install/moveit_resources_pr2_description/share/moveit_resources_pr2_description/urdf/meshes/gripper_v0/l_finger_color.tif
[4.963s] -- Symlinking: /home/useradd/ros2_ws/src/install/moveit_resources_pr2_description/share/moveit_resources_pr2_description/urdf/meshes/gripper_v0/l_finger_normals.tif
[4.969s] -- Symlinking: /home/useradd/ros2_ws/src/install/moveit_resources_pr2_description/share/moveit_resources_pr2_description/urdf/meshes/gripper_v0/l_finger_tip.dae
[4.975s] -- Symlinking: /home/useradd/ros2_ws/src/install/moveit_resources_pr2_description/share/moveit_resources_pr2_description/urdf/meshes/gripper_v0/l_finger_tip.stl
[4.981s] -- Symlinking: /home/useradd/ros2_ws/src/install/moveit_resources_pr2_description/share/moveit_resources_pr2_description/urdf/meshes/gripper_v0/l_finger_tip_color.tif
[4.986s] -- Symlinking: /home/useradd/ros2_ws/src/install/moveit_resources_pr2_description/share/moveit_resources_pr2_description/urdf/meshes/gripper_v0/l_finger_tip_normals.tif
[4.992s] -- Symlinking: /home/useradd/ros2_ws/src/install/moveit_resources_pr2_description/share/moveit_resources_pr2_description/urdf/meshes/gripper_v0/l_float.dae
[4.998s] -- Symlinking: /home/useradd/ros2_ws/src/install/moveit_resources_pr2_description/share/moveit_resources_pr2_description/urdf/meshes/gripper_v0/l_float_color.tif
[5.004s] -- Symlinking: /home/useradd/ros2_ws/src/install/moveit_resources_pr2_description/share/moveit_resources_pr2_description/urdf/meshes/gripper_v0/l_float_normals.tif
[5.011s] -- Symlinking: /home/useradd/ros2_ws/src/install/moveit_resources_pr2_description/share/moveit_resources_pr2_description/urdf/meshes/gripper_v0/l_floating.stl
[5.016s] -- Symlinking: /home/useradd/ros2_ws/src/install/moveit_resources_pr2_description/share/moveit_resources_pr2_description/urdf/meshes/gripper_v0/palm_H_Color_100430.tif
[5.023s] -- Symlinking: /home/useradd/ros2_ws/src/install/moveit_resources_pr2_description/share/moveit_resources_pr2_description/urdf/meshes/gripper_v0/palm_H_UV_100430.dae
[5.029s] -- Symlinking: /home/useradd/ros2_ws/src/install/moveit_resources_pr2_description/share/moveit_resources_pr2_description/urdf/meshes/gripper_v0/upper_finger_l.stl
[5.036s] -- Symlinking: /home/useradd/ros2_ws/src/install/moveit_resources_pr2_description/share/moveit_resources_pr2_description/urdf/meshes/gripper_v0/upper_finger_r.stl
[5.043s] -- Symlinking: /home/useradd/ros2_ws/src/install/moveit_resources_pr2_description/share/moveit_resources_pr2_description/urdf/meshes/head_v0/convex/head_pan.dae
[5.049s] -- Symlinking: /home/useradd/ros2_ws/src/install/moveit_resources_pr2_description/share/moveit_resources_pr2_description/urdf/meshes/head_v0/convex/head_pan.xml
[5.054s] -- Symlinking: /home/useradd/ros2_ws/src/install/moveit_resources_pr2_description/share/moveit_resources_pr2_description/urdf/meshes/head_v0/convex/head_pan_L.dae
[5.060s] -- Symlinking: /home/useradd/ros2_ws/src/install/moveit_resources_pr2_description/share/moveit_resources_pr2_description/urdf/meshes/head_v0/convex/head_pan_L.xml
[5.066s] -- Symlinking: /home/useradd/ros2_ws/src/install/moveit_resources_pr2_description/share/moveit_resources_pr2_description/urdf/meshes/head_v0/convex/head_pan_L_convex.stla
[5.072s] -- Symlinking: /home/useradd/ros2_ws/src/install/moveit_resources_pr2_description/share/moveit_resources_pr2_description/urdf/meshes/head_v0/convex/head_pan_L_convex.stlb
[5.078s] -- Symlinking: /home/useradd/ros2_ws/src/install/moveit_resources_pr2_description/share/moveit_resources_pr2_description/urdf/meshes/head_v0/convex/head_pan_convex.stla
[5.084s] -- Symlinking: /home/useradd/ros2_ws/src/install/moveit_resources_pr2_description/share/moveit_resources_pr2_description/urdf/meshes/head_v0/convex/head_pan_convex.stlb
[5.091s] -- Symlinking: /home/useradd/ros2_ws/src/install/moveit_resources_pr2_description/share/moveit_resources_pr2_description/urdf/meshes/head_v0/convex/head_tilt.dae
[5.098s] -- Symlinking: /home/useradd/ros2_ws/src/install/moveit_resources_pr2_description/share/moveit_resources_pr2_description/urdf/meshes/head_v0/convex/head_tilt.xml
[5.103s] -- Symlinking: /home/useradd/ros2_ws/src/install/moveit_resources_pr2_description/share/moveit_resources_pr2_description/urdf/meshes/head_v0/convex/head_tilt_L.dae
[5.109s] -- Symlinking: /home/useradd/ros2_ws/src/install/moveit_resources_pr2_description/share/moveit_resources_pr2_description/urdf/meshes/head_v0/convex/head_tilt_L.xml
[5.116s] -- Symlinking: /home/useradd/ros2_ws/src/install/moveit_resources_pr2_description/share/moveit_resources_pr2_description/urdf/meshes/head_v0/convex/head_tilt_L_convex.stla
[5.121s] -- Symlinking: /home/useradd/ros2_ws/src/install/moveit_resources_pr2_description/share/moveit_resources_pr2_description/urdf/meshes/head_v0/convex/head_tilt_L_convex.stlb
[5.127s] -- Symlinking: /home/useradd/ros2_ws/src/install/moveit_resources_pr2_description/share/moveit_resources_pr2_description/urdf/meshes/head_v0/convex/head_tilt_convex.stla
[5.132s] -- Symlinking: /home/useradd/ros2_ws/src/install/moveit_resources_pr2_description/share/moveit_resources_pr2_description/urdf/meshes/head_v0/convex/head_tilt_convex.stlb
[5.139s] -- Symlinking: /home/useradd/ros2_ws/src/install/moveit_resources_pr2_description/share/moveit_resources_pr2_description/urdf/meshes/head_v0/head_pan.dae
[5.145s] -- Symlinking: /home/useradd/ros2_ws/src/install/moveit_resources_pr2_description/share/moveit_resources_pr2_description/urdf/meshes/head_v0/head_pan.stl
[5.151s] -- Symlinking: /home/useradd/ros2_ws/src/install/moveit_resources_pr2_description/share/moveit_resources_pr2_description/urdf/meshes/head_v0/head_pan_L.stl
[5.157s] -- Symlinking: /home/useradd/ros2_ws/src/install/moveit_resources_pr2_description/share/moveit_resources_pr2_description/urdf/meshes/head_v0/head_pan_color.tif
[5.163s] -- Symlinking: /home/useradd/ros2_ws/src/install/moveit_resources_pr2_description/share/moveit_resources_pr2_description/urdf/meshes/head_v0/head_pan_normals.tif
[5.169s] -- Symlinking: /home/useradd/ros2_ws/src/install/moveit_resources_pr2_description/share/moveit_resources_pr2_description/urdf/meshes/head_v0/head_tilt.dae
[5.175s] -- Symlinking: /home/useradd/ros2_ws/src/install/moveit_resources_pr2_description/share/moveit_resources_pr2_description/urdf/meshes/head_v0/head_tilt.stl
[5.181s] -- Symlinking: /home/useradd/ros2_ws/src/install/moveit_resources_pr2_description/share/moveit_resources_pr2_description/urdf/meshes/head_v0/head_tilt_L.stl
[5.187s] -- Symlinking: /home/useradd/ros2_ws/src/install/moveit_resources_pr2_description/share/moveit_resources_pr2_description/urdf/meshes/head_v0/head_tilt_color.tif
[5.193s] -- Symlinking: /home/useradd/ros2_ws/src/install/moveit_resources_pr2_description/share/moveit_resources_pr2_description/urdf/meshes/head_v0/head_tilt_color_red.tif
[5.199s] -- Symlinking: /home/useradd/ros2_ws/src/install/moveit_resources_pr2_description/share/moveit_resources_pr2_description/urdf/meshes/head_v0/head_tilt_color_yellow.tif
[5.206s] -- Symlinking: /home/useradd/ros2_ws/src/install/moveit_resources_pr2_description/share/moveit_resources_pr2_description/urdf/meshes/head_v0/head_tilt_green.tif
[5.212s] -- Symlinking: /home/useradd/ros2_ws/src/install/moveit_resources_pr2_description/share/moveit_resources_pr2_description/urdf/meshes/head_v0/head_tilt_normals.tif
[5.218s] -- Symlinking: /home/useradd/ros2_ws/src/install/moveit_resources_pr2_description/share/moveit_resources_pr2_description/urdf/meshes/sensors/kinect_prosilica_v0/115x100_swept_back--coarse.STL
[5.224s] -- Symlinking: /home/useradd/ros2_ws/src/install/moveit_resources_pr2_description/share/moveit_resources_pr2_description/urdf/meshes/sensors/kinect_prosilica_v0/115x100_swept_back_no_sensors--coarse.STL
[5.231s] -- Symlinking: /home/useradd/ros2_ws/src/install/moveit_resources_pr2_description/share/moveit_resources_pr2_description/urdf/meshes/sensors/kinect_prosilica_v0/115x100_swept_fwd--coarse.STL
[5.237s] -- Symlinking: /home/useradd/ros2_ws/src/install/moveit_resources_pr2_description/share/moveit_resources_pr2_description/urdf/meshes/sensors/kinect_prosilica_v0/115x100_swept_fwd_no_sensors--coarse.STL
[5.243s] -- Symlinking: /home/useradd/ros2_ws/src/install/moveit_resources_pr2_description/share/moveit_resources_pr2_description/urdf/meshes/sensors/kinect_prosilica_v0/68-04546_Kinect_Sensor--coarse.STL
[5.248s] -- Symlinking: /home/useradd/ros2_ws/src/install/moveit_resources_pr2_description/share/moveit_resources_pr2_description/urdf/meshes/sensors/kinect_prosilica_v0/Prosilica_w_Lens--coarse.STL
[5.254s] -- Symlinking: /home/useradd/ros2_ws/src/install/moveit_resources_pr2_description/share/moveit_resources_pr2_description/urdf/meshes/sensors/kinect_v0/kinect.dae
[5.259s] -- Symlinking: /home/useradd/ros2_ws/src/install/moveit_resources_pr2_description/share/moveit_resources_pr2_description/urdf/meshes/sensors/kinect_v0/kinect.tga
[5.266s] -- Symlinking: /home/useradd/ros2_ws/src/install/moveit_resources_pr2_description/share/moveit_resources_pr2_description/urdf/meshes/sensors/kinect_v0/kinect_color.tga
[5.272s] -- Symlinking: /home/useradd/ros2_ws/src/install/moveit_resources_pr2_description/share/moveit_resources_pr2_description/urdf/meshes/sensors/kinect_v0/kinect_mount.stl
[5.277s] -- Symlinking: /home/useradd/ros2_ws/src/install/moveit_resources_pr2_description/share/moveit_resources_pr2_description/urdf/meshes/shoulder_v0/convex/shoulder_lift.dae
[5.283s] -- Symlinking: /home/useradd/ros2_ws/src/install/moveit_resources_pr2_description/share/moveit_resources_pr2_description/urdf/meshes/shoulder_v0/convex/shoulder_lift.xml
[5.289s] -- Symlinking: /home/useradd/ros2_ws/src/install/moveit_resources_pr2_description/share/moveit_resources_pr2_description/urdf/meshes/shoulder_v0/convex/shoulder_lift_convex.stla
[5.298s] -- Symlinking: /home/useradd/ros2_ws/src/install/moveit_resources_pr2_description/share/moveit_resources_pr2_description/urdf/meshes/shoulder_v0/convex/shoulder_lift_convex.stlb
[5.305s] -- Symlinking: /home/useradd/ros2_ws/src/install/moveit_resources_pr2_description/share/moveit_resources_pr2_description/urdf/meshes/shoulder_v0/convex/shoulder_pan.dae
[5.312s] -- Symlinking: /home/useradd/ros2_ws/src/install/moveit_resources_pr2_description/share/moveit_resources_pr2_description/urdf/meshes/shoulder_v0/convex/shoulder_pan.xml
[5.318s] -- Symlinking: /home/useradd/ros2_ws/src/install/moveit_resources_pr2_description/share/moveit_resources_pr2_description/urdf/meshes/shoulder_v0/convex/shoulder_pan_convex.stla
[5.323s] -- Symlinking: /home/useradd/ros2_ws/src/install/moveit_resources_pr2_description/share/moveit_resources_pr2_description/urdf/meshes/shoulder_v0/convex/shoulder_pan_convex.stlb
[5.329s] -- Symlinking: /home/useradd/ros2_ws/src/install/moveit_resources_pr2_description/share/moveit_resources_pr2_description/urdf/meshes/shoulder_v0/convex/shoulder_yaw.dae
[5.338s] -- Symlinking: /home/useradd/ros2_ws/src/install/moveit_resources_pr2_description/share/moveit_resources_pr2_description/urdf/meshes/shoulder_v0/convex/shoulder_yaw.xml
[5.344s] -- Symlinking: /home/useradd/ros2_ws/src/install/moveit_resources_pr2_description/share/moveit_resources_pr2_description/urdf/meshes/shoulder_v0/convex/shoulder_yaw_convex.stla
[5.350s] -- Symlinking: /home/useradd/ros2_ws/src/install/moveit_resources_pr2_description/share/moveit_resources_pr2_description/urdf/meshes/shoulder_v0/convex/shoulder_yaw_convex.stlb
[5.357s] -- Symlinking: /home/useradd/ros2_ws/src/install/moveit_resources_pr2_description/share/moveit_resources_pr2_description/urdf/meshes/shoulder_v0/convex/upper_arm_roll.dae
[5.362s] -- Symlinking: /home/useradd/ros2_ws/src/install/moveit_resources_pr2_description/share/moveit_resources_pr2_description/urdf/meshes/shoulder_v0/convex/upper_arm_roll.xml
[5.369s] -- Symlinking: /home/useradd/ros2_ws/src/install/moveit_resources_pr2_description/share/moveit_resources_pr2_description/urdf/meshes/shoulder_v0/convex/upper_arm_roll_L.dae
[5.375s] -- Symlinking: /home/useradd/ros2_ws/src/install/moveit_resources_pr2_description/share/moveit_resources_pr2_description/urdf/meshes/shoulder_v0/convex/upper_arm_roll_L.xml
[5.380s] -- Symlinking: /home/useradd/ros2_ws/src/install/moveit_resources_pr2_description/share/moveit_resources_pr2_description/urdf/meshes/shoulder_v0/convex/upper_arm_roll_L_convex.stla
[5.386s] -- Symlinking: /home/useradd/ros2_ws/src/install/moveit_resources_pr2_description/share/moveit_resources_pr2_description/urdf/meshes/shoulder_v0/convex/upper_arm_roll_L_convex.stlb
[5.393s] -- Symlinking: /home/useradd/ros2_ws/src/install/moveit_resources_pr2_description/share/moveit_resources_pr2_description/urdf/meshes/shoulder_v0/convex/upper_arm_roll_convex.stla
[5.400s] -- Symlinking: /home/useradd/ros2_ws/src/install/moveit_resources_pr2_description/share/moveit_resources_pr2_description/urdf/meshes/shoulder_v0/convex/upper_arm_roll_convex.stlb
[5.407s] -- Symlinking: /home/useradd/ros2_ws/src/install/moveit_resources_pr2_description/share/moveit_resources_pr2_description/urdf/meshes/shoulder_v0/shoulder_lift.dae
[5.414s] -- Symlinking: /home/useradd/ros2_ws/src/install/moveit_resources_pr2_description/share/moveit_resources_pr2_description/urdf/meshes/shoulder_v0/shoulder_lift.stl
[5.420s] -- Symlinking: /home/useradd/ros2_ws/src/install/moveit_resources_pr2_description/share/moveit_resources_pr2_description/urdf/meshes/shoulder_v0/shoulder_lift_color.tif
[5.426s] -- Symlinking: /home/useradd/ros2_ws/src/install/moveit_resources_pr2_description/share/moveit_resources_pr2_description/urdf/meshes/shoulder_v0/shoulder_lift_normals.tif
[5.432s] -- Symlinking: /home/useradd/ros2_ws/src/install/moveit_resources_pr2_description/share/moveit_resources_pr2_description/urdf/meshes/shoulder_v0/shoulder_pan.dae
[5.438s] -- Symlinking: /home/useradd/ros2_ws/src/install/moveit_resources_pr2_description/share/moveit_resources_pr2_description/urdf/meshes/shoulder_v0/shoulder_pan.stl
[5.444s] -- Symlinking: /home/useradd/ros2_ws/src/install/moveit_resources_pr2_description/share/moveit_resources_pr2_description/urdf/meshes/shoulder_v0/shoulder_pan_color.tif
[5.450s] -- Symlinking: /home/useradd/ros2_ws/src/install/moveit_resources_pr2_description/share/moveit_resources_pr2_description/urdf/meshes/shoulder_v0/shoulder_pan_normals.tif
[5.456s] -- Symlinking: /home/useradd/ros2_ws/src/install/moveit_resources_pr2_description/share/moveit_resources_pr2_description/urdf/meshes/shoulder_v0/shoulder_yaw.stl
[5.462s] -- Symlinking: /home/useradd/ros2_ws/src/install/moveit_resources_pr2_description/share/moveit_resources_pr2_description/urdf/meshes/shoulder_v0/upper_arm_roll.dae
[5.468s] -- Symlinking: /home/useradd/ros2_ws/src/install/moveit_resources_pr2_description/share/moveit_resources_pr2_description/urdf/meshes/shoulder_v0/upper_arm_roll.stl
[5.473s] -- Symlinking: /home/useradd/ros2_ws/src/install/moveit_resources_pr2_description/share/moveit_resources_pr2_description/urdf/meshes/shoulder_v0/upper_arm_roll_L.stl
[5.479s] -- Symlinking: /home/useradd/ros2_ws/src/install/moveit_resources_pr2_description/share/moveit_resources_pr2_description/urdf/meshes/shoulder_v0/upper_arm_roll_color.tif
[5.486s] -- Symlinking: /home/useradd/ros2_ws/src/install/moveit_resources_pr2_description/share/moveit_resources_pr2_description/urdf/meshes/shoulder_v0/upper_arm_roll_normals.tif
[5.492s] -- Symlinking: /home/useradd/ros2_ws/src/install/moveit_resources_pr2_description/share/moveit_resources_pr2_description/urdf/meshes/tilting_laser_v0/convex/hok_tilt.dae
[5.498s] -- Symlinking: /home/useradd/ros2_ws/src/install/moveit_resources_pr2_description/share/moveit_resources_pr2_description/urdf/meshes/tilting_laser_v0/convex/hok_tilt.xml
[5.504s] -- Symlinking: /home/useradd/ros2_ws/src/install/moveit_resources_pr2_description/share/moveit_resources_pr2_description/urdf/meshes/tilting_laser_v0/convex/hok_tilt_convex.stla
[5.510s] -- Symlinking: /home/useradd/ros2_ws/src/install/moveit_resources_pr2_description/share/moveit_resources_pr2_description/urdf/meshes/tilting_laser_v0/convex/hok_tilt_convex.stlb
[5.517s] -- Symlinking: /home/useradd/ros2_ws/src/install/moveit_resources_pr2_description/share/moveit_resources_pr2_description/urdf/meshes/tilting_laser_v0/convex/tilting_hokuyo.dae
[5.522s] -- Symlinking: /home/useradd/ros2_ws/src/install/moveit_resources_pr2_description/share/moveit_resources_pr2_description/urdf/meshes/tilting_laser_v0/convex/tilting_hokuyo.xml
[5.528s] -- Symlinking: /home/useradd/ros2_ws/src/install/moveit_resources_pr2_description/share/moveit_resources_pr2_description/urdf/meshes/tilting_laser_v0/convex/tilting_hokuyo_L.dae
[5.534s] -- Symlinking: /home/useradd/ros2_ws/src/install/moveit_resources_pr2_description/share/moveit_resources_pr2_description/urdf/meshes/tilting_laser_v0/convex/tilting_hokuyo_L.xml
[5.540s] -- Symlinking: /home/useradd/ros2_ws/src/install/moveit_resources_pr2_description/share/moveit_resources_pr2_description/urdf/meshes/tilting_laser_v0/convex/tilting_hokuyo_L_convex.stla
[5.546s] -- Symlinking: /home/useradd/ros2_ws/src/install/moveit_resources_pr2_description/share/moveit_resources_pr2_description/urdf/meshes/tilting_laser_v0/convex/tilting_hokuyo_L_convex.stlb
[5.553s] -- Symlinking: /home/useradd/ros2_ws/src/install/moveit_resources_pr2_description/share/moveit_resources_pr2_description/urdf/meshes/tilting_laser_v0/convex/tilting_hokuyo_convex.stla
[5.563s] -- Symlinking: /home/useradd/ros2_ws/src/install/moveit_resources_pr2_description/share/moveit_resources_pr2_description/urdf/meshes/tilting_laser_v0/convex/tilting_hokuyo_convex.stlb
[5.571s] -- Symlinking: /home/useradd/ros2_ws/src/install/moveit_resources_pr2_description/share/moveit_resources_pr2_description/urdf/meshes/tilting_laser_v0/hok_tilt.stl
[5.577s] -- Symlinking: /home/useradd/ros2_ws/src/install/moveit_resources_pr2_description/share/moveit_resources_pr2_description/urdf/meshes/tilting_laser_v0/tilting_hokuyo.dae
[5.583s] -- Symlinking: /home/useradd/ros2_ws/src/install/moveit_resources_pr2_description/share/moveit_resources_pr2_description/urdf/meshes/tilting_laser_v0/tilting_hokuyo.stl
[5.589s] -- Symlinking: /home/useradd/ros2_ws/src/install/moveit_resources_pr2_description/share/moveit_resources_pr2_description/urdf/meshes/tilting_laser_v0/tilting_hokuyo_L.stl
[5.596s] -- Symlinking: /home/useradd/ros2_ws/src/install/moveit_resources_pr2_description/share/moveit_resources_pr2_description/urdf/meshes/tilting_laser_v0/tilting_hokuyo_color.tif
[5.602s] -- Symlinking: /home/useradd/ros2_ws/src/install/moveit_resources_pr2_description/share/moveit_resources_pr2_description/urdf/meshes/tilting_laser_v0/tilting_hokuyo_normals.tif
[5.608s] -- Symlinking: /home/useradd/ros2_ws/src/install/moveit_resources_pr2_description/share/moveit_resources_pr2_description/urdf/meshes/torso_v0/convex/torso.dae
[5.615s] -- Symlinking: /home/useradd/ros2_ws/src/install/moveit_resources_pr2_description/share/moveit_resources_pr2_description/urdf/meshes/torso_v0/convex/torso.xml
[5.621s] -- Symlinking: /home/useradd/ros2_ws/src/install/moveit_resources_pr2_description/share/moveit_resources_pr2_description/urdf/meshes/torso_v0/convex/torso_convex.stla
[5.628s] -- Symlinking: /home/useradd/ros2_ws/src/install/moveit_resources_pr2_description/share/moveit_resources_pr2_description/urdf/meshes/torso_v0/convex/torso_convex.stlb
[5.635s] -- Symlinking: /home/useradd/ros2_ws/src/install/moveit_resources_pr2_description/share/moveit_resources_pr2_description/urdf/meshes/torso_v0/convex/torso_lift.dae
[5.641s] -- Symlinking: /home/useradd/ros2_ws/src/install/moveit_resources_pr2_description/share/moveit_resources_pr2_description/urdf/meshes/torso_v0/convex/torso_lift.xml
[5.647s] -- Symlinking: /home/useradd/ros2_ws/src/install/moveit_resources_pr2_description/share/moveit_resources_pr2_description/urdf/meshes/torso_v0/convex/torso_lift_L.dae
[5.654s] -- Symlinking: /home/useradd/ros2_ws/src/install/moveit_resources_pr2_description/share/moveit_resources_pr2_description/urdf/meshes/torso_v0/convex/torso_lift_L.xml
[5.660s] -- Symlinking: /home/useradd/ros2_ws/src/install/moveit_resources_pr2_description/share/moveit_resources_pr2_description/urdf/meshes/torso_v0/convex/torso_lift_L_convex.stla
[5.667s] -- Symlinking: /home/useradd/ros2_ws/src/install/moveit_resources_pr2_description/share/moveit_resources_pr2_description/urdf/meshes/torso_v0/convex/torso_lift_L_convex.stlb
[5.673s] -- Symlinking: /home/useradd/ros2_ws/src/install/moveit_resources_pr2_description/share/moveit_resources_pr2_description/urdf/meshes/torso_v0/convex/torso_lift_convex.stla
[5.679s] -- Symlinking: /home/useradd/ros2_ws/src/install/moveit_resources_pr2_description/share/moveit_resources_pr2_description/urdf/meshes/torso_v0/convex/torso_lift_convex.stlb
[5.685s] -- Symlinking: /home/useradd/ros2_ws/src/install/moveit_resources_pr2_description/share/moveit_resources_pr2_description/urdf/meshes/torso_v0/torso.stl
[5.690s] -- Symlinking: /home/useradd/ros2_ws/src/install/moveit_resources_pr2_description/share/moveit_resources_pr2_description/urdf/meshes/torso_v0/torso_lift.dae
[5.696s] -- Symlinking: /home/useradd/ros2_ws/src/install/moveit_resources_pr2_description/share/moveit_resources_pr2_description/urdf/meshes/torso_v0/torso_lift.stl
[5.702s] -- Symlinking: /home/useradd/ros2_ws/src/install/moveit_resources_pr2_description/share/moveit_resources_pr2_description/urdf/meshes/torso_v0/torso_lift_L.stl
[5.710s] -- Symlinking: /home/useradd/ros2_ws/src/install/moveit_resources_pr2_description/share/moveit_resources_pr2_description/urdf/meshes/torso_v0/torso_lift_color.tif
[5.716s] -- Symlinking: /home/useradd/ros2_ws/src/install/moveit_resources_pr2_description/share/moveit_resources_pr2_description/urdf/meshes/torso_v0/torso_lift_normals.tif
[5.722s] -- Symlinking: /home/useradd/ros2_ws/src/install/moveit_resources_pr2_description/share/moveit_resources_pr2_description/urdf/meshes/upper_arm_v0/convex/elbow_flex.dae
[5.730s] -- Symlinking: /home/useradd/ros2_ws/src/install/moveit_resources_pr2_description/share/moveit_resources_pr2_description/urdf/meshes/upper_arm_v0/convex/elbow_flex.xml
[5.737s] -- Symlinking: /home/useradd/ros2_ws/src/install/moveit_resources_pr2_description/share/moveit_resources_pr2_description/urdf/meshes/upper_arm_v0/convex/elbow_flex_convex.stla
[5.743s] -- Symlinking: /home/useradd/ros2_ws/src/install/moveit_resources_pr2_description/share/moveit_resources_pr2_description/urdf/meshes/upper_arm_v0/convex/elbow_flex_convex.stlb
[5.749s] -- Symlinking: /home/useradd/ros2_ws/src/install/moveit_resources_pr2_description/share/moveit_resources_pr2_description/urdf/meshes/upper_arm_v0/convex/forearm_roll.dae
[5.755s] -- Symlinking: /home/useradd/ros2_ws/src/install/moveit_resources_pr2_description/share/moveit_resources_pr2_description/urdf/meshes/upper_arm_v0/convex/forearm_roll.xml
[5.762s] -- Symlinking: /home/useradd/ros2_ws/src/install/moveit_resources_pr2_description/share/moveit_resources_pr2_description/urdf/meshes/upper_arm_v0/convex/forearm_roll_L.dae
[5.770s] -- Symlinking: /home/useradd/ros2_ws/src/install/moveit_resources_pr2_description/share/moveit_resources_pr2_description/urdf/meshes/upper_arm_v0/convex/forearm_roll_L.xml
[5.776s] -- Symlinking: /home/useradd/ros2_ws/src/install/moveit_resources_pr2_description/share/moveit_resources_pr2_description/urdf/meshes/upper_arm_v0/convex/forearm_roll_L_convex.stla
[5.785s] -- Symlinking: /home/useradd/ros2_ws/src/install/moveit_resources_pr2_description/share/moveit_resources_pr2_description/urdf/meshes/upper_arm_v0/convex/forearm_roll_L_convex.stlb
[5.791s] -- Symlinking: /home/useradd/ros2_ws/src/install/moveit_resources_pr2_description/share/moveit_resources_pr2_description/urdf/meshes/upper_arm_v0/convex/forearm_roll_convex.stla
[5.797s] -- Symlinking: /home/useradd/ros2_ws/src/install/moveit_resources_pr2_description/share/moveit_resources_pr2_description/urdf/meshes/upper_arm_v0/convex/forearm_roll_convex.stlb
[5.803s] -- Symlinking: /home/useradd/ros2_ws/src/install/moveit_resources_pr2_description/share/moveit_resources_pr2_description/urdf/meshes/upper_arm_v0/convex/upper_arm.dae
[5.810s] -- Symlinking: /home/useradd/ros2_ws/src/install/moveit_resources_pr2_description/share/moveit_resources_pr2_description/urdf/meshes/upper_arm_v0/convex/upper_arm.xml
[5.816s] -- Symlinking: /home/useradd/ros2_ws/src/install/moveit_resources_pr2_description/share/moveit_resources_pr2_description/urdf/meshes/upper_arm_v0/convex/upper_arm_convex.stla
[5.823s] -- Symlinking: /home/useradd/ros2_ws/src/install/moveit_resources_pr2_description/share/moveit_resources_pr2_description/urdf/meshes/upper_arm_v0/convex/upper_arm_convex.stlb
[5.829s] -- Symlinking: /home/useradd/ros2_ws/src/install/moveit_resources_pr2_description/share/moveit_resources_pr2_description/urdf/meshes/upper_arm_v0/elbow_flex.dae
[5.836s] -- Symlinking: /home/useradd/ros2_ws/src/install/moveit_resources_pr2_description/share/moveit_resources_pr2_description/urdf/meshes/upper_arm_v0/elbow_flex.stl
[5.842s] -- Symlinking: /home/useradd/ros2_ws/src/install/moveit_resources_pr2_description/share/moveit_resources_pr2_description/urdf/meshes/upper_arm_v0/elbow_flex_color.tif
[5.849s] -- Symlinking: /home/useradd/ros2_ws/src/install/moveit_resources_pr2_description/share/moveit_resources_pr2_description/urdf/meshes/upper_arm_v0/elbow_flex_normals.tif
[5.855s] -- Symlinking: /home/useradd/ros2_ws/src/install/moveit_resources_pr2_description/share/moveit_resources_pr2_description/urdf/meshes/upper_arm_v0/forearm_roll.stl
[5.862s] -- Symlinking: /home/useradd/ros2_ws/src/install/moveit_resources_pr2_description/share/moveit_resources_pr2_description/urdf/meshes/upper_arm_v0/forearm_roll_L.stl
[5.869s] -- Symlinking: /home/useradd/ros2_ws/src/install/moveit_resources_pr2_description/share/moveit_resources_pr2_description/urdf/meshes/upper_arm_v0/upper_arm.dae
[5.875s] -- Symlinking: /home/useradd/ros2_ws/src/install/moveit_resources_pr2_description/share/moveit_resources_pr2_description/urdf/meshes/upper_arm_v0/upper_arm.jpg
[5.881s] -- Symlinking: /home/useradd/ros2_ws/src/install/moveit_resources_pr2_description/share/moveit_resources_pr2_description/urdf/meshes/upper_arm_v0/upper_arm.stl
[5.888s] -- Symlinking: /home/useradd/ros2_ws/src/install/moveit_resources_pr2_description/share/moveit_resources_pr2_description/urdf/meshes/upper_arm_v0/upper_arm_color.tif
[5.894s] -- Symlinking: /home/useradd/ros2_ws/src/install/moveit_resources_pr2_description/share/moveit_resources_pr2_description/urdf/meshes/upper_arm_v0/upper_arm_normals.tif
[5.902s] -- Symlinking: /home/useradd/ros2_ws/src/install/moveit_resources_pr2_description/share/moveit_resources_pr2_description/urdf/robot.xml
[5.910s] -- Symlinking: /home/useradd/ros2_ws/src/install/moveit_resources_pr2_description/share/moveit_resources_pr2_description/kinect.dae
[5.921s] Invoked command in '/home/useradd/ros2_ws/src/build/moveit_resources_pr2_description' returned '0': CMAKE_PREFIX_PATH=${CMAKE_PREFIX_PATH}:/home/useradd/ros2_ws/install/twist_mux_bridge:/home/useradd/ros2_ws/install/odom_bridge:/home/useradd/dev_ws/install/robot_description:/home/useradd/dev_ws/install/my_doosan_pkg:/home/useradd/dev_ws/install/mobile_manipulator:/home/useradd/dev_ws/install/doosan_description:/home/useradd/dev_ws/install/bulldog_description:/opt/ros/humble /usr/bin/cmake --install /home/useradd/ros2_ws/src/build/moveit_resources_pr2_description
