[0.776s] Invoking command in '/home/useradd/ros2_ws/build/robotiq_controllers': CMAKE_PREFIX_PATH=${CMAKE_PREFIX_PATH}:/home/useradd/ws_moveit2/install/launch_param_builder:/home/useradd/dev_ws/install/robot_description:/home/useradd/dev_ws/install/my_doosan_pkg:/home/useradd/dev_ws/install/mobile_manipulator:/home/useradd/dev_ws/install/doosan_description:/home/useradd/dev_ws/install/bulldog_description:/opt/ros/humble /usr/bin/cmake /home/useradd/ros2_ws/src/ros2_robotiq_gripper/robotiq_controllers -DCMAKE_INSTALL_PREFIX=/home/useradd/ros2_ws/install/robotiq_controllers
[1.144s] -- The C compiler identification is GNU 11.4.0
[2.551s] -- The CXX compiler identification is GNU 11.4.0
[4.540s] -- Detecting C compiler ABI info
[4.917s] -- Detecting C compiler ABI info - done
[4.924s] -- Check for working C compiler: /usr/bin/cc - skipped
[4.924s] -- Detecting C compile features
[4.924s] -- Detecting C compile features - done
[4.927s] -- Detecting CXX compiler ABI info
[5.143s] -- Detecting CXX compiler ABI info - done
[5.150s] -- Check for working CXX compiler: /usr/bin/c++ - skipped
[5.151s] -- Detecting CXX compile features
[5.152s] -- Detecting CXX compile features - done
[5.157s] -- Found ament_cmake: 1.3.11 (/opt/ros/humble/share/ament_cmake/cmake)
[5.358s] -- Found Python3: /usr/bin/python3 (found version "3.10.12") found components: Interpreter 
[5.484s] -- Found controller_interface: 2.50.0 (/opt/ros/humble/share/controller_interface/cmake)
[5.956s] -- Found rosidl_generator_c: 3.1.6 (/opt/ros/humble/share/rosidl_generator_c/cmake)
[5.965s] -- Found rosidl_adapter: 3.1.6 (/opt/ros/humble/share/rosidl_adapter/cmake)
[5.978s] -- Found rosidl_generator_cpp: 3.1.6 (/opt/ros/humble/share/rosidl_generator_cpp/cmake)
[5.995s] -- Using all available rosidl_typesupport_c: rosidl_typesupport_fastrtps_c;rosidl_typesupport_introspection_c
[6.020s] -- Using all available rosidl_typesupport_cpp: rosidl_typesupport_fastrtps_cpp;rosidl_typesupport_introspection_cpp
[10.338s] -- Found rmw_implementation_cmake: 6.1.2 (/opt/ros/humble/share/rmw_implementation_cmake/cmake)
[10.344s] -- Found rmw_fastrtps_cpp: 6.2.7 (/opt/ros/humble/share/rmw_fastrtps_cpp/cmake)
[10.378s] -- Found TinyXML2 via Config file: TinyXML2_DIR-NOTFOUND
[10.430s] -- Found OpenSSL: /usr/lib/x86_64-linux-gnu/libcrypto.so (found version "3.0.2")  
[10.433s] -- Found TinyXML2 via Config file: TinyXML2_DIR-NOTFOUND
[11.081s] -- Found FastRTPS: /opt/ros/humble/include  
[11.084s] -- Found TinyXML2 via Config file: TinyXML2_DIR-NOTFOUND
[11.093s] -- Found TinyXML2 via Config file: TinyXML2_DIR-NOTFOUND
[11.443s] -- Using RMW implementation 'rmw_fastrtps_cpp' as default
[11.478s] -- Looking for pthread.h
[11.807s] -- Looking for pthread.h - found
[11.807s] -- Performing Test CMAKE_HAVE_LIBC_PTHREAD
[12.262s] -- Performing Test CMAKE_HAVE_LIBC_PTHREAD - Success
[12.263s] -- Found Threads: TRUE  
[12.350s] -- Found std_srvs: 4.8.0 (/opt/ros/humble/share/std_srvs/cmake)
[12.379s] -- Found ament_lint_auto: 0.12.12 (/opt/ros/humble/share/ament_lint_auto/cmake)
[12.505s] -- Added test 'cppcheck' to perform static code analysis on C / C++ code
[12.506s] -- Configured cppcheck include dirs: /home/useradd/ros2_ws/src/ros2_robotiq_gripper/robotiq_controllers/include
[12.506s] -- Configured cppcheck exclude dirs and/or files: 
[12.507s] -- Added test 'lint_cmake' to check CMake code style
[12.511s] -- Configuring done
[12.578s] -- Generating done
[12.584s] -- Build files have been written to: /home/useradd/ros2_ws/build/robotiq_controllers
[12.594s] Invoked command in '/home/useradd/ros2_ws/build/robotiq_controllers' returned '0': CMAKE_PREFIX_PATH=${CMAKE_PREFIX_PATH}:/home/useradd/ws_moveit2/install/launch_param_builder:/home/useradd/dev_ws/install/robot_description:/home/useradd/dev_ws/install/my_doosan_pkg:/home/useradd/dev_ws/install/mobile_manipulator:/home/useradd/dev_ws/install/doosan_description:/home/useradd/dev_ws/install/bulldog_description:/opt/ros/humble /usr/bin/cmake /home/useradd/ros2_ws/src/ros2_robotiq_gripper/robotiq_controllers -DCMAKE_INSTALL_PREFIX=/home/useradd/ros2_ws/install/robotiq_controllers
[12.596s] Invoking command in '/home/useradd/ros2_ws/build/robotiq_controllers': CMAKE_PREFIX_PATH=${CMAKE_PREFIX_PATH}:/home/useradd/ws_moveit2/install/launch_param_builder:/home/useradd/dev_ws/install/robot_description:/home/useradd/dev_ws/install/my_doosan_pkg:/home/useradd/dev_ws/install/mobile_manipulator:/home/useradd/dev_ws/install/doosan_description:/home/useradd/dev_ws/install/bulldog_description:/opt/ros/humble /usr/bin/cmake --build /home/useradd/ros2_ws/build/robotiq_controllers -- -j16 -l16
[12.737s] [ 50%] [32mBuilding CXX object CMakeFiles/robotiq_controllers.dir/src/robotiq_activation_controller.cpp.o[0m
[16.615s] [100%] [32m[1mLinking CXX shared library librobotiq_controllers.so[0m
[17.301s] [100%] Built target robotiq_controllers
[17.312s] Invoked command in '/home/useradd/ros2_ws/build/robotiq_controllers' returned '0': CMAKE_PREFIX_PATH=${CMAKE_PREFIX_PATH}:/home/useradd/ws_moveit2/install/launch_param_builder:/home/useradd/dev_ws/install/robot_description:/home/useradd/dev_ws/install/my_doosan_pkg:/home/useradd/dev_ws/install/mobile_manipulator:/home/useradd/dev_ws/install/doosan_description:/home/useradd/dev_ws/install/bulldog_description:/opt/ros/humble /usr/bin/cmake --build /home/useradd/ros2_ws/build/robotiq_controllers -- -j16 -l16
[17.314s] Invoking command in '/home/useradd/ros2_ws/build/robotiq_controllers': CMAKE_PREFIX_PATH=${CMAKE_PREFIX_PATH}:/home/useradd/ws_moveit2/install/launch_param_builder:/home/useradd/dev_ws/install/robot_description:/home/useradd/dev_ws/install/my_doosan_pkg:/home/useradd/dev_ws/install/mobile_manipulator:/home/useradd/dev_ws/install/doosan_description:/home/useradd/dev_ws/install/bulldog_description:/opt/ros/humble /usr/bin/cmake --install /home/useradd/ros2_ws/build/robotiq_controllers
[17.321s] -- Install configuration: ""
[17.321s] -- Installing: /home/useradd/ros2_ws/install/robotiq_controllers/share/robotiq_controllers/controller_plugins.xml
[17.322s] -- Installing: /home/useradd/ros2_ws/install/robotiq_controllers/lib/librobotiq_controllers.so
[17.323s] -- Set runtime path of "/home/useradd/ros2_ws/install/robotiq_controllers/lib/librobotiq_controllers.so" to ""
[17.323s] -- Installing: /home/useradd/ros2_ws/install/robotiq_controllers/include
[17.323s] -- Installing: /home/useradd/ros2_ws/install/robotiq_controllers/include/robotiq_controllers
[17.323s] -- Installing: /home/useradd/ros2_ws/install/robotiq_controllers/include/robotiq_controllers/robotiq_activation_controller.hpp
[17.323s] -- Installing: /home/useradd/ros2_ws/install/robotiq_controllers/share/robotiq_controllers/environment/library_path.sh
[17.324s] -- Installing: /home/useradd/ros2_ws/install/robotiq_controllers/share/robotiq_controllers/environment/library_path.dsv
[17.324s] -- Installing: /home/useradd/ros2_ws/install/robotiq_controllers/share/ament_index/resource_index/package_run_dependencies/robotiq_controllers
[17.324s] -- Installing: /home/useradd/ros2_ws/install/robotiq_controllers/share/ament_index/resource_index/parent_prefix_path/robotiq_controllers
[17.324s] -- Installing: /home/useradd/ros2_ws/install/robotiq_controllers/share/robotiq_controllers/environment/ament_prefix_path.sh
[17.325s] -- Installing: /home/useradd/ros2_ws/install/robotiq_controllers/share/robotiq_controllers/environment/ament_prefix_path.dsv
[17.325s] -- Installing: /home/useradd/ros2_ws/install/robotiq_controllers/share/robotiq_controllers/environment/path.sh
[17.325s] -- Installing: /home/useradd/ros2_ws/install/robotiq_controllers/share/robotiq_controllers/environment/path.dsv
[17.325s] -- Installing: /home/useradd/ros2_ws/install/robotiq_controllers/share/robotiq_controllers/local_setup.bash
[17.325s] -- Installing: /home/useradd/ros2_ws/install/robotiq_controllers/share/robotiq_controllers/local_setup.sh
[17.326s] -- Installing: /home/useradd/ros2_ws/install/robotiq_controllers/share/robotiq_controllers/local_setup.zsh
[17.326s] -- Installing: /home/useradd/ros2_ws/install/robotiq_controllers/share/robotiq_controllers/local_setup.dsv
[17.326s] -- Installing: /home/useradd/ros2_ws/install/robotiq_controllers/share/robotiq_controllers/package.dsv
[17.326s] -- Installing: /home/useradd/ros2_ws/install/robotiq_controllers/share/ament_index/resource_index/packages/robotiq_controllers
[17.326s] -- Installing: /home/useradd/ros2_ws/install/robotiq_controllers/share/ament_index/resource_index/controller_interface__pluginlib__plugin/robotiq_controllers
[17.326s] -- Installing: /home/useradd/ros2_ws/install/robotiq_controllers/share/robotiq_controllers/cmake/export_robotiq_controllersExport.cmake
[17.327s] -- Installing: /home/useradd/ros2_ws/install/robotiq_controllers/share/robotiq_controllers/cmake/export_robotiq_controllersExport-noconfig.cmake
[17.327s] -- Installing: /home/useradd/ros2_ws/install/robotiq_controllers/share/robotiq_controllers/cmake/ament_cmake_export_include_directories-extras.cmake
[17.327s] -- Installing: /home/useradd/ros2_ws/install/robotiq_controllers/share/robotiq_controllers/cmake/ament_cmake_export_libraries-extras.cmake
[17.327s] -- Installing: /home/useradd/ros2_ws/install/robotiq_controllers/share/robotiq_controllers/cmake/ament_cmake_export_targets-extras.cmake
[17.327s] -- Installing: /home/useradd/ros2_ws/install/robotiq_controllers/share/robotiq_controllers/cmake/ament_cmake_export_dependencies-extras.cmake
[17.327s] -- Installing: /home/useradd/ros2_ws/install/robotiq_controllers/share/robotiq_controllers/cmake/robotiq_controllersConfig.cmake
[17.327s] -- Installing: /home/useradd/ros2_ws/install/robotiq_controllers/share/robotiq_controllers/cmake/robotiq_controllersConfig-version.cmake
[17.327s] -- Installing: /home/useradd/ros2_ws/install/robotiq_controllers/share/robotiq_controllers/package.xml
[17.329s] Invoked command in '/home/useradd/ros2_ws/build/robotiq_controllers' returned '0': CMAKE_PREFIX_PATH=${CMAKE_PREFIX_PATH}:/home/useradd/ws_moveit2/install/launch_param_builder:/home/useradd/dev_ws/install/robot_description:/home/useradd/dev_ws/install/my_doosan_pkg:/home/useradd/dev_ws/install/mobile_manipulator:/home/useradd/dev_ws/install/doosan_description:/home/useradd/dev_ws/install/bulldog_description:/opt/ros/humble /usr/bin/cmake --install /home/useradd/ros2_ws/build/robotiq_controllers
