running egg_info
creating ../../build/robot_navigation/robot_navigation.egg-info
writing ../../build/robot_navigation/robot_navigation.egg-info/PKG-INFO
writing dependency_links to ../../build/robot_navigation/robot_navigation.egg-info/dependency_links.txt
writing entry points to ../../build/robot_navigation/robot_navigation.egg-info/entry_points.txt
writing requirements to ../../build/robot_navigation/robot_navigation.egg-info/requires.txt
writing top-level names to ../../build/robot_navigation/robot_navigation.egg-info/top_level.txt
writing manifest file '../../build/robot_navigation/robot_navigation.egg-info/SOURCES.txt'
reading manifest file '../../build/robot_navigation/robot_navigation.egg-info/SOURCES.txt'
writing manifest file '../../build/robot_navigation/robot_navigation.egg-info/SOURCES.txt'
running build
running build_py
creating /home/useradd/ros2_ws/build/robot_navigation/build
creating /home/useradd/ros2_ws/build/robot_navigation/build/lib
creating /home/useradd/ros2_ws/build/robot_navigation/build/lib/robot_navigation
copying robot_navigation/navigate_to_goal.py -> /home/useradd/ros2_ws/build/robot_navigation/build/lib/robot_navigation
copying robot_navigation/__init__.py -> /home/useradd/ros2_ws/build/robot_navigation/build/lib/robot_navigation
copying robot_navigation/navigate_to_goal_v2.py -> /home/useradd/ros2_ws/build/robot_navigation/build/lib/robot_navigation
running install
running install_lib
creating /home/useradd/ros2_ws/install/robot_navigation/lib/python3.10/site-packages/robot_navigation
copying /home/useradd/ros2_ws/build/robot_navigation/build/lib/robot_navigation/navigate_to_goal.py -> /home/useradd/ros2_ws/install/robot_navigation/lib/python3.10/site-packages/robot_navigation
copying /home/useradd/ros2_ws/build/robot_navigation/build/lib/robot_navigation/__init__.py -> /home/useradd/ros2_ws/install/robot_navigation/lib/python3.10/site-packages/robot_navigation
copying /home/useradd/ros2_ws/build/robot_navigation/build/lib/robot_navigation/navigate_to_goal_v2.py -> /home/useradd/ros2_ws/install/robot_navigation/lib/python3.10/site-packages/robot_navigation
byte-compiling /home/useradd/ros2_ws/install/robot_navigation/lib/python3.10/site-packages/robot_navigation/navigate_to_goal.py to navigate_to_goal.cpython-310.pyc
byte-compiling /home/useradd/ros2_ws/install/robot_navigation/lib/python3.10/site-packages/robot_navigation/__init__.py to __init__.cpython-310.pyc
byte-compiling /home/useradd/ros2_ws/install/robot_navigation/lib/python3.10/site-packages/robot_navigation/navigate_to_goal_v2.py to navigate_to_goal_v2.cpython-310.pyc
running install_egg_info
Copying ../../build/robot_navigation/robot_navigation.egg-info to /home/useradd/ros2_ws/install/robot_navigation/lib/python3.10/site-packages/robot_navigation-0.0.0-py3.10.egg-info
running install_scripts
Installing navigate_to_goal script to /home/useradd/ros2_ws/install/robot_navigation/lib/robot_navigation
Installing navigate_to_goal_v2 script to /home/useradd/ros2_ws/install/robot_navigation/lib/robot_navigation
writing list of installed files to '/home/useradd/ros2_ws/build/robot_navigation/install.log'
