[1.385s] Invoking command in '/home/useradd/ros2_ws/src/robot_navigation': PYTHONPATH=/home/useradd/ros2_ws/build/robot_navigation/prefix_override:/usr/lib/python3/dist-packages/colcon_core/task/python/colcon_distutils_commands:/home/useradd/ros2_ws/install/robot_navigation/lib/python3.10/site-packages:${PYTHONPATH} /usr/bin/python3 -W ignore:setup.py install is deprecated -W ignore:easy_install command is deprecated setup.py egg_info --egg-base ../../build/robot_navigation build --build-base /home/useradd/ros2_ws/build/robot_navigation/build install --record /home/useradd/ros2_ws/build/robot_navigation/install.log --single-version-externally-managed
[1.615s] running egg_info
[1.615s] creating ../../build/robot_navigation/robot_navigation.egg-info
[1.616s] writing ../../build/robot_navigation/robot_navigation.egg-info/PKG-INFO
[1.616s] writing dependency_links to ../../build/robot_navigation/robot_navigation.egg-info/dependency_links.txt
[1.616s] writing entry points to ../../build/robot_navigation/robot_navigation.egg-info/entry_points.txt
[1.616s] writing requirements to ../../build/robot_navigation/robot_navigation.egg-info/requires.txt
[1.616s] writing top-level names to ../../build/robot_navigation/robot_navigation.egg-info/top_level.txt
[1.616s] writing manifest file '../../build/robot_navigation/robot_navigation.egg-info/SOURCES.txt'
[1.623s] reading manifest file '../../build/robot_navigation/robot_navigation.egg-info/SOURCES.txt'
[1.624s] writing manifest file '../../build/robot_navigation/robot_navigation.egg-info/SOURCES.txt'
[1.625s] running build
[1.625s] running build_py
[1.625s] creating /home/useradd/ros2_ws/build/robot_navigation/build
[1.626s] creating /home/useradd/ros2_ws/build/robot_navigation/build/lib
[1.627s] creating /home/useradd/ros2_ws/build/robot_navigation/build/lib/robot_navigation
[1.627s] copying robot_navigation/navigate_to_goal.py -> /home/useradd/ros2_ws/build/robot_navigation/build/lib/robot_navigation
[1.627s] copying robot_navigation/__init__.py -> /home/useradd/ros2_ws/build/robot_navigation/build/lib/robot_navigation
[1.628s] copying robot_navigation/navigate_to_goal_v2.py -> /home/useradd/ros2_ws/build/robot_navigation/build/lib/robot_navigation
[1.628s] running install
[1.630s] running install_lib
[1.630s] creating /home/useradd/ros2_ws/install/robot_navigation/lib/python3.10/site-packages/robot_navigation
[1.631s] copying /home/useradd/ros2_ws/build/robot_navigation/build/lib/robot_navigation/navigate_to_goal.py -> /home/useradd/ros2_ws/install/robot_navigation/lib/python3.10/site-packages/robot_navigation
[1.631s] copying /home/useradd/ros2_ws/build/robot_navigation/build/lib/robot_navigation/__init__.py -> /home/useradd/ros2_ws/install/robot_navigation/lib/python3.10/site-packages/robot_navigation
[1.631s] copying /home/useradd/ros2_ws/build/robot_navigation/build/lib/robot_navigation/navigate_to_goal_v2.py -> /home/useradd/ros2_ws/install/robot_navigation/lib/python3.10/site-packages/robot_navigation
[1.631s] byte-compiling /home/useradd/ros2_ws/install/robot_navigation/lib/python3.10/site-packages/robot_navigation/navigate_to_goal.py to navigate_to_goal.cpython-310.pyc
[1.632s] byte-compiling /home/useradd/ros2_ws/install/robot_navigation/lib/python3.10/site-packages/robot_navigation/__init__.py to __init__.cpython-310.pyc
[1.632s] byte-compiling /home/useradd/ros2_ws/install/robot_navigation/lib/python3.10/site-packages/robot_navigation/navigate_to_goal_v2.py to navigate_to_goal_v2.cpython-310.pyc
[1.633s] running install_egg_info
[1.634s] Copying ../../build/robot_navigation/robot_navigation.egg-info to /home/useradd/ros2_ws/install/robot_navigation/lib/python3.10/site-packages/robot_navigation-0.0.0-py3.10.egg-info
[1.635s] running install_scripts
[1.657s] Installing navigate_to_goal script to /home/useradd/ros2_ws/install/robot_navigation/lib/robot_navigation
[1.657s] Installing navigate_to_goal_v2 script to /home/useradd/ros2_ws/install/robot_navigation/lib/robot_navigation
[1.657s] writing list of installed files to '/home/useradd/ros2_ws/build/robot_navigation/install.log'
[1.689s] Invoked command in '/home/useradd/ros2_ws/src/robot_navigation' returned '0': PYTHONPATH=/home/useradd/ros2_ws/build/robot_navigation/prefix_override:/usr/lib/python3/dist-packages/colcon_core/task/python/colcon_distutils_commands:/home/useradd/ros2_ws/install/robot_navigation/lib/python3.10/site-packages:${PYTHONPATH} /usr/bin/python3 -W ignore:setup.py install is deprecated -W ignore:easy_install command is deprecated setup.py egg_info --egg-base ../../build/robot_navigation build --build-base /home/useradd/ros2_ws/build/robot_navigation/build install --record /home/useradd/ros2_ws/build/robot_navigation/install.log --single-version-externally-managed
