running develop
Removing /home/useradd/ros2_ws/src/install/odom_bridge/lib/python3.10/site-packages/odom-bridge.egg-link (link to .)
running egg_info
writing ../build/odom_bridge/odom_bridge.egg-info/PKG-INFO
writing dependency_links to ../build/odom_bridge/odom_bridge.egg-info/dependency_links.txt
writing entry points to ../build/odom_bridge/odom_bridge.egg-info/entry_points.txt
writing requirements to ../build/odom_bridge/odom_bridge.egg-info/requires.txt
writing top-level names to ../build/odom_bridge/odom_bridge.egg-info/top_level.txt
reading manifest file '../build/odom_bridge/odom_bridge.egg-info/SOURCES.txt'
writing manifest file '../build/odom_bridge/odom_bridge.egg-info/SOURCES.txt'
running build
running build_py
creating /home/useradd/ros2_ws/src/build/odom_bridge/build
creating /home/useradd/ros2_ws/src/build/odom_bridge/build/lib
creating /home/useradd/ros2_ws/src/build/odom_bridge/build/lib/odom_bridge
copying odom_bridge/odom_bridge.py -> /home/useradd/ros2_ws/src/build/odom_bridge/build/lib/odom_bridge
copying odom_bridge/__init__.py -> /home/useradd/ros2_ws/src/build/odom_bridge/build/lib/odom_bridge
running install
running install_lib
creating /home/useradd/ros2_ws/src/install/odom_bridge/lib/python3.10/site-packages/odom_bridge
copying /home/useradd/ros2_ws/src/build/odom_bridge/build/lib/odom_bridge/odom_bridge.py -> /home/useradd/ros2_ws/src/install/odom_bridge/lib/python3.10/site-packages/odom_bridge
copying /home/useradd/ros2_ws/src/build/odom_bridge/build/lib/odom_bridge/__init__.py -> /home/useradd/ros2_ws/src/install/odom_bridge/lib/python3.10/site-packages/odom_bridge
byte-compiling /home/useradd/ros2_ws/src/install/odom_bridge/lib/python3.10/site-packages/odom_bridge/odom_bridge.py to odom_bridge.cpython-310.pyc
byte-compiling /home/useradd/ros2_ws/src/install/odom_bridge/lib/python3.10/site-packages/odom_bridge/__init__.py to __init__.cpython-310.pyc
running install_data
copying resource/odom_bridge -> /home/useradd/ros2_ws/src/install/odom_bridge/share/ament_index/resource_index/packages
copying package.xml -> /home/useradd/ros2_ws/src/install/odom_bridge/share/odom_bridge
running install_egg_info
Copying ../build/odom_bridge/odom_bridge.egg-info to /home/useradd/ros2_ws/src/install/odom_bridge/lib/python3.10/site-packages/odom_bridge-0.0.0-py3.10.egg-info
running install_scripts
Installing odom_bridge script to /home/useradd/ros2_ws/src/install/odom_bridge/lib/odom_bridge
writing list of installed files to '/home/useradd/ros2_ws/src/build/odom_bridge/install.log'
