[3.832s] Invoking command in '/home/useradd/ros2_ws/src/build/odom_bridge': PYTHONPATH=/home/useradd/ros2_ws/src/build/odom_bridge/prefix_override:/usr/lib/python3/dist-packages/colcon_core/task/python/colcon_distutils_commands:/home/useradd/ros2_ws/src/install/odom_bridge/lib/python3.10/site-packages:${PYTHONPATH} /usr/bin/python3 -W ignore:setup.py install is deprecated -W ignore:easy_install command is deprecated setup.py develop --uninstall --editable --build-directory /home/useradd/ros2_ws/src/build/odom_bridge/build
[4.431s] running develop
[4.766s] Removing /home/useradd/ros2_ws/src/install/odom_bridge/lib/python3.10/site-packages/odom-bridge.egg-link (link to .)
[4.869s] Invoked command in '/home/useradd/ros2_ws/src/build/odom_bridge' returned '0': PYTHONPATH=/home/useradd/ros2_ws/src/build/odom_bridge/prefix_override:/usr/lib/python3/dist-packages/colcon_core/task/python/colcon_distutils_commands:/home/useradd/ros2_ws/src/install/odom_bridge/lib/python3.10/site-packages:${PYTHONPATH} /usr/bin/python3 -W ignore:setup.py install is deprecated -W ignore:easy_install command is deprecated setup.py develop --uninstall --editable --build-directory /home/useradd/ros2_ws/src/build/odom_bridge/build
[4.880s] Invoking command in '/home/useradd/ros2_ws/src/odom_bridge': PYTHONPATH=/home/useradd/ros2_ws/src/build/odom_bridge/prefix_override:/usr/lib/python3/dist-packages/colcon_core/task/python/colcon_distutils_commands:/home/useradd/ros2_ws/src/install/odom_bridge/lib/python3.10/site-packages:${PYTHONPATH} /usr/bin/python3 -W ignore:setup.py install is deprecated -W ignore:easy_install command is deprecated setup.py egg_info --egg-base ../build/odom_bridge build --build-base /home/useradd/ros2_ws/src/build/odom_bridge/build install --record /home/useradd/ros2_ws/src/build/odom_bridge/install.log --single-version-externally-managed install_data --force
[5.407s] running egg_info
[5.409s] writing ../build/odom_bridge/odom_bridge.egg-info/PKG-INFO
[5.410s] writing dependency_links to ../build/odom_bridge/odom_bridge.egg-info/dependency_links.txt
[5.410s] writing entry points to ../build/odom_bridge/odom_bridge.egg-info/entry_points.txt
[5.410s] writing requirements to ../build/odom_bridge/odom_bridge.egg-info/requires.txt
[5.410s] writing top-level names to ../build/odom_bridge/odom_bridge.egg-info/top_level.txt
[5.413s] reading manifest file '../build/odom_bridge/odom_bridge.egg-info/SOURCES.txt'
[5.416s] writing manifest file '../build/odom_bridge/odom_bridge.egg-info/SOURCES.txt'
[5.416s] running build
[5.416s] running build_py
[5.417s] creating /home/useradd/ros2_ws/src/build/odom_bridge/build
[5.417s] creating /home/useradd/ros2_ws/src/build/odom_bridge/build/lib
[5.417s] creating /home/useradd/ros2_ws/src/build/odom_bridge/build/lib/odom_bridge
[5.417s] copying odom_bridge/odom_bridge.py -> /home/useradd/ros2_ws/src/build/odom_bridge/build/lib/odom_bridge
[5.418s] copying odom_bridge/__init__.py -> /home/useradd/ros2_ws/src/build/odom_bridge/build/lib/odom_bridge
[5.419s] running install
[5.420s] running install_lib
[5.422s] creating /home/useradd/ros2_ws/src/install/odom_bridge/lib/python3.10/site-packages/odom_bridge
[5.422s] copying /home/useradd/ros2_ws/src/build/odom_bridge/build/lib/odom_bridge/odom_bridge.py -> /home/useradd/ros2_ws/src/install/odom_bridge/lib/python3.10/site-packages/odom_bridge
[5.422s] copying /home/useradd/ros2_ws/src/build/odom_bridge/build/lib/odom_bridge/__init__.py -> /home/useradd/ros2_ws/src/install/odom_bridge/lib/python3.10/site-packages/odom_bridge
[5.426s] byte-compiling /home/useradd/ros2_ws/src/install/odom_bridge/lib/python3.10/site-packages/odom_bridge/odom_bridge.py to odom_bridge.cpython-310.pyc
[5.428s] byte-compiling /home/useradd/ros2_ws/src/install/odom_bridge/lib/python3.10/site-packages/odom_bridge/__init__.py to __init__.cpython-310.pyc
[5.429s] running install_data
[5.429s] copying resource/odom_bridge -> /home/useradd/ros2_ws/src/install/odom_bridge/share/ament_index/resource_index/packages
[5.431s] copying package.xml -> /home/useradd/ros2_ws/src/install/odom_bridge/share/odom_bridge
[5.431s] running install_egg_info
[5.437s] Copying ../build/odom_bridge/odom_bridge.egg-info to /home/useradd/ros2_ws/src/install/odom_bridge/lib/python3.10/site-packages/odom_bridge-0.0.0-py3.10.egg-info
[5.439s] running install_scripts
[5.494s] Installing odom_bridge script to /home/useradd/ros2_ws/src/install/odom_bridge/lib/odom_bridge
[5.494s] writing list of installed files to '/home/useradd/ros2_ws/src/build/odom_bridge/install.log'
[5.589s] Invoked command in '/home/useradd/ros2_ws/src/odom_bridge' returned '0': PYTHONPATH=/home/useradd/ros2_ws/src/build/odom_bridge/prefix_override:/usr/lib/python3/dist-packages/colcon_core/task/python/colcon_distutils_commands:/home/useradd/ros2_ws/src/install/odom_bridge/lib/python3.10/site-packages:${PYTHONPATH} /usr/bin/python3 -W ignore:setup.py install is deprecated -W ignore:easy_install command is deprecated setup.py egg_info --egg-base ../build/odom_bridge build --build-base /home/useradd/ros2_ws/src/build/odom_bridge/build install --record /home/useradd/ros2_ws/src/build/odom_bridge/install.log --single-version-externally-managed install_data --force
