running egg_info
creating ../build/mi_giro_final/mi_giro_final.egg-info
writing ../build/mi_giro_final/mi_giro_final.egg-info/PKG-INFO
writing dependency_links to ../build/mi_giro_final/mi_giro_final.egg-info/dependency_links.txt
writing entry points to ../build/mi_giro_final/mi_giro_final.egg-info/entry_points.txt
writing requirements to ../build/mi_giro_final/mi_giro_final.egg-info/requires.txt
writing top-level names to ../build/mi_giro_final/mi_giro_final.egg-info/top_level.txt
writing manifest file '../build/mi_giro_final/mi_giro_final.egg-info/SOURCES.txt'
reading manifest file '../build/mi_giro_final/mi_giro_final.egg-info/SOURCES.txt'
writing manifest file '../build/mi_giro_final/mi_giro_final.egg-info/SOURCES.txt'
running build
running build_py
creating /home/useradd/ros2_ws/src/build/mi_giro_final/build
creating /home/useradd/ros2_ws/src/build/mi_giro_final/build/lib
creating /home/useradd/ros2_ws/src/build/mi_giro_final/build/lib/mi_giro_final
copying mi_giro_final/__init__.py -> /home/useradd/ros2_ws/src/build/mi_giro_final/build/lib/mi_giro_final
copying mi_giro_final/spin_towards_point.py -> /home/useradd/ros2_ws/src/build/mi_giro_final/build/lib/mi_giro_final
running install
running install_lib
creating /home/useradd/ros2_ws/src/install/mi_giro_final/lib/python3.10/site-packages/mi_giro_final
copying /home/useradd/ros2_ws/src/build/mi_giro_final/build/lib/mi_giro_final/__init__.py -> /home/useradd/ros2_ws/src/install/mi_giro_final/lib/python3.10/site-packages/mi_giro_final
copying /home/useradd/ros2_ws/src/build/mi_giro_final/build/lib/mi_giro_final/spin_towards_point.py -> /home/useradd/ros2_ws/src/install/mi_giro_final/lib/python3.10/site-packages/mi_giro_final
byte-compiling /home/useradd/ros2_ws/src/install/mi_giro_final/lib/python3.10/site-packages/mi_giro_final/__init__.py to __init__.cpython-310.pyc
byte-compiling /home/useradd/ros2_ws/src/install/mi_giro_final/lib/python3.10/site-packages/mi_giro_final/spin_towards_point.py to spin_towards_point.cpython-310.pyc
running install_data
creating /home/useradd/ros2_ws/src/install/mi_giro_final/share/ament_index
creating /home/useradd/ros2_ws/src/install/mi_giro_final/share/ament_index/resource_index
creating /home/useradd/ros2_ws/src/install/mi_giro_final/share/ament_index/resource_index/packages
copying resource/mi_giro_final -> /home/useradd/ros2_ws/src/install/mi_giro_final/share/ament_index/resource_index/packages
copying package.xml -> /home/useradd/ros2_ws/src/install/mi_giro_final/share/mi_giro_final
running install_egg_info
Copying ../build/mi_giro_final/mi_giro_final.egg-info to /home/useradd/ros2_ws/src/install/mi_giro_final/lib/python3.10/site-packages/mi_giro_final-0.0.0-py3.10.egg-info
running install_scripts
Installing spin_towards_point script to /home/useradd/ros2_ws/src/install/mi_giro_final/lib/mi_giro_final
writing list of installed files to '/home/useradd/ros2_ws/src/build/mi_giro_final/install.log'
