[0.105s] Invoking command in '/home/useradd/ros2_ws/build/husky_viz': AMENT_PREFIX_PATH=/home/useradd/ros2_ws/install/husky_description:${AMENT_PREFIX_PATH} CMAKE_PREFIX_PATH=/home/useradd/ros2_ws/install/husky_description:/home/useradd/ws_moveit2/install/moveit_common:/home/useradd/dev_ws/install/ur5_ros2_moveit2:/home/useradd/dev_ws/install/ur5_ros2_gazebo:/home/useradd/dev_ws/install/ros2_actions:/home/useradd/dev_ws/install/ros2_data:/home/useradd/dev_ws/install/dsr_description2:/home/useradd/tfg_ws/install/husky_desktop:/home/useradd/tfg_ws/install/husky_viz:/home/useradd/tfg_ws/install/husky_simulator:/home/useradd/tfg_ws/install/husky_robot:/home/useradd/tfg_ws/install/husky_bringup:/home/useradd/tfg_ws/install/husky_base:/home/useradd/tfg_ws/install/husky_msgs:/home/useradd/tfg_ws/install/husky_gazebo:/home/useradd/tfg_ws/install/husky_control:/home/useradd/tfg_ws/install/husky_description:/home/useradd/evaluable_ws/install/arm_controller:/home/useradd/cyprgame_ws/install/warrior_21:/home/useradd/cyprgame_ws/install/rosgame_msgs:/home/useradd/cyprgame_ws/install/rosgame_bridge:/home/useradd/cypr_ws/install/navigation:/home/useradd/cypr_ws/install/motion:/home/useradd/cypr_ws/install/localization:/home/useradd/cypr_ws/install/keyboard_control:/home/useradd/cypr_exam_ws/install/my_pkg:/home/useradd/cypr_exam_ws/install/data_pkg:/home/useradd/ws_moveit2/install/launch_param_builder:/home/useradd/dev_ws/install/robot_description:/home/useradd/dev_ws/install/my_doosan_pkg:/home/useradd/dev_ws/install/mobile_manipulator:/home/useradd/dev_ws/install/doosan_description:/home/useradd/dev_ws/install/bulldog_description:/opt/ros/humble /usr/bin/cmake /home/useradd/ros2_ws/src/husky/husky_viz -DCMAKE_INSTALL_PREFIX=/home/useradd/ros2_ws/install/husky_viz
[0.336s] -- The C compiler identification is GNU 11.4.0
[1.784s] -- The CXX compiler identification is GNU 11.4.0
[3.082s] -- Detecting C compiler ABI info
[3.397s] -- Detecting C compiler ABI info - done
[3.403s] -- Check for working C compiler: /usr/bin/cc - skipped
[3.404s] -- Detecting C compile features
[3.404s] -- Detecting C compile features - done
[3.407s] -- Detecting CXX compiler ABI info
[3.891s] -- Detecting CXX compiler ABI info - done
[3.898s] -- Check for working CXX compiler: /usr/bin/c++ - skipped
[3.898s] -- Detecting CXX compile features
[3.899s] -- Detecting CXX compile features - done
[3.903s] -- Found ament_cmake: 1.3.11 (/opt/ros/humble/share/ament_cmake/cmake)
[4.121s] -- Found Python3: /usr/bin/python3 (found version "3.10.12") found components: Interpreter 
[4.341s] -- Configuring done
[4.344s] -- Generating done
[4.345s] -- Build files have been written to: /home/useradd/ros2_ws/build/husky_viz
[4.349s] Invoked command in '/home/useradd/ros2_ws/build/husky_viz' returned '0': AMENT_PREFIX_PATH=/home/useradd/ros2_ws/install/husky_description:${AMENT_PREFIX_PATH} CMAKE_PREFIX_PATH=/home/useradd/ros2_ws/install/husky_description:/home/useradd/ws_moveit2/install/moveit_common:/home/useradd/dev_ws/install/ur5_ros2_moveit2:/home/useradd/dev_ws/install/ur5_ros2_gazebo:/home/useradd/dev_ws/install/ros2_actions:/home/useradd/dev_ws/install/ros2_data:/home/useradd/dev_ws/install/dsr_description2:/home/useradd/tfg_ws/install/husky_desktop:/home/useradd/tfg_ws/install/husky_viz:/home/useradd/tfg_ws/install/husky_simulator:/home/useradd/tfg_ws/install/husky_robot:/home/useradd/tfg_ws/install/husky_bringup:/home/useradd/tfg_ws/install/husky_base:/home/useradd/tfg_ws/install/husky_msgs:/home/useradd/tfg_ws/install/husky_gazebo:/home/useradd/tfg_ws/install/husky_control:/home/useradd/tfg_ws/install/husky_description:/home/useradd/evaluable_ws/install/arm_controller:/home/useradd/cyprgame_ws/install/warrior_21:/home/useradd/cyprgame_ws/install/rosgame_msgs:/home/useradd/cyprgame_ws/install/rosgame_bridge:/home/useradd/cypr_ws/install/navigation:/home/useradd/cypr_ws/install/motion:/home/useradd/cypr_ws/install/localization:/home/useradd/cypr_ws/install/keyboard_control:/home/useradd/cypr_exam_ws/install/my_pkg:/home/useradd/cypr_exam_ws/install/data_pkg:/home/useradd/ws_moveit2/install/launch_param_builder:/home/useradd/dev_ws/install/robot_description:/home/useradd/dev_ws/install/my_doosan_pkg:/home/useradd/dev_ws/install/mobile_manipulator:/home/useradd/dev_ws/install/doosan_description:/home/useradd/dev_ws/install/bulldog_description:/opt/ros/humble /usr/bin/cmake /home/useradd/ros2_ws/src/husky/husky_viz -DCMAKE_INSTALL_PREFIX=/home/useradd/ros2_ws/install/husky_viz
[4.351s] Invoking command in '/home/useradd/ros2_ws/build/husky_viz': AMENT_PREFIX_PATH=/home/useradd/ros2_ws/install/husky_description:${AMENT_PREFIX_PATH} CMAKE_PREFIX_PATH=/home/useradd/ros2_ws/install/husky_description:/home/useradd/ws_moveit2/install/moveit_common:/home/useradd/dev_ws/install/ur5_ros2_moveit2:/home/useradd/dev_ws/install/ur5_ros2_gazebo:/home/useradd/dev_ws/install/ros2_actions:/home/useradd/dev_ws/install/ros2_data:/home/useradd/dev_ws/install/dsr_description2:/home/useradd/tfg_ws/install/husky_desktop:/home/useradd/tfg_ws/install/husky_viz:/home/useradd/tfg_ws/install/husky_simulator:/home/useradd/tfg_ws/install/husky_robot:/home/useradd/tfg_ws/install/husky_bringup:/home/useradd/tfg_ws/install/husky_base:/home/useradd/tfg_ws/install/husky_msgs:/home/useradd/tfg_ws/install/husky_gazebo:/home/useradd/tfg_ws/install/husky_control:/home/useradd/tfg_ws/install/husky_description:/home/useradd/evaluable_ws/install/arm_controller:/home/useradd/cyprgame_ws/install/warrior_21:/home/useradd/cyprgame_ws/install/rosgame_msgs:/home/useradd/cyprgame_ws/install/rosgame_bridge:/home/useradd/cypr_ws/install/navigation:/home/useradd/cypr_ws/install/motion:/home/useradd/cypr_ws/install/localization:/home/useradd/cypr_ws/install/keyboard_control:/home/useradd/cypr_exam_ws/install/my_pkg:/home/useradd/cypr_exam_ws/install/data_pkg:/home/useradd/ws_moveit2/install/launch_param_builder:/home/useradd/dev_ws/install/robot_description:/home/useradd/dev_ws/install/my_doosan_pkg:/home/useradd/dev_ws/install/mobile_manipulator:/home/useradd/dev_ws/install/doosan_description:/home/useradd/dev_ws/install/bulldog_description:/opt/ros/humble /usr/bin/cmake --build /home/useradd/ros2_ws/build/husky_viz -- -j16 -l16
[4.385s] Invoked command in '/home/useradd/ros2_ws/build/husky_viz' returned '0': AMENT_PREFIX_PATH=/home/useradd/ros2_ws/install/husky_description:${AMENT_PREFIX_PATH} CMAKE_PREFIX_PATH=/home/useradd/ros2_ws/install/husky_description:/home/useradd/ws_moveit2/install/moveit_common:/home/useradd/dev_ws/install/ur5_ros2_moveit2:/home/useradd/dev_ws/install/ur5_ros2_gazebo:/home/useradd/dev_ws/install/ros2_actions:/home/useradd/dev_ws/install/ros2_data:/home/useradd/dev_ws/install/dsr_description2:/home/useradd/tfg_ws/install/husky_desktop:/home/useradd/tfg_ws/install/husky_viz:/home/useradd/tfg_ws/install/husky_simulator:/home/useradd/tfg_ws/install/husky_robot:/home/useradd/tfg_ws/install/husky_bringup:/home/useradd/tfg_ws/install/husky_base:/home/useradd/tfg_ws/install/husky_msgs:/home/useradd/tfg_ws/install/husky_gazebo:/home/useradd/tfg_ws/install/husky_control:/home/useradd/tfg_ws/install/husky_description:/home/useradd/evaluable_ws/install/arm_controller:/home/useradd/cyprgame_ws/install/warrior_21:/home/useradd/cyprgame_ws/install/rosgame_msgs:/home/useradd/cyprgame_ws/install/rosgame_bridge:/home/useradd/cypr_ws/install/navigation:/home/useradd/cypr_ws/install/motion:/home/useradd/cypr_ws/install/localization:/home/useradd/cypr_ws/install/keyboard_control:/home/useradd/cypr_exam_ws/install/my_pkg:/home/useradd/cypr_exam_ws/install/data_pkg:/home/useradd/ws_moveit2/install/launch_param_builder:/home/useradd/dev_ws/install/robot_description:/home/useradd/dev_ws/install/my_doosan_pkg:/home/useradd/dev_ws/install/mobile_manipulator:/home/useradd/dev_ws/install/doosan_description:/home/useradd/dev_ws/install/bulldog_description:/opt/ros/humble /usr/bin/cmake --build /home/useradd/ros2_ws/build/husky_viz -- -j16 -l16
[4.387s] Invoking command in '/home/useradd/ros2_ws/build/husky_viz': AMENT_PREFIX_PATH=/home/useradd/ros2_ws/install/husky_description:${AMENT_PREFIX_PATH} CMAKE_PREFIX_PATH=/home/useradd/ros2_ws/install/husky_description:/home/useradd/ws_moveit2/install/moveit_common:/home/useradd/dev_ws/install/ur5_ros2_moveit2:/home/useradd/dev_ws/install/ur5_ros2_gazebo:/home/useradd/dev_ws/install/ros2_actions:/home/useradd/dev_ws/install/ros2_data:/home/useradd/dev_ws/install/dsr_description2:/home/useradd/tfg_ws/install/husky_desktop:/home/useradd/tfg_ws/install/husky_viz:/home/useradd/tfg_ws/install/husky_simulator:/home/useradd/tfg_ws/install/husky_robot:/home/useradd/tfg_ws/install/husky_bringup:/home/useradd/tfg_ws/install/husky_base:/home/useradd/tfg_ws/install/husky_msgs:/home/useradd/tfg_ws/install/husky_gazebo:/home/useradd/tfg_ws/install/husky_control:/home/useradd/tfg_ws/install/husky_description:/home/useradd/evaluable_ws/install/arm_controller:/home/useradd/cyprgame_ws/install/warrior_21:/home/useradd/cyprgame_ws/install/rosgame_msgs:/home/useradd/cyprgame_ws/install/rosgame_bridge:/home/useradd/cypr_ws/install/navigation:/home/useradd/cypr_ws/install/motion:/home/useradd/cypr_ws/install/localization:/home/useradd/cypr_ws/install/keyboard_control:/home/useradd/cypr_exam_ws/install/my_pkg:/home/useradd/cypr_exam_ws/install/data_pkg:/home/useradd/ws_moveit2/install/launch_param_builder:/home/useradd/dev_ws/install/robot_description:/home/useradd/dev_ws/install/my_doosan_pkg:/home/useradd/dev_ws/install/mobile_manipulator:/home/useradd/dev_ws/install/doosan_description:/home/useradd/dev_ws/install/bulldog_description:/opt/ros/humble /usr/bin/cmake --install /home/useradd/ros2_ws/build/husky_viz
[4.394s] -- Install configuration: ""
[4.394s] -- Installing: /home/useradd/ros2_ws/install/husky_viz/share/husky_viz/launch
[4.395s] -- Installing: /home/useradd/ros2_ws/install/husky_viz/share/husky_viz/launch/view_model_launch.py
[4.395s] -- Installing: /home/useradd/ros2_ws/install/husky_viz/share/husky_viz/launch/view_model.launch
[4.396s] -- Installing: /home/useradd/ros2_ws/install/husky_viz/share/husky_viz/launch/view_robot.launch
[4.396s] -- Installing: /home/useradd/ros2_ws/install/husky_viz/share/husky_viz/launch/view_robot_launch.py
[4.397s] -- Installing: /home/useradd/ros2_ws/install/husky_viz/share/husky_viz/rviz
[4.398s] -- Installing: /home/useradd/ros2_ws/install/husky_viz/share/husky_viz/rviz/model.rviz
[4.398s] -- Installing: /home/useradd/ros2_ws/install/husky_viz/share/husky_viz/rviz/test.rviz
[4.398s] -- Installing: /home/useradd/ros2_ws/install/husky_viz/share/husky_viz/rviz/robot.rviz
[4.399s] -- Installing: /home/useradd/ros2_ws/install/husky_viz/share/ament_index/resource_index/package_run_dependencies/husky_viz
[4.399s] -- Installing: /home/useradd/ros2_ws/install/husky_viz/share/ament_index/resource_index/parent_prefix_path/husky_viz
[4.400s] -- Installing: /home/useradd/ros2_ws/install/husky_viz/share/husky_viz/environment/ament_prefix_path.sh
[4.400s] -- Installing: /home/useradd/ros2_ws/install/husky_viz/share/husky_viz/environment/ament_prefix_path.dsv
[4.400s] -- Installing: /home/useradd/ros2_ws/install/husky_viz/share/husky_viz/environment/path.sh
[4.400s] -- Installing: /home/useradd/ros2_ws/install/husky_viz/share/husky_viz/environment/path.dsv
[4.400s] -- Installing: /home/useradd/ros2_ws/install/husky_viz/share/husky_viz/local_setup.bash
[4.400s] -- Installing: /home/useradd/ros2_ws/install/husky_viz/share/husky_viz/local_setup.sh
[4.401s] -- Installing: /home/useradd/ros2_ws/install/husky_viz/share/husky_viz/local_setup.zsh
[4.401s] -- Installing: /home/useradd/ros2_ws/install/husky_viz/share/husky_viz/local_setup.dsv
[4.401s] -- Installing: /home/useradd/ros2_ws/install/husky_viz/share/husky_viz/package.dsv
[4.401s] -- Installing: /home/useradd/ros2_ws/install/husky_viz/share/ament_index/resource_index/packages/husky_viz
[4.401s] -- Installing: /home/useradd/ros2_ws/install/husky_viz/share/husky_viz/cmake/husky_vizConfig.cmake
[4.401s] -- Installing: /home/useradd/ros2_ws/install/husky_viz/share/husky_viz/cmake/husky_vizConfig-version.cmake
[4.401s] -- Installing: /home/useradd/ros2_ws/install/husky_viz/share/husky_viz/package.xml
[4.403s] Invoked command in '/home/useradd/ros2_ws/build/husky_viz' returned '0': AMENT_PREFIX_PATH=/home/useradd/ros2_ws/install/husky_description:${AMENT_PREFIX_PATH} CMAKE_PREFIX_PATH=/home/useradd/ros2_ws/install/husky_description:/home/useradd/ws_moveit2/install/moveit_common:/home/useradd/dev_ws/install/ur5_ros2_moveit2:/home/useradd/dev_ws/install/ur5_ros2_gazebo:/home/useradd/dev_ws/install/ros2_actions:/home/useradd/dev_ws/install/ros2_data:/home/useradd/dev_ws/install/dsr_description2:/home/useradd/tfg_ws/install/husky_desktop:/home/useradd/tfg_ws/install/husky_viz:/home/useradd/tfg_ws/install/husky_simulator:/home/useradd/tfg_ws/install/husky_robot:/home/useradd/tfg_ws/install/husky_bringup:/home/useradd/tfg_ws/install/husky_base:/home/useradd/tfg_ws/install/husky_msgs:/home/useradd/tfg_ws/install/husky_gazebo:/home/useradd/tfg_ws/install/husky_control:/home/useradd/tfg_ws/install/husky_description:/home/useradd/evaluable_ws/install/arm_controller:/home/useradd/cyprgame_ws/install/warrior_21:/home/useradd/cyprgame_ws/install/rosgame_msgs:/home/useradd/cyprgame_ws/install/rosgame_bridge:/home/useradd/cypr_ws/install/navigation:/home/useradd/cypr_ws/install/motion:/home/useradd/cypr_ws/install/localization:/home/useradd/cypr_ws/install/keyboard_control:/home/useradd/cypr_exam_ws/install/my_pkg:/home/useradd/cypr_exam_ws/install/data_pkg:/home/useradd/ws_moveit2/install/launch_param_builder:/home/useradd/dev_ws/install/robot_description:/home/useradd/dev_ws/install/my_doosan_pkg:/home/useradd/dev_ws/install/mobile_manipulator:/home/useradd/dev_ws/install/doosan_description:/home/useradd/dev_ws/install/bulldog_description:/opt/ros/humble /usr/bin/cmake --install /home/useradd/ros2_ws/build/husky_viz
