[0.122s] Invoking command in '/home/useradd/ros2_ws/build/husky_description': CMAKE_PREFIX_PATH=${CMAKE_PREFIX_PATH}:/home/useradd/ros2_ws/install/robot_navigation:/home/useradd/ros2_ws/install/robot_initial_pose:/home/useradd/ws_moveit2/install/launch_param_builder:/home/useradd/dev_ws/install/robot_description:/home/useradd/dev_ws/install/my_doosan_pkg:/home/useradd/dev_ws/install/mobile_manipulator:/home/useradd/dev_ws/install/doosan_description:/home/useradd/dev_ws/install/bulldog_description:/opt/ros/humble /usr/bin/cmake --build /home/useradd/ros2_ws/build/husky_description -- -j16 -l16
[0.927s] Invoked command in '/home/useradd/ros2_ws/build/husky_description' returned '0': CMAKE_PREFIX_PATH=${CMAKE_PREFIX_PATH}:/home/useradd/ros2_ws/install/robot_navigation:/home/useradd/ros2_ws/install/robot_initial_pose:/home/useradd/ws_moveit2/install/launch_param_builder:/home/useradd/dev_ws/install/robot_description:/home/useradd/dev_ws/install/my_doosan_pkg:/home/useradd/dev_ws/install/mobile_manipulator:/home/useradd/dev_ws/install/doosan_description:/home/useradd/dev_ws/install/bulldog_description:/opt/ros/humble /usr/bin/cmake --build /home/useradd/ros2_ws/build/husky_description -- -j16 -l16
[0.963s] Invoking command in '/home/useradd/ros2_ws/build/husky_description': CMAKE_PREFIX_PATH=${CMAKE_PREFIX_PATH}:/home/useradd/ros2_ws/install/robot_navigation:/home/useradd/ros2_ws/install/robot_initial_pose:/home/useradd/ws_moveit2/install/launch_param_builder:/home/useradd/dev_ws/install/robot_description:/home/useradd/dev_ws/install/my_doosan_pkg:/home/useradd/dev_ws/install/mobile_manipulator:/home/useradd/dev_ws/install/doosan_description:/home/useradd/dev_ws/install/bulldog_description:/opt/ros/humble /usr/bin/cmake --install /home/useradd/ros2_ws/build/husky_description
[1.012s] -- Install configuration: ""
[1.015s] -- Up-to-date: /home/useradd/ros2_ws/install/husky_description/share/husky_description/launch
[1.015s] -- Up-to-date: /home/useradd/ros2_ws/install/husky_description/share/husky_description/launch/description_launch.py
[1.015s] -- Up-to-date: /home/useradd/ros2_ws/install/husky_description/share/husky_description/launch/description.launch
[1.015s] -- Up-to-date: /home/useradd/ros2_ws/install/husky_description/share/husky_description/meshes
[1.016s] -- Up-to-date: /home/useradd/ros2_ws/install/husky_description/share/husky_description/meshes/top_chassis.dae
[1.016s] -- Up-to-date: /home/useradd/ros2_ws/install/husky_description/share/husky_description/meshes/top_plate.stl
[1.016s] -- Up-to-date: /home/useradd/ros2_ws/install/husky_description/share/husky_description/meshes/wheel.stl
[1.016s] -- Up-to-date: /home/useradd/ros2_ws/install/husky_description/share/husky_description/meshes/bumper_extension.dae
[1.017s] -- Up-to-date: /home/useradd/ros2_ws/install/husky_description/share/husky_description/meshes/large_top_plate.dae
[1.017s] -- Up-to-date: /home/useradd/ros2_ws/install/husky_description/share/husky_description/meshes/top_chassis.stl
[1.017s] -- Up-to-date: /home/useradd/ros2_ws/install/husky_description/share/husky_description/meshes/base_link.stl
[1.017s] -- Up-to-date: /home/useradd/ros2_ws/install/husky_description/share/husky_description/meshes/accessories
[1.017s] -- Up-to-date: /home/useradd/ros2_ws/install/husky_description/share/husky_description/meshes/accessories/lms1xx_mount.stl
[1.018s] -- Up-to-date: /home/useradd/ros2_ws/install/husky_description/share/husky_description/meshes/accessories/510_mm_sensor_arch.dae
[1.018s] -- Up-to-date: /home/useradd/ros2_ws/install/husky_description/share/husky_description/meshes/accessories/300_mm_sensor_arch.stl
[1.018s] -- Up-to-date: /home/useradd/ros2_ws/install/husky_description/share/husky_description/meshes/accessories/300_mm_sensor_arch.dae
[1.019s] -- Up-to-date: /home/useradd/ros2_ws/install/husky_description/share/husky_description/meshes/accessories/lidar_mount.stl
[1.019s] -- Up-to-date: /home/useradd/ros2_ws/install/husky_description/share/husky_description/meshes/accessories/510_mm_sensor_arch.stl
[1.020s] -- Up-to-date: /home/useradd/ros2_ws/install/husky_description/share/husky_description/meshes/accessories/lms1xx_mount.dae
[1.020s] -- Up-to-date: /home/useradd/ros2_ws/install/husky_description/share/husky_description/meshes/large_top_plate_collision.stl
[1.020s] -- Up-to-date: /home/useradd/ros2_ws/install/husky_description/share/husky_description/meshes/wheel.dae
[1.021s] -- Up-to-date: /home/useradd/ros2_ws/install/husky_description/share/husky_description/meshes/user_rail.stl
[1.021s] -- Up-to-date: /home/useradd/ros2_ws/install/husky_description/share/husky_description/meshes/base_link.dae
[1.021s] -- Up-to-date: /home/useradd/ros2_ws/install/husky_description/share/husky_description/meshes/bumper.dae
[1.021s] -- Up-to-date: /home/useradd/ros2_ws/install/husky_description/share/husky_description/meshes/user_rail.dae
[1.022s] -- Up-to-date: /home/useradd/ros2_ws/install/husky_description/share/husky_description/meshes/top_plate.dae
[1.022s] -- Up-to-date: /home/useradd/ros2_ws/install/husky_description/share/husky_description/urdf
[1.022s] -- Up-to-date: /home/useradd/ros2_ws/install/husky_description/share/husky_description/urdf/decorations.urdf.xacro
[1.022s] -- Up-to-date: /home/useradd/ros2_ws/install/husky_description/share/husky_description/urdf/empty.urdf
[1.022s] -- Up-to-date: /home/useradd/ros2_ws/install/husky_description/share/husky_description/urdf/accessories
[1.022s] -- Up-to-date: /home/useradd/ros2_ws/install/husky_description/share/husky_description/urdf/accessories/sensor_arch.urdf.xacro
[1.023s] -- Up-to-date: /home/useradd/ros2_ws/install/husky_description/share/husky_description/urdf/accessories/sick_lms1xx_mount.urdf - copia.xacro:Zone.Identifier
[1.023s] -- Up-to-date: /home/useradd/ros2_ws/install/husky_description/share/husky_description/urdf/accessories/sick_lms1xx_mount.urdf.xacro
[1.023s] -- Up-to-date: /home/useradd/ros2_ws/install/husky_description/share/husky_description/urdf/accessories/minimal_lms1xx.urdf.xacro
[1.023s] -- Up-to-date: /home/useradd/ros2_ws/install/husky_description/share/husky_description/urdf/accessories/intel_realsense.urdf.xacro
[1.024s] -- Up-to-date: /home/useradd/ros2_ws/install/husky_description/share/husky_description/urdf/husky_macro.urdf.xacro
[1.024s] -- Up-to-date: /home/useradd/ros2_ws/install/husky_description/share/husky_description/urdf/wheel.urdf.xacro
[1.025s] -- Up-to-date: /home/useradd/ros2_ws/install/husky_description/share/husky_description/urdf/husky.urdf.xacro
[1.026s] -- Up-to-date: /home/useradd/ros2_ws/install/husky_description/share/ament_index/resource_index/package_run_dependencies/husky_description
[1.026s] -- Up-to-date: /home/useradd/ros2_ws/install/husky_description/share/ament_index/resource_index/parent_prefix_path/husky_description
[1.026s] -- Up-to-date: /home/useradd/ros2_ws/install/husky_description/share/husky_description/environment/ament_prefix_path.sh
[1.026s] -- Up-to-date: /home/useradd/ros2_ws/install/husky_description/share/husky_description/environment/ament_prefix_path.dsv
[1.026s] -- Up-to-date: /home/useradd/ros2_ws/install/husky_description/share/husky_description/environment/path.sh
[1.026s] -- Up-to-date: /home/useradd/ros2_ws/install/husky_description/share/husky_description/environment/path.dsv
[1.027s] -- Up-to-date: /home/useradd/ros2_ws/install/husky_description/share/husky_description/local_setup.bash
[1.027s] -- Up-to-date: /home/useradd/ros2_ws/install/husky_description/share/husky_description/local_setup.sh
[1.027s] -- Up-to-date: /home/useradd/ros2_ws/install/husky_description/share/husky_description/local_setup.zsh
[1.028s] -- Up-to-date: /home/useradd/ros2_ws/install/husky_description/share/husky_description/local_setup.dsv
[1.028s] -- Up-to-date: /home/useradd/ros2_ws/install/husky_description/share/husky_description/package.dsv
[1.028s] -- Up-to-date: /home/useradd/ros2_ws/install/husky_description/share/ament_index/resource_index/packages/husky_description
[1.029s] -- Up-to-date: /home/useradd/ros2_ws/install/husky_description/share/husky_description/cmake/ament_cmake_export_dependencies-extras.cmake
[1.029s] -- Up-to-date: /home/useradd/ros2_ws/install/husky_description/share/husky_description/cmake/husky_descriptionConfig.cmake
[1.029s] -- Up-to-date: /home/useradd/ros2_ws/install/husky_description/share/husky_description/cmake/husky_descriptionConfig-version.cmake
[1.030s] -- Up-to-date: /home/useradd/ros2_ws/install/husky_description/share/husky_description/package.xml
[1.088s] Invoked command in '/home/useradd/ros2_ws/build/husky_description' returned '0': CMAKE_PREFIX_PATH=${CMAKE_PREFIX_PATH}:/home/useradd/ros2_ws/install/robot_navigation:/home/useradd/ros2_ws/install/robot_initial_pose:/home/useradd/ws_moveit2/install/launch_param_builder:/home/useradd/dev_ws/install/robot_description:/home/useradd/dev_ws/install/my_doosan_pkg:/home/useradd/dev_ws/install/mobile_manipulator:/home/useradd/dev_ws/install/doosan_description:/home/useradd/dev_ws/install/bulldog_description:/opt/ros/humble /usr/bin/cmake --install /home/useradd/ros2_ws/build/husky_description
