[0.000000] (-) TimerEvent: {}
[0.001135] (-) JobUnselected: {'identifier': 'aws_robomaker_small_warehouse_world'}
[0.001167] (-) JobUnselected: {'identifier': 'husky_base'}
[0.001182] (-) JobUnselected: {'identifier': 'husky_bringup'}
[0.001195] (-) JobUnselected: {'identifier': 'husky_control'}
[0.001206] (-) JobUnselected: {'identifier': 'husky_description'}
[0.001219] (-) JobUnselected: {'identifier': 'husky_desktop'}
[0.001230] (-) JobUnselected: {'identifier': 'husky_gazebo'}
[0.001240] (-) JobUnselected: {'identifier': 'husky_msgs'}
[0.001251] (-) JobUnselected: {'identifier': 'husky_robot'}
[0.001262] (-) JobUnselected: {'identifier': 'husky_simulator'}
[0.001273] (-) JobUnselected: {'identifier': 'husky_viz'}
[0.001284] (-) JobUnselected: {'identifier': 'move_ur5'}
[0.001295] (-) JobUnselected: {'identifier': 'robot_initial_pose'}
[0.001306] (-) JobUnselected: {'identifier': 'robot_navigation'}
[0.001317] (-) JobUnselected: {'identifier': 'robotiq_controllers'}
[0.001328] (-) JobUnselected: {'identifier': 'robotiq_description'}
[0.001340] (-) JobUnselected: {'identifier': 'ur5_moveit_config'}
[0.001352] (-) JobUnselected: {'identifier': 'ur_description'}
[0.001363] (-) JobUnselected: {'identifier': 'ur_simulation_gazebo'}
[0.001377] (husky_ur5) JobQueued: {'identifier': 'husky_ur5', 'dependencies': OrderedDict([('husky_description', '/home/useradd/ros2_ws/install/husky_description'), ('ur_description', '/home/useradd/ros2_ws/install/ur_description')])}
[0.001397] (husky_ur5) JobStarted: {'identifier': 'husky_ur5'}
[0.046832] (husky_ur5) JobEnded: {'identifier': 'husky_ur5', 'rc': 1}
[0.057659] (-) EventReactorShutdown: {}
