[0.109s] Invoking command in '/home/useradd/ros2_ws/build/husky_msgs': CMAKE_PREFIX_PATH=${CMAKE_PREFIX_PATH}:/home/useradd/ros2_ws/install/robot_navigation:/home/useradd/ros2_ws/install/robot_initial_pose:/home/useradd/ws_moveit2/install/launch_param_builder:/home/useradd/dev_ws/install/robot_description:/home/useradd/dev_ws/install/my_doosan_pkg:/home/useradd/dev_ws/install/mobile_manipulator:/home/useradd/dev_ws/install/doosan_description:/home/useradd/dev_ws/install/bulldog_description:/opt/ros/humble /usr/bin/cmake --build /home/useradd/ros2_ws/build/husky_msgs -- -j16 -l16
[0.848s] [35m[1mConsolidate compiler generated dependencies of target husky_msgs__rosidl_generator_c[0m
[0.848s] [  3%] Built target husky_msgs__cpp
[0.849s] [ 12%] Built target husky_msgs__rosidl_generator_c
[0.849s] [35m[1mConsolidate compiler generated dependencies of target husky_msgs__rosidl_typesupport_introspection_cpp[0m
[0.853s] [35m[1mConsolidate compiler generated dependencies of target husky_msgs__rosidl_typesupport_cpp[0m
[0.855s] [35m[1mConsolidate compiler generated dependencies of target husky_msgs__rosidl_typesupport_fastrtps_cpp[0m
[0.856s] [ 12%] Built target ament_cmake_python_copy_husky_msgs
[0.858s] [35m[1mConsolidate compiler generated dependencies of target husky_msgs__rosidl_typesupport_c[0m
[0.859s] [35m[1mConsolidate compiler generated dependencies of target husky_msgs__rosidl_typesupport_introspection_c[0m
[0.859s] [35m[1mConsolidate compiler generated dependencies of target husky_msgs__rosidl_typesupport_fastrtps_c[0m
[0.861s] [ 22%] Built target husky_msgs__rosidl_typesupport_introspection_cpp
[0.864s] [ 32%] Built target husky_msgs__rosidl_typesupport_cpp
[0.867s] [ 41%] Built target husky_msgs__rosidl_typesupport_fastrtps_cpp
[0.869s] [ 51%] Built target husky_msgs__rosidl_typesupport_introspection_c
[0.869s] [ 61%] Built target husky_msgs__rosidl_typesupport_c
[0.870s] [ 70%] Built target husky_msgs__rosidl_typesupport_fastrtps_c
[0.873s] [ 70%] Built target husky_msgs
[0.874s] [ 74%] Built target husky_msgs__py
[0.875s] [35m[1mConsolidate compiler generated dependencies of target husky_msgs__rosidl_generator_py[0m
[0.876s] [ 80%] Built target husky_msgs__rosidl_generator_py
[0.876s] [35m[1mConsolidate compiler generated dependencies of target husky_msgs__rosidl_typesupport_introspection_c__pyext[0m
[0.877s] [35m[1mConsolidate compiler generated dependencies of target husky_msgs__rosidl_typesupport_fastrtps_c__pyext[0m
[0.877s] [35m[1mConsolidate compiler generated dependencies of target husky_msgs__rosidl_typesupport_c__pyext[0m
[0.878s] [ 93%] Built target husky_msgs__rosidl_typesupport_introspection_c__pyext
[0.878s] [ 93%] Built target husky_msgs__rosidl_typesupport_fastrtps_c__pyext
[0.879s] [100%] Built target husky_msgs__rosidl_typesupport_c__pyext
[0.879s] running egg_info
[0.880s] writing husky_msgs.egg-info/PKG-INFO
[0.880s] writing dependency_links to husky_msgs.egg-info/dependency_links.txt
[0.881s] writing top-level names to husky_msgs.egg-info/top_level.txt
[0.882s] reading manifest file 'husky_msgs.egg-info/SOURCES.txt'
[0.882s] writing manifest file 'husky_msgs.egg-info/SOURCES.txt'
[0.882s] [100%] Built target ament_cmake_python_build_husky_msgs_egg
[0.969s] Invoked command in '/home/useradd/ros2_ws/build/husky_msgs' returned '0': CMAKE_PREFIX_PATH=${CMAKE_PREFIX_PATH}:/home/useradd/ros2_ws/install/robot_navigation:/home/useradd/ros2_ws/install/robot_initial_pose:/home/useradd/ws_moveit2/install/launch_param_builder:/home/useradd/dev_ws/install/robot_description:/home/useradd/dev_ws/install/my_doosan_pkg:/home/useradd/dev_ws/install/mobile_manipulator:/home/useradd/dev_ws/install/doosan_description:/home/useradd/dev_ws/install/bulldog_description:/opt/ros/humble /usr/bin/cmake --build /home/useradd/ros2_ws/build/husky_msgs -- -j16 -l16
[0.975s] Invoking command in '/home/useradd/ros2_ws/build/husky_msgs': CMAKE_PREFIX_PATH=${CMAKE_PREFIX_PATH}:/home/useradd/ros2_ws/install/robot_navigation:/home/useradd/ros2_ws/install/robot_initial_pose:/home/useradd/ws_moveit2/install/launch_param_builder:/home/useradd/dev_ws/install/robot_description:/home/useradd/dev_ws/install/my_doosan_pkg:/home/useradd/dev_ws/install/mobile_manipulator:/home/useradd/dev_ws/install/doosan_description:/home/useradd/dev_ws/install/bulldog_description:/opt/ros/humble /usr/bin/cmake --install /home/useradd/ros2_ws/build/husky_msgs
[1.037s] -- Install configuration: ""
[1.038s] -- Up-to-date: /home/useradd/ros2_ws/install/husky_msgs/share/ament_index/resource_index/rosidl_interfaces/husky_msgs
[1.038s] -- Up-to-date: /home/useradd/ros2_ws/install/husky_msgs/include/husky_msgs/husky_msgs
[1.038s] -- Up-to-date: /home/useradd/ros2_ws/install/husky_msgs/include/husky_msgs/husky_msgs/msg
[1.041s] -- Up-to-date: /home/useradd/ros2_ws/install/husky_msgs/include/husky_msgs/husky_msgs/msg/husky_status.h
[1.041s] -- Up-to-date: /home/useradd/ros2_ws/install/husky_msgs/include/husky_msgs/husky_msgs/msg/detail
[1.041s] -- Up-to-date: /home/useradd/ros2_ws/install/husky_msgs/include/husky_msgs/husky_msgs/msg/detail/husky_status__type_support.h
[1.041s] -- Up-to-date: /home/useradd/ros2_ws/install/husky_msgs/include/husky_msgs/husky_msgs/msg/detail/husky_status__functions.c
[1.041s] -- Up-to-date: /home/useradd/ros2_ws/install/husky_msgs/include/husky_msgs/husky_msgs/msg/detail/husky_status__struct.h
[1.041s] -- Up-to-date: /home/useradd/ros2_ws/install/husky_msgs/include/husky_msgs/husky_msgs/msg/detail/husky_status__functions.h
[1.041s] -- Up-to-date: /home/useradd/ros2_ws/install/husky_msgs/include/husky_msgs/husky_msgs/msg/rosidl_generator_c__visibility_control.h
[1.042s] -- Up-to-date: /home/useradd/ros2_ws/install/husky_msgs/share/husky_msgs/environment/library_path.sh
[1.042s] -- Up-to-date: /home/useradd/ros2_ws/install/husky_msgs/share/husky_msgs/environment/library_path.dsv
[1.043s] -- Up-to-date: /home/useradd/ros2_ws/install/husky_msgs/lib/libhusky_msgs__rosidl_generator_c.so
[1.043s] -- Up-to-date: /home/useradd/ros2_ws/install/husky_msgs/include/husky_msgs/husky_msgs
[1.043s] -- Up-to-date: /home/useradd/ros2_ws/install/husky_msgs/include/husky_msgs/husky_msgs/msg
[1.043s] -- Up-to-date: /home/useradd/ros2_ws/install/husky_msgs/include/husky_msgs/husky_msgs/msg/rosidl_typesupport_fastrtps_c__visibility_control.h
[1.043s] -- Up-to-date: /home/useradd/ros2_ws/install/husky_msgs/include/husky_msgs/husky_msgs/msg/detail
[1.043s] -- Up-to-date: /home/useradd/ros2_ws/install/husky_msgs/include/husky_msgs/husky_msgs/msg/detail/husky_status__rosidl_typesupport_fastrtps_c.h
[1.043s] -- Up-to-date: /home/useradd/ros2_ws/install/husky_msgs/lib/libhusky_msgs__rosidl_typesupport_fastrtps_c.so
[1.043s] -- Up-to-date: /home/useradd/ros2_ws/install/husky_msgs/include/husky_msgs/husky_msgs
[1.045s] -- Up-to-date: /home/useradd/ros2_ws/install/husky_msgs/include/husky_msgs/husky_msgs/msg
[1.045s] -- Up-to-date: /home/useradd/ros2_ws/install/husky_msgs/include/husky_msgs/husky_msgs/msg/husky_status.hpp
[1.045s] -- Up-to-date: /home/useradd/ros2_ws/install/husky_msgs/include/husky_msgs/husky_msgs/msg/rosidl_generator_cpp__visibility_control.hpp
[1.045s] -- Up-to-date: /home/useradd/ros2_ws/install/husky_msgs/include/husky_msgs/husky_msgs/msg/detail
[1.045s] -- Up-to-date: /home/useradd/ros2_ws/install/husky_msgs/include/husky_msgs/husky_msgs/msg/detail/husky_status__struct.hpp
[1.045s] -- Up-to-date: /home/useradd/ros2_ws/install/husky_msgs/include/husky_msgs/husky_msgs/msg/detail/husky_status__builder.hpp
[1.045s] -- Up-to-date: /home/useradd/ros2_ws/install/husky_msgs/include/husky_msgs/husky_msgs/msg/detail/husky_status__type_support.hpp
[1.046s] -- Up-to-date: /home/useradd/ros2_ws/install/husky_msgs/include/husky_msgs/husky_msgs/msg/detail/husky_status__traits.hpp
[1.046s] -- Up-to-date: /home/useradd/ros2_ws/install/husky_msgs/include/husky_msgs/husky_msgs
[1.047s] -- Up-to-date: /home/useradd/ros2_ws/install/husky_msgs/include/husky_msgs/husky_msgs/msg
[1.048s] -- Up-to-date: /home/useradd/ros2_ws/install/husky_msgs/include/husky_msgs/husky_msgs/msg/rosidl_typesupport_fastrtps_cpp__visibility_control.h
[1.048s] -- Up-to-date: /home/useradd/ros2_ws/install/husky_msgs/include/husky_msgs/husky_msgs/msg/detail
[1.048s] -- Up-to-date: /home/useradd/ros2_ws/install/husky_msgs/include/husky_msgs/husky_msgs/msg/detail/husky_status__rosidl_typesupport_fastrtps_cpp.hpp
[1.048s] -- Up-to-date: /home/useradd/ros2_ws/install/husky_msgs/include/husky_msgs/husky_msgs/msg/detail/dds_fastrtps
[1.050s] -- Up-to-date: /home/useradd/ros2_ws/install/husky_msgs/lib/libhusky_msgs__rosidl_typesupport_fastrtps_cpp.so
[1.050s] -- Up-to-date: /home/useradd/ros2_ws/install/husky_msgs/include/husky_msgs/husky_msgs
[1.052s] -- Up-to-date: /home/useradd/ros2_ws/install/husky_msgs/include/husky_msgs/husky_msgs/msg
[1.052s] -- Up-to-date: /home/useradd/ros2_ws/install/husky_msgs/include/husky_msgs/husky_msgs/msg/rosidl_typesupport_introspection_c__visibility_control.h
[1.052s] -- Up-to-date: /home/useradd/ros2_ws/install/husky_msgs/include/husky_msgs/husky_msgs/msg/detail
[1.052s] -- Up-to-date: /home/useradd/ros2_ws/install/husky_msgs/include/husky_msgs/husky_msgs/msg/detail/husky_status__type_support.c
[1.052s] -- Up-to-date: /home/useradd/ros2_ws/install/husky_msgs/include/husky_msgs/husky_msgs/msg/detail/husky_status__rosidl_typesupport_introspection_c.h
[1.052s] -- Up-to-date: /home/useradd/ros2_ws/install/husky_msgs/lib/libhusky_msgs__rosidl_typesupport_introspection_c.so
[1.052s] -- Up-to-date: /home/useradd/ros2_ws/install/husky_msgs/lib/libhusky_msgs__rosidl_typesupport_c.so
[1.052s] -- Up-to-date: /home/useradd/ros2_ws/install/husky_msgs/include/husky_msgs/husky_msgs
[1.052s] -- Up-to-date: /home/useradd/ros2_ws/install/husky_msgs/include/husky_msgs/husky_msgs/msg
[1.053s] -- Up-to-date: /home/useradd/ros2_ws/install/husky_msgs/include/husky_msgs/husky_msgs/msg/detail
[1.053s] -- Up-to-date: /home/useradd/ros2_ws/install/husky_msgs/include/husky_msgs/husky_msgs/msg/detail/husky_status__type_support.cpp
[1.053s] -- Up-to-date: /home/useradd/ros2_ws/install/husky_msgs/include/husky_msgs/husky_msgs/msg/detail/husky_status__rosidl_typesupport_introspection_cpp.hpp
[1.053s] -- Up-to-date: /home/useradd/ros2_ws/install/husky_msgs/lib/libhusky_msgs__rosidl_typesupport_introspection_cpp.so
[1.054s] -- Up-to-date: /home/useradd/ros2_ws/install/husky_msgs/lib/libhusky_msgs__rosidl_typesupport_cpp.so
[1.054s] -- Up-to-date: /home/useradd/ros2_ws/install/husky_msgs/share/husky_msgs/environment/pythonpath.sh
[1.054s] -- Up-to-date: /home/useradd/ros2_ws/install/husky_msgs/share/husky_msgs/environment/pythonpath.dsv
[1.055s] -- Up-to-date: /home/useradd/ros2_ws/install/husky_msgs/local/lib/python3.10/dist-packages/husky_msgs-1.0.8-py3.10.egg-info
[1.055s] -- Installing: /home/useradd/ros2_ws/install/husky_msgs/local/lib/python3.10/dist-packages/husky_msgs-1.0.8-py3.10.egg-info/dependency_links.txt
[1.056s] -- Installing: /home/useradd/ros2_ws/install/husky_msgs/local/lib/python3.10/dist-packages/husky_msgs-1.0.8-py3.10.egg-info/top_level.txt
[1.056s] -- Installing: /home/useradd/ros2_ws/install/husky_msgs/local/lib/python3.10/dist-packages/husky_msgs-1.0.8-py3.10.egg-info/SOURCES.txt
[1.056s] -- Installing: /home/useradd/ros2_ws/install/husky_msgs/local/lib/python3.10/dist-packages/husky_msgs-1.0.8-py3.10.egg-info/PKG-INFO
[1.057s] -- Up-to-date: /home/useradd/ros2_ws/install/husky_msgs/local/lib/python3.10/dist-packages/husky_msgs
[1.057s] -- Up-to-date: /home/useradd/ros2_ws/install/husky_msgs/local/lib/python3.10/dist-packages/husky_msgs/husky_msgs_s__rosidl_typesupport_fastrtps_c.cpython-310-x86_64-linux-gnu.so
[1.057s] -- Up-to-date: /home/useradd/ros2_ws/install/husky_msgs/local/lib/python3.10/dist-packages/husky_msgs/_husky_msgs_s.ep.rosidl_typesupport_fastrtps_c.c
[1.057s] -- Up-to-date: /home/useradd/ros2_ws/install/husky_msgs/local/lib/python3.10/dist-packages/husky_msgs/libhusky_msgs__rosidl_generator_py.so
[1.057s] -- Up-to-date: /home/useradd/ros2_ws/install/husky_msgs/local/lib/python3.10/dist-packages/husky_msgs/__init__.py
[1.057s] -- Up-to-date: /home/useradd/ros2_ws/install/husky_msgs/local/lib/python3.10/dist-packages/husky_msgs/husky_msgs_s__rosidl_typesupport_c.cpython-310-x86_64-linux-gnu.so
[1.057s] -- Up-to-date: /home/useradd/ros2_ws/install/husky_msgs/local/lib/python3.10/dist-packages/husky_msgs/_husky_msgs_s.ep.rosidl_typesupport_c.c
[1.057s] -- Up-to-date: /home/useradd/ros2_ws/install/husky_msgs/local/lib/python3.10/dist-packages/husky_msgs/_husky_msgs_s.ep.rosidl_typesupport_introspection_c.c
[1.057s] -- Up-to-date: /home/useradd/ros2_ws/install/husky_msgs/local/lib/python3.10/dist-packages/husky_msgs/husky_msgs_s__rosidl_typesupport_introspection_c.cpython-310-x86_64-linux-gnu.so
[1.057s] -- Up-to-date: /home/useradd/ros2_ws/install/husky_msgs/local/lib/python3.10/dist-packages/husky_msgs/msg
[1.057s] -- Up-to-date: /home/useradd/ros2_ws/install/husky_msgs/local/lib/python3.10/dist-packages/husky_msgs/msg/__init__.py
[1.058s] -- Up-to-date: /home/useradd/ros2_ws/install/husky_msgs/local/lib/python3.10/dist-packages/husky_msgs/msg/_husky_status_s.c
[1.058s] -- Up-to-date: /home/useradd/ros2_ws/install/husky_msgs/local/lib/python3.10/dist-packages/husky_msgs/msg/_husky_status.py
[1.072s] Listing '/home/useradd/ros2_ws/install/husky_msgs/local/lib/python3.10/dist-packages/husky_msgs'...
[1.072s] Listing '/home/useradd/ros2_ws/install/husky_msgs/local/lib/python3.10/dist-packages/husky_msgs/msg'...
[1.072s] -- Up-to-date: /home/useradd/ros2_ws/install/husky_msgs/local/lib/python3.10/dist-packages/husky_msgs/husky_msgs_s__rosidl_typesupport_fastrtps_c.cpython-310-x86_64-linux-gnu.so
[1.072s] -- Up-to-date: /home/useradd/ros2_ws/install/husky_msgs/local/lib/python3.10/dist-packages/husky_msgs/husky_msgs_s__rosidl_typesupport_introspection_c.cpython-310-x86_64-linux-gnu.so
[1.072s] -- Up-to-date: /home/useradd/ros2_ws/install/husky_msgs/local/lib/python3.10/dist-packages/husky_msgs/husky_msgs_s__rosidl_typesupport_c.cpython-310-x86_64-linux-gnu.so
[1.072s] -- Up-to-date: /home/useradd/ros2_ws/install/husky_msgs/lib/libhusky_msgs__rosidl_generator_py.so
[1.072s] -- Up-to-date: /home/useradd/ros2_ws/install/husky_msgs/share/husky_msgs/msg/HuskyStatus.idl
[1.073s] -- Up-to-date: /home/useradd/ros2_ws/install/husky_msgs/share/husky_msgs/msg/HuskyStatus.msg
[1.073s] -- Up-to-date: /home/useradd/ros2_ws/install/husky_msgs/share/ament_index/resource_index/package_run_dependencies/husky_msgs
[1.073s] -- Up-to-date: /home/useradd/ros2_ws/install/husky_msgs/share/ament_index/resource_index/parent_prefix_path/husky_msgs
[1.073s] -- Up-to-date: /home/useradd/ros2_ws/install/husky_msgs/share/husky_msgs/environment/ament_prefix_path.sh
[1.073s] -- Up-to-date: /home/useradd/ros2_ws/install/husky_msgs/share/husky_msgs/environment/ament_prefix_path.dsv
[1.073s] -- Up-to-date: /home/useradd/ros2_ws/install/husky_msgs/share/husky_msgs/environment/path.sh
[1.073s] -- Up-to-date: /home/useradd/ros2_ws/install/husky_msgs/share/husky_msgs/environment/path.dsv
[1.073s] -- Up-to-date: /home/useradd/ros2_ws/install/husky_msgs/share/husky_msgs/local_setup.bash
[1.073s] -- Up-to-date: /home/useradd/ros2_ws/install/husky_msgs/share/husky_msgs/local_setup.sh
[1.074s] -- Up-to-date: /home/useradd/ros2_ws/install/husky_msgs/share/husky_msgs/local_setup.zsh
[1.074s] -- Up-to-date: /home/useradd/ros2_ws/install/husky_msgs/share/husky_msgs/local_setup.dsv
[1.074s] -- Installing: /home/useradd/ros2_ws/install/husky_msgs/share/husky_msgs/package.dsv
[1.074s] -- Up-to-date: /home/useradd/ros2_ws/install/husky_msgs/share/ament_index/resource_index/packages/husky_msgs
[1.074s] -- Up-to-date: /home/useradd/ros2_ws/install/husky_msgs/share/husky_msgs/cmake/export_husky_msgs__rosidl_generator_cExport.cmake
[1.074s] -- Up-to-date: /home/useradd/ros2_ws/install/husky_msgs/share/husky_msgs/cmake/export_husky_msgs__rosidl_generator_cExport-noconfig.cmake
[1.074s] -- Up-to-date: /home/useradd/ros2_ws/install/husky_msgs/share/husky_msgs/cmake/export_husky_msgs__rosidl_typesupport_fastrtps_cExport.cmake
[1.075s] -- Up-to-date: /home/useradd/ros2_ws/install/husky_msgs/share/husky_msgs/cmake/export_husky_msgs__rosidl_typesupport_fastrtps_cExport-noconfig.cmake
[1.075s] -- Up-to-date: /home/useradd/ros2_ws/install/husky_msgs/share/husky_msgs/cmake/export_husky_msgs__rosidl_generator_cppExport.cmake
[1.075s] -- Up-to-date: /home/useradd/ros2_ws/install/husky_msgs/share/husky_msgs/cmake/export_husky_msgs__rosidl_typesupport_fastrtps_cppExport.cmake
[1.075s] -- Up-to-date: /home/useradd/ros2_ws/install/husky_msgs/share/husky_msgs/cmake/export_husky_msgs__rosidl_typesupport_fastrtps_cppExport-noconfig.cmake
[1.075s] -- Up-to-date: /home/useradd/ros2_ws/install/husky_msgs/share/husky_msgs/cmake/husky_msgs__rosidl_typesupport_introspection_cExport.cmake
[1.075s] -- Up-to-date: /home/useradd/ros2_ws/install/husky_msgs/share/husky_msgs/cmake/husky_msgs__rosidl_typesupport_introspection_cExport-noconfig.cmake
[1.075s] -- Up-to-date: /home/useradd/ros2_ws/install/husky_msgs/share/husky_msgs/cmake/husky_msgs__rosidl_typesupport_cExport.cmake
[1.075s] -- Up-to-date: /home/useradd/ros2_ws/install/husky_msgs/share/husky_msgs/cmake/husky_msgs__rosidl_typesupport_cExport-noconfig.cmake
[1.075s] -- Up-to-date: /home/useradd/ros2_ws/install/husky_msgs/share/husky_msgs/cmake/husky_msgs__rosidl_typesupport_introspection_cppExport.cmake
[1.076s] -- Up-to-date: /home/useradd/ros2_ws/install/husky_msgs/share/husky_msgs/cmake/husky_msgs__rosidl_typesupport_introspection_cppExport-noconfig.cmake
[1.076s] -- Up-to-date: /home/useradd/ros2_ws/install/husky_msgs/share/husky_msgs/cmake/husky_msgs__rosidl_typesupport_cppExport.cmake
[1.076s] -- Up-to-date: /home/useradd/ros2_ws/install/husky_msgs/share/husky_msgs/cmake/husky_msgs__rosidl_typesupport_cppExport-noconfig.cmake
[1.076s] -- Up-to-date: /home/useradd/ros2_ws/install/husky_msgs/share/husky_msgs/cmake/export_husky_msgs__rosidl_generator_pyExport.cmake
[1.076s] -- Up-to-date: /home/useradd/ros2_ws/install/husky_msgs/share/husky_msgs/cmake/export_husky_msgs__rosidl_generator_pyExport-noconfig.cmake
[1.076s] -- Up-to-date: /home/useradd/ros2_ws/install/husky_msgs/share/husky_msgs/cmake/rosidl_cmake-extras.cmake
[1.076s] -- Up-to-date: /home/useradd/ros2_ws/install/husky_msgs/share/husky_msgs/cmake/ament_cmake_export_dependencies-extras.cmake
[1.076s] -- Up-to-date: /home/useradd/ros2_ws/install/husky_msgs/share/husky_msgs/cmake/ament_cmake_export_include_directories-extras.cmake
[1.077s] -- Up-to-date: /home/useradd/ros2_ws/install/husky_msgs/share/husky_msgs/cmake/ament_cmake_export_libraries-extras.cmake
[1.077s] -- Up-to-date: /home/useradd/ros2_ws/install/husky_msgs/share/husky_msgs/cmake/ament_cmake_export_targets-extras.cmake
[1.077s] -- Up-to-date: /home/useradd/ros2_ws/install/husky_msgs/share/husky_msgs/cmake/rosidl_cmake_export_typesupport_targets-extras.cmake
[1.077s] -- Up-to-date: /home/useradd/ros2_ws/install/husky_msgs/share/husky_msgs/cmake/rosidl_cmake_export_typesupport_libraries-extras.cmake
[1.077s] -- Up-to-date: /home/useradd/ros2_ws/install/husky_msgs/share/husky_msgs/cmake/husky_msgsConfig.cmake
[1.077s] -- Up-to-date: /home/useradd/ros2_ws/install/husky_msgs/share/husky_msgs/cmake/husky_msgsConfig-version.cmake
[1.077s] -- Up-to-date: /home/useradd/ros2_ws/install/husky_msgs/share/husky_msgs/package.xml
[1.220s] Invoked command in '/home/useradd/ros2_ws/build/husky_msgs' returned '0': CMAKE_PREFIX_PATH=${CMAKE_PREFIX_PATH}:/home/useradd/ros2_ws/install/robot_navigation:/home/useradd/ros2_ws/install/robot_initial_pose:/home/useradd/ws_moveit2/install/launch_param_builder:/home/useradd/dev_ws/install/robot_description:/home/useradd/dev_ws/install/my_doosan_pkg:/home/useradd/dev_ws/install/mobile_manipulator:/home/useradd/dev_ws/install/doosan_description:/home/useradd/dev_ws/install/bulldog_description:/opt/ros/humble /usr/bin/cmake --install /home/useradd/ros2_ws/build/husky_msgs
