[0.072s] Invoking command in '/home/useradd/ros2_ws/build/aws_robomaker_small_warehouse_world': CMAKE_PREFIX_PATH=${CMAKE_PREFIX_PATH}:/home/useradd/ws_moveit2/install/launch_param_builder:/home/useradd/dev_ws/install/robot_description:/home/useradd/dev_ws/install/my_doosan_pkg:/home/useradd/dev_ws/install/mobile_manipulator:/home/useradd/dev_ws/install/doosan_description:/home/useradd/dev_ws/install/bulldog_description:/opt/ros/humble /usr/bin/cmake /home/useradd/ros2_ws/src/aws-robomaker-small-warehouse-world -DCMAKE_INSTALL_PREFIX=/home/useradd/ros2_ws/install/aws_robomaker_small_warehouse_world
[0.816s] -- The C compiler identification is GNU 11.4.0
[2.180s] -- The CXX compiler identification is GNU 11.4.0
[3.777s] -- Detecting C compiler ABI info
[4.256s] -- Detecting C compiler ABI info - done
[4.263s] -- Check for working C compiler: /usr/bin/cc - skipped
[4.263s] -- Detecting C compile features
[4.263s] -- Detecting C compile features - done
[4.267s] -- Detecting CXX compiler ABI info
[4.831s] -- Detecting CXX compiler ABI info - done
[4.842s] -- Check for working CXX compiler: /usr/bin/c++ - skipped
[4.842s] -- Detecting CXX compile features
[4.843s] -- Detecting CXX compile features - done
[4.848s] -- Found ament_cmake: 1.3.11 (/opt/ros/humble/share/ament_cmake/cmake)
[5.065s] -- Found Python3: /usr/bin/python3 (found version "3.10.12") found components: Interpreter 
[5.203s] -- Found gazebo_ros: 3.9.0 (/opt/ros/humble/share/gazebo_ros/cmake)
[5.766s] -- Found rosidl_generator_c: 3.1.6 (/opt/ros/humble/share/rosidl_generator_c/cmake)
[5.776s] -- Found rosidl_adapter: 3.1.6 (/opt/ros/humble/share/rosidl_adapter/cmake)
[5.789s] -- Found rosidl_generator_cpp: 3.1.6 (/opt/ros/humble/share/rosidl_generator_cpp/cmake)
[5.805s] -- Using all available rosidl_typesupport_c: rosidl_typesupport_fastrtps_c;rosidl_typesupport_introspection_c
[5.829s] -- Using all available rosidl_typesupport_cpp: rosidl_typesupport_fastrtps_cpp;rosidl_typesupport_introspection_cpp
[5.925s] -- Found rmw_implementation_cmake: 6.1.2 (/opt/ros/humble/share/rmw_implementation_cmake/cmake)
[5.934s] -- Found rmw_fastrtps_cpp: 6.2.7 (/opt/ros/humble/share/rmw_fastrtps_cpp/cmake)
[9.672s] -- Found OpenSSL: /usr/lib/x86_64-linux-gnu/libcrypto.so (found version "3.0.2")  
[14.550s] -- Found FastRTPS: /opt/ros/humble/include  
[21.256s] -- Using RMW implementation 'rmw_fastrtps_cpp' as default
[21.274s] -- Looking for pthread.h
[21.719s] -- Looking for pthread.h - found
[21.719s] -- Performing Test CMAKE_HAVE_LIBC_PTHREAD
[22.130s] -- Performing Test CMAKE_HAVE_LIBC_PTHREAD - Success
[22.132s] -- Found Threads: TRUE  
[22.211s] -- Found PkgConfig: /usr/bin/pkg-config (found version "0.29.2") 
[22.213s] -- Checking for module 'bullet>=2.82'
[22.236s] --   Found bullet, version 3.05
[22.623s] -- Found fcl: /usr/include (found suitable version "0.7.0", minimum required is "0.5.0") 
[22.673s] -- Found assimp: /usr/include (found version "5.2.0") 
[22.706s] -- Found DART: /usr/include (Required is at least version "6.6") found components: dart 
[22.776s] -- Found Boost: /usr/lib/x86_64-linux-gnu/cmake/Boost-1.74.0/BoostConfig.cmake (found suitable version "1.74.0", minimum required is "1.40.0") found components: thread system filesystem program_options regex iostreams date_time 
[23.651s] -- Found Protobuf: /usr/lib/x86_64-linux-gnu/libprotobuf.so (found version "3.12.4") 
[23.663s] -- Looking for ignition-math6 -- found version 6.15.1
[23.680s] -- Searching for dependencies of ignition-math6
[23.683s] -- Looking for OGRE...
[23.684s] -- OGRE_PREFIX_WATCH changed.
[23.690s] -- Checking for module 'OGRE'
[23.705s] --   Found OGRE, version 1.9.0
[23.741s] -- Found Ogre Ghadamon (1.9.0)
[25.042s] -- Found OGRE: optimized;/usr/lib/x86_64-linux-gnu/libOgreMain.so;debug;/usr/lib/x86_64-linux-gnu/libOgreMain.so
[25.064s] -- Looking for OGRE_Paging...
[26.054s] -- Found OGRE_Paging: optimized;/usr/lib/x86_64-linux-gnu/libOgrePaging.so;debug;/usr/lib/x86_64-linux-gnu/libOgrePaging.so
[26.055s] -- Looking for OGRE_Terrain...
[26.806s] -- Found OGRE_Terrain: optimized;/usr/lib/x86_64-linux-gnu/libOgreTerrain.so;debug;/usr/lib/x86_64-linux-gnu/libOgreTerrain.so
[26.806s] -- Looking for OGRE_Property...
[27.384s] -- Found OGRE_Property: optimized;/usr/lib/x86_64-linux-gnu/libOgreProperty.so;debug;/usr/lib/x86_64-linux-gnu/libOgreProperty.so
[27.384s] -- Looking for OGRE_RTShaderSystem...
[28.363s] -- Found OGRE_RTShaderSystem: optimized;/usr/lib/x86_64-linux-gnu/libOgreRTShaderSystem.so;debug;/usr/lib/x86_64-linux-gnu/libOgreRTShaderSystem.so
[28.364s] -- Looking for OGRE_Volume...
[29.212s] -- Found OGRE_Volume: optimized;/usr/lib/x86_64-linux-gnu/libOgreVolume.so;debug;/usr/lib/x86_64-linux-gnu/libOgreVolume.so
[29.212s] -- Looking for OGRE_Overlay...
[29.824s] -- Found OGRE_Overlay: optimized;/usr/lib/x86_64-linux-gnu/libOgreOverlay.so;debug;/usr/lib/x86_64-linux-gnu/libOgreOverlay.so
[66.954s] -- Looking for ignition-math6 -- found version 6.15.1
[66.963s] -- Looking for ignition-transport8 -- found version 8.2.1
[66.963s] -- Searching for dependencies of ignition-transport8
[69.353s] -- Found Protobuf: /usr/lib/x86_64-linux-gnu/libprotobuf.so (found suitable version "3.12.4", minimum required is "3") 
[70.790s] -- Config-file not installed for ZeroMQ -- checking for pkg-config
[70.819s] -- Checking for module 'libzmq >= 4'
[70.873s] --   Found libzmq , version 4.3.4
[70.948s] -- Found ZeroMQ: TRUE (Required is at least version "4") 
[71.364s] -- Checking for module 'uuid'
[71.396s] --   Found uuid, version 2.37.2
[71.461s] -- Found UUID: TRUE  
[71.473s] -- Looking for ignition-msgs5 -- found version 5.8.1
[71.474s] -- Searching for dependencies of ignition-msgs5
[73.533s] -- Looking for ignition-math6 -- found version 6.15.1
[73.542s] -- Checking for module 'tinyxml2'
[73.556s] --   Found tinyxml2, version 9.0.0
[73.588s] -- Looking for ignition-msgs5 -- found version 5.8.1
[73.593s] -- Looking for ignition-common3 -- found version 3.14.0
[73.594s] -- Searching for dependencies of ignition-common3
[73.639s] -- Looking for dlfcn.h - found
[73.682s] -- Looking for libdl - found
[73.683s] -- Found DL: TRUE  
[73.794s] -- Found tinyobjloader: /usr/lib/x86_64-linux-gnu/cmake/tinyobjloader/tinyobjloader-config.cmake (found version "2.0.0") 
[73.795s] -- Searching for <ignition-common3> component [graphics]
[73.800s] -- Looking for ignition-common3-graphics -- found version 3.14.0
[73.801s] -- Searching for dependencies of ignition-common3-graphics
[73.801s] -- Looking for ignition-math6 -- found version 6.15.1
[73.807s] -- Looking for ignition-fuel_tools4 -- found version 4.4.0
[73.807s] -- Searching for dependencies of ignition-fuel_tools4
[77.312s] -- Found CURL: /usr/lib/x86_64-linux-gnu/libcurl.so (found version "7.81.0")  
[77.327s] -- Checking for module 'jsoncpp'
[77.340s] --   Found jsoncpp, version 1.9.5
[77.370s] -- Found JSONCPP: TRUE  
[77.377s] -- Checking for module 'libzip'
[77.390s] --   Found libzip, version 1.7.3
[77.420s] -- Found ZIP: TRUE  
[77.420s] -- Looking for ignition-common3 -- found version 3.14.0
[77.421s] -- Looking for ignition-math6 -- found version 6.15.1
[77.421s] -- Looking for ignition-msgs5 -- found version 5.8.1
[77.430s] -- Gazebo version: 11.10
[77.430s] -- Checking for module 'tbb'
[77.444s] --   Found tbb, version 2021.5.0
[77.545s] -- Configuring done
[77.551s] -- Generating done
[77.554s] -- Build files have been written to: /home/useradd/ros2_ws/build/aws_robomaker_small_warehouse_world
[77.565s] Invoked command in '/home/useradd/ros2_ws/build/aws_robomaker_small_warehouse_world' returned '0': CMAKE_PREFIX_PATH=${CMAKE_PREFIX_PATH}:/home/useradd/ws_moveit2/install/launch_param_builder:/home/useradd/dev_ws/install/robot_description:/home/useradd/dev_ws/install/my_doosan_pkg:/home/useradd/dev_ws/install/mobile_manipulator:/home/useradd/dev_ws/install/doosan_description:/home/useradd/dev_ws/install/bulldog_description:/opt/ros/humble /usr/bin/cmake /home/useradd/ros2_ws/src/aws-robomaker-small-warehouse-world -DCMAKE_INSTALL_PREFIX=/home/useradd/ros2_ws/install/aws_robomaker_small_warehouse_world
[77.567s] Invoking command in '/home/useradd/ros2_ws/build/aws_robomaker_small_warehouse_world': CMAKE_PREFIX_PATH=${CMAKE_PREFIX_PATH}:/home/useradd/ws_moveit2/install/launch_param_builder:/home/useradd/dev_ws/install/robot_description:/home/useradd/dev_ws/install/my_doosan_pkg:/home/useradd/dev_ws/install/mobile_manipulator:/home/useradd/dev_ws/install/doosan_description:/home/useradd/dev_ws/install/bulldog_description:/opt/ros/humble /usr/bin/cmake --build /home/useradd/ros2_ws/build/aws_robomaker_small_warehouse_world -- -j16 -l16
[77.605s] Invoked command in '/home/useradd/ros2_ws/build/aws_robomaker_small_warehouse_world' returned '0': CMAKE_PREFIX_PATH=${CMAKE_PREFIX_PATH}:/home/useradd/ws_moveit2/install/launch_param_builder:/home/useradd/dev_ws/install/robot_description:/home/useradd/dev_ws/install/my_doosan_pkg:/home/useradd/dev_ws/install/mobile_manipulator:/home/useradd/dev_ws/install/doosan_description:/home/useradd/dev_ws/install/bulldog_description:/opt/ros/humble /usr/bin/cmake --build /home/useradd/ros2_ws/build/aws_robomaker_small_warehouse_world -- -j16 -l16
[77.607s] Invoking command in '/home/useradd/ros2_ws/build/aws_robomaker_small_warehouse_world': CMAKE_PREFIX_PATH=${CMAKE_PREFIX_PATH}:/home/useradd/ws_moveit2/install/launch_param_builder:/home/useradd/dev_ws/install/robot_description:/home/useradd/dev_ws/install/my_doosan_pkg:/home/useradd/dev_ws/install/mobile_manipulator:/home/useradd/dev_ws/install/doosan_description:/home/useradd/dev_ws/install/bulldog_description:/opt/ros/humble /usr/bin/cmake --install /home/useradd/ros2_ws/build/aws_robomaker_small_warehouse_world
[77.613s] -- Install configuration: ""
[77.613s] -- Installing: /home/useradd/ros2_ws/install/aws_robomaker_small_warehouse_world/share/aws_robomaker_small_warehouse_world/launch
[77.615s] -- Installing: /home/useradd/ros2_ws/install/aws_robomaker_small_warehouse_world/share/aws_robomaker_small_warehouse_world/launch/warehouse_ros2.launch.py
[77.616s] -- Installing: /home/useradd/ros2_ws/install/aws_robomaker_small_warehouse_world/share/aws_robomaker_small_warehouse_world/launch/small_warehouse.launch.py
[77.617s] -- Installing: /home/useradd/ros2_ws/install/aws_robomaker_small_warehouse_world/share/aws_robomaker_small_warehouse_world/launch/no_roof_small_warehouse.launch.py
[77.617s] -- Installing: /home/useradd/ros2_ws/install/aws_robomaker_small_warehouse_world/share/aws_robomaker_small_warehouse_world/launch/small_warehouse.launch - copia.py:Zone.Identifier
[77.618s] -- Installing: /home/useradd/ros2_ws/install/aws_robomaker_small_warehouse_world/share/aws_robomaker_small_warehouse_world/models
[77.618s] -- Installing: /home/useradd/ros2_ws/install/aws_robomaker_small_warehouse_world/share/aws_robomaker_small_warehouse_world/models/aws_robomaker_warehouse_ShelfD_01
[77.619s] -- Installing: /home/useradd/ros2_ws/install/aws_robomaker_small_warehouse_world/share/aws_robomaker_small_warehouse_world/models/aws_robomaker_warehouse_ShelfD_01/meshes
[77.619s] -- Installing: /home/useradd/ros2_ws/install/aws_robomaker_small_warehouse_world/share/aws_robomaker_small_warehouse_world/models/aws_robomaker_warehouse_ShelfD_01/meshes/aws_robomaker_warehouse_ShelfD_01_collision.DAE
[77.620s] -- Installing: /home/useradd/ros2_ws/install/aws_robomaker_small_warehouse_world/share/aws_robomaker_small_warehouse_world/models/aws_robomaker_warehouse_ShelfD_01/meshes/aws_robomaker_warehouse_ShelfD_01_visual.DAE
[77.621s] -- Installing: /home/useradd/ros2_ws/install/aws_robomaker_small_warehouse_world/share/aws_robomaker_small_warehouse_world/models/aws_robomaker_warehouse_ShelfD_01/materials
[77.621s] -- Installing: /home/useradd/ros2_ws/install/aws_robomaker_small_warehouse_world/share/aws_robomaker_small_warehouse_world/models/aws_robomaker_warehouse_ShelfD_01/materials/textures
[77.623s] -- Installing: /home/useradd/ros2_ws/install/aws_robomaker_small_warehouse_world/share/aws_robomaker_small_warehouse_world/models/aws_robomaker_warehouse_ShelfD_01/materials/textures/aws_robomaker_warehouse_ShelfD_02.png
[77.624s] -- Installing: /home/useradd/ros2_ws/install/aws_robomaker_small_warehouse_world/share/aws_robomaker_small_warehouse_world/models/aws_robomaker_warehouse_ShelfD_01/materials/textures/aws_robomaker_warehouse_ShelfD_04.png
[77.627s] -- Installing: /home/useradd/ros2_ws/install/aws_robomaker_small_warehouse_world/share/aws_robomaker_small_warehouse_world/models/aws_robomaker_warehouse_ShelfD_01/materials/textures/aws_robomaker_warehouse_ShelfD_03.png
[77.629s] -- Installing: /home/useradd/ros2_ws/install/aws_robomaker_small_warehouse_world/share/aws_robomaker_small_warehouse_world/models/aws_robomaker_warehouse_ShelfD_01/materials/textures/aws_robomaker_warehouse_ShelfD_01.png
[77.629s] -- Installing: /home/useradd/ros2_ws/install/aws_robomaker_small_warehouse_world/share/aws_robomaker_small_warehouse_world/models/aws_robomaker_warehouse_ShelfD_01/model.sdf
[77.630s] -- Installing: /home/useradd/ros2_ws/install/aws_robomaker_small_warehouse_world/share/aws_robomaker_small_warehouse_world/models/aws_robomaker_warehouse_ShelfD_01/model.config
[77.630s] -- Installing: /home/useradd/ros2_ws/install/aws_robomaker_small_warehouse_world/share/aws_robomaker_small_warehouse_world/models/aws_robomaker_warehouse_GroundB_01
[77.631s] -- Installing: /home/useradd/ros2_ws/install/aws_robomaker_small_warehouse_world/share/aws_robomaker_small_warehouse_world/models/aws_robomaker_warehouse_GroundB_01/meshes
[77.631s] -- Installing: /home/useradd/ros2_ws/install/aws_robomaker_small_warehouse_world/share/aws_robomaker_small_warehouse_world/models/aws_robomaker_warehouse_GroundB_01/meshes/aws_robomaker_warehouse_GroundB_01_collision.DAE
[77.632s] -- Installing: /home/useradd/ros2_ws/install/aws_robomaker_small_warehouse_world/share/aws_robomaker_small_warehouse_world/models/aws_robomaker_warehouse_GroundB_01/meshes/aws_robomaker_warehouse_GroundB_01_visual.DAE
[77.632s] -- Installing: /home/useradd/ros2_ws/install/aws_robomaker_small_warehouse_world/share/aws_robomaker_small_warehouse_world/models/aws_robomaker_warehouse_GroundB_01/materials
[77.633s] -- Installing: /home/useradd/ros2_ws/install/aws_robomaker_small_warehouse_world/share/aws_robomaker_small_warehouse_world/models/aws_robomaker_warehouse_GroundB_01/materials/textures
[77.633s] -- Installing: /home/useradd/ros2_ws/install/aws_robomaker_small_warehouse_world/share/aws_robomaker_small_warehouse_world/models/aws_robomaker_warehouse_GroundB_01/materials/textures/aws_robomaker_warehouse_GroundB_01.png
[77.638s] -- Installing: /home/useradd/ros2_ws/install/aws_robomaker_small_warehouse_world/share/aws_robomaker_small_warehouse_world/models/aws_robomaker_warehouse_GroundB_01/materials/textures/aws_robomaker_warehouse_GroundB_02.png
[77.639s] -- Installing: /home/useradd/ros2_ws/install/aws_robomaker_small_warehouse_world/share/aws_robomaker_small_warehouse_world/models/aws_robomaker_warehouse_GroundB_01/model.sdf
[77.639s] -- Installing: /home/useradd/ros2_ws/install/aws_robomaker_small_warehouse_world/share/aws_robomaker_small_warehouse_world/models/aws_robomaker_warehouse_GroundB_01/model.config
[77.639s] -- Installing: /home/useradd/ros2_ws/install/aws_robomaker_small_warehouse_world/share/aws_robomaker_small_warehouse_world/models/aws_robomaker_warehouse_Bucket_01
[77.640s] -- Installing: /home/useradd/ros2_ws/install/aws_robomaker_small_warehouse_world/share/aws_robomaker_small_warehouse_world/models/aws_robomaker_warehouse_Bucket_01/.DS_Store
[77.641s] -- Installing: /home/useradd/ros2_ws/install/aws_robomaker_small_warehouse_world/share/aws_robomaker_small_warehouse_world/models/aws_robomaker_warehouse_Bucket_01/meshes
[77.641s] -- Installing: /home/useradd/ros2_ws/install/aws_robomaker_small_warehouse_world/share/aws_robomaker_small_warehouse_world/models/aws_robomaker_warehouse_Bucket_01/meshes/aws_robomaker_warehouse_Bucket_01_visual.DAE
[77.642s] -- Installing: /home/useradd/ros2_ws/install/aws_robomaker_small_warehouse_world/share/aws_robomaker_small_warehouse_world/models/aws_robomaker_warehouse_Bucket_01/meshes/aws_robomaker_warehouse_Bucket_01_collision.DAE
[77.642s] -- Installing: /home/useradd/ros2_ws/install/aws_robomaker_small_warehouse_world/share/aws_robomaker_small_warehouse_world/models/aws_robomaker_warehouse_Bucket_01/materials
[77.643s] -- Installing: /home/useradd/ros2_ws/install/aws_robomaker_small_warehouse_world/share/aws_robomaker_small_warehouse_world/models/aws_robomaker_warehouse_Bucket_01/materials/textures
[77.643s] -- Installing: /home/useradd/ros2_ws/install/aws_robomaker_small_warehouse_world/share/aws_robomaker_small_warehouse_world/models/aws_robomaker_warehouse_Bucket_01/materials/textures/aws_robomaker_warehouse_Bucket_01.png
[77.645s] -- Installing: /home/useradd/ros2_ws/install/aws_robomaker_small_warehouse_world/share/aws_robomaker_small_warehouse_world/models/aws_robomaker_warehouse_Bucket_01/materials/.DS_Store
[77.645s] -- Installing: /home/useradd/ros2_ws/install/aws_robomaker_small_warehouse_world/share/aws_robomaker_small_warehouse_world/models/aws_robomaker_warehouse_Bucket_01/model.sdf
[77.645s] -- Installing: /home/useradd/ros2_ws/install/aws_robomaker_small_warehouse_world/share/aws_robomaker_small_warehouse_world/models/aws_robomaker_warehouse_Bucket_01/model.config
[77.645s] -- Installing: /home/useradd/ros2_ws/install/aws_robomaker_small_warehouse_world/share/aws_robomaker_small_warehouse_world/models/aws_robomaker_warehouse_PalletJackB_01
[77.646s] -- Installing: /home/useradd/ros2_ws/install/aws_robomaker_small_warehouse_world/share/aws_robomaker_small_warehouse_world/models/aws_robomaker_warehouse_PalletJackB_01/.DS_Store
[77.646s] -- Installing: /home/useradd/ros2_ws/install/aws_robomaker_small_warehouse_world/share/aws_robomaker_small_warehouse_world/models/aws_robomaker_warehouse_PalletJackB_01/meshes
[77.647s] -- Installing: /home/useradd/ros2_ws/install/aws_robomaker_small_warehouse_world/share/aws_robomaker_small_warehouse_world/models/aws_robomaker_warehouse_PalletJackB_01/meshes/aws_robomaker_warehouse_PalletJackB_01_collision.DAE
[77.648s] -- Installing: /home/useradd/ros2_ws/install/aws_robomaker_small_warehouse_world/share/aws_robomaker_small_warehouse_world/models/aws_robomaker_warehouse_PalletJackB_01/meshes/aws_robomaker_warehouse_PalletJackB_01_visual.DAE
[77.650s] -- Installing: /home/useradd/ros2_ws/install/aws_robomaker_small_warehouse_world/share/aws_robomaker_small_warehouse_world/models/aws_robomaker_warehouse_PalletJackB_01/materials
[77.651s] -- Installing: /home/useradd/ros2_ws/install/aws_robomaker_small_warehouse_world/share/aws_robomaker_small_warehouse_world/models/aws_robomaker_warehouse_PalletJackB_01/materials/textures
[77.651s] -- Installing: /home/useradd/ros2_ws/install/aws_robomaker_small_warehouse_world/share/aws_robomaker_small_warehouse_world/models/aws_robomaker_warehouse_PalletJackB_01/materials/textures/aws_robomaker_warehouse_PalletJackB_02.png
[77.652s] -- Installing: /home/useradd/ros2_ws/install/aws_robomaker_small_warehouse_world/share/aws_robomaker_small_warehouse_world/models/aws_robomaker_warehouse_PalletJackB_01/materials/textures/aws_robomaker_warehouse_PalletJackB_01.png
[77.654s] -- Installing: /home/useradd/ros2_ws/install/aws_robomaker_small_warehouse_world/share/aws_robomaker_small_warehouse_world/models/aws_robomaker_warehouse_PalletJackB_01/materials/.DS_Store
[77.654s] -- Installing: /home/useradd/ros2_ws/install/aws_robomaker_small_warehouse_world/share/aws_robomaker_small_warehouse_world/models/aws_robomaker_warehouse_PalletJackB_01/model.sdf
[77.655s] -- Installing: /home/useradd/ros2_ws/install/aws_robomaker_small_warehouse_world/share/aws_robomaker_small_warehouse_world/models/aws_robomaker_warehouse_PalletJackB_01/model.config
[77.655s] -- Installing: /home/useradd/ros2_ws/install/aws_robomaker_small_warehouse_world/share/aws_robomaker_small_warehouse_world/models/aws_robomaker_warehouse_TrashCanC_01
[77.655s] -- Installing: /home/useradd/ros2_ws/install/aws_robomaker_small_warehouse_world/share/aws_robomaker_small_warehouse_world/models/aws_robomaker_warehouse_TrashCanC_01/meshes
[77.656s] -- Installing: /home/useradd/ros2_ws/install/aws_robomaker_small_warehouse_world/share/aws_robomaker_small_warehouse_world/models/aws_robomaker_warehouse_TrashCanC_01/meshes/aws_robomaker_warehouse_TrashCanC_01_collision.DAE
[77.657s] -- Installing: /home/useradd/ros2_ws/install/aws_robomaker_small_warehouse_world/share/aws_robomaker_small_warehouse_world/models/aws_robomaker_warehouse_TrashCanC_01/meshes/aws_robomaker_warehouse_TrashCanC_01_visual.DAE
[77.658s] -- Installing: /home/useradd/ros2_ws/install/aws_robomaker_small_warehouse_world/share/aws_robomaker_small_warehouse_world/models/aws_robomaker_warehouse_TrashCanC_01/materials
[77.658s] -- Installing: /home/useradd/ros2_ws/install/aws_robomaker_small_warehouse_world/share/aws_robomaker_small_warehouse_world/models/aws_robomaker_warehouse_TrashCanC_01/materials/textures
[77.659s] -- Installing: /home/useradd/ros2_ws/install/aws_robomaker_small_warehouse_world/share/aws_robomaker_small_warehouse_world/models/aws_robomaker_warehouse_TrashCanC_01/materials/textures/aws_robomaker_warehouse_TrashCanC_01.png
[77.660s] -- Installing: /home/useradd/ros2_ws/install/aws_robomaker_small_warehouse_world/share/aws_robomaker_small_warehouse_world/models/aws_robomaker_warehouse_TrashCanC_01/model.sdf
[77.660s] -- Installing: /home/useradd/ros2_ws/install/aws_robomaker_small_warehouse_world/share/aws_robomaker_small_warehouse_world/models/aws_robomaker_warehouse_TrashCanC_01/model.config
[77.661s] -- Installing: /home/useradd/ros2_ws/install/aws_robomaker_small_warehouse_world/share/aws_robomaker_small_warehouse_world/models/aws_robomaker_warehouse_ClutteringC_01
[77.661s] -- Installing: /home/useradd/ros2_ws/install/aws_robomaker_small_warehouse_world/share/aws_robomaker_small_warehouse_world/models/aws_robomaker_warehouse_ClutteringC_01/meshes
[77.662s] -- Installing: /home/useradd/ros2_ws/install/aws_robomaker_small_warehouse_world/share/aws_robomaker_small_warehouse_world/models/aws_robomaker_warehouse_ClutteringC_01/meshes/aws_robomaker_warehouse_ClutteringC_01_visual.DAE
[77.663s] -- Installing: /home/useradd/ros2_ws/install/aws_robomaker_small_warehouse_world/share/aws_robomaker_small_warehouse_world/models/aws_robomaker_warehouse_ClutteringC_01/meshes/aws_robomaker_warehouse_ClutteringC_01_collision.DAE
[77.663s] -- Installing: /home/useradd/ros2_ws/install/aws_robomaker_small_warehouse_world/share/aws_robomaker_small_warehouse_world/models/aws_robomaker_warehouse_ClutteringC_01/materials
[77.664s] -- Installing: /home/useradd/ros2_ws/install/aws_robomaker_small_warehouse_world/share/aws_robomaker_small_warehouse_world/models/aws_robomaker_warehouse_ClutteringC_01/materials/textures
[77.664s] -- Installing: /home/useradd/ros2_ws/install/aws_robomaker_small_warehouse_world/share/aws_robomaker_small_warehouse_world/models/aws_robomaker_warehouse_ClutteringC_01/materials/textures/aws_robomaker_warehouse_ClutteringC_02.png
[77.665s] -- Installing: /home/useradd/ros2_ws/install/aws_robomaker_small_warehouse_world/share/aws_robomaker_small_warehouse_world/models/aws_robomaker_warehouse_ClutteringC_01/materials/textures/aws_robomaker_warehouse_ClutteringC_01.png
[77.667s] -- Installing: /home/useradd/ros2_ws/install/aws_robomaker_small_warehouse_world/share/aws_robomaker_small_warehouse_world/models/aws_robomaker_warehouse_ClutteringC_01/model.sdf
[77.667s] -- Installing: /home/useradd/ros2_ws/install/aws_robomaker_small_warehouse_world/share/aws_robomaker_small_warehouse_world/models/aws_robomaker_warehouse_ClutteringC_01/model.config
[77.667s] -- Installing: /home/useradd/ros2_ws/install/aws_robomaker_small_warehouse_world/share/aws_robomaker_small_warehouse_world/models/.DS_Store
[77.668s] -- Installing: /home/useradd/ros2_ws/install/aws_robomaker_small_warehouse_world/share/aws_robomaker_small_warehouse_world/models/aws_robomaker_warehouse_RoofB_01
[77.669s] -- Installing: /home/useradd/ros2_ws/install/aws_robomaker_small_warehouse_world/share/aws_robomaker_small_warehouse_world/models/aws_robomaker_warehouse_RoofB_01/meshes
[77.669s] -- Installing: /home/useradd/ros2_ws/install/aws_robomaker_small_warehouse_world/share/aws_robomaker_small_warehouse_world/models/aws_robomaker_warehouse_RoofB_01/meshes/aws_robomaker_warehouse_RoofB_01_visual.DAE
[77.670s] -- Installing: /home/useradd/ros2_ws/install/aws_robomaker_small_warehouse_world/share/aws_robomaker_small_warehouse_world/models/aws_robomaker_warehouse_RoofB_01/meshes/aws_robomaker_warehouse_RoofB_01_collision.DAE
[77.671s] -- Installing: /home/useradd/ros2_ws/install/aws_robomaker_small_warehouse_world/share/aws_robomaker_small_warehouse_world/models/aws_robomaker_warehouse_RoofB_01/materials
[77.671s] -- Installing: /home/useradd/ros2_ws/install/aws_robomaker_small_warehouse_world/share/aws_robomaker_small_warehouse_world/models/aws_robomaker_warehouse_RoofB_01/materials/textures
[77.672s] -- Installing: /home/useradd/ros2_ws/install/aws_robomaker_small_warehouse_world/share/aws_robomaker_small_warehouse_world/models/aws_robomaker_warehouse_RoofB_01/materials/textures/aws_robomaker_warehouse_RoofB_01.png
[77.672s] -- Installing: /home/useradd/ros2_ws/install/aws_robomaker_small_warehouse_world/share/aws_robomaker_small_warehouse_world/models/aws_robomaker_warehouse_RoofB_01/model.sdf
[77.672s] -- Installing: /home/useradd/ros2_ws/install/aws_robomaker_small_warehouse_world/share/aws_robomaker_small_warehouse_world/models/aws_robomaker_warehouse_RoofB_01/model.config
[77.673s] -- Installing: /home/useradd/ros2_ws/install/aws_robomaker_small_warehouse_world/share/aws_robomaker_small_warehouse_world/models/aws_robomaker_warehouse_ClutteringD_01
[77.673s] -- Installing: /home/useradd/ros2_ws/install/aws_robomaker_small_warehouse_world/share/aws_robomaker_small_warehouse_world/models/aws_robomaker_warehouse_ClutteringD_01/meshes
[77.674s] -- Installing: /home/useradd/ros2_ws/install/aws_robomaker_small_warehouse_world/share/aws_robomaker_small_warehouse_world/models/aws_robomaker_warehouse_ClutteringD_01/meshes/aws_robomaker_warehouse_ClutteringD_01_visual.DAE
[77.675s] -- Installing: /home/useradd/ros2_ws/install/aws_robomaker_small_warehouse_world/share/aws_robomaker_small_warehouse_world/models/aws_robomaker_warehouse_ClutteringD_01/meshes/aws_robomaker_warehouse_ClutteringD_01_collision.DAE
[77.675s] -- Installing: /home/useradd/ros2_ws/install/aws_robomaker_small_warehouse_world/share/aws_robomaker_small_warehouse_world/models/aws_robomaker_warehouse_ClutteringD_01/materials
[77.676s] -- Installing: /home/useradd/ros2_ws/install/aws_robomaker_small_warehouse_world/share/aws_robomaker_small_warehouse_world/models/aws_robomaker_warehouse_ClutteringD_01/materials/textures
[77.676s] -- Installing: /home/useradd/ros2_ws/install/aws_robomaker_small_warehouse_world/share/aws_robomaker_small_warehouse_world/models/aws_robomaker_warehouse_ClutteringD_01/materials/textures/aws_robomaker_warehouse_ClutteringD_02.png
[77.678s] -- Installing: /home/useradd/ros2_ws/install/aws_robomaker_small_warehouse_world/share/aws_robomaker_small_warehouse_world/models/aws_robomaker_warehouse_ClutteringD_01/materials/textures/aws_robomaker_warehouse_ClutteringD_01.png
[77.679s] -- Installing: /home/useradd/ros2_ws/install/aws_robomaker_small_warehouse_world/share/aws_robomaker_small_warehouse_world/models/aws_robomaker_warehouse_ClutteringD_01/model.sdf
[77.679s] -- Installing: /home/useradd/ros2_ws/install/aws_robomaker_small_warehouse_world/share/aws_robomaker_small_warehouse_world/models/aws_robomaker_warehouse_ClutteringD_01/model.config
[77.679s] -- Installing: /home/useradd/ros2_ws/install/aws_robomaker_small_warehouse_world/share/aws_robomaker_small_warehouse_world/models/aws_robomaker_warehouse_ClutteringA_01
[77.680s] -- Installing: /home/useradd/ros2_ws/install/aws_robomaker_small_warehouse_world/share/aws_robomaker_small_warehouse_world/models/aws_robomaker_warehouse_ClutteringA_01/.DS_Store
[77.680s] -- Installing: /home/useradd/ros2_ws/install/aws_robomaker_small_warehouse_world/share/aws_robomaker_small_warehouse_world/models/aws_robomaker_warehouse_ClutteringA_01/meshes
[77.681s] -- Installing: /home/useradd/ros2_ws/install/aws_robomaker_small_warehouse_world/share/aws_robomaker_small_warehouse_world/models/aws_robomaker_warehouse_ClutteringA_01/meshes/aws_robomaker_warehouse_ClutteringA_01_visual.DAE
[77.682s] -- Installing: /home/useradd/ros2_ws/install/aws_robomaker_small_warehouse_world/share/aws_robomaker_small_warehouse_world/models/aws_robomaker_warehouse_ClutteringA_01/meshes/aws_robomaker_warehouse_ClutteringA_01_collision.DAE
[77.682s] -- Installing: /home/useradd/ros2_ws/install/aws_robomaker_small_warehouse_world/share/aws_robomaker_small_warehouse_world/models/aws_robomaker_warehouse_ClutteringA_01/materials
[77.682s] -- Installing: /home/useradd/ros2_ws/install/aws_robomaker_small_warehouse_world/share/aws_robomaker_small_warehouse_world/models/aws_robomaker_warehouse_ClutteringA_01/materials/textures
[77.683s] -- Installing: /home/useradd/ros2_ws/install/aws_robomaker_small_warehouse_world/share/aws_robomaker_small_warehouse_world/models/aws_robomaker_warehouse_ClutteringA_01/materials/textures/aws_robomaker_warehouse_ClutteringA_02.png
[77.684s] -- Installing: /home/useradd/ros2_ws/install/aws_robomaker_small_warehouse_world/share/aws_robomaker_small_warehouse_world/models/aws_robomaker_warehouse_ClutteringA_01/materials/textures/aws_robomaker_warehouse_ClutteringA_01.png
[77.685s] -- Installing: /home/useradd/ros2_ws/install/aws_robomaker_small_warehouse_world/share/aws_robomaker_small_warehouse_world/models/aws_robomaker_warehouse_ClutteringA_01/materials/textures/.DS_Store
[77.686s] -- Installing: /home/useradd/ros2_ws/install/aws_robomaker_small_warehouse_world/share/aws_robomaker_small_warehouse_world/models/aws_robomaker_warehouse_ClutteringA_01/materials/textures/aws_robomaker_warehouse_ClutteringA_03.png
[77.687s] -- Installing: /home/useradd/ros2_ws/install/aws_robomaker_small_warehouse_world/share/aws_robomaker_small_warehouse_world/models/aws_robomaker_warehouse_ClutteringA_01/materials/.DS_Store
[77.688s] -- Installing: /home/useradd/ros2_ws/install/aws_robomaker_small_warehouse_world/share/aws_robomaker_small_warehouse_world/models/aws_robomaker_warehouse_ClutteringA_01/model.sdf
[77.688s] -- Installing: /home/useradd/ros2_ws/install/aws_robomaker_small_warehouse_world/share/aws_robomaker_small_warehouse_world/models/aws_robomaker_warehouse_ClutteringA_01/model.config
[77.688s] -- Installing: /home/useradd/ros2_ws/install/aws_robomaker_small_warehouse_world/share/aws_robomaker_small_warehouse_world/models/aws_robomaker_warehouse_ShelfF_01
[77.689s] -- Installing: /home/useradd/ros2_ws/install/aws_robomaker_small_warehouse_world/share/aws_robomaker_small_warehouse_world/models/aws_robomaker_warehouse_ShelfF_01/meshes
[77.689s] -- Installing: /home/useradd/ros2_ws/install/aws_robomaker_small_warehouse_world/share/aws_robomaker_small_warehouse_world/models/aws_robomaker_warehouse_ShelfF_01/meshes/aws_robomaker_warehouse_ShelfF_01_visual.DAE
[77.691s] -- Installing: /home/useradd/ros2_ws/install/aws_robomaker_small_warehouse_world/share/aws_robomaker_small_warehouse_world/models/aws_robomaker_warehouse_ShelfF_01/meshes/aws_robomaker_warehouse_ShelfF_01_collision.DAE
[77.692s] -- Installing: /home/useradd/ros2_ws/install/aws_robomaker_small_warehouse_world/share/aws_robomaker_small_warehouse_world/models/aws_robomaker_warehouse_ShelfF_01/materials
[77.692s] -- Installing: /home/useradd/ros2_ws/install/aws_robomaker_small_warehouse_world/share/aws_robomaker_small_warehouse_world/models/aws_robomaker_warehouse_ShelfF_01/materials/textures
[77.693s] -- Installing: /home/useradd/ros2_ws/install/aws_robomaker_small_warehouse_world/share/aws_robomaker_small_warehouse_world/models/aws_robomaker_warehouse_ShelfF_01/materials/textures/aws_robomaker_warehouse_ShelfF_03.png
[77.694s] -- Installing: /home/useradd/ros2_ws/install/aws_robomaker_small_warehouse_world/share/aws_robomaker_small_warehouse_world/models/aws_robomaker_warehouse_ShelfF_01/materials/textures/aws_robomaker_warehouse_ShelfF_01.png
[77.695s] -- Installing: /home/useradd/ros2_ws/install/aws_robomaker_small_warehouse_world/share/aws_robomaker_small_warehouse_world/models/aws_robomaker_warehouse_ShelfF_01/materials/textures/aws_robomaker_warehouse_ShelfF_02.png
[77.696s] -- Installing: /home/useradd/ros2_ws/install/aws_robomaker_small_warehouse_world/share/aws_robomaker_small_warehouse_world/models/aws_robomaker_warehouse_ShelfF_01/model.sdf
[77.696s] -- Installing: /home/useradd/ros2_ws/install/aws_robomaker_small_warehouse_world/share/aws_robomaker_small_warehouse_world/models/aws_robomaker_warehouse_ShelfF_01/model.config
[77.696s] -- Installing: /home/useradd/ros2_ws/install/aws_robomaker_small_warehouse_world/share/aws_robomaker_small_warehouse_world/models/aws_robomaker_warehouse_ShelfE_01
[77.697s] -- Installing: /home/useradd/ros2_ws/install/aws_robomaker_small_warehouse_world/share/aws_robomaker_small_warehouse_world/models/aws_robomaker_warehouse_ShelfE_01/.DS_Store
[77.697s] -- Installing: /home/useradd/ros2_ws/install/aws_robomaker_small_warehouse_world/share/aws_robomaker_small_warehouse_world/models/aws_robomaker_warehouse_ShelfE_01/meshes
[77.698s] -- Installing: /home/useradd/ros2_ws/install/aws_robomaker_small_warehouse_world/share/aws_robomaker_small_warehouse_world/models/aws_robomaker_warehouse_ShelfE_01/meshes/aws_robomaker_warehouse_ShelfE_01_collision.DAE
[77.698s] -- Installing: /home/useradd/ros2_ws/install/aws_robomaker_small_warehouse_world/share/aws_robomaker_small_warehouse_world/models/aws_robomaker_warehouse_ShelfE_01/meshes/aws_robomaker_warehouse_ShelfE_01_visual.DAE
[77.699s] -- Installing: /home/useradd/ros2_ws/install/aws_robomaker_small_warehouse_world/share/aws_robomaker_small_warehouse_world/models/aws_robomaker_warehouse_ShelfE_01/materials
[77.700s] -- Installing: /home/useradd/ros2_ws/install/aws_robomaker_small_warehouse_world/share/aws_robomaker_small_warehouse_world/models/aws_robomaker_warehouse_ShelfE_01/materials/textures
[77.701s] -- Installing: /home/useradd/ros2_ws/install/aws_robomaker_small_warehouse_world/share/aws_robomaker_small_warehouse_world/models/aws_robomaker_warehouse_ShelfE_01/materials/textures/aws_robomaker_warehouse_ShelfE_02.png
[77.702s] -- Installing: /home/useradd/ros2_ws/install/aws_robomaker_small_warehouse_world/share/aws_robomaker_small_warehouse_world/models/aws_robomaker_warehouse_ShelfE_01/materials/textures/aws_robomaker_warehouse_ShelfE_03.png
[77.704s] -- Installing: /home/useradd/ros2_ws/install/aws_robomaker_small_warehouse_world/share/aws_robomaker_small_warehouse_world/models/aws_robomaker_warehouse_ShelfE_01/materials/textures/aws_robomaker_warehouse_ShelfE_01.png
[77.704s] -- Installing: /home/useradd/ros2_ws/install/aws_robomaker_small_warehouse_world/share/aws_robomaker_small_warehouse_world/models/aws_robomaker_warehouse_ShelfE_01/materials/textures/aws_robomaker_warehouse_ShelfE_04.png
[77.706s] -- Installing: /home/useradd/ros2_ws/install/aws_robomaker_small_warehouse_world/share/aws_robomaker_small_warehouse_world/models/aws_robomaker_warehouse_ShelfE_01/materials/.DS_Store
[77.706s] -- Installing: /home/useradd/ros2_ws/install/aws_robomaker_small_warehouse_world/share/aws_robomaker_small_warehouse_world/models/aws_robomaker_warehouse_ShelfE_01/model.sdf
[77.706s] -- Installing: /home/useradd/ros2_ws/install/aws_robomaker_small_warehouse_world/share/aws_robomaker_small_warehouse_world/models/aws_robomaker_warehouse_ShelfE_01/model.config
[77.706s] -- Installing: /home/useradd/ros2_ws/install/aws_robomaker_small_warehouse_world/share/aws_robomaker_small_warehouse_world/models/aws_robomaker_warehouse_WallB_01
[77.707s] -- Installing: /home/useradd/ros2_ws/install/aws_robomaker_small_warehouse_world/share/aws_robomaker_small_warehouse_world/models/aws_robomaker_warehouse_WallB_01/meshes
[77.707s] -- Installing: /home/useradd/ros2_ws/install/aws_robomaker_small_warehouse_world/share/aws_robomaker_small_warehouse_world/models/aws_robomaker_warehouse_WallB_01/meshes/aws_robomaker_warehouse_WallB_01_collision.DAE
[77.708s] -- Installing: /home/useradd/ros2_ws/install/aws_robomaker_small_warehouse_world/share/aws_robomaker_small_warehouse_world/models/aws_robomaker_warehouse_WallB_01/meshes/aws_robomaker_warehouse_WallB_01_visual.DAE
[77.708s] -- Installing: /home/useradd/ros2_ws/install/aws_robomaker_small_warehouse_world/share/aws_robomaker_small_warehouse_world/models/aws_robomaker_warehouse_WallB_01/materials
[77.709s] -- Installing: /home/useradd/ros2_ws/install/aws_robomaker_small_warehouse_world/share/aws_robomaker_small_warehouse_world/models/aws_robomaker_warehouse_WallB_01/materials/textures
[77.709s] -- Installing: /home/useradd/ros2_ws/install/aws_robomaker_small_warehouse_world/share/aws_robomaker_small_warehouse_world/models/aws_robomaker_warehouse_WallB_01/materials/textures/aws_robomaker_warehouse_WallB_01.png
[77.711s] -- Installing: /home/useradd/ros2_ws/install/aws_robomaker_small_warehouse_world/share/aws_robomaker_small_warehouse_world/models/aws_robomaker_warehouse_WallB_01/model.sdf
[77.711s] -- Installing: /home/useradd/ros2_ws/install/aws_robomaker_small_warehouse_world/share/aws_robomaker_small_warehouse_world/models/aws_robomaker_warehouse_WallB_01/model.config
[77.712s] -- Installing: /home/useradd/ros2_ws/install/aws_robomaker_small_warehouse_world/share/aws_robomaker_small_warehouse_world/models/aws_robomaker_warehouse_DeskC_01
[77.712s] -- Installing: /home/useradd/ros2_ws/install/aws_robomaker_small_warehouse_world/share/aws_robomaker_small_warehouse_world/models/aws_robomaker_warehouse_DeskC_01/meshes
[77.713s] -- Installing: /home/useradd/ros2_ws/install/aws_robomaker_small_warehouse_world/share/aws_robomaker_small_warehouse_world/models/aws_robomaker_warehouse_DeskC_01/meshes/aws_robomaker_warehouse_DeskC_01_collision.DAE
[77.713s] -- Installing: /home/useradd/ros2_ws/install/aws_robomaker_small_warehouse_world/share/aws_robomaker_small_warehouse_world/models/aws_robomaker_warehouse_DeskC_01/meshes/aws_robomaker_warehouse_DeskC_01_visual.DAE
[77.715s] -- Installing: /home/useradd/ros2_ws/install/aws_robomaker_small_warehouse_world/share/aws_robomaker_small_warehouse_world/models/aws_robomaker_warehouse_DeskC_01/materials
[77.715s] -- Installing: /home/useradd/ros2_ws/install/aws_robomaker_small_warehouse_world/share/aws_robomaker_small_warehouse_world/models/aws_robomaker_warehouse_DeskC_01/materials/textures
[77.716s] -- Installing: /home/useradd/ros2_ws/install/aws_robomaker_small_warehouse_world/share/aws_robomaker_small_warehouse_world/models/aws_robomaker_warehouse_DeskC_01/materials/textures/aws_robomaker_warehouse_DeskC_01.png
[77.718s] -- Installing: /home/useradd/ros2_ws/install/aws_robomaker_small_warehouse_world/share/aws_robomaker_small_warehouse_world/models/aws_robomaker_warehouse_DeskC_01/materials/textures/aws_robomaker_warehouse_DeskC_03.psd
[77.722s] -- Installing: /home/useradd/ros2_ws/install/aws_robomaker_small_warehouse_world/share/aws_robomaker_small_warehouse_world/models/aws_robomaker_warehouse_DeskC_01/materials/textures/aws_robomaker_warehouse_DeskC_02.png
[77.723s] -- Installing: /home/useradd/ros2_ws/install/aws_robomaker_small_warehouse_world/share/aws_robomaker_small_warehouse_world/models/aws_robomaker_warehouse_DeskC_01/materials/textures/aws_robomaker_warehouse_DeskC_04.png
[77.724s] -- Installing: /home/useradd/ros2_ws/install/aws_robomaker_small_warehouse_world/share/aws_robomaker_small_warehouse_world/models/aws_robomaker_warehouse_DeskC_01/materials/textures/aws_robomaker_warehouse_DeskC_03.png
[77.725s] -- Installing: /home/useradd/ros2_ws/install/aws_robomaker_small_warehouse_world/share/aws_robomaker_small_warehouse_world/models/aws_robomaker_warehouse_DeskC_01/materials/.DS_Store
[77.725s] -- Installing: /home/useradd/ros2_ws/install/aws_robomaker_small_warehouse_world/share/aws_robomaker_small_warehouse_world/models/aws_robomaker_warehouse_DeskC_01/model.sdf
[77.726s] -- Installing: /home/useradd/ros2_ws/install/aws_robomaker_small_warehouse_world/share/aws_robomaker_small_warehouse_world/models/aws_robomaker_warehouse_DeskC_01/model.config
[77.726s] -- Installing: /home/useradd/ros2_ws/install/aws_robomaker_small_warehouse_world/share/aws_robomaker_small_warehouse_world/models/aws_robomaker_warehouse_Lamp_01
[77.727s] -- Installing: /home/useradd/ros2_ws/install/aws_robomaker_small_warehouse_world/share/aws_robomaker_small_warehouse_world/models/aws_robomaker_warehouse_Lamp_01/meshes
[77.727s] -- Installing: /home/useradd/ros2_ws/install/aws_robomaker_small_warehouse_world/share/aws_robomaker_small_warehouse_world/models/aws_robomaker_warehouse_Lamp_01/meshes/aws_robomaker_warehouse_Lamp_01_visual.DAE
[77.728s] -- Installing: /home/useradd/ros2_ws/install/aws_robomaker_small_warehouse_world/share/aws_robomaker_small_warehouse_world/models/aws_robomaker_warehouse_Lamp_01/meshes/aws_robomaker_warehouse_Lamp_01_collision.DAE
[77.729s] -- Installing: /home/useradd/ros2_ws/install/aws_robomaker_small_warehouse_world/share/aws_robomaker_small_warehouse_world/models/aws_robomaker_warehouse_Lamp_01/materials
[77.729s] -- Installing: /home/useradd/ros2_ws/install/aws_robomaker_small_warehouse_world/share/aws_robomaker_small_warehouse_world/models/aws_robomaker_warehouse_Lamp_01/materials/textures
[77.729s] -- Installing: /home/useradd/ros2_ws/install/aws_robomaker_small_warehouse_world/share/aws_robomaker_small_warehouse_world/models/aws_robomaker_warehouse_Lamp_01/materials/textures/aws_robomaker_warehouse_Lamp_01.png
[77.730s] -- Installing: /home/useradd/ros2_ws/install/aws_robomaker_small_warehouse_world/share/aws_robomaker_small_warehouse_world/models/aws_robomaker_warehouse_Lamp_01/model.sdf
[77.730s] -- Installing: /home/useradd/ros2_ws/install/aws_robomaker_small_warehouse_world/share/aws_robomaker_small_warehouse_world/models/aws_robomaker_warehouse_Lamp_01/model.config
[77.731s] -- Installing: /home/useradd/ros2_ws/install/aws_robomaker_small_warehouse_world/share/aws_robomaker_small_warehouse_world/worlds
[77.731s] -- Installing: /home/useradd/ros2_ws/install/aws_robomaker_small_warehouse_world/share/aws_robomaker_small_warehouse_world/worlds/no_roof_small_warehouse
[77.732s] -- Installing: /home/useradd/ros2_ws/install/aws_robomaker_small_warehouse_world/share/aws_robomaker_small_warehouse_world/worlds/no_roof_small_warehouse/no_roof_small_warehouse.world
[77.732s] -- Installing: /home/useradd/ros2_ws/install/aws_robomaker_small_warehouse_world/share/aws_robomaker_small_warehouse_world/worlds/small_warehouse
[77.733s] -- Installing: /home/useradd/ros2_ws/install/aws_robomaker_small_warehouse_world/share/aws_robomaker_small_warehouse_world/worlds/small_warehouse/small_warehouse.world
[77.734s] -- Installing: /home/useradd/ros2_ws/install/aws_robomaker_small_warehouse_world/share/aws_robomaker_small_warehouse_world/worlds/small_warehouse/small_warehouse_fixed_valid.world
[77.734s] -- Installing: /home/useradd/ros2_ws/install/aws_robomaker_small_warehouse_world/share/aws_robomaker_small_warehouse_world/worlds/small_warehouse/small_warehouse_fixed_valid.world:Zone.Identifier
[77.735s] -- Installing: /home/useradd/ros2_ws/install/aws_robomaker_small_warehouse_world/share/aws_robomaker_small_warehouse_world/worlds/small_warehouse_fixed.world:Zone.Identifier
[77.735s] -- Installing: /home/useradd/ros2_ws/install/aws_robomaker_small_warehouse_world/share/aws_robomaker_small_warehouse_world/maps
[77.736s] -- Installing: /home/useradd/ros2_ws/install/aws_robomaker_small_warehouse_world/share/aws_robomaker_small_warehouse_world/maps/005
[77.736s] -- Installing: /home/useradd/ros2_ws/install/aws_robomaker_small_warehouse_world/share/aws_robomaker_small_warehouse_world/maps/005/map_rotated.pgm
[77.737s] -- Installing: /home/useradd/ros2_ws/install/aws_robomaker_small_warehouse_world/share/aws_robomaker_small_warehouse_world/maps/005/map_rotated.png
[77.738s] -- Installing: /home/useradd/ros2_ws/install/aws_robomaker_small_warehouse_world/share/aws_robomaker_small_warehouse_world/maps/005/map.yaml
[77.738s] -- Installing: /home/useradd/ros2_ws/install/aws_robomaker_small_warehouse_world/share/aws_robomaker_small_warehouse_world/maps/005/map.pgm
[77.739s] -- Installing: /home/useradd/ros2_ws/install/aws_robomaker_small_warehouse_world/share/aws_robomaker_small_warehouse_world/maps/.DS_Store
[77.740s] -- Installing: /home/useradd/ros2_ws/install/aws_robomaker_small_warehouse_world/share/aws_robomaker_small_warehouse_world/maps/002
[77.740s] -- Installing: /home/useradd/ros2_ws/install/aws_robomaker_small_warehouse_world/share/aws_robomaker_small_warehouse_world/maps/002/map.yaml
[77.741s] -- Installing: /home/useradd/ros2_ws/install/aws_robomaker_small_warehouse_world/share/aws_robomaker_small_warehouse_world/maps/002/map.pgm
[77.746s] -- Installing: /home/useradd/ros2_ws/install/aws_robomaker_small_warehouse_world/share/aws_robomaker_small_warehouse_world/rviz
[77.746s] -- Installing: /home/useradd/ros2_ws/install/aws_robomaker_small_warehouse_world/share/aws_robomaker_small_warehouse_world/rviz/basic_data.rviz
[77.747s] -- Installing: /home/useradd/ros2_ws/install/aws_robomaker_small_warehouse_world/share/aws_robomaker_small_warehouse_world/environment/aws_robomaker_small_warehouse_world.dsv
[77.748s] -- Installing: /home/useradd/ros2_ws/install/aws_robomaker_small_warehouse_world/share/ament_index/resource_index/package_run_dependencies/aws_robomaker_small_warehouse_world
[77.748s] -- Installing: /home/useradd/ros2_ws/install/aws_robomaker_small_warehouse_world/share/ament_index/resource_index/parent_prefix_path/aws_robomaker_small_warehouse_world
[77.748s] -- Installing: /home/useradd/ros2_ws/install/aws_robomaker_small_warehouse_world/share/aws_robomaker_small_warehouse_world/environment/ament_prefix_path.sh
[77.748s] -- Installing: /home/useradd/ros2_ws/install/aws_robomaker_small_warehouse_world/share/aws_robomaker_small_warehouse_world/environment/ament_prefix_path.dsv
[77.748s] -- Installing: /home/useradd/ros2_ws/install/aws_robomaker_small_warehouse_world/share/aws_robomaker_small_warehouse_world/environment/path.sh
[77.748s] -- Installing: /home/useradd/ros2_ws/install/aws_robomaker_small_warehouse_world/share/aws_robomaker_small_warehouse_world/environment/path.dsv
[77.748s] -- Installing: /home/useradd/ros2_ws/install/aws_robomaker_small_warehouse_world/share/aws_robomaker_small_warehouse_world/local_setup.bash
[77.748s] -- Installing: /home/useradd/ros2_ws/install/aws_robomaker_small_warehouse_world/share/aws_robomaker_small_warehouse_world/local_setup.sh
[77.749s] -- Installing: /home/useradd/ros2_ws/install/aws_robomaker_small_warehouse_world/share/aws_robomaker_small_warehouse_world/local_setup.zsh
[77.749s] -- Installing: /home/useradd/ros2_ws/install/aws_robomaker_small_warehouse_world/share/aws_robomaker_small_warehouse_world/local_setup.dsv
[77.749s] -- Installing: /home/useradd/ros2_ws/install/aws_robomaker_small_warehouse_world/share/aws_robomaker_small_warehouse_world/package.dsv
[77.749s] -- Installing: /home/useradd/ros2_ws/install/aws_robomaker_small_warehouse_world/share/ament_index/resource_index/packages/aws_robomaker_small_warehouse_world
[77.749s] -- Installing: /home/useradd/ros2_ws/install/aws_robomaker_small_warehouse_world/share/aws_robomaker_small_warehouse_world/cmake/ament_cmake_export_dependencies-extras.cmake
[77.750s] -- Installing: /home/useradd/ros2_ws/install/aws_robomaker_small_warehouse_world/share/aws_robomaker_small_warehouse_world/cmake/aws_robomaker_small_warehouse_worldConfig.cmake
[77.750s] -- Installing: /home/useradd/ros2_ws/install/aws_robomaker_small_warehouse_world/share/aws_robomaker_small_warehouse_world/cmake/aws_robomaker_small_warehouse_worldConfig-version.cmake
[77.750s] -- Installing: /home/useradd/ros2_ws/install/aws_robomaker_small_warehouse_world/share/aws_robomaker_small_warehouse_world/package.xml
[77.752s] Invoked command in '/home/useradd/ros2_ws/build/aws_robomaker_small_warehouse_world' returned '0': CMAKE_PREFIX_PATH=${CMAKE_PREFIX_PATH}:/home/useradd/ws_moveit2/install/launch_param_builder:/home/useradd/dev_ws/install/robot_description:/home/useradd/dev_ws/install/my_doosan_pkg:/home/useradd/dev_ws/install/mobile_manipulator:/home/useradd/dev_ws/install/doosan_description:/home/useradd/dev_ws/install/bulldog_description:/opt/ros/humble /usr/bin/cmake --install /home/useradd/ros2_ws/build/aws_robomaker_small_warehouse_world
