[0.828s] Invoking command in '/home/useradd/ros2_ws/build/robotiq_description': CMAKE_PREFIX_PATH=${CMAKE_PREFIX_PATH}:/home/useradd/ros2_ws/install/robot_navigation:/home/useradd/ros2_ws/install/robot_initial_pose:/home/useradd/ws_moveit2/install/launch_param_builder:/home/useradd/dev_ws/install/robot_description:/home/useradd/dev_ws/install/my_doosan_pkg:/home/useradd/dev_ws/install/mobile_manipulator:/home/useradd/dev_ws/install/doosan_description:/home/useradd/dev_ws/install/bulldog_description:/opt/ros/humble /usr/bin/cmake --build /home/useradd/ros2_ws/build/robotiq_description -- -j16 -l16
[1.038s] Invoked command in '/home/useradd/ros2_ws/build/robotiq_description' returned '0': CMAKE_PREFIX_PATH=${CMAKE_PREFIX_PATH}:/home/useradd/ros2_ws/install/robot_navigation:/home/useradd/ros2_ws/install/robot_initial_pose:/home/useradd/ws_moveit2/install/launch_param_builder:/home/useradd/dev_ws/install/robot_description:/home/useradd/dev_ws/install/my_doosan_pkg:/home/useradd/dev_ws/install/mobile_manipulator:/home/useradd/dev_ws/install/doosan_description:/home/useradd/dev_ws/install/bulldog_description:/opt/ros/humble /usr/bin/cmake --build /home/useradd/ros2_ws/build/robotiq_description -- -j16 -l16
[1.041s] Invoking command in '/home/useradd/ros2_ws/build/robotiq_description': CMAKE_PREFIX_PATH=${CMAKE_PREFIX_PATH}:/home/useradd/ros2_ws/install/robot_navigation:/home/useradd/ros2_ws/install/robot_initial_pose:/home/useradd/ws_moveit2/install/launch_param_builder:/home/useradd/dev_ws/install/robot_description:/home/useradd/dev_ws/install/my_doosan_pkg:/home/useradd/dev_ws/install/mobile_manipulator:/home/useradd/dev_ws/install/doosan_description:/home/useradd/dev_ws/install/bulldog_description:/opt/ros/humble /usr/bin/cmake --install /home/useradd/ros2_ws/build/robotiq_description
[1.076s] -- Install configuration: ""
[1.076s] -- Up-to-date: /home/useradd/ros2_ws/install/robotiq_description/share/robotiq_description/config
[1.077s] -- Up-to-date: /home/useradd/ros2_ws/install/robotiq_description/share/robotiq_description/config/robotiq_controllers.yaml
[1.077s] -- Up-to-date: /home/useradd/ros2_ws/install/robotiq_description/share/robotiq_description/launch
[1.077s] -- Up-to-date: /home/useradd/ros2_ws/install/robotiq_description/share/robotiq_description/launch/robotiq_control.launch.py
[1.077s] -- Up-to-date: /home/useradd/ros2_ws/install/robotiq_description/share/robotiq_description/launch/view_gripper.launch.py
[1.077s] -- Up-to-date: /home/useradd/ros2_ws/install/robotiq_description/share/robotiq_description/meshes
[1.077s] -- Up-to-date: /home/useradd/ros2_ws/install/robotiq_description/share/robotiq_description/meshes/collision
[1.077s] -- Up-to-date: /home/useradd/ros2_ws/install/robotiq_description/share/robotiq_description/meshes/collision/2f_140
[1.077s] -- Up-to-date: /home/useradd/ros2_ws/install/robotiq_description/share/robotiq_description/meshes/collision/2f_140/robotiq_2f_140_outer_finger.stl
[1.077s] -- Up-to-date: /home/useradd/ros2_ws/install/robotiq_description/share/robotiq_description/meshes/collision/2f_140/robotiq_2f_140_inner_knuckle.stl
[1.078s] -- Up-to-date: /home/useradd/ros2_ws/install/robotiq_description/share/robotiq_description/meshes/collision/2f_140/robotiq_2f_140_inner_finger.stl
[1.078s] -- Up-to-date: /home/useradd/ros2_ws/install/robotiq_description/share/robotiq_description/meshes/collision/2f_140/robotiq_2f_140_outer_knuckle.stl
[1.078s] -- Up-to-date: /home/useradd/ros2_ws/install/robotiq_description/share/robotiq_description/meshes/collision/2f_140/robotiq_2f_140_coupling.stl
[1.078s] -- Up-to-date: /home/useradd/ros2_ws/install/robotiq_description/share/robotiq_description/meshes/collision/2f_140/robotiq_2f_140_base_link.stl
[1.078s] -- Up-to-date: /home/useradd/ros2_ws/install/robotiq_description/share/robotiq_description/meshes/collision/2f_85
[1.078s] -- Up-to-date: /home/useradd/ros2_ws/install/robotiq_description/share/robotiq_description/meshes/collision/2f_85/right_finger_tip.stl
[1.079s] -- Up-to-date: /home/useradd/ros2_ws/install/robotiq_description/share/robotiq_description/meshes/collision/2f_85/ur_to_robotiq_adapter.stl
[1.079s] -- Up-to-date: /home/useradd/ros2_ws/install/robotiq_description/share/robotiq_description/meshes/collision/2f_85/robotiq_base.stl
[1.079s] -- Up-to-date: /home/useradd/ros2_ws/install/robotiq_description/share/robotiq_description/meshes/collision/2f_85/right_knuckle.stl
[1.079s] -- Up-to-date: /home/useradd/ros2_ws/install/robotiq_description/share/robotiq_description/meshes/collision/2f_85/left_inner_knuckle.stl
[1.079s] -- Up-to-date: /home/useradd/ros2_ws/install/robotiq_description/share/robotiq_description/meshes/collision/2f_85/right_finger.stl
[1.079s] -- Up-to-date: /home/useradd/ros2_ws/install/robotiq_description/share/robotiq_description/meshes/collision/2f_85/left_finger_tip.stl
[1.080s] -- Up-to-date: /home/useradd/ros2_ws/install/robotiq_description/share/robotiq_description/meshes/collision/2f_85/right_inner_knuckle.stl
[1.080s] -- Up-to-date: /home/useradd/ros2_ws/install/robotiq_description/share/robotiq_description/meshes/collision/2f_85/left_finger.stl
[1.080s] -- Up-to-date: /home/useradd/ros2_ws/install/robotiq_description/share/robotiq_description/meshes/collision/2f_85/left_knuckle.stl
[1.080s] -- Up-to-date: /home/useradd/ros2_ws/install/robotiq_description/share/robotiq_description/meshes/visual
[1.081s] -- Up-to-date: /home/useradd/ros2_ws/install/robotiq_description/share/robotiq_description/meshes/visual/2f_140
[1.081s] -- Up-to-date: /home/useradd/ros2_ws/install/robotiq_description/share/robotiq_description/meshes/visual/2f_140/robotiq_2f_140_outer_finger.stl
[1.081s] -- Up-to-date: /home/useradd/ros2_ws/install/robotiq_description/share/robotiq_description/meshes/visual/2f_140/robotiq_2f_140_inner_knuckle.stl
[1.081s] -- Up-to-date: /home/useradd/ros2_ws/install/robotiq_description/share/robotiq_description/meshes/visual/2f_140/robotiq_2f_140_inner_finger.stl
[1.081s] -- Up-to-date: /home/useradd/ros2_ws/install/robotiq_description/share/robotiq_description/meshes/visual/2f_140/robotiq_2f_140_outer_knuckle.stl
[1.081s] -- Up-to-date: /home/useradd/ros2_ws/install/robotiq_description/share/robotiq_description/meshes/visual/2f_140/robotiq_2f_140_coupling.stl
[1.081s] -- Up-to-date: /home/useradd/ros2_ws/install/robotiq_description/share/robotiq_description/meshes/visual/2f_140/robotiq_2f_140_base_link.stl
[1.082s] -- Up-to-date: /home/useradd/ros2_ws/install/robotiq_description/share/robotiq_description/meshes/visual/2f_85
[1.082s] -- Up-to-date: /home/useradd/ros2_ws/install/robotiq_description/share/robotiq_description/meshes/visual/2f_85/ur_to_robotiq_adapter.dae
[1.082s] -- Up-to-date: /home/useradd/ros2_ws/install/robotiq_description/share/robotiq_description/meshes/visual/2f_85/right_inner_knuckle.dae
[1.082s] -- Up-to-date: /home/useradd/ros2_ws/install/robotiq_description/share/robotiq_description/meshes/visual/2f_85/right_finger_tip.dae
[1.082s] -- Up-to-date: /home/useradd/ros2_ws/install/robotiq_description/share/robotiq_description/meshes/visual/2f_85/robotiq_base.dae
[1.082s] -- Up-to-date: /home/useradd/ros2_ws/install/robotiq_description/share/robotiq_description/meshes/visual/2f_85/right_knuckle.dae
[1.082s] -- Up-to-date: /home/useradd/ros2_ws/install/robotiq_description/share/robotiq_description/meshes/visual/2f_85/left_inner_knuckle.dae
[1.082s] -- Up-to-date: /home/useradd/ros2_ws/install/robotiq_description/share/robotiq_description/meshes/visual/2f_85/left_finger.dae
[1.083s] -- Up-to-date: /home/useradd/ros2_ws/install/robotiq_description/share/robotiq_description/meshes/visual/2f_85/left_finger_tip.dae
[1.083s] -- Up-to-date: /home/useradd/ros2_ws/install/robotiq_description/share/robotiq_description/meshes/visual/2f_85/left_knuckle.dae
[1.083s] -- Up-to-date: /home/useradd/ros2_ws/install/robotiq_description/share/robotiq_description/meshes/visual/2f_85/right_finger.dae
[1.085s] -- Up-to-date: /home/useradd/ros2_ws/install/robotiq_description/share/robotiq_description/rviz
[1.085s] -- Up-to-date: /home/useradd/ros2_ws/install/robotiq_description/share/robotiq_description/rviz/view_urdf.rviz
[1.086s] -- Up-to-date: /home/useradd/ros2_ws/install/robotiq_description/share/robotiq_description/urdf
[1.086s] -- Up-to-date: /home/useradd/ros2_ws/install/robotiq_description/share/robotiq_description/urdf/ur_to_robotiq_adapter.urdf.xacro
[1.086s] -- Up-to-date: /home/useradd/ros2_ws/install/robotiq_description/share/robotiq_description/urdf/robotiq_2f_140_macro.urdf.xacro
[1.087s] -- Up-to-date: /home/useradd/ros2_ws/install/robotiq_description/share/robotiq_description/urdf/robotiq_2f_140.xacro
[1.087s] -- Up-to-date: /home/useradd/ros2_ws/install/robotiq_description/share/robotiq_description/urdf/2f_140.ros2_control.xacro
[1.087s] -- Up-to-date: /home/useradd/ros2_ws/install/robotiq_description/share/robotiq_description/urdf/robotiq_2f_140_gripper.urdf.xacro
[1.087s] -- Up-to-date: /home/useradd/ros2_ws/install/robotiq_description/share/robotiq_description/urdf/robotiq_2f_85_gripper.urdf.xacro
[1.087s] -- Up-to-date: /home/useradd/ros2_ws/install/robotiq_description/share/robotiq_description/urdf/2f_85.ros2_control.xacro
[1.087s] -- Up-to-date: /home/useradd/ros2_ws/install/robotiq_description/share/robotiq_description/urdf/robotiq_2f_85_macro.urdf.xacro
[1.087s] -- Up-to-date: /home/useradd/ros2_ws/install/robotiq_description/share/ament_index/resource_index/package_run_dependencies/robotiq_description
[1.088s] -- Up-to-date: /home/useradd/ros2_ws/install/robotiq_description/share/ament_index/resource_index/parent_prefix_path/robotiq_description
[1.088s] -- Up-to-date: /home/useradd/ros2_ws/install/robotiq_description/share/robotiq_description/environment/ament_prefix_path.sh
[1.088s] -- Up-to-date: /home/useradd/ros2_ws/install/robotiq_description/share/robotiq_description/environment/ament_prefix_path.dsv
[1.088s] -- Up-to-date: /home/useradd/ros2_ws/install/robotiq_description/share/robotiq_description/environment/path.sh
[1.089s] -- Up-to-date: /home/useradd/ros2_ws/install/robotiq_description/share/robotiq_description/environment/path.dsv
[1.090s] -- Up-to-date: /home/useradd/ros2_ws/install/robotiq_description/share/robotiq_description/local_setup.bash
[1.090s] -- Up-to-date: /home/useradd/ros2_ws/install/robotiq_description/share/robotiq_description/local_setup.sh
[1.090s] -- Up-to-date: /home/useradd/ros2_ws/install/robotiq_description/share/robotiq_description/local_setup.zsh
[1.090s] -- Up-to-date: /home/useradd/ros2_ws/install/robotiq_description/share/robotiq_description/local_setup.dsv
[1.090s] -- Up-to-date: /home/useradd/ros2_ws/install/robotiq_description/share/robotiq_description/package.dsv
[1.090s] -- Up-to-date: /home/useradd/ros2_ws/install/robotiq_description/share/ament_index/resource_index/packages/robotiq_description
[1.091s] -- Up-to-date: /home/useradd/ros2_ws/install/robotiq_description/share/robotiq_description/cmake/robotiq_descriptionConfig.cmake
[1.091s] -- Up-to-date: /home/useradd/ros2_ws/install/robotiq_description/share/robotiq_description/cmake/robotiq_descriptionConfig-version.cmake
[1.091s] -- Up-to-date: /home/useradd/ros2_ws/install/robotiq_description/share/robotiq_description/package.xml
[1.170s] Invoked command in '/home/useradd/ros2_ws/build/robotiq_description' returned '0': CMAKE_PREFIX_PATH=${CMAKE_PREFIX_PATH}:/home/useradd/ros2_ws/install/robot_navigation:/home/useradd/ros2_ws/install/robot_initial_pose:/home/useradd/ws_moveit2/install/launch_param_builder:/home/useradd/dev_ws/install/robot_description:/home/useradd/dev_ws/install/my_doosan_pkg:/home/useradd/dev_ws/install/mobile_manipulator:/home/useradd/dev_ws/install/doosan_description:/home/useradd/dev_ws/install/bulldog_description:/opt/ros/humble /usr/bin/cmake --install /home/useradd/ros2_ws/build/robotiq_description
