[0.073s] Invoking command in '/home/useradd/ros2_ws/src/build/moveit_resources_panda_description': CMAKE_PREFIX_PATH=${CMAKE_PREFIX_PATH}:/home/useradd/ros2_ws/install/twist_mux_bridge:/home/useradd/ros2_ws/install/odom_bridge:/home/useradd/dev_ws/install/robot_description:/home/useradd/dev_ws/install/my_doosan_pkg:/home/useradd/dev_ws/install/mobile_manipulator:/home/useradd/dev_ws/install/doosan_description:/home/useradd/dev_ws/install/bulldog_description:/opt/ros/humble /usr/bin/cmake /home/useradd/ros2_ws/src/moveit_resources/panda_description -DAMENT_CMAKE_SYMLINK_INSTALL=1 -DCMAKE_INSTALL_PREFIX=/home/useradd/ros2_ws/src/install/moveit_resources_panda_description
[0.407s] -- The C compiler identification is GNU 11.4.0
[1.850s] -- The CXX compiler identification is GNU 11.4.0
[2.854s] -- Detecting C compiler ABI info
[3.176s] -- Detecting C compiler ABI info - done
[3.196s] -- Check for working C compiler: /usr/bin/cc - skipped
[3.198s] -- Detecting C compile features
[3.200s] -- Detecting C compile features - done
[3.209s] -- Detecting CXX compiler ABI info
[3.382s] -- Detecting CXX compiler ABI info - done
[3.388s] -- Check for working CXX compiler: /usr/bin/c++ - skipped
[3.389s] -- Detecting CXX compile features
[3.389s] -- Detecting CXX compile features - done
[3.400s] -- Found ament_cmake: 1.3.11 (/opt/ros/humble/share/ament_cmake/cmake)
[3.613s] -- Found Python3: /usr/bin/python3 (found version "3.10.12") found components: Interpreter 
[3.708s] -- Override CMake install command with custom implementation using symlinks instead of copying resources
[3.840s] -- Configuring done
[3.843s] -- Generating done
[3.845s] -- Build files have been written to: /home/useradd/ros2_ws/src/build/moveit_resources_panda_description
[3.849s] Invoked command in '/home/useradd/ros2_ws/src/build/moveit_resources_panda_description' returned '0': CMAKE_PREFIX_PATH=${CMAKE_PREFIX_PATH}:/home/useradd/ros2_ws/install/twist_mux_bridge:/home/useradd/ros2_ws/install/odom_bridge:/home/useradd/dev_ws/install/robot_description:/home/useradd/dev_ws/install/my_doosan_pkg:/home/useradd/dev_ws/install/mobile_manipulator:/home/useradd/dev_ws/install/doosan_description:/home/useradd/dev_ws/install/bulldog_description:/opt/ros/humble /usr/bin/cmake /home/useradd/ros2_ws/src/moveit_resources/panda_description -DAMENT_CMAKE_SYMLINK_INSTALL=1 -DCMAKE_INSTALL_PREFIX=/home/useradd/ros2_ws/src/install/moveit_resources_panda_description
[3.851s] Invoking command in '/home/useradd/ros2_ws/src/build/moveit_resources_panda_description': CMAKE_PREFIX_PATH=${CMAKE_PREFIX_PATH}:/home/useradd/ros2_ws/install/twist_mux_bridge:/home/useradd/ros2_ws/install/odom_bridge:/home/useradd/dev_ws/install/robot_description:/home/useradd/dev_ws/install/my_doosan_pkg:/home/useradd/dev_ws/install/mobile_manipulator:/home/useradd/dev_ws/install/doosan_description:/home/useradd/dev_ws/install/bulldog_description:/opt/ros/humble /usr/bin/cmake --build /home/useradd/ros2_ws/src/build/moveit_resources_panda_description -- -j16 -l16
[3.878s] Invoked command in '/home/useradd/ros2_ws/src/build/moveit_resources_panda_description' returned '0': CMAKE_PREFIX_PATH=${CMAKE_PREFIX_PATH}:/home/useradd/ros2_ws/install/twist_mux_bridge:/home/useradd/ros2_ws/install/odom_bridge:/home/useradd/dev_ws/install/robot_description:/home/useradd/dev_ws/install/my_doosan_pkg:/home/useradd/dev_ws/install/mobile_manipulator:/home/useradd/dev_ws/install/doosan_description:/home/useradd/dev_ws/install/bulldog_description:/opt/ros/humble /usr/bin/cmake --build /home/useradd/ros2_ws/src/build/moveit_resources_panda_description -- -j16 -l16
[3.886s] Invoking command in '/home/useradd/ros2_ws/src/build/moveit_resources_panda_description': CMAKE_PREFIX_PATH=${CMAKE_PREFIX_PATH}:/home/useradd/ros2_ws/install/twist_mux_bridge:/home/useradd/ros2_ws/install/odom_bridge:/home/useradd/dev_ws/install/robot_description:/home/useradd/dev_ws/install/my_doosan_pkg:/home/useradd/dev_ws/install/mobile_manipulator:/home/useradd/dev_ws/install/doosan_description:/home/useradd/dev_ws/install/bulldog_description:/opt/ros/humble /usr/bin/cmake --install /home/useradd/ros2_ws/src/build/moveit_resources_panda_description
[3.891s] -- Install configuration: ""
[3.891s] -- Execute custom install script
[3.892s] -- Symlinking: /home/useradd/ros2_ws/src/install/moveit_resources_panda_description/share/ament_index/resource_index/package_run_dependencies/moveit_resources_panda_description
[3.899s] -- Symlinking: /home/useradd/ros2_ws/src/install/moveit_resources_panda_description/share/ament_index/resource_index/parent_prefix_path/moveit_resources_panda_description
[3.910s] -- Symlinking: /home/useradd/ros2_ws/src/install/moveit_resources_panda_description/share/moveit_resources_panda_description/environment/ament_prefix_path.sh
[3.917s] -- Symlinking: /home/useradd/ros2_ws/src/install/moveit_resources_panda_description/share/moveit_resources_panda_description/environment/ament_prefix_path.dsv
[3.924s] -- Symlinking: /home/useradd/ros2_ws/src/install/moveit_resources_panda_description/share/moveit_resources_panda_description/environment/path.sh
[3.931s] -- Symlinking: /home/useradd/ros2_ws/src/install/moveit_resources_panda_description/share/moveit_resources_panda_description/environment/path.dsv
[3.943s] -- Symlinking: /home/useradd/ros2_ws/src/install/moveit_resources_panda_description/share/moveit_resources_panda_description/local_setup.bash
[3.946s] -- Symlinking: /home/useradd/ros2_ws/src/install/moveit_resources_panda_description/share/moveit_resources_panda_description/local_setup.sh
[3.953s] -- Symlinking: /home/useradd/ros2_ws/src/install/moveit_resources_panda_description/share/moveit_resources_panda_description/local_setup.zsh
[3.964s] -- Symlinking: /home/useradd/ros2_ws/src/install/moveit_resources_panda_description/share/moveit_resources_panda_description/local_setup.dsv
[3.975s] -- Symlinking: /home/useradd/ros2_ws/src/install/moveit_resources_panda_description/share/moveit_resources_panda_description/package.dsv
[3.980s] -- Symlinking: /home/useradd/ros2_ws/src/install/moveit_resources_panda_description/share/ament_index/resource_index/packages/moveit_resources_panda_description
[3.988s] -- Symlinking: /home/useradd/ros2_ws/src/install/moveit_resources_panda_description/share/moveit_resources_panda_description/cmake/moveit_resources_panda_descriptionConfig.cmake
[3.997s] -- Symlinking: /home/useradd/ros2_ws/src/install/moveit_resources_panda_description/share/moveit_resources_panda_description/cmake/moveit_resources_panda_descriptionConfig-version.cmake
[4.003s] -- Symlinking: /home/useradd/ros2_ws/src/install/moveit_resources_panda_description/share/moveit_resources_panda_description/package.xml
[4.011s] -- Symlinking: /home/useradd/ros2_ws/src/install/moveit_resources_panda_description/share/moveit_resources_panda_description/meshes/collision/finger.stl
[4.018s] -- Symlinking: /home/useradd/ros2_ws/src/install/moveit_resources_panda_description/share/moveit_resources_panda_description/meshes/collision/hand.stl
[4.024s] -- Symlinking: /home/useradd/ros2_ws/src/install/moveit_resources_panda_description/share/moveit_resources_panda_description/meshes/collision/link0.stl
[4.032s] -- Symlinking: /home/useradd/ros2_ws/src/install/moveit_resources_panda_description/share/moveit_resources_panda_description/meshes/collision/link1.stl
[4.041s] -- Symlinking: /home/useradd/ros2_ws/src/install/moveit_resources_panda_description/share/moveit_resources_panda_description/meshes/collision/link2.stl
[4.047s] -- Symlinking: /home/useradd/ros2_ws/src/install/moveit_resources_panda_description/share/moveit_resources_panda_description/meshes/collision/link3.stl
[4.053s] -- Symlinking: /home/useradd/ros2_ws/src/install/moveit_resources_panda_description/share/moveit_resources_panda_description/meshes/collision/link4.stl
[4.059s] -- Symlinking: /home/useradd/ros2_ws/src/install/moveit_resources_panda_description/share/moveit_resources_panda_description/meshes/collision/link5.stl
[4.068s] -- Symlinking: /home/useradd/ros2_ws/src/install/moveit_resources_panda_description/share/moveit_resources_panda_description/meshes/collision/link6.stl
[4.076s] -- Symlinking: /home/useradd/ros2_ws/src/install/moveit_resources_panda_description/share/moveit_resources_panda_description/meshes/collision/link7.stl
[4.083s] -- Symlinking: /home/useradd/ros2_ws/src/install/moveit_resources_panda_description/share/moveit_resources_panda_description/meshes/visual/finger.dae
[4.089s] -- Symlinking: /home/useradd/ros2_ws/src/install/moveit_resources_panda_description/share/moveit_resources_panda_description/meshes/visual/hand.dae
[4.097s] -- Symlinking: /home/useradd/ros2_ws/src/install/moveit_resources_panda_description/share/moveit_resources_panda_description/meshes/visual/link0.dae
[4.103s] -- Symlinking: /home/useradd/ros2_ws/src/install/moveit_resources_panda_description/share/moveit_resources_panda_description/meshes/visual/link1.dae
[4.110s] -- Symlinking: /home/useradd/ros2_ws/src/install/moveit_resources_panda_description/share/moveit_resources_panda_description/meshes/visual/link2.dae
[4.119s] -- Symlinking: /home/useradd/ros2_ws/src/install/moveit_resources_panda_description/share/moveit_resources_panda_description/meshes/visual/link3.dae
[4.125s] -- Symlinking: /home/useradd/ros2_ws/src/install/moveit_resources_panda_description/share/moveit_resources_panda_description/meshes/visual/link4.dae
[4.132s] -- Symlinking: /home/useradd/ros2_ws/src/install/moveit_resources_panda_description/share/moveit_resources_panda_description/meshes/visual/link5.dae
[4.139s] -- Symlinking: /home/useradd/ros2_ws/src/install/moveit_resources_panda_description/share/moveit_resources_panda_description/meshes/visual/link6.dae
[4.145s] -- Symlinking: /home/useradd/ros2_ws/src/install/moveit_resources_panda_description/share/moveit_resources_panda_description/meshes/visual/link7.dae
[4.153s] -- Symlinking: /home/useradd/ros2_ws/src/install/moveit_resources_panda_description/share/moveit_resources_panda_description/urdf/panda.urdf
[4.159s] -- Symlinking: /home/useradd/ros2_ws/src/install/moveit_resources_panda_description/share/moveit_resources_panda_description/urdf/panda.urdf.xacro
[4.168s] Invoked command in '/home/useradd/ros2_ws/src/build/moveit_resources_panda_description' returned '0': CMAKE_PREFIX_PATH=${CMAKE_PREFIX_PATH}:/home/useradd/ros2_ws/install/twist_mux_bridge:/home/useradd/ros2_ws/install/odom_bridge:/home/useradd/dev_ws/install/robot_description:/home/useradd/dev_ws/install/my_doosan_pkg:/home/useradd/dev_ws/install/mobile_manipulator:/home/useradd/dev_ws/install/doosan_description:/home/useradd/dev_ws/install/bulldog_description:/opt/ros/humble /usr/bin/cmake --install /home/useradd/ros2_ws/src/build/moveit_resources_panda_description
