[0.066s] Invoking command in '/home/useradd/ros2_ws/src/build/moveit_resources_fanuc_description': CMAKE_PREFIX_PATH=${CMAKE_PREFIX_PATH}:/home/useradd/ros2_ws/install/twist_mux_bridge:/home/useradd/ros2_ws/install/odom_bridge:/home/useradd/dev_ws/install/robot_description:/home/useradd/dev_ws/install/my_doosan_pkg:/home/useradd/dev_ws/install/mobile_manipulator:/home/useradd/dev_ws/install/doosan_description:/home/useradd/dev_ws/install/bulldog_description:/opt/ros/humble /usr/bin/cmake /home/useradd/ros2_ws/src/moveit_resources/fanuc_description -DAMENT_CMAKE_SYMLINK_INSTALL=1 -DCMAKE_INSTALL_PREFIX=/home/useradd/ros2_ws/src/install/moveit_resources_fanuc_description
[0.401s] -- The C compiler identification is GNU 11.4.0
[1.958s] -- The CXX compiler identification is GNU 11.4.0
[3.178s] -- Detecting C compiler ABI info
[3.361s] -- Detecting C compiler ABI info - done
[3.368s] -- Check for working C compiler: /usr/bin/cc - skipped
[3.368s] -- Detecting C compile features
[3.368s] -- Detecting C compile features - done
[3.371s] -- Detecting CXX compiler ABI info
[3.513s] -- Detecting CXX compiler ABI info - done
[3.525s] -- Check for working CXX compiler: /usr/bin/c++ - skipped
[3.526s] -- Detecting CXX compile features
[3.526s] -- Detecting CXX compile features - done
[3.534s] -- Found ament_cmake: 1.3.11 (/opt/ros/humble/share/ament_cmake/cmake)
[3.760s] -- Found Python3: /usr/bin/python3 (found version "3.10.12") found components: Interpreter 
[3.831s] -- Override CMake install command with custom implementation using symlinks instead of copying resources
[3.948s] -- Configuring done
[3.957s] -- Generating done
[3.959s] -- Build files have been written to: /home/useradd/ros2_ws/src/build/moveit_resources_fanuc_description
[3.963s] Invoked command in '/home/useradd/ros2_ws/src/build/moveit_resources_fanuc_description' returned '0': CMAKE_PREFIX_PATH=${CMAKE_PREFIX_PATH}:/home/useradd/ros2_ws/install/twist_mux_bridge:/home/useradd/ros2_ws/install/odom_bridge:/home/useradd/dev_ws/install/robot_description:/home/useradd/dev_ws/install/my_doosan_pkg:/home/useradd/dev_ws/install/mobile_manipulator:/home/useradd/dev_ws/install/doosan_description:/home/useradd/dev_ws/install/bulldog_description:/opt/ros/humble /usr/bin/cmake /home/useradd/ros2_ws/src/moveit_resources/fanuc_description -DAMENT_CMAKE_SYMLINK_INSTALL=1 -DCMAKE_INSTALL_PREFIX=/home/useradd/ros2_ws/src/install/moveit_resources_fanuc_description
[3.966s] Invoking command in '/home/useradd/ros2_ws/src/build/moveit_resources_fanuc_description': CMAKE_PREFIX_PATH=${CMAKE_PREFIX_PATH}:/home/useradd/ros2_ws/install/twist_mux_bridge:/home/useradd/ros2_ws/install/odom_bridge:/home/useradd/dev_ws/install/robot_description:/home/useradd/dev_ws/install/my_doosan_pkg:/home/useradd/dev_ws/install/mobile_manipulator:/home/useradd/dev_ws/install/doosan_description:/home/useradd/dev_ws/install/bulldog_description:/opt/ros/humble /usr/bin/cmake --build /home/useradd/ros2_ws/src/build/moveit_resources_fanuc_description -- -j16 -l16
[3.994s] Invoked command in '/home/useradd/ros2_ws/src/build/moveit_resources_fanuc_description' returned '0': CMAKE_PREFIX_PATH=${CMAKE_PREFIX_PATH}:/home/useradd/ros2_ws/install/twist_mux_bridge:/home/useradd/ros2_ws/install/odom_bridge:/home/useradd/dev_ws/install/robot_description:/home/useradd/dev_ws/install/my_doosan_pkg:/home/useradd/dev_ws/install/mobile_manipulator:/home/useradd/dev_ws/install/doosan_description:/home/useradd/dev_ws/install/bulldog_description:/opt/ros/humble /usr/bin/cmake --build /home/useradd/ros2_ws/src/build/moveit_resources_fanuc_description -- -j16 -l16
[3.996s] Invoking command in '/home/useradd/ros2_ws/src/build/moveit_resources_fanuc_description': CMAKE_PREFIX_PATH=${CMAKE_PREFIX_PATH}:/home/useradd/ros2_ws/install/twist_mux_bridge:/home/useradd/ros2_ws/install/odom_bridge:/home/useradd/dev_ws/install/robot_description:/home/useradd/dev_ws/install/my_doosan_pkg:/home/useradd/dev_ws/install/mobile_manipulator:/home/useradd/dev_ws/install/doosan_description:/home/useradd/dev_ws/install/bulldog_description:/opt/ros/humble /usr/bin/cmake --install /home/useradd/ros2_ws/src/build/moveit_resources_fanuc_description
[4.002s] -- Install configuration: ""
[4.002s] -- Execute custom install script
[4.004s] -- Symlinking: /home/useradd/ros2_ws/src/install/moveit_resources_fanuc_description/share/ament_index/resource_index/package_run_dependencies/moveit_resources_fanuc_description
[4.010s] -- Symlinking: /home/useradd/ros2_ws/src/install/moveit_resources_fanuc_description/share/ament_index/resource_index/parent_prefix_path/moveit_resources_fanuc_description
[4.017s] -- Symlinking: /home/useradd/ros2_ws/src/install/moveit_resources_fanuc_description/share/moveit_resources_fanuc_description/environment/ament_prefix_path.sh
[4.025s] -- Symlinking: /home/useradd/ros2_ws/src/install/moveit_resources_fanuc_description/share/moveit_resources_fanuc_description/environment/ament_prefix_path.dsv
[4.031s] -- Symlinking: /home/useradd/ros2_ws/src/install/moveit_resources_fanuc_description/share/moveit_resources_fanuc_description/environment/path.sh
[4.038s] -- Symlinking: /home/useradd/ros2_ws/src/install/moveit_resources_fanuc_description/share/moveit_resources_fanuc_description/environment/path.dsv
[4.048s] -- Symlinking: /home/useradd/ros2_ws/src/install/moveit_resources_fanuc_description/share/moveit_resources_fanuc_description/local_setup.bash
[4.057s] -- Symlinking: /home/useradd/ros2_ws/src/install/moveit_resources_fanuc_description/share/moveit_resources_fanuc_description/local_setup.sh
[4.064s] -- Symlinking: /home/useradd/ros2_ws/src/install/moveit_resources_fanuc_description/share/moveit_resources_fanuc_description/local_setup.zsh
[4.071s] -- Symlinking: /home/useradd/ros2_ws/src/install/moveit_resources_fanuc_description/share/moveit_resources_fanuc_description/local_setup.dsv
[4.078s] -- Symlinking: /home/useradd/ros2_ws/src/install/moveit_resources_fanuc_description/share/moveit_resources_fanuc_description/package.dsv
[4.086s] -- Symlinking: /home/useradd/ros2_ws/src/install/moveit_resources_fanuc_description/share/ament_index/resource_index/packages/moveit_resources_fanuc_description
[4.092s] -- Symlinking: /home/useradd/ros2_ws/src/install/moveit_resources_fanuc_description/share/moveit_resources_fanuc_description/cmake/moveit_resources_fanuc_descriptionConfig.cmake
[4.099s] -- Symlinking: /home/useradd/ros2_ws/src/install/moveit_resources_fanuc_description/share/moveit_resources_fanuc_description/cmake/moveit_resources_fanuc_descriptionConfig-version.cmake
[4.106s] -- Symlinking: /home/useradd/ros2_ws/src/install/moveit_resources_fanuc_description/share/moveit_resources_fanuc_description/package.xml
[4.115s] -- Symlinking: /home/useradd/ros2_ws/src/install/moveit_resources_fanuc_description/share/moveit_resources_fanuc_description/meshes/collision/base_link.stl
[4.122s] -- Symlinking: /home/useradd/ros2_ws/src/install/moveit_resources_fanuc_description/share/moveit_resources_fanuc_description/meshes/collision/link_1.stl
[4.129s] -- Symlinking: /home/useradd/ros2_ws/src/install/moveit_resources_fanuc_description/share/moveit_resources_fanuc_description/meshes/collision/link_2.stl
[4.136s] -- Symlinking: /home/useradd/ros2_ws/src/install/moveit_resources_fanuc_description/share/moveit_resources_fanuc_description/meshes/collision/link_3.stl
[4.142s] -- Symlinking: /home/useradd/ros2_ws/src/install/moveit_resources_fanuc_description/share/moveit_resources_fanuc_description/meshes/collision/link_4.stl
[4.149s] -- Symlinking: /home/useradd/ros2_ws/src/install/moveit_resources_fanuc_description/share/moveit_resources_fanuc_description/meshes/collision/link_5.stl
[4.159s] -- Symlinking: /home/useradd/ros2_ws/src/install/moveit_resources_fanuc_description/share/moveit_resources_fanuc_description/meshes/collision/link_6.stl
[4.165s] -- Symlinking: /home/useradd/ros2_ws/src/install/moveit_resources_fanuc_description/share/moveit_resources_fanuc_description/meshes/visual/base_link.stl
[4.172s] -- Symlinking: /home/useradd/ros2_ws/src/install/moveit_resources_fanuc_description/share/moveit_resources_fanuc_description/meshes/visual/link_1.stl
[4.178s] -- Symlinking: /home/useradd/ros2_ws/src/install/moveit_resources_fanuc_description/share/moveit_resources_fanuc_description/meshes/visual/link_2.stl
[4.185s] -- Symlinking: /home/useradd/ros2_ws/src/install/moveit_resources_fanuc_description/share/moveit_resources_fanuc_description/meshes/visual/link_3.stl
[4.193s] -- Symlinking: /home/useradd/ros2_ws/src/install/moveit_resources_fanuc_description/share/moveit_resources_fanuc_description/meshes/visual/link_4.stl
[4.199s] -- Symlinking: /home/useradd/ros2_ws/src/install/moveit_resources_fanuc_description/share/moveit_resources_fanuc_description/meshes/visual/link_5.stl
[4.205s] -- Symlinking: /home/useradd/ros2_ws/src/install/moveit_resources_fanuc_description/share/moveit_resources_fanuc_description/meshes/visual/link_6.stl
[4.215s] -- Symlinking: /home/useradd/ros2_ws/src/install/moveit_resources_fanuc_description/share/moveit_resources_fanuc_description/urdf/fanuc.urdf
[4.226s] Invoked command in '/home/useradd/ros2_ws/src/build/moveit_resources_fanuc_description' returned '0': CMAKE_PREFIX_PATH=${CMAKE_PREFIX_PATH}:/home/useradd/ros2_ws/install/twist_mux_bridge:/home/useradd/ros2_ws/install/odom_bridge:/home/useradd/dev_ws/install/robot_description:/home/useradd/dev_ws/install/my_doosan_pkg:/home/useradd/dev_ws/install/mobile_manipulator:/home/useradd/dev_ws/install/doosan_description:/home/useradd/dev_ws/install/bulldog_description:/opt/ros/humble /usr/bin/cmake --install /home/useradd/ros2_ws/src/build/moveit_resources_fanuc_description
