running develop
Removing /home/useradd/ros2_ws/src/install/twist_mux_bridge/lib/python3.10/site-packages/twist-mux-bridge.egg-link (link to .)
running egg_info
writing ../build/twist_mux_bridge/twist_mux_bridge.egg-info/PKG-INFO
writing dependency_links to ../build/twist_mux_bridge/twist_mux_bridge.egg-info/dependency_links.txt
writing entry points to ../build/twist_mux_bridge/twist_mux_bridge.egg-info/entry_points.txt
writing requirements to ../build/twist_mux_bridge/twist_mux_bridge.egg-info/requires.txt
writing top-level names to ../build/twist_mux_bridge/twist_mux_bridge.egg-info/top_level.txt
reading manifest file '../build/twist_mux_bridge/twist_mux_bridge.egg-info/SOURCES.txt'
writing manifest file '../build/twist_mux_bridge/twist_mux_bridge.egg-info/SOURCES.txt'
running build
running build_py
creating /home/useradd/ros2_ws/src/build/twist_mux_bridge/build
creating /home/useradd/ros2_ws/src/build/twist_mux_bridge/build/lib
creating /home/useradd/ros2_ws/src/build/twist_mux_bridge/build/lib/twist_mux_bridge
copying twist_mux_bridge/__init__.py -> /home/useradd/ros2_ws/src/build/twist_mux_bridge/build/lib/twist_mux_bridge
copying twist_mux_bridge/twist_bridge_node.py -> /home/useradd/ros2_ws/src/build/twist_mux_bridge/build/lib/twist_mux_bridge
running install
running install_lib
creating /home/useradd/ros2_ws/src/install/twist_mux_bridge/lib/python3.10/site-packages/twist_mux_bridge
copying /home/useradd/ros2_ws/src/build/twist_mux_bridge/build/lib/twist_mux_bridge/__init__.py -> /home/useradd/ros2_ws/src/install/twist_mux_bridge/lib/python3.10/site-packages/twist_mux_bridge
copying /home/useradd/ros2_ws/src/build/twist_mux_bridge/build/lib/twist_mux_bridge/twist_bridge_node.py -> /home/useradd/ros2_ws/src/install/twist_mux_bridge/lib/python3.10/site-packages/twist_mux_bridge
byte-compiling /home/useradd/ros2_ws/src/install/twist_mux_bridge/lib/python3.10/site-packages/twist_mux_bridge/__init__.py to __init__.cpython-310.pyc
byte-compiling /home/useradd/ros2_ws/src/install/twist_mux_bridge/lib/python3.10/site-packages/twist_mux_bridge/twist_bridge_node.py to twist_bridge_node.cpython-310.pyc
running install_data
copying resource/twist_mux_bridge -> /home/useradd/ros2_ws/src/install/twist_mux_bridge/share/ament_index/resource_index/packages
copying package.xml -> /home/useradd/ros2_ws/src/install/twist_mux_bridge/share/twist_mux_bridge
running install_egg_info
Copying ../build/twist_mux_bridge/twist_mux_bridge.egg-info to /home/useradd/ros2_ws/src/install/twist_mux_bridge/lib/python3.10/site-packages/twist_mux_bridge-0.0.0-py3.10.egg-info
running install_scripts
Installing twist_bridge_node script to /home/useradd/ros2_ws/src/install/twist_mux_bridge/lib/twist_mux_bridge
writing list of installed files to '/home/useradd/ros2_ws/src/build/twist_mux_bridge/install.log'
