[0.218s] Invoking command in '/home/useradd/ros2_ws/src/build/moveit_resources_pr2_description': CMAKE_PREFIX_PATH=${CMAKE_PREFIX_PATH}:/home/useradd/ros2_ws/install/twist_mux_bridge:/home/useradd/ros2_ws/install/robot_navigation:/home/useradd/ros2_ws/install/robot_initial_pose:/home/useradd/ros2_ws/install/odom_bridge:/home/useradd/ros2_ws/install/mi_giro_final:/home/useradd/ros2_ws/install/cmd_vel_bridge:/home/useradd/dev_ws/install/robot_description:/home/useradd/dev_ws/install/my_doosan_pkg:/home/useradd/dev_ws/install/mobile_manipulator:/home/useradd/dev_ws/install/doosan_description:/home/useradd/dev_ws/install/bulldog_description:/opt/ros/humble /usr/bin/cmake /home/useradd/ros2_ws/src/moveit_resources/pr2_description -DCMAKE_INSTALL_PREFIX=/home/useradd/ros2_ws/src/install/moveit_resources_pr2_description
[2.983s] -- Found ament_cmake: 1.3.11 (/opt/ros/humble/share/ament_cmake/cmake)
[2.983s] -- Override CMake install command with custom implementation using symlinks instead of copying resources
[2.983s] -- Configuring done
[2.983s] -- Generating done
[2.983s] -- Build files have been written to: /home/useradd/ros2_ws/src/build/moveit_resources_pr2_description
[3.002s] Invoked command in '/home/useradd/ros2_ws/src/build/moveit_resources_pr2_description' returned '0': CMAKE_PREFIX_PATH=${CMAKE_PREFIX_PATH}:/home/useradd/ros2_ws/install/twist_mux_bridge:/home/useradd/ros2_ws/install/robot_navigation:/home/useradd/ros2_ws/install/robot_initial_pose:/home/useradd/ros2_ws/install/odom_bridge:/home/useradd/ros2_ws/install/mi_giro_final:/home/useradd/ros2_ws/install/cmd_vel_bridge:/home/useradd/dev_ws/install/robot_description:/home/useradd/dev_ws/install/my_doosan_pkg:/home/useradd/dev_ws/install/mobile_manipulator:/home/useradd/dev_ws/install/doosan_description:/home/useradd/dev_ws/install/bulldog_description:/opt/ros/humble /usr/bin/cmake /home/useradd/ros2_ws/src/moveit_resources/pr2_description -DCMAKE_INSTALL_PREFIX=/home/useradd/ros2_ws/src/install/moveit_resources_pr2_description
[3.003s] Invoking command in '/home/useradd/ros2_ws/src/build/moveit_resources_pr2_description': CMAKE_PREFIX_PATH=${CMAKE_PREFIX_PATH}:/home/useradd/ros2_ws/install/twist_mux_bridge:/home/useradd/ros2_ws/install/robot_navigation:/home/useradd/ros2_ws/install/robot_initial_pose:/home/useradd/ros2_ws/install/odom_bridge:/home/useradd/ros2_ws/install/mi_giro_final:/home/useradd/ros2_ws/install/cmd_vel_bridge:/home/useradd/dev_ws/install/robot_description:/home/useradd/dev_ws/install/my_doosan_pkg:/home/useradd/dev_ws/install/mobile_manipulator:/home/useradd/dev_ws/install/doosan_description:/home/useradd/dev_ws/install/bulldog_description:/opt/ros/humble /usr/bin/cmake --build /home/useradd/ros2_ws/src/build/moveit_resources_pr2_description -- -j16 -l16
[3.060s] Invoked command in '/home/useradd/ros2_ws/src/build/moveit_resources_pr2_description' returned '0': CMAKE_PREFIX_PATH=${CMAKE_PREFIX_PATH}:/home/useradd/ros2_ws/install/twist_mux_bridge:/home/useradd/ros2_ws/install/robot_navigation:/home/useradd/ros2_ws/install/robot_initial_pose:/home/useradd/ros2_ws/install/odom_bridge:/home/useradd/ros2_ws/install/mi_giro_final:/home/useradd/ros2_ws/install/cmd_vel_bridge:/home/useradd/dev_ws/install/robot_description:/home/useradd/dev_ws/install/my_doosan_pkg:/home/useradd/dev_ws/install/mobile_manipulator:/home/useradd/dev_ws/install/doosan_description:/home/useradd/dev_ws/install/bulldog_description:/opt/ros/humble /usr/bin/cmake --build /home/useradd/ros2_ws/src/build/moveit_resources_pr2_description -- -j16 -l16
[3.079s] Invoking command in '/home/useradd/ros2_ws/src/build/moveit_resources_pr2_description': CMAKE_PREFIX_PATH=${CMAKE_PREFIX_PATH}:/home/useradd/ros2_ws/install/twist_mux_bridge:/home/useradd/ros2_ws/install/robot_navigation:/home/useradd/ros2_ws/install/robot_initial_pose:/home/useradd/ros2_ws/install/odom_bridge:/home/useradd/ros2_ws/install/mi_giro_final:/home/useradd/ros2_ws/install/cmd_vel_bridge:/home/useradd/dev_ws/install/robot_description:/home/useradd/dev_ws/install/my_doosan_pkg:/home/useradd/dev_ws/install/mobile_manipulator:/home/useradd/dev_ws/install/doosan_description:/home/useradd/dev_ws/install/bulldog_description:/opt/ros/humble /usr/bin/cmake --install /home/useradd/ros2_ws/src/build/moveit_resources_pr2_description
[3.104s] -- Install configuration: ""
[3.104s] -- Execute custom install script
[3.104s] -- Up-to-date symlink: /home/useradd/ros2_ws/src/install/moveit_resources_pr2_description/share/ament_index/resource_index/package_run_dependencies/moveit_resources_pr2_description
[3.104s] -- Up-to-date symlink: /home/useradd/ros2_ws/src/install/moveit_resources_pr2_description/share/ament_index/resource_index/parent_prefix_path/moveit_resources_pr2_description
[3.106s] -- Up-to-date symlink: /home/useradd/ros2_ws/src/install/moveit_resources_pr2_description/share/moveit_resources_pr2_description/environment/ament_prefix_path.sh
[3.106s] -- Up-to-date symlink: /home/useradd/ros2_ws/src/install/moveit_resources_pr2_description/share/moveit_resources_pr2_description/environment/ament_prefix_path.dsv
[3.108s] -- Up-to-date symlink: /home/useradd/ros2_ws/src/install/moveit_resources_pr2_description/share/moveit_resources_pr2_description/environment/path.sh
[3.109s] -- Up-to-date symlink: /home/useradd/ros2_ws/src/install/moveit_resources_pr2_description/share/moveit_resources_pr2_description/environment/path.dsv
[3.111s] -- Up-to-date symlink: /home/useradd/ros2_ws/src/install/moveit_resources_pr2_description/share/moveit_resources_pr2_description/local_setup.bash
[3.114s] -- Up-to-date symlink: /home/useradd/ros2_ws/src/install/moveit_resources_pr2_description/share/moveit_resources_pr2_description/local_setup.sh
[3.114s] -- Up-to-date symlink: /home/useradd/ros2_ws/src/install/moveit_resources_pr2_description/share/moveit_resources_pr2_description/local_setup.zsh
[3.114s] -- Up-to-date symlink: /home/useradd/ros2_ws/src/install/moveit_resources_pr2_description/share/moveit_resources_pr2_description/local_setup.dsv
[3.114s] -- Symlinking: /home/useradd/ros2_ws/src/install/moveit_resources_pr2_description/share/moveit_resources_pr2_description/package.dsv
[3.145s] -- Up-to-date symlink: /home/useradd/ros2_ws/src/install/moveit_resources_pr2_description/share/ament_index/resource_index/packages/moveit_resources_pr2_description
[3.145s] -- Up-to-date symlink: /home/useradd/ros2_ws/src/install/moveit_resources_pr2_description/share/moveit_resources_pr2_description/cmake/moveit_resources_pr2_descriptionConfig.cmake
[3.146s] -- Up-to-date symlink: /home/useradd/ros2_ws/src/install/moveit_resources_pr2_description/share/moveit_resources_pr2_description/cmake/moveit_resources_pr2_descriptionConfig-version.cmake
[3.152s] -- Up-to-date symlink: /home/useradd/ros2_ws/src/install/moveit_resources_pr2_description/share/moveit_resources_pr2_description/package.xml
[3.153s] -- Up-to-date symlink: /home/useradd/ros2_ws/src/install/moveit_resources_pr2_description/share/moveit_resources_pr2_description/srdf/robot.xml
[3.181s] -- Up-to-date symlink: /home/useradd/ros2_ws/src/install/moveit_resources_pr2_description/share/moveit_resources_pr2_description/urdf/materials/textures/pr2_caster_texture.png
[3.181s] -- Up-to-date symlink: /home/useradd/ros2_ws/src/install/moveit_resources_pr2_description/share/moveit_resources_pr2_description/urdf/materials/textures/pr2_wheel_left.png
[3.181s] -- Up-to-date symlink: /home/useradd/ros2_ws/src/install/moveit_resources_pr2_description/share/moveit_resources_pr2_description/urdf/materials/textures/pr2_wheel_right.png
[3.192s] -- Up-to-date symlink: /home/useradd/ros2_ws/src/install/moveit_resources_pr2_description/share/moveit_resources_pr2_description/urdf/meshes/base_v0/base.dae
[3.201s] -- Up-to-date symlink: /home/useradd/ros2_ws/src/install/moveit_resources_pr2_description/share/moveit_resources_pr2_description/urdf/meshes/base_v0/base.stl
[3.217s] -- Up-to-date symlink: /home/useradd/ros2_ws/src/install/moveit_resources_pr2_description/share/moveit_resources_pr2_description/urdf/meshes/base_v0/base_L.stl
[3.222s] -- Up-to-date symlink: /home/useradd/ros2_ws/src/install/moveit_resources_pr2_description/share/moveit_resources_pr2_description/urdf/meshes/base_v0/base_color.tif
[3.222s] -- Up-to-date symlink: /home/useradd/ros2_ws/src/install/moveit_resources_pr2_description/share/moveit_resources_pr2_description/urdf/meshes/base_v0/base_normals.tif
[3.236s] -- Up-to-date symlink: /home/useradd/ros2_ws/src/install/moveit_resources_pr2_description/share/moveit_resources_pr2_description/urdf/meshes/base_v0/caster.stl
[3.236s] -- Up-to-date symlink: /home/useradd/ros2_ws/src/install/moveit_resources_pr2_description/share/moveit_resources_pr2_description/urdf/meshes/base_v0/caster_L.stl
[3.240s] -- Up-to-date symlink: /home/useradd/ros2_ws/src/install/moveit_resources_pr2_description/share/moveit_resources_pr2_description/urdf/meshes/base_v0/convex/base.dae
[3.241s] -- Up-to-date symlink: /home/useradd/ros2_ws/src/install/moveit_resources_pr2_description/share/moveit_resources_pr2_description/urdf/meshes/base_v0/convex/base.xml
[3.241s] -- Up-to-date symlink: /home/useradd/ros2_ws/src/install/moveit_resources_pr2_description/share/moveit_resources_pr2_description/urdf/meshes/base_v0/convex/base_L.dae
[3.241s] -- Up-to-date symlink: /home/useradd/ros2_ws/src/install/moveit_resources_pr2_description/share/moveit_resources_pr2_description/urdf/meshes/base_v0/convex/base_L.xml
[3.241s] -- Up-to-date symlink: /home/useradd/ros2_ws/src/install/moveit_resources_pr2_description/share/moveit_resources_pr2_description/urdf/meshes/base_v0/convex/base_L_convex.stla
[3.248s] -- Up-to-date symlink: /home/useradd/ros2_ws/src/install/moveit_resources_pr2_description/share/moveit_resources_pr2_description/urdf/meshes/base_v0/convex/base_L_convex.stlb
[3.248s] -- Up-to-date symlink: /home/useradd/ros2_ws/src/install/moveit_resources_pr2_description/share/moveit_resources_pr2_description/urdf/meshes/base_v0/convex/base_convex.stla
[3.249s] -- Up-to-date symlink: /home/useradd/ros2_ws/src/install/moveit_resources_pr2_description/share/moveit_resources_pr2_description/urdf/meshes/base_v0/convex/base_convex.stlb
[3.250s] -- Up-to-date symlink: /home/useradd/ros2_ws/src/install/moveit_resources_pr2_description/share/moveit_resources_pr2_description/urdf/meshes/base_v0/convex/caster.dae
[3.250s] -- Up-to-date symlink: /home/useradd/ros2_ws/src/install/moveit_resources_pr2_description/share/moveit_resources_pr2_description/urdf/meshes/base_v0/convex/caster.xml
[3.250s] -- Up-to-date symlink: /home/useradd/ros2_ws/src/install/moveit_resources_pr2_description/share/moveit_resources_pr2_description/urdf/meshes/base_v0/convex/caster_L.dae
[3.250s] -- Up-to-date symlink: /home/useradd/ros2_ws/src/install/moveit_resources_pr2_description/share/moveit_resources_pr2_description/urdf/meshes/base_v0/convex/caster_L.xml
[3.250s] -- Up-to-date symlink: /home/useradd/ros2_ws/src/install/moveit_resources_pr2_description/share/moveit_resources_pr2_description/urdf/meshes/base_v0/convex/caster_L_convex.stla
[3.250s] -- Up-to-date symlink: /home/useradd/ros2_ws/src/install/moveit_resources_pr2_description/share/moveit_resources_pr2_description/urdf/meshes/base_v0/convex/caster_L_convex.stlb
[3.255s] -- Up-to-date symlink: /home/useradd/ros2_ws/src/install/moveit_resources_pr2_description/share/moveit_resources_pr2_description/urdf/meshes/base_v0/convex/caster_convex.stla
[3.256s] -- Up-to-date symlink: /home/useradd/ros2_ws/src/install/moveit_resources_pr2_description/share/moveit_resources_pr2_description/urdf/meshes/base_v0/convex/caster_convex.stlb
[3.256s] -- Up-to-date symlink: /home/useradd/ros2_ws/src/install/moveit_resources_pr2_description/share/moveit_resources_pr2_description/urdf/meshes/base_v0/convex/pr2_wheel.dae
[3.264s] -- Up-to-date symlink: /home/useradd/ros2_ws/src/install/moveit_resources_pr2_description/share/moveit_resources_pr2_description/urdf/meshes/base_v0/convex/pr2_wheel.xml
[3.265s] -- Up-to-date symlink: /home/useradd/ros2_ws/src/install/moveit_resources_pr2_description/share/moveit_resources_pr2_description/urdf/meshes/base_v0/convex/pr2_wheel_convex.stla
[3.265s] -- Up-to-date symlink: /home/useradd/ros2_ws/src/install/moveit_resources_pr2_description/share/moveit_resources_pr2_description/urdf/meshes/base_v0/convex/pr2_wheel_convex.stlb
[3.265s] -- Up-to-date symlink: /home/useradd/ros2_ws/src/install/moveit_resources_pr2_description/share/moveit_resources_pr2_description/urdf/meshes/base_v0/convex/wheel.dae
[3.273s] -- Up-to-date symlink: /home/useradd/ros2_ws/src/install/moveit_resources_pr2_description/share/moveit_resources_pr2_description/urdf/meshes/base_v0/convex/wheel.xml
[3.273s] -- Up-to-date symlink: /home/useradd/ros2_ws/src/install/moveit_resources_pr2_description/share/moveit_resources_pr2_description/urdf/meshes/base_v0/convex/wheel_convex.stla
[3.274s] -- Up-to-date symlink: /home/useradd/ros2_ws/src/install/moveit_resources_pr2_description/share/moveit_resources_pr2_description/urdf/meshes/base_v0/convex/wheel_convex.stlb
[3.276s] -- Up-to-date symlink: /home/useradd/ros2_ws/src/install/moveit_resources_pr2_description/share/moveit_resources_pr2_description/urdf/meshes/base_v0/pr2_wheel.stl
[3.281s] -- Up-to-date symlink: /home/useradd/ros2_ws/src/install/moveit_resources_pr2_description/share/moveit_resources_pr2_description/urdf/meshes/base_v0/wheel.dae
[3.282s] -- Up-to-date symlink: /home/useradd/ros2_ws/src/install/moveit_resources_pr2_description/share/moveit_resources_pr2_description/urdf/meshes/base_v0/wheel.stl
[3.298s] -- Up-to-date symlink: /home/useradd/ros2_ws/src/install/moveit_resources_pr2_description/share/moveit_resources_pr2_description/urdf/meshes/base_v0/wheel_color.tif
[3.299s] -- Up-to-date symlink: /home/useradd/ros2_ws/src/install/moveit_resources_pr2_description/share/moveit_resources_pr2_description/urdf/meshes/base_v0/wheel_h.dae
[3.299s] -- Up-to-date symlink: /home/useradd/ros2_ws/src/install/moveit_resources_pr2_description/share/moveit_resources_pr2_description/urdf/meshes/base_v0/wheel_h_color.tif
[3.299s] -- Up-to-date symlink: /home/useradd/ros2_ws/src/install/moveit_resources_pr2_description/share/moveit_resources_pr2_description/urdf/meshes/base_v0/wheel_normals.tif
[3.300s] -- Up-to-date symlink: /home/useradd/ros2_ws/src/install/moveit_resources_pr2_description/share/moveit_resources_pr2_description/urdf/meshes/forearm_v0/convex/forearm.dae
[3.300s] -- Up-to-date symlink: /home/useradd/ros2_ws/src/install/moveit_resources_pr2_description/share/moveit_resources_pr2_description/urdf/meshes/forearm_v0/convex/forearm.xml
[3.304s] -- Up-to-date symlink: /home/useradd/ros2_ws/src/install/moveit_resources_pr2_description/share/moveit_resources_pr2_description/urdf/meshes/forearm_v0/convex/forearm_convex.stla
[3.304s] -- Up-to-date symlink: /home/useradd/ros2_ws/src/install/moveit_resources_pr2_description/share/moveit_resources_pr2_description/urdf/meshes/forearm_v0/convex/forearm_convex.stlb
[3.305s] -- Up-to-date symlink: /home/useradd/ros2_ws/src/install/moveit_resources_pr2_description/share/moveit_resources_pr2_description/urdf/meshes/forearm_v0/convex/wrist_flex.dae
[3.308s] -- Up-to-date symlink: /home/useradd/ros2_ws/src/install/moveit_resources_pr2_description/share/moveit_resources_pr2_description/urdf/meshes/forearm_v0/convex/wrist_flex.xml
[3.319s] -- Up-to-date symlink: /home/useradd/ros2_ws/src/install/moveit_resources_pr2_description/share/moveit_resources_pr2_description/urdf/meshes/forearm_v0/convex/wrist_flex_convex.stla
[3.319s] -- Up-to-date symlink: /home/useradd/ros2_ws/src/install/moveit_resources_pr2_description/share/moveit_resources_pr2_description/urdf/meshes/forearm_v0/convex/wrist_flex_convex.stlb
[3.319s] -- Up-to-date symlink: /home/useradd/ros2_ws/src/install/moveit_resources_pr2_description/share/moveit_resources_pr2_description/urdf/meshes/forearm_v0/convex/wrist_roll.dae
[3.326s] -- Up-to-date symlink: /home/useradd/ros2_ws/src/install/moveit_resources_pr2_description/share/moveit_resources_pr2_description/urdf/meshes/forearm_v0/convex/wrist_roll.xml
[3.328s] -- Up-to-date symlink: /home/useradd/ros2_ws/src/install/moveit_resources_pr2_description/share/moveit_resources_pr2_description/urdf/meshes/forearm_v0/convex/wrist_roll_L.dae
[3.329s] -- Up-to-date symlink: /home/useradd/ros2_ws/src/install/moveit_resources_pr2_description/share/moveit_resources_pr2_description/urdf/meshes/forearm_v0/convex/wrist_roll_L.xml
[3.329s] -- Up-to-date symlink: /home/useradd/ros2_ws/src/install/moveit_resources_pr2_description/share/moveit_resources_pr2_description/urdf/meshes/forearm_v0/convex/wrist_roll_L_convex.stla
[3.331s] -- Up-to-date symlink: /home/useradd/ros2_ws/src/install/moveit_resources_pr2_description/share/moveit_resources_pr2_description/urdf/meshes/forearm_v0/convex/wrist_roll_L_convex.stlb
[3.331s] -- Up-to-date symlink: /home/useradd/ros2_ws/src/install/moveit_resources_pr2_description/share/moveit_resources_pr2_description/urdf/meshes/forearm_v0/convex/wrist_roll_convex.stla
[3.334s] -- Up-to-date symlink: /home/useradd/ros2_ws/src/install/moveit_resources_pr2_description/share/moveit_resources_pr2_description/urdf/meshes/forearm_v0/convex/wrist_roll_convex.stlb
[3.335s] -- Up-to-date symlink: /home/useradd/ros2_ws/src/install/moveit_resources_pr2_description/share/moveit_resources_pr2_description/urdf/meshes/forearm_v0/forearm.dae
[3.335s] -- Up-to-date symlink: /home/useradd/ros2_ws/src/install/moveit_resources_pr2_description/share/moveit_resources_pr2_description/urdf/meshes/forearm_v0/forearm.jpg
[3.336s] -- Up-to-date symlink: /home/useradd/ros2_ws/src/install/moveit_resources_pr2_description/share/moveit_resources_pr2_description/urdf/meshes/forearm_v0/forearm.stl
[3.336s] -- Up-to-date symlink: /home/useradd/ros2_ws/src/install/moveit_resources_pr2_description/share/moveit_resources_pr2_description/urdf/meshes/forearm_v0/forearm_color.tif
[3.341s] -- Up-to-date symlink: /home/useradd/ros2_ws/src/install/moveit_resources_pr2_description/share/moveit_resources_pr2_description/urdf/meshes/forearm_v0/forearm_normals.tif
[3.342s] -- Up-to-date symlink: /home/useradd/ros2_ws/src/install/moveit_resources_pr2_description/share/moveit_resources_pr2_description/urdf/meshes/forearm_v0/wrist_color.tif
[3.342s] -- Up-to-date symlink: /home/useradd/ros2_ws/src/install/moveit_resources_pr2_description/share/moveit_resources_pr2_description/urdf/meshes/forearm_v0/wrist_flex.dae
[3.342s] -- Up-to-date symlink: /home/useradd/ros2_ws/src/install/moveit_resources_pr2_description/share/moveit_resources_pr2_description/urdf/meshes/forearm_v0/wrist_flex.stl
[3.344s] -- Up-to-date symlink: /home/useradd/ros2_ws/src/install/moveit_resources_pr2_description/share/moveit_resources_pr2_description/urdf/meshes/forearm_v0/wrist_normals.tif
[3.344s] -- Up-to-date symlink: /home/useradd/ros2_ws/src/install/moveit_resources_pr2_description/share/moveit_resources_pr2_description/urdf/meshes/forearm_v0/wrist_roll.stl
[3.363s] -- Up-to-date symlink: /home/useradd/ros2_ws/src/install/moveit_resources_pr2_description/share/moveit_resources_pr2_description/urdf/meshes/forearm_v0/wrist_roll_L.stl
[3.370s] -- Up-to-date symlink: /home/useradd/ros2_ws/src/install/moveit_resources_pr2_description/share/moveit_resources_pr2_description/urdf/meshes/gripper_v0/convex/finger_tip_l.dae
[3.376s] -- Up-to-date symlink: /home/useradd/ros2_ws/src/install/moveit_resources_pr2_description/share/moveit_resources_pr2_description/urdf/meshes/gripper_v0/convex/finger_tip_l.xml
[3.378s] -- Up-to-date symlink: /home/useradd/ros2_ws/src/install/moveit_resources_pr2_description/share/moveit_resources_pr2_description/urdf/meshes/gripper_v0/convex/finger_tip_l_convex.stla
[3.379s] -- Up-to-date symlink: /home/useradd/ros2_ws/src/install/moveit_resources_pr2_description/share/moveit_resources_pr2_description/urdf/meshes/gripper_v0/convex/finger_tip_l_convex.stlb
[3.380s] -- Up-to-date symlink: /home/useradd/ros2_ws/src/install/moveit_resources_pr2_description/share/moveit_resources_pr2_description/urdf/meshes/gripper_v0/convex/finger_tip_pad2_l.dae
[3.380s] -- Up-to-date symlink: /home/useradd/ros2_ws/src/install/moveit_resources_pr2_description/share/moveit_resources_pr2_description/urdf/meshes/gripper_v0/convex/finger_tip_pad2_l.xml
[3.380s] -- Up-to-date symlink: /home/useradd/ros2_ws/src/install/moveit_resources_pr2_description/share/moveit_resources_pr2_description/urdf/meshes/gripper_v0/convex/finger_tip_pad2_l_convex.stla
[3.381s] -- Up-to-date symlink: /home/useradd/ros2_ws/src/install/moveit_resources_pr2_description/share/moveit_resources_pr2_description/urdf/meshes/gripper_v0/convex/finger_tip_pad2_l_convex.stlb
[3.383s] -- Up-to-date symlink: /home/useradd/ros2_ws/src/install/moveit_resources_pr2_description/share/moveit_resources_pr2_description/urdf/meshes/gripper_v0/convex/finger_tip_pad2_r.dae
[3.389s] -- Up-to-date symlink: /home/useradd/ros2_ws/src/install/moveit_resources_pr2_description/share/moveit_resources_pr2_description/urdf/meshes/gripper_v0/convex/finger_tip_pad2_r.xml
[3.405s] -- Up-to-date symlink: /home/useradd/ros2_ws/src/install/moveit_resources_pr2_description/share/moveit_resources_pr2_description/urdf/meshes/gripper_v0/convex/finger_tip_pad2_r_convex.stla
[3.406s] -- Up-to-date symlink: /home/useradd/ros2_ws/src/install/moveit_resources_pr2_description/share/moveit_resources_pr2_description/urdf/meshes/gripper_v0/convex/finger_tip_pad2_r_convex.stlb
[3.407s] -- Up-to-date symlink: /home/useradd/ros2_ws/src/install/moveit_resources_pr2_description/share/moveit_resources_pr2_description/urdf/meshes/gripper_v0/convex/finger_tip_r.dae
[3.407s] -- Up-to-date symlink: /home/useradd/ros2_ws/src/install/moveit_resources_pr2_description/share/moveit_resources_pr2_description/urdf/meshes/gripper_v0/convex/finger_tip_r.xml
[3.407s] -- Up-to-date symlink: /home/useradd/ros2_ws/src/install/moveit_resources_pr2_description/share/moveit_resources_pr2_description/urdf/meshes/gripper_v0/convex/finger_tip_r_convex.stla
[3.411s] -- Up-to-date symlink: /home/useradd/ros2_ws/src/install/moveit_resources_pr2_description/share/moveit_resources_pr2_description/urdf/meshes/gripper_v0/convex/finger_tip_r_convex.stlb
[3.411s] -- Up-to-date symlink: /home/useradd/ros2_ws/src/install/moveit_resources_pr2_description/share/moveit_resources_pr2_description/urdf/meshes/gripper_v0/convex/gripper_palm.dae
[3.411s] -- Up-to-date symlink: /home/useradd/ros2_ws/src/install/moveit_resources_pr2_description/share/moveit_resources_pr2_description/urdf/meshes/gripper_v0/convex/gripper_palm.xml
[3.411s] -- Up-to-date symlink: /home/useradd/ros2_ws/src/install/moveit_resources_pr2_description/share/moveit_resources_pr2_description/urdf/meshes/gripper_v0/convex/gripper_palm_convex.stla
[3.411s] -- Up-to-date symlink: /home/useradd/ros2_ws/src/install/moveit_resources_pr2_description/share/moveit_resources_pr2_description/urdf/meshes/gripper_v0/convex/gripper_palm_convex.stlb
[3.411s] -- Up-to-date symlink: /home/useradd/ros2_ws/src/install/moveit_resources_pr2_description/share/moveit_resources_pr2_description/urdf/meshes/gripper_v0/convex/l_finger.dae
[3.411s] -- Up-to-date symlink: /home/useradd/ros2_ws/src/install/moveit_resources_pr2_description/share/moveit_resources_pr2_description/urdf/meshes/gripper_v0/convex/l_finger.xml
[3.411s] -- Up-to-date symlink: /home/useradd/ros2_ws/src/install/moveit_resources_pr2_description/share/moveit_resources_pr2_description/urdf/meshes/gripper_v0/convex/l_finger_convex.stla
[3.411s] -- Up-to-date symlink: /home/useradd/ros2_ws/src/install/moveit_resources_pr2_description/share/moveit_resources_pr2_description/urdf/meshes/gripper_v0/convex/l_finger_convex.stlb
[3.412s] -- Up-to-date symlink: /home/useradd/ros2_ws/src/install/moveit_resources_pr2_description/share/moveit_resources_pr2_description/urdf/meshes/gripper_v0/convex/l_finger_tip.dae
[3.413s] -- Up-to-date symlink: /home/useradd/ros2_ws/src/install/moveit_resources_pr2_description/share/moveit_resources_pr2_description/urdf/meshes/gripper_v0/convex/l_finger_tip.xml
[3.413s] -- Up-to-date symlink: /home/useradd/ros2_ws/src/install/moveit_resources_pr2_description/share/moveit_resources_pr2_description/urdf/meshes/gripper_v0/convex/l_finger_tip_convex.stla
[3.413s] -- Up-to-date symlink: /home/useradd/ros2_ws/src/install/moveit_resources_pr2_description/share/moveit_resources_pr2_description/urdf/meshes/gripper_v0/convex/l_finger_tip_convex.stlb
[3.413s] -- Up-to-date symlink: /home/useradd/ros2_ws/src/install/moveit_resources_pr2_description/share/moveit_resources_pr2_description/urdf/meshes/gripper_v0/convex/l_floating.dae
[3.413s] -- Up-to-date symlink: /home/useradd/ros2_ws/src/install/moveit_resources_pr2_description/share/moveit_resources_pr2_description/urdf/meshes/gripper_v0/convex/l_floating.xml
[3.413s] -- Up-to-date symlink: /home/useradd/ros2_ws/src/install/moveit_resources_pr2_description/share/moveit_resources_pr2_description/urdf/meshes/gripper_v0/convex/l_floating_convex.stla
[3.419s] -- Up-to-date symlink: /home/useradd/ros2_ws/src/install/moveit_resources_pr2_description/share/moveit_resources_pr2_description/urdf/meshes/gripper_v0/convex/l_floating_convex.stlb
[3.419s] -- Up-to-date symlink: /home/useradd/ros2_ws/src/install/moveit_resources_pr2_description/share/moveit_resources_pr2_description/urdf/meshes/gripper_v0/convex/upper_finger_l.dae
[3.419s] -- Up-to-date symlink: /home/useradd/ros2_ws/src/install/moveit_resources_pr2_description/share/moveit_resources_pr2_description/urdf/meshes/gripper_v0/convex/upper_finger_l.xml
[3.419s] -- Up-to-date symlink: /home/useradd/ros2_ws/src/install/moveit_resources_pr2_description/share/moveit_resources_pr2_description/urdf/meshes/gripper_v0/convex/upper_finger_l_convex.stla
[3.420s] -- Up-to-date symlink: /home/useradd/ros2_ws/src/install/moveit_resources_pr2_description/share/moveit_resources_pr2_description/urdf/meshes/gripper_v0/convex/upper_finger_l_convex.stlb
[3.420s] -- Up-to-date symlink: /home/useradd/ros2_ws/src/install/moveit_resources_pr2_description/share/moveit_resources_pr2_description/urdf/meshes/gripper_v0/convex/upper_finger_r.dae
[3.422s] -- Up-to-date symlink: /home/useradd/ros2_ws/src/install/moveit_resources_pr2_description/share/moveit_resources_pr2_description/urdf/meshes/gripper_v0/convex/upper_finger_r.xml
[3.422s] -- Up-to-date symlink: /home/useradd/ros2_ws/src/install/moveit_resources_pr2_description/share/moveit_resources_pr2_description/urdf/meshes/gripper_v0/convex/upper_finger_r_convex.stla
[3.423s] -- Up-to-date symlink: /home/useradd/ros2_ws/src/install/moveit_resources_pr2_description/share/moveit_resources_pr2_description/urdf/meshes/gripper_v0/convex/upper_finger_r_convex.stlb
[3.423s] -- Up-to-date symlink: /home/useradd/ros2_ws/src/install/moveit_resources_pr2_description/share/moveit_resources_pr2_description/urdf/meshes/gripper_v0/finger_H_Color_100430.tif
[3.423s] -- Up-to-date symlink: /home/useradd/ros2_ws/src/install/moveit_resources_pr2_description/share/moveit_resources_pr2_description/urdf/meshes/gripper_v0/finger_H_UV_100430.dae
[3.424s] -- Up-to-date symlink: /home/useradd/ros2_ws/src/install/moveit_resources_pr2_description/share/moveit_resources_pr2_description/urdf/meshes/gripper_v0/finger_tip_H_UV_100430.dae
[3.424s] -- Up-to-date symlink: /home/useradd/ros2_ws/src/install/moveit_resources_pr2_description/share/moveit_resources_pr2_description/urdf/meshes/gripper_v0/finger_tip_l.stl
[3.424s] -- Up-to-date symlink: /home/useradd/ros2_ws/src/install/moveit_resources_pr2_description/share/moveit_resources_pr2_description/urdf/meshes/gripper_v0/finger_tip_pad2_l.stl
[3.424s] -- Up-to-date symlink: /home/useradd/ros2_ws/src/install/moveit_resources_pr2_description/share/moveit_resources_pr2_description/urdf/meshes/gripper_v0/finger_tip_pad2_r.stl
[3.424s] -- Up-to-date symlink: /home/useradd/ros2_ws/src/install/moveit_resources_pr2_description/share/moveit_resources_pr2_description/urdf/meshes/gripper_v0/finger_tip_r.stl
[3.424s] -- Up-to-date symlink: /home/useradd/ros2_ws/src/install/moveit_resources_pr2_description/share/moveit_resources_pr2_description/urdf/meshes/gripper_v0/fingertip_H_Color_100430.tif
[3.424s] -- Up-to-date symlink: /home/useradd/ros2_ws/src/install/moveit_resources_pr2_description/share/moveit_resources_pr2_description/urdf/meshes/gripper_v0/float_H_Color_100430.tif
[3.424s] -- Up-to-date symlink: /home/useradd/ros2_ws/src/install/moveit_resources_pr2_description/share/moveit_resources_pr2_description/urdf/meshes/gripper_v0/float_H_UV_100430.dae
[3.425s] -- Up-to-date symlink: /home/useradd/ros2_ws/src/install/moveit_resources_pr2_description/share/moveit_resources_pr2_description/urdf/meshes/gripper_v0/gripper_palm.dae
[3.427s] -- Up-to-date symlink: /home/useradd/ros2_ws/src/install/moveit_resources_pr2_description/share/moveit_resources_pr2_description/urdf/meshes/gripper_v0/gripper_palm.stl
[3.427s] -- Up-to-date symlink: /home/useradd/ros2_ws/src/install/moveit_resources_pr2_description/share/moveit_resources_pr2_description/urdf/meshes/gripper_v0/gripper_palm_color.tif
[3.428s] -- Up-to-date symlink: /home/useradd/ros2_ws/src/install/moveit_resources_pr2_description/share/moveit_resources_pr2_description/urdf/meshes/gripper_v0/gripper_palm_normals.tif
[3.428s] -- Up-to-date symlink: /home/useradd/ros2_ws/src/install/moveit_resources_pr2_description/share/moveit_resources_pr2_description/urdf/meshes/gripper_v0/l_finger.dae
[3.428s] -- Up-to-date symlink: /home/useradd/ros2_ws/src/install/moveit_resources_pr2_description/share/moveit_resources_pr2_description/urdf/meshes/gripper_v0/l_finger.stl
[3.428s] -- Up-to-date symlink: /home/useradd/ros2_ws/src/install/moveit_resources_pr2_description/share/moveit_resources_pr2_description/urdf/meshes/gripper_v0/l_finger_color.tif
[3.428s] -- Up-to-date symlink: /home/useradd/ros2_ws/src/install/moveit_resources_pr2_description/share/moveit_resources_pr2_description/urdf/meshes/gripper_v0/l_finger_normals.tif
[3.428s] -- Up-to-date symlink: /home/useradd/ros2_ws/src/install/moveit_resources_pr2_description/share/moveit_resources_pr2_description/urdf/meshes/gripper_v0/l_finger_tip.dae
[3.428s] -- Up-to-date symlink: /home/useradd/ros2_ws/src/install/moveit_resources_pr2_description/share/moveit_resources_pr2_description/urdf/meshes/gripper_v0/l_finger_tip.stl
[3.440s] -- Up-to-date symlink: /home/useradd/ros2_ws/src/install/moveit_resources_pr2_description/share/moveit_resources_pr2_description/urdf/meshes/gripper_v0/l_finger_tip_color.tif
[3.441s] -- Up-to-date symlink: /home/useradd/ros2_ws/src/install/moveit_resources_pr2_description/share/moveit_resources_pr2_description/urdf/meshes/gripper_v0/l_finger_tip_normals.tif
[3.441s] -- Up-to-date symlink: /home/useradd/ros2_ws/src/install/moveit_resources_pr2_description/share/moveit_resources_pr2_description/urdf/meshes/gripper_v0/l_float.dae
[3.442s] -- Up-to-date symlink: /home/useradd/ros2_ws/src/install/moveit_resources_pr2_description/share/moveit_resources_pr2_description/urdf/meshes/gripper_v0/l_float_color.tif
[3.442s] -- Up-to-date symlink: /home/useradd/ros2_ws/src/install/moveit_resources_pr2_description/share/moveit_resources_pr2_description/urdf/meshes/gripper_v0/l_float_normals.tif
[3.442s] -- Up-to-date symlink: /home/useradd/ros2_ws/src/install/moveit_resources_pr2_description/share/moveit_resources_pr2_description/urdf/meshes/gripper_v0/l_floating.stl
[3.443s] -- Up-to-date symlink: /home/useradd/ros2_ws/src/install/moveit_resources_pr2_description/share/moveit_resources_pr2_description/urdf/meshes/gripper_v0/palm_H_Color_100430.tif
[3.443s] -- Up-to-date symlink: /home/useradd/ros2_ws/src/install/moveit_resources_pr2_description/share/moveit_resources_pr2_description/urdf/meshes/gripper_v0/palm_H_UV_100430.dae
[3.443s] -- Up-to-date symlink: /home/useradd/ros2_ws/src/install/moveit_resources_pr2_description/share/moveit_resources_pr2_description/urdf/meshes/gripper_v0/upper_finger_l.stl
[3.443s] -- Up-to-date symlink: /home/useradd/ros2_ws/src/install/moveit_resources_pr2_description/share/moveit_resources_pr2_description/urdf/meshes/gripper_v0/upper_finger_r.stl
[3.443s] -- Up-to-date symlink: /home/useradd/ros2_ws/src/install/moveit_resources_pr2_description/share/moveit_resources_pr2_description/urdf/meshes/head_v0/convex/head_pan.dae
[3.443s] -- Up-to-date symlink: /home/useradd/ros2_ws/src/install/moveit_resources_pr2_description/share/moveit_resources_pr2_description/urdf/meshes/head_v0/convex/head_pan.xml
[3.444s] -- Up-to-date symlink: /home/useradd/ros2_ws/src/install/moveit_resources_pr2_description/share/moveit_resources_pr2_description/urdf/meshes/head_v0/convex/head_pan_L.dae
[3.444s] -- Up-to-date symlink: /home/useradd/ros2_ws/src/install/moveit_resources_pr2_description/share/moveit_resources_pr2_description/urdf/meshes/head_v0/convex/head_pan_L.xml
[3.444s] -- Up-to-date symlink: /home/useradd/ros2_ws/src/install/moveit_resources_pr2_description/share/moveit_resources_pr2_description/urdf/meshes/head_v0/convex/head_pan_L_convex.stla
[3.444s] -- Up-to-date symlink: /home/useradd/ros2_ws/src/install/moveit_resources_pr2_description/share/moveit_resources_pr2_description/urdf/meshes/head_v0/convex/head_pan_L_convex.stlb
[3.444s] -- Up-to-date symlink: /home/useradd/ros2_ws/src/install/moveit_resources_pr2_description/share/moveit_resources_pr2_description/urdf/meshes/head_v0/convex/head_pan_convex.stla
[3.444s] -- Up-to-date symlink: /home/useradd/ros2_ws/src/install/moveit_resources_pr2_description/share/moveit_resources_pr2_description/urdf/meshes/head_v0/convex/head_pan_convex.stlb
[3.445s] -- Up-to-date symlink: /home/useradd/ros2_ws/src/install/moveit_resources_pr2_description/share/moveit_resources_pr2_description/urdf/meshes/head_v0/convex/head_tilt.dae
[3.445s] -- Up-to-date symlink: /home/useradd/ros2_ws/src/install/moveit_resources_pr2_description/share/moveit_resources_pr2_description/urdf/meshes/head_v0/convex/head_tilt.xml
[3.445s] -- Up-to-date symlink: /home/useradd/ros2_ws/src/install/moveit_resources_pr2_description/share/moveit_resources_pr2_description/urdf/meshes/head_v0/convex/head_tilt_L.dae
[3.445s] -- Up-to-date symlink: /home/useradd/ros2_ws/src/install/moveit_resources_pr2_description/share/moveit_resources_pr2_description/urdf/meshes/head_v0/convex/head_tilt_L.xml
[3.446s] -- Up-to-date symlink: /home/useradd/ros2_ws/src/install/moveit_resources_pr2_description/share/moveit_resources_pr2_description/urdf/meshes/head_v0/convex/head_tilt_L_convex.stla
[3.446s] -- Up-to-date symlink: /home/useradd/ros2_ws/src/install/moveit_resources_pr2_description/share/moveit_resources_pr2_description/urdf/meshes/head_v0/convex/head_tilt_L_convex.stlb
[3.446s] -- Up-to-date symlink: /home/useradd/ros2_ws/src/install/moveit_resources_pr2_description/share/moveit_resources_pr2_description/urdf/meshes/head_v0/convex/head_tilt_convex.stla
[3.446s] -- Up-to-date symlink: /home/useradd/ros2_ws/src/install/moveit_resources_pr2_description/share/moveit_resources_pr2_description/urdf/meshes/head_v0/convex/head_tilt_convex.stlb
[3.450s] -- Up-to-date symlink: /home/useradd/ros2_ws/src/install/moveit_resources_pr2_description/share/moveit_resources_pr2_description/urdf/meshes/head_v0/head_pan.dae
[3.450s] -- Up-to-date symlink: /home/useradd/ros2_ws/src/install/moveit_resources_pr2_description/share/moveit_resources_pr2_description/urdf/meshes/head_v0/head_pan.stl
[3.466s] -- Up-to-date symlink: /home/useradd/ros2_ws/src/install/moveit_resources_pr2_description/share/moveit_resources_pr2_description/urdf/meshes/head_v0/head_pan_L.stl
[3.469s] -- Up-to-date symlink: /home/useradd/ros2_ws/src/install/moveit_resources_pr2_description/share/moveit_resources_pr2_description/urdf/meshes/head_v0/head_pan_color.tif
[3.472s] -- Up-to-date symlink: /home/useradd/ros2_ws/src/install/moveit_resources_pr2_description/share/moveit_resources_pr2_description/urdf/meshes/head_v0/head_pan_normals.tif
[3.474s] -- Up-to-date symlink: /home/useradd/ros2_ws/src/install/moveit_resources_pr2_description/share/moveit_resources_pr2_description/urdf/meshes/head_v0/head_tilt.dae
[3.479s] -- Up-to-date symlink: /home/useradd/ros2_ws/src/install/moveit_resources_pr2_description/share/moveit_resources_pr2_description/urdf/meshes/head_v0/head_tilt.stl
[3.480s] -- Up-to-date symlink: /home/useradd/ros2_ws/src/install/moveit_resources_pr2_description/share/moveit_resources_pr2_description/urdf/meshes/head_v0/head_tilt_L.stl
[3.481s] -- Up-to-date symlink: /home/useradd/ros2_ws/src/install/moveit_resources_pr2_description/share/moveit_resources_pr2_description/urdf/meshes/head_v0/head_tilt_color.tif
[3.481s] -- Up-to-date symlink: /home/useradd/ros2_ws/src/install/moveit_resources_pr2_description/share/moveit_resources_pr2_description/urdf/meshes/head_v0/head_tilt_color_red.tif
[3.481s] -- Up-to-date symlink: /home/useradd/ros2_ws/src/install/moveit_resources_pr2_description/share/moveit_resources_pr2_description/urdf/meshes/head_v0/head_tilt_color_yellow.tif
[3.481s] -- Up-to-date symlink: /home/useradd/ros2_ws/src/install/moveit_resources_pr2_description/share/moveit_resources_pr2_description/urdf/meshes/head_v0/head_tilt_green.tif
[3.481s] -- Up-to-date symlink: /home/useradd/ros2_ws/src/install/moveit_resources_pr2_description/share/moveit_resources_pr2_description/urdf/meshes/head_v0/head_tilt_normals.tif
[3.481s] -- Up-to-date symlink: /home/useradd/ros2_ws/src/install/moveit_resources_pr2_description/share/moveit_resources_pr2_description/urdf/meshes/sensors/kinect_prosilica_v0/115x100_swept_back--coarse.STL
[3.481s] -- Up-to-date symlink: /home/useradd/ros2_ws/src/install/moveit_resources_pr2_description/share/moveit_resources_pr2_description/urdf/meshes/sensors/kinect_prosilica_v0/115x100_swept_back_no_sensors--coarse.STL
[3.481s] -- Up-to-date symlink: /home/useradd/ros2_ws/src/install/moveit_resources_pr2_description/share/moveit_resources_pr2_description/urdf/meshes/sensors/kinect_prosilica_v0/115x100_swept_fwd--coarse.STL
[3.482s] -- Up-to-date symlink: /home/useradd/ros2_ws/src/install/moveit_resources_pr2_description/share/moveit_resources_pr2_description/urdf/meshes/sensors/kinect_prosilica_v0/115x100_swept_fwd_no_sensors--coarse.STL
[3.482s] -- Up-to-date symlink: /home/useradd/ros2_ws/src/install/moveit_resources_pr2_description/share/moveit_resources_pr2_description/urdf/meshes/sensors/kinect_prosilica_v0/68-04546_Kinect_Sensor--coarse.STL
[3.483s] -- Up-to-date symlink: /home/useradd/ros2_ws/src/install/moveit_resources_pr2_description/share/moveit_resources_pr2_description/urdf/meshes/sensors/kinect_prosilica_v0/Prosilica_w_Lens--coarse.STL
[3.483s] -- Up-to-date symlink: /home/useradd/ros2_ws/src/install/moveit_resources_pr2_description/share/moveit_resources_pr2_description/urdf/meshes/sensors/kinect_v0/kinect.dae
[3.483s] -- Up-to-date symlink: /home/useradd/ros2_ws/src/install/moveit_resources_pr2_description/share/moveit_resources_pr2_description/urdf/meshes/sensors/kinect_v0/kinect.tga
[3.484s] -- Up-to-date symlink: /home/useradd/ros2_ws/src/install/moveit_resources_pr2_description/share/moveit_resources_pr2_description/urdf/meshes/sensors/kinect_v0/kinect_color.tga
[3.484s] -- Up-to-date symlink: /home/useradd/ros2_ws/src/install/moveit_resources_pr2_description/share/moveit_resources_pr2_description/urdf/meshes/sensors/kinect_v0/kinect_mount.stl
[3.485s] -- Up-to-date symlink: /home/useradd/ros2_ws/src/install/moveit_resources_pr2_description/share/moveit_resources_pr2_description/urdf/meshes/shoulder_v0/convex/shoulder_lift.dae
[3.487s] -- Up-to-date symlink: /home/useradd/ros2_ws/src/install/moveit_resources_pr2_description/share/moveit_resources_pr2_description/urdf/meshes/shoulder_v0/convex/shoulder_lift.xml
[3.487s] -- Up-to-date symlink: /home/useradd/ros2_ws/src/install/moveit_resources_pr2_description/share/moveit_resources_pr2_description/urdf/meshes/shoulder_v0/convex/shoulder_lift_convex.stla
[3.488s] -- Up-to-date symlink: /home/useradd/ros2_ws/src/install/moveit_resources_pr2_description/share/moveit_resources_pr2_description/urdf/meshes/shoulder_v0/convex/shoulder_lift_convex.stlb
[3.490s] -- Up-to-date symlink: /home/useradd/ros2_ws/src/install/moveit_resources_pr2_description/share/moveit_resources_pr2_description/urdf/meshes/shoulder_v0/convex/shoulder_pan.dae
[3.497s] -- Up-to-date symlink: /home/useradd/ros2_ws/src/install/moveit_resources_pr2_description/share/moveit_resources_pr2_description/urdf/meshes/shoulder_v0/convex/shoulder_pan.xml
[3.497s] -- Up-to-date symlink: /home/useradd/ros2_ws/src/install/moveit_resources_pr2_description/share/moveit_resources_pr2_description/urdf/meshes/shoulder_v0/convex/shoulder_pan_convex.stla
[3.497s] -- Up-to-date symlink: /home/useradd/ros2_ws/src/install/moveit_resources_pr2_description/share/moveit_resources_pr2_description/urdf/meshes/shoulder_v0/convex/shoulder_pan_convex.stlb
[3.499s] -- Up-to-date symlink: /home/useradd/ros2_ws/src/install/moveit_resources_pr2_description/share/moveit_resources_pr2_description/urdf/meshes/shoulder_v0/convex/shoulder_yaw.dae
[3.503s] -- Up-to-date symlink: /home/useradd/ros2_ws/src/install/moveit_resources_pr2_description/share/moveit_resources_pr2_description/urdf/meshes/shoulder_v0/convex/shoulder_yaw.xml
[3.503s] -- Up-to-date symlink: /home/useradd/ros2_ws/src/install/moveit_resources_pr2_description/share/moveit_resources_pr2_description/urdf/meshes/shoulder_v0/convex/shoulder_yaw_convex.stla
[3.503s] -- Up-to-date symlink: /home/useradd/ros2_ws/src/install/moveit_resources_pr2_description/share/moveit_resources_pr2_description/urdf/meshes/shoulder_v0/convex/shoulder_yaw_convex.stlb
[3.503s] -- Up-to-date symlink: /home/useradd/ros2_ws/src/install/moveit_resources_pr2_description/share/moveit_resources_pr2_description/urdf/meshes/shoulder_v0/convex/upper_arm_roll.dae
[3.503s] -- Up-to-date symlink: /home/useradd/ros2_ws/src/install/moveit_resources_pr2_description/share/moveit_resources_pr2_description/urdf/meshes/shoulder_v0/convex/upper_arm_roll.xml
[3.512s] -- Up-to-date symlink: /home/useradd/ros2_ws/src/install/moveit_resources_pr2_description/share/moveit_resources_pr2_description/urdf/meshes/shoulder_v0/convex/upper_arm_roll_L.dae
[3.516s] -- Up-to-date symlink: /home/useradd/ros2_ws/src/install/moveit_resources_pr2_description/share/moveit_resources_pr2_description/urdf/meshes/shoulder_v0/convex/upper_arm_roll_L.xml
[3.517s] -- Up-to-date symlink: /home/useradd/ros2_ws/src/install/moveit_resources_pr2_description/share/moveit_resources_pr2_description/urdf/meshes/shoulder_v0/convex/upper_arm_roll_L_convex.stla
[3.519s] -- Up-to-date symlink: /home/useradd/ros2_ws/src/install/moveit_resources_pr2_description/share/moveit_resources_pr2_description/urdf/meshes/shoulder_v0/convex/upper_arm_roll_L_convex.stlb
[3.520s] -- Up-to-date symlink: /home/useradd/ros2_ws/src/install/moveit_resources_pr2_description/share/moveit_resources_pr2_description/urdf/meshes/shoulder_v0/convex/upper_arm_roll_convex.stla
[3.520s] -- Up-to-date symlink: /home/useradd/ros2_ws/src/install/moveit_resources_pr2_description/share/moveit_resources_pr2_description/urdf/meshes/shoulder_v0/convex/upper_arm_roll_convex.stlb
[3.521s] -- Up-to-date symlink: /home/useradd/ros2_ws/src/install/moveit_resources_pr2_description/share/moveit_resources_pr2_description/urdf/meshes/shoulder_v0/shoulder_lift.dae
[3.524s] -- Up-to-date symlink: /home/useradd/ros2_ws/src/install/moveit_resources_pr2_description/share/moveit_resources_pr2_description/urdf/meshes/shoulder_v0/shoulder_lift.stl
[3.524s] -- Up-to-date symlink: /home/useradd/ros2_ws/src/install/moveit_resources_pr2_description/share/moveit_resources_pr2_description/urdf/meshes/shoulder_v0/shoulder_lift_color.tif
[3.525s] -- Up-to-date symlink: /home/useradd/ros2_ws/src/install/moveit_resources_pr2_description/share/moveit_resources_pr2_description/urdf/meshes/shoulder_v0/shoulder_lift_normals.tif
[3.525s] -- Up-to-date symlink: /home/useradd/ros2_ws/src/install/moveit_resources_pr2_description/share/moveit_resources_pr2_description/urdf/meshes/shoulder_v0/shoulder_pan.dae
[3.526s] -- Up-to-date symlink: /home/useradd/ros2_ws/src/install/moveit_resources_pr2_description/share/moveit_resources_pr2_description/urdf/meshes/shoulder_v0/shoulder_pan.stl
[3.526s] -- Up-to-date symlink: /home/useradd/ros2_ws/src/install/moveit_resources_pr2_description/share/moveit_resources_pr2_description/urdf/meshes/shoulder_v0/shoulder_pan_color.tif
[3.526s] -- Up-to-date symlink: /home/useradd/ros2_ws/src/install/moveit_resources_pr2_description/share/moveit_resources_pr2_description/urdf/meshes/shoulder_v0/shoulder_pan_normals.tif
[3.526s] -- Up-to-date symlink: /home/useradd/ros2_ws/src/install/moveit_resources_pr2_description/share/moveit_resources_pr2_description/urdf/meshes/shoulder_v0/shoulder_yaw.stl
[3.527s] -- Up-to-date symlink: /home/useradd/ros2_ws/src/install/moveit_resources_pr2_description/share/moveit_resources_pr2_description/urdf/meshes/shoulder_v0/upper_arm_roll.dae
[3.538s] -- Up-to-date symlink: /home/useradd/ros2_ws/src/install/moveit_resources_pr2_description/share/moveit_resources_pr2_description/urdf/meshes/shoulder_v0/upper_arm_roll.stl
[3.539s] -- Up-to-date symlink: /home/useradd/ros2_ws/src/install/moveit_resources_pr2_description/share/moveit_resources_pr2_description/urdf/meshes/shoulder_v0/upper_arm_roll_L.stl
[3.539s] -- Up-to-date symlink: /home/useradd/ros2_ws/src/install/moveit_resources_pr2_description/share/moveit_resources_pr2_description/urdf/meshes/shoulder_v0/upper_arm_roll_color.tif
[3.539s] -- Up-to-date symlink: /home/useradd/ros2_ws/src/install/moveit_resources_pr2_description/share/moveit_resources_pr2_description/urdf/meshes/shoulder_v0/upper_arm_roll_normals.tif
[3.540s] -- Up-to-date symlink: /home/useradd/ros2_ws/src/install/moveit_resources_pr2_description/share/moveit_resources_pr2_description/urdf/meshes/tilting_laser_v0/convex/hok_tilt.dae
[3.540s] -- Up-to-date symlink: /home/useradd/ros2_ws/src/install/moveit_resources_pr2_description/share/moveit_resources_pr2_description/urdf/meshes/tilting_laser_v0/convex/hok_tilt.xml
[3.540s] -- Up-to-date symlink: /home/useradd/ros2_ws/src/install/moveit_resources_pr2_description/share/moveit_resources_pr2_description/urdf/meshes/tilting_laser_v0/convex/hok_tilt_convex.stla
[3.540s] -- Up-to-date symlink: /home/useradd/ros2_ws/src/install/moveit_resources_pr2_description/share/moveit_resources_pr2_description/urdf/meshes/tilting_laser_v0/convex/hok_tilt_convex.stlb
[3.540s] -- Up-to-date symlink: /home/useradd/ros2_ws/src/install/moveit_resources_pr2_description/share/moveit_resources_pr2_description/urdf/meshes/tilting_laser_v0/convex/tilting_hokuyo.dae
[3.540s] -- Up-to-date symlink: /home/useradd/ros2_ws/src/install/moveit_resources_pr2_description/share/moveit_resources_pr2_description/urdf/meshes/tilting_laser_v0/convex/tilting_hokuyo.xml
[3.541s] -- Up-to-date symlink: /home/useradd/ros2_ws/src/install/moveit_resources_pr2_description/share/moveit_resources_pr2_description/urdf/meshes/tilting_laser_v0/convex/tilting_hokuyo_L.dae
[3.541s] -- Up-to-date symlink: /home/useradd/ros2_ws/src/install/moveit_resources_pr2_description/share/moveit_resources_pr2_description/urdf/meshes/tilting_laser_v0/convex/tilting_hokuyo_L.xml
[3.542s] -- Up-to-date symlink: /home/useradd/ros2_ws/src/install/moveit_resources_pr2_description/share/moveit_resources_pr2_description/urdf/meshes/tilting_laser_v0/convex/tilting_hokuyo_L_convex.stla
[3.542s] -- Up-to-date symlink: /home/useradd/ros2_ws/src/install/moveit_resources_pr2_description/share/moveit_resources_pr2_description/urdf/meshes/tilting_laser_v0/convex/tilting_hokuyo_L_convex.stlb
[3.542s] -- Up-to-date symlink: /home/useradd/ros2_ws/src/install/moveit_resources_pr2_description/share/moveit_resources_pr2_description/urdf/meshes/tilting_laser_v0/convex/tilting_hokuyo_convex.stla
[3.542s] -- Up-to-date symlink: /home/useradd/ros2_ws/src/install/moveit_resources_pr2_description/share/moveit_resources_pr2_description/urdf/meshes/tilting_laser_v0/convex/tilting_hokuyo_convex.stlb
[3.542s] -- Up-to-date symlink: /home/useradd/ros2_ws/src/install/moveit_resources_pr2_description/share/moveit_resources_pr2_description/urdf/meshes/tilting_laser_v0/hok_tilt.stl
[3.542s] -- Up-to-date symlink: /home/useradd/ros2_ws/src/install/moveit_resources_pr2_description/share/moveit_resources_pr2_description/urdf/meshes/tilting_laser_v0/tilting_hokuyo.dae
[3.545s] -- Up-to-date symlink: /home/useradd/ros2_ws/src/install/moveit_resources_pr2_description/share/moveit_resources_pr2_description/urdf/meshes/tilting_laser_v0/tilting_hokuyo.stl
[3.546s] -- Up-to-date symlink: /home/useradd/ros2_ws/src/install/moveit_resources_pr2_description/share/moveit_resources_pr2_description/urdf/meshes/tilting_laser_v0/tilting_hokuyo_L.stl
[3.550s] -- Up-to-date symlink: /home/useradd/ros2_ws/src/install/moveit_resources_pr2_description/share/moveit_resources_pr2_description/urdf/meshes/tilting_laser_v0/tilting_hokuyo_color.tif
[3.550s] -- Up-to-date symlink: /home/useradd/ros2_ws/src/install/moveit_resources_pr2_description/share/moveit_resources_pr2_description/urdf/meshes/tilting_laser_v0/tilting_hokuyo_normals.tif
[3.550s] -- Up-to-date symlink: /home/useradd/ros2_ws/src/install/moveit_resources_pr2_description/share/moveit_resources_pr2_description/urdf/meshes/torso_v0/convex/torso.dae
[3.550s] -- Up-to-date symlink: /home/useradd/ros2_ws/src/install/moveit_resources_pr2_description/share/moveit_resources_pr2_description/urdf/meshes/torso_v0/convex/torso.xml
[3.550s] -- Up-to-date symlink: /home/useradd/ros2_ws/src/install/moveit_resources_pr2_description/share/moveit_resources_pr2_description/urdf/meshes/torso_v0/convex/torso_convex.stla
[3.556s] -- Up-to-date symlink: /home/useradd/ros2_ws/src/install/moveit_resources_pr2_description/share/moveit_resources_pr2_description/urdf/meshes/torso_v0/convex/torso_convex.stlb
[3.556s] -- Up-to-date symlink: /home/useradd/ros2_ws/src/install/moveit_resources_pr2_description/share/moveit_resources_pr2_description/urdf/meshes/torso_v0/convex/torso_lift.dae
[3.557s] -- Up-to-date symlink: /home/useradd/ros2_ws/src/install/moveit_resources_pr2_description/share/moveit_resources_pr2_description/urdf/meshes/torso_v0/convex/torso_lift.xml
[3.559s] -- Up-to-date symlink: /home/useradd/ros2_ws/src/install/moveit_resources_pr2_description/share/moveit_resources_pr2_description/urdf/meshes/torso_v0/convex/torso_lift_L.dae
[3.559s] -- Up-to-date symlink: /home/useradd/ros2_ws/src/install/moveit_resources_pr2_description/share/moveit_resources_pr2_description/urdf/meshes/torso_v0/convex/torso_lift_L.xml
[3.562s] -- Up-to-date symlink: /home/useradd/ros2_ws/src/install/moveit_resources_pr2_description/share/moveit_resources_pr2_description/urdf/meshes/torso_v0/convex/torso_lift_L_convex.stla
[3.563s] -- Up-to-date symlink: /home/useradd/ros2_ws/src/install/moveit_resources_pr2_description/share/moveit_resources_pr2_description/urdf/meshes/torso_v0/convex/torso_lift_L_convex.stlb
[3.563s] -- Up-to-date symlink: /home/useradd/ros2_ws/src/install/moveit_resources_pr2_description/share/moveit_resources_pr2_description/urdf/meshes/torso_v0/convex/torso_lift_convex.stla
[3.565s] -- Up-to-date symlink: /home/useradd/ros2_ws/src/install/moveit_resources_pr2_description/share/moveit_resources_pr2_description/urdf/meshes/torso_v0/convex/torso_lift_convex.stlb
[3.573s] -- Up-to-date symlink: /home/useradd/ros2_ws/src/install/moveit_resources_pr2_description/share/moveit_resources_pr2_description/urdf/meshes/torso_v0/torso.stl
[3.574s] -- Up-to-date symlink: /home/useradd/ros2_ws/src/install/moveit_resources_pr2_description/share/moveit_resources_pr2_description/urdf/meshes/torso_v0/torso_lift.dae
[3.575s] -- Up-to-date symlink: /home/useradd/ros2_ws/src/install/moveit_resources_pr2_description/share/moveit_resources_pr2_description/urdf/meshes/torso_v0/torso_lift.stl
[3.576s] -- Up-to-date symlink: /home/useradd/ros2_ws/src/install/moveit_resources_pr2_description/share/moveit_resources_pr2_description/urdf/meshes/torso_v0/torso_lift_L.stl
[3.583s] -- Up-to-date symlink: /home/useradd/ros2_ws/src/install/moveit_resources_pr2_description/share/moveit_resources_pr2_description/urdf/meshes/torso_v0/torso_lift_color.tif
[3.584s] -- Up-to-date symlink: /home/useradd/ros2_ws/src/install/moveit_resources_pr2_description/share/moveit_resources_pr2_description/urdf/meshes/torso_v0/torso_lift_normals.tif
[3.590s] -- Up-to-date symlink: /home/useradd/ros2_ws/src/install/moveit_resources_pr2_description/share/moveit_resources_pr2_description/urdf/meshes/upper_arm_v0/convex/elbow_flex.dae
[3.591s] -- Up-to-date symlink: /home/useradd/ros2_ws/src/install/moveit_resources_pr2_description/share/moveit_resources_pr2_description/urdf/meshes/upper_arm_v0/convex/elbow_flex.xml
[3.591s] -- Up-to-date symlink: /home/useradd/ros2_ws/src/install/moveit_resources_pr2_description/share/moveit_resources_pr2_description/urdf/meshes/upper_arm_v0/convex/elbow_flex_convex.stla
[3.592s] -- Up-to-date symlink: /home/useradd/ros2_ws/src/install/moveit_resources_pr2_description/share/moveit_resources_pr2_description/urdf/meshes/upper_arm_v0/convex/elbow_flex_convex.stlb
[3.593s] -- Up-to-date symlink: /home/useradd/ros2_ws/src/install/moveit_resources_pr2_description/share/moveit_resources_pr2_description/urdf/meshes/upper_arm_v0/convex/forearm_roll.dae
[3.600s] -- Up-to-date symlink: /home/useradd/ros2_ws/src/install/moveit_resources_pr2_description/share/moveit_resources_pr2_description/urdf/meshes/upper_arm_v0/convex/forearm_roll.xml
[3.601s] -- Up-to-date symlink: /home/useradd/ros2_ws/src/install/moveit_resources_pr2_description/share/moveit_resources_pr2_description/urdf/meshes/upper_arm_v0/convex/forearm_roll_L.dae
[3.602s] -- Up-to-date symlink: /home/useradd/ros2_ws/src/install/moveit_resources_pr2_description/share/moveit_resources_pr2_description/urdf/meshes/upper_arm_v0/convex/forearm_roll_L.xml
[3.602s] -- Up-to-date symlink: /home/useradd/ros2_ws/src/install/moveit_resources_pr2_description/share/moveit_resources_pr2_description/urdf/meshes/upper_arm_v0/convex/forearm_roll_L_convex.stla
[3.607s] -- Up-to-date symlink: /home/useradd/ros2_ws/src/install/moveit_resources_pr2_description/share/moveit_resources_pr2_description/urdf/meshes/upper_arm_v0/convex/forearm_roll_L_convex.stlb
[3.607s] -- Up-to-date symlink: /home/useradd/ros2_ws/src/install/moveit_resources_pr2_description/share/moveit_resources_pr2_description/urdf/meshes/upper_arm_v0/convex/forearm_roll_convex.stla
[3.609s] -- Up-to-date symlink: /home/useradd/ros2_ws/src/install/moveit_resources_pr2_description/share/moveit_resources_pr2_description/urdf/meshes/upper_arm_v0/convex/forearm_roll_convex.stlb
[3.610s] -- Up-to-date symlink: /home/useradd/ros2_ws/src/install/moveit_resources_pr2_description/share/moveit_resources_pr2_description/urdf/meshes/upper_arm_v0/convex/upper_arm.dae
[3.610s] -- Up-to-date symlink: /home/useradd/ros2_ws/src/install/moveit_resources_pr2_description/share/moveit_resources_pr2_description/urdf/meshes/upper_arm_v0/convex/upper_arm.xml
[3.616s] -- Up-to-date symlink: /home/useradd/ros2_ws/src/install/moveit_resources_pr2_description/share/moveit_resources_pr2_description/urdf/meshes/upper_arm_v0/convex/upper_arm_convex.stla
[3.618s] -- Up-to-date symlink: /home/useradd/ros2_ws/src/install/moveit_resources_pr2_description/share/moveit_resources_pr2_description/urdf/meshes/upper_arm_v0/convex/upper_arm_convex.stlb
[3.618s] -- Up-to-date symlink: /home/useradd/ros2_ws/src/install/moveit_resources_pr2_description/share/moveit_resources_pr2_description/urdf/meshes/upper_arm_v0/elbow_flex.dae
[3.619s] -- Up-to-date symlink: /home/useradd/ros2_ws/src/install/moveit_resources_pr2_description/share/moveit_resources_pr2_description/urdf/meshes/upper_arm_v0/elbow_flex.stl
[3.620s] -- Up-to-date symlink: /home/useradd/ros2_ws/src/install/moveit_resources_pr2_description/share/moveit_resources_pr2_description/urdf/meshes/upper_arm_v0/elbow_flex_color.tif
[3.622s] -- Up-to-date symlink: /home/useradd/ros2_ws/src/install/moveit_resources_pr2_description/share/moveit_resources_pr2_description/urdf/meshes/upper_arm_v0/elbow_flex_normals.tif
[3.622s] -- Up-to-date symlink: /home/useradd/ros2_ws/src/install/moveit_resources_pr2_description/share/moveit_resources_pr2_description/urdf/meshes/upper_arm_v0/forearm_roll.stl
[3.623s] -- Up-to-date symlink: /home/useradd/ros2_ws/src/install/moveit_resources_pr2_description/share/moveit_resources_pr2_description/urdf/meshes/upper_arm_v0/forearm_roll_L.stl
[3.624s] -- Up-to-date symlink: /home/useradd/ros2_ws/src/install/moveit_resources_pr2_description/share/moveit_resources_pr2_description/urdf/meshes/upper_arm_v0/upper_arm.dae
[3.625s] -- Up-to-date symlink: /home/useradd/ros2_ws/src/install/moveit_resources_pr2_description/share/moveit_resources_pr2_description/urdf/meshes/upper_arm_v0/upper_arm.jpg
[3.627s] -- Up-to-date symlink: /home/useradd/ros2_ws/src/install/moveit_resources_pr2_description/share/moveit_resources_pr2_description/urdf/meshes/upper_arm_v0/upper_arm.stl
[3.632s] -- Up-to-date symlink: /home/useradd/ros2_ws/src/install/moveit_resources_pr2_description/share/moveit_resources_pr2_description/urdf/meshes/upper_arm_v0/upper_arm_color.tif
[3.632s] -- Up-to-date symlink: /home/useradd/ros2_ws/src/install/moveit_resources_pr2_description/share/moveit_resources_pr2_description/urdf/meshes/upper_arm_v0/upper_arm_normals.tif
[3.632s] -- Up-to-date symlink: /home/useradd/ros2_ws/src/install/moveit_resources_pr2_description/share/moveit_resources_pr2_description/urdf/robot.xml
[3.634s] -- Up-to-date symlink: /home/useradd/ros2_ws/src/install/moveit_resources_pr2_description/share/moveit_resources_pr2_description/kinect.dae
[3.703s] Invoked command in '/home/useradd/ros2_ws/src/build/moveit_resources_pr2_description' returned '0': CMAKE_PREFIX_PATH=${CMAKE_PREFIX_PATH}:/home/useradd/ros2_ws/install/twist_mux_bridge:/home/useradd/ros2_ws/install/robot_navigation:/home/useradd/ros2_ws/install/robot_initial_pose:/home/useradd/ros2_ws/install/odom_bridge:/home/useradd/ros2_ws/install/mi_giro_final:/home/useradd/ros2_ws/install/cmd_vel_bridge:/home/useradd/dev_ws/install/robot_description:/home/useradd/dev_ws/install/my_doosan_pkg:/home/useradd/dev_ws/install/mobile_manipulator:/home/useradd/dev_ws/install/doosan_description:/home/useradd/dev_ws/install/bulldog_description:/opt/ros/humble /usr/bin/cmake --install /home/useradd/ros2_ws/src/build/moveit_resources_pr2_description
