[0.105s] Invoking command in '/home/useradd/ros2_ws/build/move_ur5': CMAKE_PREFIX_PATH=${CMAKE_PREFIX_PATH}:/home/useradd/ros2_ws/install/robot_navigation:/home/useradd/ros2_ws/install/robot_initial_pose:/home/useradd/ws_moveit2/install/launch_param_builder:/home/useradd/dev_ws/install/robot_description:/home/useradd/dev_ws/install/my_doosan_pkg:/home/useradd/dev_ws/install/mobile_manipulator:/home/useradd/dev_ws/install/doosan_description:/home/useradd/dev_ws/install/bulldog_description:/opt/ros/humble /usr/bin/cmake --build /home/useradd/ros2_ws/build/move_ur5 -- -j16 -l16
[0.848s] [35m[1mConsolidate compiler generated dependencies of target move_ur5[0m
[0.849s] [100%] Built target move_ur5
[0.929s] Invoked command in '/home/useradd/ros2_ws/build/move_ur5' returned '0': CMAKE_PREFIX_PATH=${CMAKE_PREFIX_PATH}:/home/useradd/ros2_ws/install/robot_navigation:/home/useradd/ros2_ws/install/robot_initial_pose:/home/useradd/ws_moveit2/install/launch_param_builder:/home/useradd/dev_ws/install/robot_description:/home/useradd/dev_ws/install/my_doosan_pkg:/home/useradd/dev_ws/install/mobile_manipulator:/home/useradd/dev_ws/install/doosan_description:/home/useradd/dev_ws/install/bulldog_description:/opt/ros/humble /usr/bin/cmake --build /home/useradd/ros2_ws/build/move_ur5 -- -j16 -l16
[0.932s] Invoking command in '/home/useradd/ros2_ws/build/move_ur5': CMAKE_PREFIX_PATH=${CMAKE_PREFIX_PATH}:/home/useradd/ros2_ws/install/robot_navigation:/home/useradd/ros2_ws/install/robot_initial_pose:/home/useradd/ws_moveit2/install/launch_param_builder:/home/useradd/dev_ws/install/robot_description:/home/useradd/dev_ws/install/my_doosan_pkg:/home/useradd/dev_ws/install/mobile_manipulator:/home/useradd/dev_ws/install/doosan_description:/home/useradd/dev_ws/install/bulldog_description:/opt/ros/humble /usr/bin/cmake --install /home/useradd/ros2_ws/build/move_ur5
[0.994s] -- Install configuration: ""
[1.002s] -- Up-to-date: /home/useradd/ros2_ws/install/move_ur5/lib/move_ur5/move_ur5
[1.003s] -- Up-to-date: /home/useradd/ros2_ws/install/move_ur5/share/ament_index/resource_index/package_run_dependencies/move_ur5
[1.003s] -- Up-to-date: /home/useradd/ros2_ws/install/move_ur5/share/ament_index/resource_index/parent_prefix_path/move_ur5
[1.003s] -- Up-to-date: /home/useradd/ros2_ws/install/move_ur5/share/move_ur5/environment/ament_prefix_path.sh
[1.003s] -- Up-to-date: /home/useradd/ros2_ws/install/move_ur5/share/move_ur5/environment/ament_prefix_path.dsv
[1.003s] -- Up-to-date: /home/useradd/ros2_ws/install/move_ur5/share/move_ur5/environment/path.sh
[1.003s] -- Up-to-date: /home/useradd/ros2_ws/install/move_ur5/share/move_ur5/environment/path.dsv
[1.003s] -- Up-to-date: /home/useradd/ros2_ws/install/move_ur5/share/move_ur5/local_setup.bash
[1.004s] -- Up-to-date: /home/useradd/ros2_ws/install/move_ur5/share/move_ur5/local_setup.sh
[1.004s] -- Up-to-date: /home/useradd/ros2_ws/install/move_ur5/share/move_ur5/local_setup.zsh
[1.004s] -- Up-to-date: /home/useradd/ros2_ws/install/move_ur5/share/move_ur5/local_setup.dsv
[1.004s] -- Installing: /home/useradd/ros2_ws/install/move_ur5/share/move_ur5/package.dsv
[1.005s] -- Up-to-date: /home/useradd/ros2_ws/install/move_ur5/share/ament_index/resource_index/packages/move_ur5
[1.006s] -- Up-to-date: /home/useradd/ros2_ws/install/move_ur5/share/move_ur5/cmake/move_ur5Config.cmake
[1.006s] -- Up-to-date: /home/useradd/ros2_ws/install/move_ur5/share/move_ur5/cmake/move_ur5Config-version.cmake
[1.006s] -- Up-to-date: /home/useradd/ros2_ws/install/move_ur5/share/move_ur5/package.xml
[1.089s] Invoked command in '/home/useradd/ros2_ws/build/move_ur5' returned '0': CMAKE_PREFIX_PATH=${CMAKE_PREFIX_PATH}:/home/useradd/ros2_ws/install/robot_navigation:/home/useradd/ros2_ws/install/robot_initial_pose:/home/useradd/ws_moveit2/install/launch_param_builder:/home/useradd/dev_ws/install/robot_description:/home/useradd/dev_ws/install/my_doosan_pkg:/home/useradd/dev_ws/install/mobile_manipulator:/home/useradd/dev_ws/install/doosan_description:/home/useradd/dev_ws/install/bulldog_description:/opt/ros/humble /usr/bin/cmake --install /home/useradd/ros2_ws/build/move_ur5
