[0.069s] Invoking command in '/home/useradd/ros2_ws/build/husky_control': AMENT_PREFIX_PATH=/home/useradd/ros2_ws/install/husky_description:${AMENT_PREFIX_PATH} CMAKE_PREFIX_PATH=/home/useradd/ros2_ws/install/husky_description:/home/useradd/ws_moveit2/install/moveit_common:/home/useradd/dev_ws/install/ur5_ros2_moveit2:/home/useradd/dev_ws/install/ur5_ros2_gazebo:/home/useradd/dev_ws/install/ros2_actions:/home/useradd/dev_ws/install/ros2_data:/home/useradd/dev_ws/install/dsr_description2:/home/useradd/tfg_ws/install/husky_desktop:/home/useradd/tfg_ws/install/husky_viz:/home/useradd/tfg_ws/install/husky_simulator:/home/useradd/tfg_ws/install/husky_robot:/home/useradd/tfg_ws/install/husky_bringup:/home/useradd/tfg_ws/install/husky_base:/home/useradd/tfg_ws/install/husky_msgs:/home/useradd/tfg_ws/install/husky_gazebo:/home/useradd/tfg_ws/install/husky_control:/home/useradd/tfg_ws/install/husky_description:/home/useradd/evaluable_ws/install/arm_controller:/home/useradd/cyprgame_ws/install/warrior_21:/home/useradd/cyprgame_ws/install/rosgame_msgs:/home/useradd/cyprgame_ws/install/rosgame_bridge:/home/useradd/cypr_ws/install/navigation:/home/useradd/cypr_ws/install/motion:/home/useradd/cypr_ws/install/localization:/home/useradd/cypr_ws/install/keyboard_control:/home/useradd/cypr_exam_ws/install/my_pkg:/home/useradd/cypr_exam_ws/install/data_pkg:/home/useradd/ws_moveit2/install/launch_param_builder:/home/useradd/dev_ws/install/robot_description:/home/useradd/dev_ws/install/my_doosan_pkg:/home/useradd/dev_ws/install/mobile_manipulator:/home/useradd/dev_ws/install/doosan_description:/home/useradd/dev_ws/install/bulldog_description:/opt/ros/humble /usr/bin/cmake /home/useradd/ros2_ws/src/husky/husky_control -DCMAKE_INSTALL_PREFIX=/home/useradd/ros2_ws/install/husky_control
[0.268s] -- The C compiler identification is GNU 11.4.0
[1.447s] -- The CXX compiler identification is GNU 11.4.0
[2.818s] -- Detecting C compiler ABI info
[3.203s] -- Detecting C compiler ABI info - done
[3.210s] -- Check for working C compiler: /usr/bin/cc - skipped
[3.210s] -- Detecting C compile features
[3.211s] -- Detecting C compile features - done
[3.213s] -- Detecting CXX compiler ABI info
[3.522s] -- Detecting CXX compiler ABI info - done
[3.529s] -- Check for working CXX compiler: /usr/bin/c++ - skipped
[3.529s] -- Detecting CXX compile features
[3.530s] -- Detecting CXX compile features - done
[3.534s] -- Found ament_cmake: 1.3.11 (/opt/ros/humble/share/ament_cmake/cmake)
[3.736s] -- Found Python3: /usr/bin/python3 (found version "3.10.12") found components: Interpreter 
[3.969s] -- Configuring done
[3.972s] -- Generating done
[3.974s] -- Build files have been written to: /home/useradd/ros2_ws/build/husky_control
[3.977s] Invoked command in '/home/useradd/ros2_ws/build/husky_control' returned '0': AMENT_PREFIX_PATH=/home/useradd/ros2_ws/install/husky_description:${AMENT_PREFIX_PATH} CMAKE_PREFIX_PATH=/home/useradd/ros2_ws/install/husky_description:/home/useradd/ws_moveit2/install/moveit_common:/home/useradd/dev_ws/install/ur5_ros2_moveit2:/home/useradd/dev_ws/install/ur5_ros2_gazebo:/home/useradd/dev_ws/install/ros2_actions:/home/useradd/dev_ws/install/ros2_data:/home/useradd/dev_ws/install/dsr_description2:/home/useradd/tfg_ws/install/husky_desktop:/home/useradd/tfg_ws/install/husky_viz:/home/useradd/tfg_ws/install/husky_simulator:/home/useradd/tfg_ws/install/husky_robot:/home/useradd/tfg_ws/install/husky_bringup:/home/useradd/tfg_ws/install/husky_base:/home/useradd/tfg_ws/install/husky_msgs:/home/useradd/tfg_ws/install/husky_gazebo:/home/useradd/tfg_ws/install/husky_control:/home/useradd/tfg_ws/install/husky_description:/home/useradd/evaluable_ws/install/arm_controller:/home/useradd/cyprgame_ws/install/warrior_21:/home/useradd/cyprgame_ws/install/rosgame_msgs:/home/useradd/cyprgame_ws/install/rosgame_bridge:/home/useradd/cypr_ws/install/navigation:/home/useradd/cypr_ws/install/motion:/home/useradd/cypr_ws/install/localization:/home/useradd/cypr_ws/install/keyboard_control:/home/useradd/cypr_exam_ws/install/my_pkg:/home/useradd/cypr_exam_ws/install/data_pkg:/home/useradd/ws_moveit2/install/launch_param_builder:/home/useradd/dev_ws/install/robot_description:/home/useradd/dev_ws/install/my_doosan_pkg:/home/useradd/dev_ws/install/mobile_manipulator:/home/useradd/dev_ws/install/doosan_description:/home/useradd/dev_ws/install/bulldog_description:/opt/ros/humble /usr/bin/cmake /home/useradd/ros2_ws/src/husky/husky_control -DCMAKE_INSTALL_PREFIX=/home/useradd/ros2_ws/install/husky_control
[3.979s] Invoking command in '/home/useradd/ros2_ws/build/husky_control': AMENT_PREFIX_PATH=/home/useradd/ros2_ws/install/husky_description:${AMENT_PREFIX_PATH} CMAKE_PREFIX_PATH=/home/useradd/ros2_ws/install/husky_description:/home/useradd/ws_moveit2/install/moveit_common:/home/useradd/dev_ws/install/ur5_ros2_moveit2:/home/useradd/dev_ws/install/ur5_ros2_gazebo:/home/useradd/dev_ws/install/ros2_actions:/home/useradd/dev_ws/install/ros2_data:/home/useradd/dev_ws/install/dsr_description2:/home/useradd/tfg_ws/install/husky_desktop:/home/useradd/tfg_ws/install/husky_viz:/home/useradd/tfg_ws/install/husky_simulator:/home/useradd/tfg_ws/install/husky_robot:/home/useradd/tfg_ws/install/husky_bringup:/home/useradd/tfg_ws/install/husky_base:/home/useradd/tfg_ws/install/husky_msgs:/home/useradd/tfg_ws/install/husky_gazebo:/home/useradd/tfg_ws/install/husky_control:/home/useradd/tfg_ws/install/husky_description:/home/useradd/evaluable_ws/install/arm_controller:/home/useradd/cyprgame_ws/install/warrior_21:/home/useradd/cyprgame_ws/install/rosgame_msgs:/home/useradd/cyprgame_ws/install/rosgame_bridge:/home/useradd/cypr_ws/install/navigation:/home/useradd/cypr_ws/install/motion:/home/useradd/cypr_ws/install/localization:/home/useradd/cypr_ws/install/keyboard_control:/home/useradd/cypr_exam_ws/install/my_pkg:/home/useradd/cypr_exam_ws/install/data_pkg:/home/useradd/ws_moveit2/install/launch_param_builder:/home/useradd/dev_ws/install/robot_description:/home/useradd/dev_ws/install/my_doosan_pkg:/home/useradd/dev_ws/install/mobile_manipulator:/home/useradd/dev_ws/install/doosan_description:/home/useradd/dev_ws/install/bulldog_description:/opt/ros/humble /usr/bin/cmake --build /home/useradd/ros2_ws/build/husky_control -- -j16 -l16
[4.015s] Invoked command in '/home/useradd/ros2_ws/build/husky_control' returned '0': AMENT_PREFIX_PATH=/home/useradd/ros2_ws/install/husky_description:${AMENT_PREFIX_PATH} CMAKE_PREFIX_PATH=/home/useradd/ros2_ws/install/husky_description:/home/useradd/ws_moveit2/install/moveit_common:/home/useradd/dev_ws/install/ur5_ros2_moveit2:/home/useradd/dev_ws/install/ur5_ros2_gazebo:/home/useradd/dev_ws/install/ros2_actions:/home/useradd/dev_ws/install/ros2_data:/home/useradd/dev_ws/install/dsr_description2:/home/useradd/tfg_ws/install/husky_desktop:/home/useradd/tfg_ws/install/husky_viz:/home/useradd/tfg_ws/install/husky_simulator:/home/useradd/tfg_ws/install/husky_robot:/home/useradd/tfg_ws/install/husky_bringup:/home/useradd/tfg_ws/install/husky_base:/home/useradd/tfg_ws/install/husky_msgs:/home/useradd/tfg_ws/install/husky_gazebo:/home/useradd/tfg_ws/install/husky_control:/home/useradd/tfg_ws/install/husky_description:/home/useradd/evaluable_ws/install/arm_controller:/home/useradd/cyprgame_ws/install/warrior_21:/home/useradd/cyprgame_ws/install/rosgame_msgs:/home/useradd/cyprgame_ws/install/rosgame_bridge:/home/useradd/cypr_ws/install/navigation:/home/useradd/cypr_ws/install/motion:/home/useradd/cypr_ws/install/localization:/home/useradd/cypr_ws/install/keyboard_control:/home/useradd/cypr_exam_ws/install/my_pkg:/home/useradd/cypr_exam_ws/install/data_pkg:/home/useradd/ws_moveit2/install/launch_param_builder:/home/useradd/dev_ws/install/robot_description:/home/useradd/dev_ws/install/my_doosan_pkg:/home/useradd/dev_ws/install/mobile_manipulator:/home/useradd/dev_ws/install/doosan_description:/home/useradd/dev_ws/install/bulldog_description:/opt/ros/humble /usr/bin/cmake --build /home/useradd/ros2_ws/build/husky_control -- -j16 -l16
[4.016s] Invoking command in '/home/useradd/ros2_ws/build/husky_control': AMENT_PREFIX_PATH=/home/useradd/ros2_ws/install/husky_description:${AMENT_PREFIX_PATH} CMAKE_PREFIX_PATH=/home/useradd/ros2_ws/install/husky_description:/home/useradd/ws_moveit2/install/moveit_common:/home/useradd/dev_ws/install/ur5_ros2_moveit2:/home/useradd/dev_ws/install/ur5_ros2_gazebo:/home/useradd/dev_ws/install/ros2_actions:/home/useradd/dev_ws/install/ros2_data:/home/useradd/dev_ws/install/dsr_description2:/home/useradd/tfg_ws/install/husky_desktop:/home/useradd/tfg_ws/install/husky_viz:/home/useradd/tfg_ws/install/husky_simulator:/home/useradd/tfg_ws/install/husky_robot:/home/useradd/tfg_ws/install/husky_bringup:/home/useradd/tfg_ws/install/husky_base:/home/useradd/tfg_ws/install/husky_msgs:/home/useradd/tfg_ws/install/husky_gazebo:/home/useradd/tfg_ws/install/husky_control:/home/useradd/tfg_ws/install/husky_description:/home/useradd/evaluable_ws/install/arm_controller:/home/useradd/cyprgame_ws/install/warrior_21:/home/useradd/cyprgame_ws/install/rosgame_msgs:/home/useradd/cyprgame_ws/install/rosgame_bridge:/home/useradd/cypr_ws/install/navigation:/home/useradd/cypr_ws/install/motion:/home/useradd/cypr_ws/install/localization:/home/useradd/cypr_ws/install/keyboard_control:/home/useradd/cypr_exam_ws/install/my_pkg:/home/useradd/cypr_exam_ws/install/data_pkg:/home/useradd/ws_moveit2/install/launch_param_builder:/home/useradd/dev_ws/install/robot_description:/home/useradd/dev_ws/install/my_doosan_pkg:/home/useradd/dev_ws/install/mobile_manipulator:/home/useradd/dev_ws/install/doosan_description:/home/useradd/dev_ws/install/bulldog_description:/opt/ros/humble /usr/bin/cmake --install /home/useradd/ros2_ws/build/husky_control
[4.025s] -- Install configuration: ""
[4.025s] -- Installing: /home/useradd/ros2_ws/install/husky_control/share/husky_control/config
[4.027s] -- Installing: /home/useradd/ros2_ws/install/husky_control/share/husky_control/config/twist_mux.yaml
[4.027s] -- Installing: /home/useradd/ros2_ws/install/husky_control/share/husky_control/config/gazebo_interface.yaml
[4.028s] -- Installing: /home/useradd/ros2_ws/install/husky_control/share/husky_control/config/localization.yaml
[4.028s] -- Installing: /home/useradd/ros2_ws/install/husky_control/share/husky_control/config/imu_filter.yaml
[4.028s] -- Installing: /home/useradd/ros2_ws/install/husky_control/share/husky_control/config/public_interface.yaml
[4.029s] -- Installing: /home/useradd/ros2_ws/install/husky_control/share/husky_control/config/empty.yaml
[4.029s] -- Installing: /home/useradd/ros2_ws/install/husky_control/share/husky_control/config/teleop_ps4.yaml
[4.030s] -- Installing: /home/useradd/ros2_ws/install/husky_control/share/husky_control/config/teleop_interactive_markers.yaml
[4.030s] -- Installing: /home/useradd/ros2_ws/install/husky_control/share/husky_control/config/teleop_logitech.yaml
[4.031s] -- Installing: /home/useradd/ros2_ws/install/husky_control/share/husky_control/config/control.yaml
[4.031s] -- Installing: /home/useradd/ros2_ws/install/husky_control/share/husky_control/launch
[4.031s] -- Installing: /home/useradd/ros2_ws/install/husky_control/share/husky_control/launch/teleop.launch
[4.032s] -- Installing: /home/useradd/ros2_ws/install/husky_control/share/husky_control/launch/control.launch.py
[4.032s] -- Installing: /home/useradd/ros2_ws/install/husky_control/share/husky_control/launch/teleop_base.launch.py
[4.033s] -- Installing: /home/useradd/ros2_ws/install/husky_control/share/husky_control/launch/teleop_joy.launch.py
[4.033s] -- Installing: /home/useradd/ros2_ws/install/husky_control/share/husky_control/launch/control.launch
[4.034s] -- Installing: /home/useradd/ros2_ws/install/husky_control/share/ament_index/resource_index/package_run_dependencies/husky_control
[4.034s] -- Installing: /home/useradd/ros2_ws/install/husky_control/share/ament_index/resource_index/parent_prefix_path/husky_control
[4.035s] -- Installing: /home/useradd/ros2_ws/install/husky_control/share/husky_control/environment/ament_prefix_path.sh
[4.035s] -- Installing: /home/useradd/ros2_ws/install/husky_control/share/husky_control/environment/ament_prefix_path.dsv
[4.035s] -- Installing: /home/useradd/ros2_ws/install/husky_control/share/husky_control/environment/path.sh
[4.035s] -- Installing: /home/useradd/ros2_ws/install/husky_control/share/husky_control/environment/path.dsv
[4.036s] -- Installing: /home/useradd/ros2_ws/install/husky_control/share/husky_control/local_setup.bash
[4.036s] -- Installing: /home/useradd/ros2_ws/install/husky_control/share/husky_control/local_setup.sh
[4.036s] -- Installing: /home/useradd/ros2_ws/install/husky_control/share/husky_control/local_setup.zsh
[4.036s] -- Installing: /home/useradd/ros2_ws/install/husky_control/share/husky_control/local_setup.dsv
[4.037s] -- Installing: /home/useradd/ros2_ws/install/husky_control/share/husky_control/package.dsv
[4.037s] -- Installing: /home/useradd/ros2_ws/install/husky_control/share/ament_index/resource_index/packages/husky_control
[4.037s] -- Installing: /home/useradd/ros2_ws/install/husky_control/share/husky_control/cmake/husky_controlConfig.cmake
[4.038s] -- Installing: /home/useradd/ros2_ws/install/husky_control/share/husky_control/cmake/husky_controlConfig-version.cmake
[4.038s] -- Installing: /home/useradd/ros2_ws/install/husky_control/share/husky_control/package.xml
[4.040s] Invoked command in '/home/useradd/ros2_ws/build/husky_control' returned '0': AMENT_PREFIX_PATH=/home/useradd/ros2_ws/install/husky_description:${AMENT_PREFIX_PATH} CMAKE_PREFIX_PATH=/home/useradd/ros2_ws/install/husky_description:/home/useradd/ws_moveit2/install/moveit_common:/home/useradd/dev_ws/install/ur5_ros2_moveit2:/home/useradd/dev_ws/install/ur5_ros2_gazebo:/home/useradd/dev_ws/install/ros2_actions:/home/useradd/dev_ws/install/ros2_data:/home/useradd/dev_ws/install/dsr_description2:/home/useradd/tfg_ws/install/husky_desktop:/home/useradd/tfg_ws/install/husky_viz:/home/useradd/tfg_ws/install/husky_simulator:/home/useradd/tfg_ws/install/husky_robot:/home/useradd/tfg_ws/install/husky_bringup:/home/useradd/tfg_ws/install/husky_base:/home/useradd/tfg_ws/install/husky_msgs:/home/useradd/tfg_ws/install/husky_gazebo:/home/useradd/tfg_ws/install/husky_control:/home/useradd/tfg_ws/install/husky_description:/home/useradd/evaluable_ws/install/arm_controller:/home/useradd/cyprgame_ws/install/warrior_21:/home/useradd/cyprgame_ws/install/rosgame_msgs:/home/useradd/cyprgame_ws/install/rosgame_bridge:/home/useradd/cypr_ws/install/navigation:/home/useradd/cypr_ws/install/motion:/home/useradd/cypr_ws/install/localization:/home/useradd/cypr_ws/install/keyboard_control:/home/useradd/cypr_exam_ws/install/my_pkg:/home/useradd/cypr_exam_ws/install/data_pkg:/home/useradd/ws_moveit2/install/launch_param_builder:/home/useradd/dev_ws/install/robot_description:/home/useradd/dev_ws/install/my_doosan_pkg:/home/useradd/dev_ws/install/mobile_manipulator:/home/useradd/dev_ws/install/doosan_description:/home/useradd/dev_ws/install/bulldog_description:/opt/ros/humble /usr/bin/cmake --install /home/useradd/ros2_ws/build/husky_control
