-- Found ament_cmake: 1.3.11 (/opt/ros/humble/share/ament_cmake/cmake)
-- Override CMake install command with custom implementation using symlinks instead of copying resources
-- Found ament_cmake_auto: 1.3.11 (/opt/ros/humble/share/ament_cmake_auto/cmake)
-- Found ament_index_cpp: 1.4.0 (/opt/ros/humble/share/ament_index_cpp/cmake)
-- Found gazebo_ros: 3.9.0 (/opt/ros/humble/share/gazebo_ros/cmake)
-- Found rosidl_generator_c: 3.1.6 (/opt/ros/humble/share/rosidl_generator_c/cmake)
-- Found rosidl_adapter: 3.1.6 (/opt/ros/humble/share/rosidl_adapter/cmake)
-- Found rosidl_generator_cpp: 3.1.6 (/opt/ros/humble/share/rosidl_generator_cpp/cmake)
-- Using all available rosidl_typesupport_c: rosidl_typesupport_fastrtps_c;rosidl_typesupport_introspection_c
-- Using all available rosidl_typesupport_cpp: rosidl_typesupport_fastrtps_cpp;rosidl_typesupport_introspection_cpp
-- Found rmw_implementation_cmake: 6.1.2 (/opt/ros/humble/share/rmw_implementation_cmake/cmake)
-- Found rmw_fastrtps_cpp: 6.2.7 (/opt/ros/humble/share/rmw_fastrtps_cpp/cmake)
-- Using RMW implementation 'rmw_fastrtps_cpp' as default
-- Found DART: /usr/include (Required is at least version "6.6") found components: dart 
-- Found Protobuf: /usr/lib/x86_64-linux-gnu/libprotobuf.so (found version "3.12.4") 
-- Looking for ignition-math6 -- found version 6.15.1
-- Searching for dependencies of ignition-math6
-- Looking for OGRE...
-- Found Ogre Ghadamon (1.9.0)
-- Found OGRE: optimized;/usr/lib/x86_64-linux-gnu/libOgreMain.so;debug;/usr/lib/x86_64-linux-gnu/libOgreMain.so
-- Looking for OGRE_Paging...
-- Found OGRE_Paging: optimized;/usr/lib/x86_64-linux-gnu/libOgrePaging.so;debug;/usr/lib/x86_64-linux-gnu/libOgrePaging.so
-- Looking for OGRE_Terrain...
-- Found OGRE_Terrain: optimized;/usr/lib/x86_64-linux-gnu/libOgreTerrain.so;debug;/usr/lib/x86_64-linux-gnu/libOgreTerrain.so
-- Looking for OGRE_Property...
-- Found OGRE_Property: optimized;/usr/lib/x86_64-linux-gnu/libOgreProperty.so;debug;/usr/lib/x86_64-linux-gnu/libOgreProperty.so
-- Looking for OGRE_RTShaderSystem...
-- Found OGRE_RTShaderSystem: optimized;/usr/lib/x86_64-linux-gnu/libOgreRTShaderSystem.so;debug;/usr/lib/x86_64-linux-gnu/libOgreRTShaderSystem.so
-- Looking for OGRE_Volume...
-- Found OGRE_Volume: optimized;/usr/lib/x86_64-linux-gnu/libOgreVolume.so;debug;/usr/lib/x86_64-linux-gnu/libOgreVolume.so
-- Looking for OGRE_Overlay...
-- Found OGRE_Overlay: optimized;/usr/lib/x86_64-linux-gnu/libOgreOverlay.so;debug;/usr/lib/x86_64-linux-gnu/libOgreOverlay.so
-- Looking for ignition-math6 -- found version 6.15.1
-- Looking for ignition-transport8 -- found version 8.2.1
-- Searching for dependencies of ignition-transport8
-- Found Protobuf: /usr/lib/x86_64-linux-gnu/libprotobuf.so (found suitable version "3.12.4", minimum required is "3") 
-- Config-file not installed for ZeroMQ -- checking for pkg-config
-- Checking for module 'libzmq >= 4'
--   Found libzmq , version 4.3.4
-- Checking for module 'uuid'
--   Found uuid, version 2.37.2
-- Looking for ignition-msgs5 -- found version 5.8.1
-- Searching for dependencies of ignition-msgs5
-- Looking for ignition-math6 -- found version 6.15.1
-- Checking for module 'tinyxml2'
--   Found tinyxml2, version 9.0.0
-- Looking for ignition-msgs5 -- found version 5.8.1
-- Looking for ignition-common3 -- found version 3.14.0
-- Searching for dependencies of ignition-common3
-- Looking for dlfcn.h - found
-- Looking for libdl - found
-- Searching for <ignition-common3> component [graphics]
-- Looking for ignition-common3-graphics -- found version 3.14.0
-- Searching for dependencies of ignition-common3-graphics
-- Looking for ignition-math6 -- found version 6.15.1
-- Looking for ignition-fuel_tools4 -- found version 4.4.0
-- Searching for dependencies of ignition-fuel_tools4
-- Checking for module 'jsoncpp'
--   Found jsoncpp, version 1.9.5
-- Checking for module 'libzip'
--   Found libzip, version 1.7.3
-- Looking for ignition-common3 -- found version 3.14.0
-- Looking for ignition-math6 -- found version 6.15.1
-- Looking for ignition-msgs5 -- found version 5.8.1
-- Gazebo version: 11.10
-- Found rviz2: 11.2.16 (/opt/ros/humble/share/rviz2/cmake)
-- Found robot_state_publisher: 3.0.3 (/opt/ros/humble/share/robot_state_publisher/cmake)
-- Found eigen3_cmake_module: 0.1.1 (/opt/ros/humble/share/eigen3_cmake_module/cmake)
-- Ensuring Eigen3 include directory is part of orocos-kdl CMake target
-- Found husky_description: 1.0.8 (/home/useradd/ros2_ws/src/install/husky_description/share/husky_description/cmake)
-- Found ur_description: 2.1.9 (/home/useradd/ros2_ws/src/install/ur_description/share/ur_description/cmake)
-- Found ament_lint_auto: 0.12.12 (/opt/ros/humble/share/ament_lint_auto/cmake)
-- Found launch_testing_ament_cmake: 1.0.8 (/opt/ros/humble/share/launch_testing_ament_cmake/cmake)
-- Found python_cmake_module: 0.10.0 (/opt/ros/humble/share/python_cmake_module/cmake)
-- Using PYTHON_EXECUTABLE: /usr/bin/python3
-- Using PYTHON_INCLUDE_DIRS: /usr/include/python3.10
-- Using PYTHON_LIBRARIES: /usr/lib/x86_64-linux-gnu/libpython3.10.so
-- Added test 'copyright' to check source files copyright and LICENSE
-- Added test 'flake8' to check Python code syntax and style conventions
-- Added test 'lint_cmake' to check CMake code style
-- Added test 'pep257' to check Python code against some of the docstring style conventions in PEP 257
-- Added test 'xmllint' to check XML markup files
-- Configuring done
-- Generating done
-- Build files have been written to: /home/useradd/ros2_ws/src/build/husky_ur5
-- Install configuration: ""
-- Execute custom install script
-- Up-to-date symlink: /home/useradd/ros2_ws/src/install/husky_ur5/share/husky_ur5/launch/build/.built_by
-- Up-to-date symlink: /home/useradd/ros2_ws/src/install/husky_ur5/share/husky_ur5/launch/build/COLCON_IGNORE
-- Up-to-date symlink: /home/useradd/ros2_ws/src/install/husky_ur5/share/husky_ur5/launch/display_launch.py
-- Up-to-date symlink: /home/useradd/ros2_ws/src/install/husky_ur5/share/husky_ur5/launch/gazebo_launch - copia.py:Zone.Identifier
-- Up-to-date symlink: /home/useradd/ros2_ws/src/install/husky_ur5/share/husky_ur5/launch/gazebo_launch.py
-- Up-to-date symlink: /home/useradd/ros2_ws/src/install/husky_ur5/share/husky_ur5/launch/huksy_ur5.rviz
-- Up-to-date symlink: /home/useradd/ros2_ws/src/install/husky_ur5/share/husky_ur5/launch/huksy_ur5.rviz:Zone.Identifier
-- Up-to-date symlink: /home/useradd/ros2_ws/src/install/husky_ur5/share/husky_ur5/launch/husky_ur5_nav2_launch.py
-- Up-to-date symlink: /home/useradd/ros2_ws/src/install/husky_ur5/share/husky_ur5/launch/install/.colcon_install_layout
-- Up-to-date symlink: /home/useradd/ros2_ws/src/install/husky_ur5/share/husky_ur5/launch/install/COLCON_IGNORE
-- Up-to-date symlink: /home/useradd/ros2_ws/src/install/husky_ur5/share/husky_ur5/launch/install/_local_setup_util_ps1.py
-- Up-to-date symlink: /home/useradd/ros2_ws/src/install/husky_ur5/share/husky_ur5/launch/install/_local_setup_util_sh.py
-- Up-to-date symlink: /home/useradd/ros2_ws/src/install/husky_ur5/share/husky_ur5/launch/install/local_setup.bash
-- Up-to-date symlink: /home/useradd/ros2_ws/src/install/husky_ur5/share/husky_ur5/launch/install/local_setup.ps1
-- Up-to-date symlink: /home/useradd/ros2_ws/src/install/husky_ur5/share/husky_ur5/launch/install/local_setup.sh
-- Up-to-date symlink: /home/useradd/ros2_ws/src/install/husky_ur5/share/husky_ur5/launch/install/local_setup.zsh
-- Up-to-date symlink: /home/useradd/ros2_ws/src/install/husky_ur5/share/husky_ur5/launch/install/setup.bash
-- Up-to-date symlink: /home/useradd/ros2_ws/src/install/husky_ur5/share/husky_ur5/launch/install/setup.ps1
-- Up-to-date symlink: /home/useradd/ros2_ws/src/install/husky_ur5/share/husky_ur5/launch/install/setup.sh
-- Up-to-date symlink: /home/useradd/ros2_ws/src/install/husky_ur5/share/husky_ur5/launch/install/setup.zsh
-- Up-to-date symlink: /home/useradd/ros2_ws/src/install/husky_ur5/share/husky_ur5/launch/log/COLCON_IGNORE
-- Up-to-date symlink: /home/useradd/ros2_ws/src/install/husky_ur5/share/husky_ur5/launch/log/build_2025-01-24_13-21-43/events.log
-- Up-to-date symlink: /home/useradd/ros2_ws/src/install/husky_ur5/share/husky_ur5/launch/log/build_2025-01-24_13-21-43/logger_all.log
-- Up-to-date symlink: /home/useradd/ros2_ws/src/install/husky_ur5/share/husky_ur5/launch/log/build_2025-03-18_13-07-01/events.log
-- Up-to-date symlink: /home/useradd/ros2_ws/src/install/husky_ur5/share/husky_ur5/launch/log/build_2025-03-18_13-07-01/logger_all.log
-- Up-to-date symlink: /home/useradd/ros2_ws/src/install/husky_ur5/share/husky_ur5/launch/log/latest/events.log
-- Up-to-date symlink: /home/useradd/ros2_ws/src/install/husky_ur5/share/husky_ur5/launch/log/latest/logger_all.log
-- Up-to-date symlink: /home/useradd/ros2_ws/src/install/husky_ur5/share/husky_ur5/launch/log/latest_build/events.log
-- Up-to-date symlink: /home/useradd/ros2_ws/src/install/husky_ur5/share/husky_ur5/launch/log/latest_build/logger_all.log
-- Symlinking: /home/useradd/ros2_ws/src/install/husky_ur5/share/husky_ur5/launch/nav2_almacen.launch.py
-- Up-to-date symlink: /home/useradd/ros2_ws/src/install/husky_ur5/share/husky_ur5/launch/rsp.launch.py
-- Up-to-date symlink: /home/useradd/ros2_ws/src/install/husky_ur5/share/husky_ur5/launch/slam.launch.py
-- Symlinking: /home/useradd/ros2_ws/src/install/husky_ur5/share/husky_ur5/launch/turtlebot_almacen.launch.py
-- Up-to-date symlink: /home/useradd/ros2_ws/src/install/husky_ur5/share/husky_ur5/launch/ur_controllers.yaml:Zone.Identifier
-- Up-to-date symlink: /home/useradd/ros2_ws/src/install/husky_ur5/share/husky_ur5/urdf/build/.built_by
-- Up-to-date symlink: /home/useradd/ros2_ws/src/install/husky_ur5/share/husky_ur5/urdf/build/COLCON_IGNORE
-- Up-to-date symlink: /home/useradd/ros2_ws/src/install/husky_ur5/share/husky_ur5/urdf/complete_husky_ur5.urdf
-- Up-to-date symlink: /home/useradd/ros2_ws/src/install/husky_ur5/share/husky_ur5/urdf/complete_husky_ur5_gazebo.urdf
-- Up-to-date symlink: /home/useradd/ros2_ws/src/install/husky_ur5/share/husky_ur5/urdf/frames_2025-01-24_22.03.35.gv
-- Up-to-date symlink: /home/useradd/ros2_ws/src/install/husky_ur5/share/husky_ur5/urdf/frames_2025-01-24_22.03.35.pdf
-- Up-to-date symlink: /home/useradd/ros2_ws/src/install/husky_ur5/share/husky_ur5/urdf/husky_ur5.urdf - copia.xml:Zone.Identifier
-- Up-to-date symlink: /home/useradd/ros2_ws/src/install/husky_ur5/share/husky_ur5/urdf/husky_ur5.urdf.xml
-- Up-to-date symlink: /home/useradd/ros2_ws/src/install/husky_ur5/share/husky_ur5/urdf/husky_ur5_gazebo.urdf
-- Up-to-date symlink: /home/useradd/ros2_ws/src/install/husky_ur5/share/husky_ur5/urdf/husky_ur5_gazebo.urdf.xacro
-- Up-to-date symlink: /home/useradd/ros2_ws/src/install/husky_ur5/share/husky_ur5/urdf/husky_ur5_gazebo.urdf.xml
-- Up-to-date symlink: /home/useradd/ros2_ws/src/install/husky_ur5/share/husky_ur5/urdf/install/.colcon_install_layout
-- Up-to-date symlink: /home/useradd/ros2_ws/src/install/husky_ur5/share/husky_ur5/urdf/install/COLCON_IGNORE
-- Up-to-date symlink: /home/useradd/ros2_ws/src/install/husky_ur5/share/husky_ur5/urdf/install/_local_setup_util_ps1.py
-- Up-to-date symlink: /home/useradd/ros2_ws/src/install/husky_ur5/share/husky_ur5/urdf/install/_local_setup_util_sh.py
-- Up-to-date symlink: /home/useradd/ros2_ws/src/install/husky_ur5/share/husky_ur5/urdf/install/local_setup.bash
-- Up-to-date symlink: /home/useradd/ros2_ws/src/install/husky_ur5/share/husky_ur5/urdf/install/local_setup.ps1
-- Up-to-date symlink: /home/useradd/ros2_ws/src/install/husky_ur5/share/husky_ur5/urdf/install/local_setup.sh
-- Up-to-date symlink: /home/useradd/ros2_ws/src/install/husky_ur5/share/husky_ur5/urdf/install/local_setup.zsh
-- Up-to-date symlink: /home/useradd/ros2_ws/src/install/husky_ur5/share/husky_ur5/urdf/install/setup.bash
-- Up-to-date symlink: /home/useradd/ros2_ws/src/install/husky_ur5/share/husky_ur5/urdf/install/setup.ps1
-- Up-to-date symlink: /home/useradd/ros2_ws/src/install/husky_ur5/share/husky_ur5/urdf/install/setup.sh
-- Up-to-date symlink: /home/useradd/ros2_ws/src/install/husky_ur5/share/husky_ur5/urdf/install/setup.zsh
-- Up-to-date symlink: /home/useradd/ros2_ws/src/install/husky_ur5/share/husky_ur5/urdf/log/COLCON_IGNORE
-- Up-to-date symlink: /home/useradd/ros2_ws/src/install/husky_ur5/share/husky_ur5/urdf/log/build_2025-01-24_12-54-02/events.log
-- Up-to-date symlink: /home/useradd/ros2_ws/src/install/husky_ur5/share/husky_ur5/urdf/log/build_2025-01-24_12-54-02/logger_all.log
-- Up-to-date symlink: /home/useradd/ros2_ws/src/install/husky_ur5/share/husky_ur5/urdf/log/build_2025-01-24_13-29-50/events.log
-- Up-to-date symlink: /home/useradd/ros2_ws/src/install/husky_ur5/share/husky_ur5/urdf/log/build_2025-01-24_13-29-50/logger_all.log
-- Up-to-date symlink: /home/useradd/ros2_ws/src/install/husky_ur5/share/husky_ur5/urdf/log/build_2025-01-24_22-06-15/events.log
-- Up-to-date symlink: /home/useradd/ros2_ws/src/install/husky_ur5/share/husky_ur5/urdf/log/build_2025-01-24_22-06-15/logger_all.log
-- Up-to-date symlink: /home/useradd/ros2_ws/src/install/husky_ur5/share/husky_ur5/urdf/log/build_2025-01-25_13-11-24/events.log
-- Up-to-date symlink: /home/useradd/ros2_ws/src/install/husky_ur5/share/husky_ur5/urdf/log/build_2025-01-25_13-11-24/logger_all.log
-- Up-to-date symlink: /home/useradd/ros2_ws/src/install/husky_ur5/share/husky_ur5/urdf/log/build_2025-01-25_13-25-53/events.log
-- Up-to-date symlink: /home/useradd/ros2_ws/src/install/husky_ur5/share/husky_ur5/urdf/log/build_2025-01-25_13-25-53/logger_all.log
-- Up-to-date symlink: /home/useradd/ros2_ws/src/install/husky_ur5/share/husky_ur5/urdf/log/build_2025-01-26_14-26-03/events.log
-- Up-to-date symlink: /home/useradd/ros2_ws/src/install/husky_ur5/share/husky_ur5/urdf/log/build_2025-01-26_14-26-03/logger_all.log
-- Up-to-date symlink: /home/useradd/ros2_ws/src/install/husky_ur5/share/husky_ur5/urdf/log/latest/events.log
-- Up-to-date symlink: /home/useradd/ros2_ws/src/install/husky_ur5/share/husky_ur5/urdf/log/latest/logger_all.log
-- Up-to-date symlink: /home/useradd/ros2_ws/src/install/husky_ur5/share/husky_ur5/urdf/log/latest_build/events.log
-- Up-to-date symlink: /home/useradd/ros2_ws/src/install/husky_ur5/share/husky_ur5/urdf/log/latest_build/logger_all.log
-- Up-to-date symlink: /home/useradd/ros2_ws/src/install/husky_ur5/share/husky_ur5/urdf/output.urdf
-- Up-to-date symlink: /home/useradd/ros2_ws/src/install/husky_ur5/share/husky_ur5/urdf/robot_description_output.urdf
-- Up-to-date symlink: /home/useradd/ros2_ws/src/install/husky_ur5/share/husky_ur5/config/bt_navigator.yaml
-- Up-to-date symlink: /home/useradd/ros2_ws/src/install/husky_ur5/share/husky_ur5/config/control - copia.yaml:Zone.Identifier
-- Up-to-date symlink: /home/useradd/ros2_ws/src/install/husky_ur5/share/husky_ur5/config/control.yaml
-- Up-to-date symlink: /home/useradd/ros2_ws/src/install/husky_ur5/share/husky_ur5/config/control.yaml:Zone.Identifier
-- Up-to-date symlink: /home/useradd/ros2_ws/src/install/husky_ur5/share/husky_ur5/config/costmap_common.yaml
-- Up-to-date symlink: /home/useradd/ros2_ws/src/install/husky_ur5/share/husky_ur5/config/ekf.yaml
-- Up-to-date symlink: /home/useradd/ros2_ws/src/install/husky_ur5/share/husky_ur5/config/global_costmap.yaml
-- Up-to-date symlink: /home/useradd/ros2_ws/src/install/husky_ur5/share/husky_ur5/config/husky_ur5_controllers - copia.yaml:Zone.Identifier
-- Up-to-date symlink: /home/useradd/ros2_ws/src/install/husky_ur5/share/husky_ur5/config/husky_ur5_controllers.yaml
-- Up-to-date symlink: /home/useradd/ros2_ws/src/install/husky_ur5/share/husky_ur5/config/initial_positions.yaml
-- Up-to-date symlink: /home/useradd/ros2_ws/src/install/husky_ur5/share/husky_ur5/config/initial_positions.yaml:Zone.Identifier
-- Up-to-date symlink: /home/useradd/ros2_ws/src/install/husky_ur5/share/husky_ur5/config/local_costmap.yaml
-- Up-to-date symlink: /home/useradd/ros2_ws/src/install/husky_ur5/share/husky_ur5/config/nav2_params.yaml
-- Up-to-date symlink: /home/useradd/ros2_ws/src/install/husky_ur5/share/husky_ur5/config/slam_params.yaml
-- Up-to-date symlink: /home/useradd/ros2_ws/src/install/husky_ur5/share/husky_ur5/config/ur5_control.yaml
-- Up-to-date symlink: /home/useradd/ros2_ws/src/install/husky_ur5/share/husky_ur5/config/ur_controllers.yaml
-- Up-to-date symlink: /home/useradd/ros2_ws/src/install/husky_ur5/share/husky_ur5/worlds/almacen.world
-- Up-to-date symlink: /home/useradd/ros2_ws/src/install/husky_ur5/share/husky_ur5/worlds/clearpath_playpen.world
-- Up-to-date symlink: /home/useradd/ros2_ws/src/install/husky_ur5/share/husky_ur5/worlds/clearpath_playpen.world:Zone.Identifier
-- Up-to-date symlink: /home/useradd/ros2_ws/src/install/husky_ur5/share/husky_ur5/worlds/factory.world
-- Up-to-date symlink: /home/useradd/ros2_ws/src/install/husky_ur5/share/husky_ur5/worlds/factory.world:Zone.Identifier
-- Up-to-date symlink: /home/useradd/ros2_ws/src/install/husky_ur5/share/husky_ur5/worlds/warehouse.world
-- Symlinking: /home/useradd/ros2_ws/src/install/husky_ur5/share/husky_ur5/maps/almacen_mapa_v2.pgm
-- Symlinking: /home/useradd/ros2_ws/src/install/husky_ur5/share/husky_ur5/maps/almacen_mapa_v2.pgm:Zone.Identifier
-- Symlinking: /home/useradd/ros2_ws/src/install/husky_ur5/share/husky_ur5/maps/almacen_mapa_v2.yaml
-- Symlinking: /home/useradd/ros2_ws/src/install/husky_ur5/share/husky_ur5/maps/almacen_mapa_v2.yaml:Zone.Identifier
-- Symlinking: /home/useradd/ros2_ws/src/install/husky_ur5/share/husky_ur5/maps/map.pgm
-- Symlinking: /home/useradd/ros2_ws/src/install/husky_ur5/share/husky_ur5/maps/map.yaml
-- Up-to-date symlink: /home/useradd/ros2_ws/src/install/husky_ur5/share/ament_index/resource_index/package_run_dependencies/husky_ur5
-- Up-to-date symlink: /home/useradd/ros2_ws/src/install/husky_ur5/share/ament_index/resource_index/parent_prefix_path/husky_ur5
-- Up-to-date symlink: /home/useradd/ros2_ws/src/install/husky_ur5/share/husky_ur5/environment/ament_prefix_path.sh
-- Up-to-date symlink: /home/useradd/ros2_ws/src/install/husky_ur5/share/husky_ur5/environment/ament_prefix_path.dsv
-- Up-to-date symlink: /home/useradd/ros2_ws/src/install/husky_ur5/share/husky_ur5/environment/path.sh
-- Up-to-date symlink: /home/useradd/ros2_ws/src/install/husky_ur5/share/husky_ur5/environment/path.dsv
-- Up-to-date symlink: /home/useradd/ros2_ws/src/install/husky_ur5/share/husky_ur5/local_setup.bash
-- Up-to-date symlink: /home/useradd/ros2_ws/src/install/husky_ur5/share/husky_ur5/local_setup.sh
-- Up-to-date symlink: /home/useradd/ros2_ws/src/install/husky_ur5/share/husky_ur5/local_setup.zsh
-- Up-to-date symlink: /home/useradd/ros2_ws/src/install/husky_ur5/share/husky_ur5/local_setup.dsv
-- Symlinking: /home/useradd/ros2_ws/src/install/husky_ur5/share/husky_ur5/package.dsv
-- Up-to-date symlink: /home/useradd/ros2_ws/src/install/husky_ur5/share/ament_index/resource_index/packages/husky_ur5
-- Up-to-date symlink: /home/useradd/ros2_ws/src/install/husky_ur5/share/husky_ur5/cmake/husky_ur5Config.cmake
-- Up-to-date symlink: /home/useradd/ros2_ws/src/install/husky_ur5/share/husky_ur5/cmake/husky_ur5Config-version.cmake
-- Up-to-date symlink: /home/useradd/ros2_ws/src/install/husky_ur5/share/husky_ur5/package.xml
