[0.229s] Invoking command in '/home/useradd/ros2_ws/build/ur5_moveit_config': AMENT_PREFIX_PATH=/home/useradd/ros2_ws/install/husky_ur5:/home/useradd/ros2_ws/install/ur_description:/home/useradd/ros2_ws/install/husky_description:${AMENT_PREFIX_PATH} CMAKE_PREFIX_PATH=/home/useradd/ros2_ws/install/husky_ur5:/home/useradd/ros2_ws/install/ur_description:/home/useradd/ros2_ws/install/husky_description:/home/useradd/ws_moveit2/install/moveit_common:/home/useradd/dev_ws/install/ur5_ros2_moveit2:/home/useradd/dev_ws/install/ur5_ros2_gazebo:/home/useradd/dev_ws/install/ros2_actions:/home/useradd/dev_ws/install/ros2_data:/home/useradd/dev_ws/install/dsr_description2:/home/useradd/tfg_ws/install/husky_desktop:/home/useradd/tfg_ws/install/husky_viz:/home/useradd/tfg_ws/install/husky_simulator:/home/useradd/tfg_ws/install/husky_robot:/home/useradd/tfg_ws/install/husky_bringup:/home/useradd/tfg_ws/install/husky_base:/home/useradd/tfg_ws/install/husky_msgs:/home/useradd/tfg_ws/install/husky_gazebo:/home/useradd/tfg_ws/install/husky_control:/home/useradd/tfg_ws/install/husky_description:/home/useradd/evaluable_ws/install/arm_controller:/home/useradd/cyprgame_ws/install/warrior_21:/home/useradd/cyprgame_ws/install/rosgame_msgs:/home/useradd/cyprgame_ws/install/rosgame_bridge:/home/useradd/cypr_ws/install/navigation:/home/useradd/cypr_ws/install/motion:/home/useradd/cypr_ws/install/localization:/home/useradd/cypr_ws/install/keyboard_control:/home/useradd/cypr_exam_ws/install/my_pkg:/home/useradd/cypr_exam_ws/install/data_pkg:/home/useradd/ws_moveit2/install/launch_param_builder:/home/useradd/dev_ws/install/robot_description:/home/useradd/dev_ws/install/my_doosan_pkg:/home/useradd/dev_ws/install/mobile_manipulator:/home/useradd/dev_ws/install/doosan_description:/home/useradd/dev_ws/install/bulldog_description:/opt/ros/humble /usr/bin/cmake /home/useradd/ros2_ws/src/ur5_moveit_config -DCMAKE_INSTALL_PREFIX=/home/useradd/ros2_ws/install/ur5_moveit_config
[0.393s] -- The C compiler identification is GNU 11.4.0
[0.738s] -- The CXX compiler identification is GNU 11.4.0
[2.164s] -- Detecting C compiler ABI info
[2.926s] -- Detecting C compiler ABI info - done
[2.941s] -- Check for working C compiler: /usr/bin/cc - skipped
[2.941s] -- Detecting C compile features
[2.943s] -- Detecting C compile features - done
[2.950s] -- Detecting CXX compiler ABI info
[3.187s] -- Detecting CXX compiler ABI info - done
[3.193s] -- Check for working CXX compiler: /usr/bin/c++ - skipped
[3.193s] -- Detecting CXX compile features
[3.194s] -- Detecting CXX compile features - done
[3.198s] -- Found ament_cmake: 1.3.11 (/opt/ros/humble/share/ament_cmake/cmake)
[3.484s] -- Found Python3: /usr/bin/python3 (found version "3.10.12") found components: Interpreter 
[3.705s] -- Configuring done
[3.708s] -- Generating done
[3.709s] -- Build files have been written to: /home/useradd/ros2_ws/build/ur5_moveit_config
[3.713s] Invoked command in '/home/useradd/ros2_ws/build/ur5_moveit_config' returned '0': AMENT_PREFIX_PATH=/home/useradd/ros2_ws/install/husky_ur5:/home/useradd/ros2_ws/install/ur_description:/home/useradd/ros2_ws/install/husky_description:${AMENT_PREFIX_PATH} CMAKE_PREFIX_PATH=/home/useradd/ros2_ws/install/husky_ur5:/home/useradd/ros2_ws/install/ur_description:/home/useradd/ros2_ws/install/husky_description:/home/useradd/ws_moveit2/install/moveit_common:/home/useradd/dev_ws/install/ur5_ros2_moveit2:/home/useradd/dev_ws/install/ur5_ros2_gazebo:/home/useradd/dev_ws/install/ros2_actions:/home/useradd/dev_ws/install/ros2_data:/home/useradd/dev_ws/install/dsr_description2:/home/useradd/tfg_ws/install/husky_desktop:/home/useradd/tfg_ws/install/husky_viz:/home/useradd/tfg_ws/install/husky_simulator:/home/useradd/tfg_ws/install/husky_robot:/home/useradd/tfg_ws/install/husky_bringup:/home/useradd/tfg_ws/install/husky_base:/home/useradd/tfg_ws/install/husky_msgs:/home/useradd/tfg_ws/install/husky_gazebo:/home/useradd/tfg_ws/install/husky_control:/home/useradd/tfg_ws/install/husky_description:/home/useradd/evaluable_ws/install/arm_controller:/home/useradd/cyprgame_ws/install/warrior_21:/home/useradd/cyprgame_ws/install/rosgame_msgs:/home/useradd/cyprgame_ws/install/rosgame_bridge:/home/useradd/cypr_ws/install/navigation:/home/useradd/cypr_ws/install/motion:/home/useradd/cypr_ws/install/localization:/home/useradd/cypr_ws/install/keyboard_control:/home/useradd/cypr_exam_ws/install/my_pkg:/home/useradd/cypr_exam_ws/install/data_pkg:/home/useradd/ws_moveit2/install/launch_param_builder:/home/useradd/dev_ws/install/robot_description:/home/useradd/dev_ws/install/my_doosan_pkg:/home/useradd/dev_ws/install/mobile_manipulator:/home/useradd/dev_ws/install/doosan_description:/home/useradd/dev_ws/install/bulldog_description:/opt/ros/humble /usr/bin/cmake /home/useradd/ros2_ws/src/ur5_moveit_config -DCMAKE_INSTALL_PREFIX=/home/useradd/ros2_ws/install/ur5_moveit_config
[3.715s] Invoking command in '/home/useradd/ros2_ws/build/ur5_moveit_config': AMENT_PREFIX_PATH=/home/useradd/ros2_ws/install/husky_ur5:/home/useradd/ros2_ws/install/ur_description:/home/useradd/ros2_ws/install/husky_description:${AMENT_PREFIX_PATH} CMAKE_PREFIX_PATH=/home/useradd/ros2_ws/install/husky_ur5:/home/useradd/ros2_ws/install/ur_description:/home/useradd/ros2_ws/install/husky_description:/home/useradd/ws_moveit2/install/moveit_common:/home/useradd/dev_ws/install/ur5_ros2_moveit2:/home/useradd/dev_ws/install/ur5_ros2_gazebo:/home/useradd/dev_ws/install/ros2_actions:/home/useradd/dev_ws/install/ros2_data:/home/useradd/dev_ws/install/dsr_description2:/home/useradd/tfg_ws/install/husky_desktop:/home/useradd/tfg_ws/install/husky_viz:/home/useradd/tfg_ws/install/husky_simulator:/home/useradd/tfg_ws/install/husky_robot:/home/useradd/tfg_ws/install/husky_bringup:/home/useradd/tfg_ws/install/husky_base:/home/useradd/tfg_ws/install/husky_msgs:/home/useradd/tfg_ws/install/husky_gazebo:/home/useradd/tfg_ws/install/husky_control:/home/useradd/tfg_ws/install/husky_description:/home/useradd/evaluable_ws/install/arm_controller:/home/useradd/cyprgame_ws/install/warrior_21:/home/useradd/cyprgame_ws/install/rosgame_msgs:/home/useradd/cyprgame_ws/install/rosgame_bridge:/home/useradd/cypr_ws/install/navigation:/home/useradd/cypr_ws/install/motion:/home/useradd/cypr_ws/install/localization:/home/useradd/cypr_ws/install/keyboard_control:/home/useradd/cypr_exam_ws/install/my_pkg:/home/useradd/cypr_exam_ws/install/data_pkg:/home/useradd/ws_moveit2/install/launch_param_builder:/home/useradd/dev_ws/install/robot_description:/home/useradd/dev_ws/install/my_doosan_pkg:/home/useradd/dev_ws/install/mobile_manipulator:/home/useradd/dev_ws/install/doosan_description:/home/useradd/dev_ws/install/bulldog_description:/opt/ros/humble /usr/bin/cmake --build /home/useradd/ros2_ws/build/ur5_moveit_config -- -j16 -l16
[3.753s] Invoked command in '/home/useradd/ros2_ws/build/ur5_moveit_config' returned '0': AMENT_PREFIX_PATH=/home/useradd/ros2_ws/install/husky_ur5:/home/useradd/ros2_ws/install/ur_description:/home/useradd/ros2_ws/install/husky_description:${AMENT_PREFIX_PATH} CMAKE_PREFIX_PATH=/home/useradd/ros2_ws/install/husky_ur5:/home/useradd/ros2_ws/install/ur_description:/home/useradd/ros2_ws/install/husky_description:/home/useradd/ws_moveit2/install/moveit_common:/home/useradd/dev_ws/install/ur5_ros2_moveit2:/home/useradd/dev_ws/install/ur5_ros2_gazebo:/home/useradd/dev_ws/install/ros2_actions:/home/useradd/dev_ws/install/ros2_data:/home/useradd/dev_ws/install/dsr_description2:/home/useradd/tfg_ws/install/husky_desktop:/home/useradd/tfg_ws/install/husky_viz:/home/useradd/tfg_ws/install/husky_simulator:/home/useradd/tfg_ws/install/husky_robot:/home/useradd/tfg_ws/install/husky_bringup:/home/useradd/tfg_ws/install/husky_base:/home/useradd/tfg_ws/install/husky_msgs:/home/useradd/tfg_ws/install/husky_gazebo:/home/useradd/tfg_ws/install/husky_control:/home/useradd/tfg_ws/install/husky_description:/home/useradd/evaluable_ws/install/arm_controller:/home/useradd/cyprgame_ws/install/warrior_21:/home/useradd/cyprgame_ws/install/rosgame_msgs:/home/useradd/cyprgame_ws/install/rosgame_bridge:/home/useradd/cypr_ws/install/navigation:/home/useradd/cypr_ws/install/motion:/home/useradd/cypr_ws/install/localization:/home/useradd/cypr_ws/install/keyboard_control:/home/useradd/cypr_exam_ws/install/my_pkg:/home/useradd/cypr_exam_ws/install/data_pkg:/home/useradd/ws_moveit2/install/launch_param_builder:/home/useradd/dev_ws/install/robot_description:/home/useradd/dev_ws/install/my_doosan_pkg:/home/useradd/dev_ws/install/mobile_manipulator:/home/useradd/dev_ws/install/doosan_description:/home/useradd/dev_ws/install/bulldog_description:/opt/ros/humble /usr/bin/cmake --build /home/useradd/ros2_ws/build/ur5_moveit_config -- -j16 -l16
[3.755s] Invoking command in '/home/useradd/ros2_ws/build/ur5_moveit_config': AMENT_PREFIX_PATH=/home/useradd/ros2_ws/install/husky_ur5:/home/useradd/ros2_ws/install/ur_description:/home/useradd/ros2_ws/install/husky_description:${AMENT_PREFIX_PATH} CMAKE_PREFIX_PATH=/home/useradd/ros2_ws/install/husky_ur5:/home/useradd/ros2_ws/install/ur_description:/home/useradd/ros2_ws/install/husky_description:/home/useradd/ws_moveit2/install/moveit_common:/home/useradd/dev_ws/install/ur5_ros2_moveit2:/home/useradd/dev_ws/install/ur5_ros2_gazebo:/home/useradd/dev_ws/install/ros2_actions:/home/useradd/dev_ws/install/ros2_data:/home/useradd/dev_ws/install/dsr_description2:/home/useradd/tfg_ws/install/husky_desktop:/home/useradd/tfg_ws/install/husky_viz:/home/useradd/tfg_ws/install/husky_simulator:/home/useradd/tfg_ws/install/husky_robot:/home/useradd/tfg_ws/install/husky_bringup:/home/useradd/tfg_ws/install/husky_base:/home/useradd/tfg_ws/install/husky_msgs:/home/useradd/tfg_ws/install/husky_gazebo:/home/useradd/tfg_ws/install/husky_control:/home/useradd/tfg_ws/install/husky_description:/home/useradd/evaluable_ws/install/arm_controller:/home/useradd/cyprgame_ws/install/warrior_21:/home/useradd/cyprgame_ws/install/rosgame_msgs:/home/useradd/cyprgame_ws/install/rosgame_bridge:/home/useradd/cypr_ws/install/navigation:/home/useradd/cypr_ws/install/motion:/home/useradd/cypr_ws/install/localization:/home/useradd/cypr_ws/install/keyboard_control:/home/useradd/cypr_exam_ws/install/my_pkg:/home/useradd/cypr_exam_ws/install/data_pkg:/home/useradd/ws_moveit2/install/launch_param_builder:/home/useradd/dev_ws/install/robot_description:/home/useradd/dev_ws/install/my_doosan_pkg:/home/useradd/dev_ws/install/mobile_manipulator:/home/useradd/dev_ws/install/doosan_description:/home/useradd/dev_ws/install/bulldog_description:/opt/ros/humble /usr/bin/cmake --install /home/useradd/ros2_ws/build/ur5_moveit_config
[3.765s] -- Install configuration: ""
[3.767s] -- Installing: /home/useradd/ros2_ws/install/ur5_moveit_config/share/ament_index/resource_index/package_run_dependencies/ur5_moveit_config
[3.767s] -- Installing: /home/useradd/ros2_ws/install/ur5_moveit_config/share/ament_index/resource_index/parent_prefix_path/ur5_moveit_config
[3.768s] -- Installing: /home/useradd/ros2_ws/install/ur5_moveit_config/share/ur5_moveit_config/environment/ament_prefix_path.sh
[3.768s] -- Installing: /home/useradd/ros2_ws/install/ur5_moveit_config/share/ur5_moveit_config/environment/ament_prefix_path.dsv
[3.768s] -- Installing: /home/useradd/ros2_ws/install/ur5_moveit_config/share/ur5_moveit_config/environment/path.sh
[3.768s] -- Installing: /home/useradd/ros2_ws/install/ur5_moveit_config/share/ur5_moveit_config/environment/path.dsv
[3.768s] -- Installing: /home/useradd/ros2_ws/install/ur5_moveit_config/share/ur5_moveit_config/local_setup.bash
[3.768s] -- Installing: /home/useradd/ros2_ws/install/ur5_moveit_config/share/ur5_moveit_config/local_setup.sh
[3.769s] -- Installing: /home/useradd/ros2_ws/install/ur5_moveit_config/share/ur5_moveit_config/local_setup.zsh
[3.769s] -- Installing: /home/useradd/ros2_ws/install/ur5_moveit_config/share/ur5_moveit_config/local_setup.dsv
[3.769s] -- Installing: /home/useradd/ros2_ws/install/ur5_moveit_config/share/ur5_moveit_config/package.dsv
[3.769s] -- Installing: /home/useradd/ros2_ws/install/ur5_moveit_config/share/ament_index/resource_index/packages/ur5_moveit_config
[3.770s] -- Installing: /home/useradd/ros2_ws/install/ur5_moveit_config/share/ur5_moveit_config/cmake/ur5_moveit_configConfig.cmake
[3.770s] -- Installing: /home/useradd/ros2_ws/install/ur5_moveit_config/share/ur5_moveit_config/cmake/ur5_moveit_configConfig-version.cmake
[3.770s] -- Installing: /home/useradd/ros2_ws/install/ur5_moveit_config/share/ur5_moveit_config/package.xml
[3.770s] -- Installing: /home/useradd/ros2_ws/install/ur5_moveit_config/share/ur5_moveit_config/config
[3.772s] -- Installing: /home/useradd/ros2_ws/install/ur5_moveit_config/share/ur5_moveit_config/config/initial_positions.yaml
[3.773s] -- Installing: /home/useradd/ros2_ws/install/ur5_moveit_config/share/ur5_moveit_config/config/husky_ur5_gazebo.urdf.xacro
[3.774s] -- Installing: /home/useradd/ros2_ws/install/ur5_moveit_config/share/ur5_moveit_config/config/kinematics.yaml
[3.775s] -- Installing: /home/useradd/ros2_ws/install/ur5_moveit_config/share/ur5_moveit_config/config/moveit_controllers.yaml
[3.775s] -- Installing: /home/useradd/ros2_ws/install/ur5_moveit_config/share/ur5_moveit_config/config/pilz_cartesian_limits.yaml
[3.776s] -- Installing: /home/useradd/ros2_ws/install/ur5_moveit_config/share/ur5_moveit_config/config/moveit.rviz
[3.776s] -- Installing: /home/useradd/ros2_ws/install/ur5_moveit_config/share/ur5_moveit_config/config/sensors_3d.yaml
[3.777s] -- Installing: /home/useradd/ros2_ws/install/ur5_moveit_config/share/ur5_moveit_config/config/husky_ur5_gazebo.srdf
[3.778s] -- Installing: /home/useradd/ros2_ws/install/ur5_moveit_config/share/ur5_moveit_config/config/joint_limits.yaml
[3.779s] -- Installing: /home/useradd/ros2_ws/install/ur5_moveit_config/share/ur5_moveit_config/config/ros2_controllers.yaml
[3.779s] -- Installing: /home/useradd/ros2_ws/install/ur5_moveit_config/share/ur5_moveit_config/config/husky_ur5_gazebo.ros2_control.xacro
[3.780s] -- Installing: /home/useradd/ros2_ws/install/ur5_moveit_config/share/ur5_moveit_config/launch
[3.780s] -- Installing: /home/useradd/ros2_ws/install/ur5_moveit_config/share/ur5_moveit_config/launch/rsp.launch.py
[3.781s] -- Installing: /home/useradd/ros2_ws/install/ur5_moveit_config/share/ur5_moveit_config/launch/moveit_rviz.launch.py
[3.781s] -- Installing: /home/useradd/ros2_ws/install/ur5_moveit_config/share/ur5_moveit_config/launch/spawn_controllers.launch.py
[3.782s] -- Installing: /home/useradd/ros2_ws/install/ur5_moveit_config/share/ur5_moveit_config/launch/move_group.launch.py
[3.783s] -- Installing: /home/useradd/ros2_ws/install/ur5_moveit_config/share/ur5_moveit_config/launch/demo.launch.py
[3.783s] -- Installing: /home/useradd/ros2_ws/install/ur5_moveit_config/share/ur5_moveit_config/launch/move_rviz.launch.py
[3.783s] -- Installing: /home/useradd/ros2_ws/install/ur5_moveit_config/share/ur5_moveit_config/launch/static_virtual_joint_tfs.launch.py
[3.784s] -- Installing: /home/useradd/ros2_ws/install/ur5_moveit_config/share/ur5_moveit_config/launch/setup_assistant.launch.py
[3.784s] -- Installing: /home/useradd/ros2_ws/install/ur5_moveit_config/share/ur5_moveit_config/launch/warehouse_db.launch.py
[3.785s] -- Installing: /home/useradd/ros2_ws/install/ur5_moveit_config/share/ur5_moveit_config/launch/warehouse_db.launch - copia.py:Zone.Identifier
[3.785s] -- Up-to-date: /home/useradd/ros2_ws/install/ur5_moveit_config/share/ur5_moveit_config/config
[3.786s] -- Up-to-date: /home/useradd/ros2_ws/install/ur5_moveit_config/share/ur5_moveit_config/config/initial_positions.yaml
[3.786s] -- Up-to-date: /home/useradd/ros2_ws/install/ur5_moveit_config/share/ur5_moveit_config/config/husky_ur5_gazebo.urdf.xacro
[3.786s] -- Up-to-date: /home/useradd/ros2_ws/install/ur5_moveit_config/share/ur5_moveit_config/config/kinematics.yaml
[3.786s] -- Up-to-date: /home/useradd/ros2_ws/install/ur5_moveit_config/share/ur5_moveit_config/config/moveit_controllers.yaml
[3.786s] -- Up-to-date: /home/useradd/ros2_ws/install/ur5_moveit_config/share/ur5_moveit_config/config/pilz_cartesian_limits.yaml
[3.786s] -- Up-to-date: /home/useradd/ros2_ws/install/ur5_moveit_config/share/ur5_moveit_config/config/moveit.rviz
[3.786s] -- Up-to-date: /home/useradd/ros2_ws/install/ur5_moveit_config/share/ur5_moveit_config/config/sensors_3d.yaml
[3.787s] -- Up-to-date: /home/useradd/ros2_ws/install/ur5_moveit_config/share/ur5_moveit_config/config/husky_ur5_gazebo.srdf
[3.787s] -- Up-to-date: /home/useradd/ros2_ws/install/ur5_moveit_config/share/ur5_moveit_config/config/joint_limits.yaml
[3.787s] -- Up-to-date: /home/useradd/ros2_ws/install/ur5_moveit_config/share/ur5_moveit_config/config/ros2_controllers.yaml
[3.787s] -- Up-to-date: /home/useradd/ros2_ws/install/ur5_moveit_config/share/ur5_moveit_config/config/husky_ur5_gazebo.ros2_control.xacro
[3.787s] -- Installing: /home/useradd/ros2_ws/install/ur5_moveit_config/share/ur5_moveit_config/.setup_assistant
[3.789s] Invoked command in '/home/useradd/ros2_ws/build/ur5_moveit_config' returned '0': AMENT_PREFIX_PATH=/home/useradd/ros2_ws/install/husky_ur5:/home/useradd/ros2_ws/install/ur_description:/home/useradd/ros2_ws/install/husky_description:${AMENT_PREFIX_PATH} CMAKE_PREFIX_PATH=/home/useradd/ros2_ws/install/husky_ur5:/home/useradd/ros2_ws/install/ur_description:/home/useradd/ros2_ws/install/husky_description:/home/useradd/ws_moveit2/install/moveit_common:/home/useradd/dev_ws/install/ur5_ros2_moveit2:/home/useradd/dev_ws/install/ur5_ros2_gazebo:/home/useradd/dev_ws/install/ros2_actions:/home/useradd/dev_ws/install/ros2_data:/home/useradd/dev_ws/install/dsr_description2:/home/useradd/tfg_ws/install/husky_desktop:/home/useradd/tfg_ws/install/husky_viz:/home/useradd/tfg_ws/install/husky_simulator:/home/useradd/tfg_ws/install/husky_robot:/home/useradd/tfg_ws/install/husky_bringup:/home/useradd/tfg_ws/install/husky_base:/home/useradd/tfg_ws/install/husky_msgs:/home/useradd/tfg_ws/install/husky_gazebo:/home/useradd/tfg_ws/install/husky_control:/home/useradd/tfg_ws/install/husky_description:/home/useradd/evaluable_ws/install/arm_controller:/home/useradd/cyprgame_ws/install/warrior_21:/home/useradd/cyprgame_ws/install/rosgame_msgs:/home/useradd/cyprgame_ws/install/rosgame_bridge:/home/useradd/cypr_ws/install/navigation:/home/useradd/cypr_ws/install/motion:/home/useradd/cypr_ws/install/localization:/home/useradd/cypr_ws/install/keyboard_control:/home/useradd/cypr_exam_ws/install/my_pkg:/home/useradd/cypr_exam_ws/install/data_pkg:/home/useradd/ws_moveit2/install/launch_param_builder:/home/useradd/dev_ws/install/robot_description:/home/useradd/dev_ws/install/my_doosan_pkg:/home/useradd/dev_ws/install/mobile_manipulator:/home/useradd/dev_ws/install/doosan_description:/home/useradd/dev_ws/install/bulldog_description:/opt/ros/humble /usr/bin/cmake --install /home/useradd/ros2_ws/build/ur5_moveit_config
