running egg_info
creating ../build/cmd_vel_bridge/cmd_vel_bridge.egg-info
writing ../build/cmd_vel_bridge/cmd_vel_bridge.egg-info/PKG-INFO
writing dependency_links to ../build/cmd_vel_bridge/cmd_vel_bridge.egg-info/dependency_links.txt
writing entry points to ../build/cmd_vel_bridge/cmd_vel_bridge.egg-info/entry_points.txt
writing requirements to ../build/cmd_vel_bridge/cmd_vel_bridge.egg-info/requires.txt
writing top-level names to ../build/cmd_vel_bridge/cmd_vel_bridge.egg-info/top_level.txt
writing manifest file '../build/cmd_vel_bridge/cmd_vel_bridge.egg-info/SOURCES.txt'
reading manifest file '../build/cmd_vel_bridge/cmd_vel_bridge.egg-info/SOURCES.txt'
writing manifest file '../build/cmd_vel_bridge/cmd_vel_bridge.egg-info/SOURCES.txt'
running build
running build_py
creating /home/useradd/ros2_ws/src/build/cmd_vel_bridge/build
creating /home/useradd/ros2_ws/src/build/cmd_vel_bridge/build/lib
creating /home/useradd/ros2_ws/src/build/cmd_vel_bridge/build/lib/cmd_vel_bridge
copying cmd_vel_bridge/__init__.py -> /home/useradd/ros2_ws/src/build/cmd_vel_bridge/build/lib/cmd_vel_bridge
copying cmd_vel_bridge/cmd_vel_bridge.py -> /home/useradd/ros2_ws/src/build/cmd_vel_bridge/build/lib/cmd_vel_bridge
running install
running install_lib
creating /home/useradd/ros2_ws/src/install/cmd_vel_bridge/lib/python3.10/site-packages/cmd_vel_bridge
copying /home/useradd/ros2_ws/src/build/cmd_vel_bridge/build/lib/cmd_vel_bridge/__init__.py -> /home/useradd/ros2_ws/src/install/cmd_vel_bridge/lib/python3.10/site-packages/cmd_vel_bridge
copying /home/useradd/ros2_ws/src/build/cmd_vel_bridge/build/lib/cmd_vel_bridge/cmd_vel_bridge.py -> /home/useradd/ros2_ws/src/install/cmd_vel_bridge/lib/python3.10/site-packages/cmd_vel_bridge
byte-compiling /home/useradd/ros2_ws/src/install/cmd_vel_bridge/lib/python3.10/site-packages/cmd_vel_bridge/__init__.py to __init__.cpython-310.pyc
byte-compiling /home/useradd/ros2_ws/src/install/cmd_vel_bridge/lib/python3.10/site-packages/cmd_vel_bridge/cmd_vel_bridge.py to cmd_vel_bridge.cpython-310.pyc
running install_data
copying package.xml -> /home/useradd/ros2_ws/src/install/cmd_vel_bridge/share/cmd_vel_bridge
running install_egg_info
Copying ../build/cmd_vel_bridge/cmd_vel_bridge.egg-info to /home/useradd/ros2_ws/src/install/cmd_vel_bridge/lib/python3.10/site-packages/cmd_vel_bridge-0.0.0-py3.10.egg-info
running install_scripts
Installing cmd_vel_bridge script to /home/useradd/ros2_ws/src/install/cmd_vel_bridge/lib/cmd_vel_bridge
writing list of installed files to '/home/useradd/ros2_ws/src/build/cmd_vel_bridge/install.log'
