[3.827s] Invoking command in '/home/useradd/ros2_ws/src/cmd_vel_bridge': PYTHONPATH=/home/useradd/ros2_ws/src/build/cmd_vel_bridge/prefix_override:/usr/lib/python3/dist-packages/colcon_core/task/python/colcon_distutils_commands:/home/useradd/ros2_ws/src/install/cmd_vel_bridge/lib/python3.10/site-packages:${PYTHONPATH} /usr/bin/python3 -W ignore:setup.py install is deprecated -W ignore:easy_install command is deprecated setup.py egg_info --egg-base ../build/cmd_vel_bridge build --build-base /home/useradd/ros2_ws/src/build/cmd_vel_bridge/build install --record /home/useradd/ros2_ws/src/build/cmd_vel_bridge/install.log --single-version-externally-managed install_data
[4.313s] running egg_info
[4.316s] creating ../build/cmd_vel_bridge/cmd_vel_bridge.egg-info
[4.326s] writing ../build/cmd_vel_bridge/cmd_vel_bridge.egg-info/PKG-INFO
[4.326s] writing dependency_links to ../build/cmd_vel_bridge/cmd_vel_bridge.egg-info/dependency_links.txt
[4.326s] writing entry points to ../build/cmd_vel_bridge/cmd_vel_bridge.egg-info/entry_points.txt
[4.329s] writing requirements to ../build/cmd_vel_bridge/cmd_vel_bridge.egg-info/requires.txt
[4.331s] writing top-level names to ../build/cmd_vel_bridge/cmd_vel_bridge.egg-info/top_level.txt
[4.332s] writing manifest file '../build/cmd_vel_bridge/cmd_vel_bridge.egg-info/SOURCES.txt'
[4.332s] reading manifest file '../build/cmd_vel_bridge/cmd_vel_bridge.egg-info/SOURCES.txt'
[4.332s] writing manifest file '../build/cmd_vel_bridge/cmd_vel_bridge.egg-info/SOURCES.txt'
[4.332s] running build
[4.332s] running build_py
[4.332s] creating /home/useradd/ros2_ws/src/build/cmd_vel_bridge/build
[4.332s] creating /home/useradd/ros2_ws/src/build/cmd_vel_bridge/build/lib
[4.332s] creating /home/useradd/ros2_ws/src/build/cmd_vel_bridge/build/lib/cmd_vel_bridge
[4.332s] copying cmd_vel_bridge/__init__.py -> /home/useradd/ros2_ws/src/build/cmd_vel_bridge/build/lib/cmd_vel_bridge
[4.332s] copying cmd_vel_bridge/cmd_vel_bridge.py -> /home/useradd/ros2_ws/src/build/cmd_vel_bridge/build/lib/cmd_vel_bridge
[4.332s] running install
[4.333s] running install_lib
[4.334s] creating /home/useradd/ros2_ws/src/install/cmd_vel_bridge/lib/python3.10/site-packages/cmd_vel_bridge
[4.334s] copying /home/useradd/ros2_ws/src/build/cmd_vel_bridge/build/lib/cmd_vel_bridge/__init__.py -> /home/useradd/ros2_ws/src/install/cmd_vel_bridge/lib/python3.10/site-packages/cmd_vel_bridge
[4.334s] copying /home/useradd/ros2_ws/src/build/cmd_vel_bridge/build/lib/cmd_vel_bridge/cmd_vel_bridge.py -> /home/useradd/ros2_ws/src/install/cmd_vel_bridge/lib/python3.10/site-packages/cmd_vel_bridge
[4.339s] byte-compiling /home/useradd/ros2_ws/src/install/cmd_vel_bridge/lib/python3.10/site-packages/cmd_vel_bridge/__init__.py to __init__.cpython-310.pyc
[4.346s] byte-compiling /home/useradd/ros2_ws/src/install/cmd_vel_bridge/lib/python3.10/site-packages/cmd_vel_bridge/cmd_vel_bridge.py to cmd_vel_bridge.cpython-310.pyc
[4.348s] running install_data
[4.348s] copying package.xml -> /home/useradd/ros2_ws/src/install/cmd_vel_bridge/share/cmd_vel_bridge
[4.348s] running install_egg_info
[4.352s] Copying ../build/cmd_vel_bridge/cmd_vel_bridge.egg-info to /home/useradd/ros2_ws/src/install/cmd_vel_bridge/lib/python3.10/site-packages/cmd_vel_bridge-0.0.0-py3.10.egg-info
[4.356s] running install_scripts
[4.403s] Installing cmd_vel_bridge script to /home/useradd/ros2_ws/src/install/cmd_vel_bridge/lib/cmd_vel_bridge
[4.403s] writing list of installed files to '/home/useradd/ros2_ws/src/build/cmd_vel_bridge/install.log'
[4.481s] Invoked command in '/home/useradd/ros2_ws/src/cmd_vel_bridge' returned '0': PYTHONPATH=/home/useradd/ros2_ws/src/build/cmd_vel_bridge/prefix_override:/usr/lib/python3/dist-packages/colcon_core/task/python/colcon_distutils_commands:/home/useradd/ros2_ws/src/install/cmd_vel_bridge/lib/python3.10/site-packages:${PYTHONPATH} /usr/bin/python3 -W ignore:setup.py install is deprecated -W ignore:easy_install command is deprecated setup.py egg_info --egg-base ../build/cmd_vel_bridge build --build-base /home/useradd/ros2_ws/src/build/cmd_vel_bridge/build install --record /home/useradd/ros2_ws/src/build/cmd_vel_bridge/install.log --single-version-externally-managed install_data
