[0.273s] Invoking command in '/home/useradd/ros2_ws/build/husky_gazebo': AMENT_PREFIX_PATH=/home/useradd/ros2_ws/install/husky_control:/home/useradd/ros2_ws/install/husky_description:${AMENT_PREFIX_PATH} CMAKE_PREFIX_PATH=/home/useradd/ros2_ws/install/husky_control:/home/useradd/ros2_ws/install/husky_description:/home/useradd/ws_moveit2/install/moveit_common:/home/useradd/dev_ws/install/ur5_ros2_moveit2:/home/useradd/dev_ws/install/ur5_ros2_gazebo:/home/useradd/dev_ws/install/ros2_actions:/home/useradd/dev_ws/install/ros2_data:/home/useradd/dev_ws/install/dsr_description2:/home/useradd/tfg_ws/install/husky_desktop:/home/useradd/tfg_ws/install/husky_viz:/home/useradd/tfg_ws/install/husky_simulator:/home/useradd/tfg_ws/install/husky_robot:/home/useradd/tfg_ws/install/husky_bringup:/home/useradd/tfg_ws/install/husky_base:/home/useradd/tfg_ws/install/husky_msgs:/home/useradd/tfg_ws/install/husky_gazebo:/home/useradd/tfg_ws/install/husky_control:/home/useradd/tfg_ws/install/husky_description:/home/useradd/evaluable_ws/install/arm_controller:/home/useradd/cyprgame_ws/install/warrior_21:/home/useradd/cyprgame_ws/install/rosgame_msgs:/home/useradd/cyprgame_ws/install/rosgame_bridge:/home/useradd/cypr_ws/install/navigation:/home/useradd/cypr_ws/install/motion:/home/useradd/cypr_ws/install/localization:/home/useradd/cypr_ws/install/keyboard_control:/home/useradd/cypr_exam_ws/install/my_pkg:/home/useradd/cypr_exam_ws/install/data_pkg:/home/useradd/ws_moveit2/install/launch_param_builder:/home/useradd/dev_ws/install/robot_description:/home/useradd/dev_ws/install/my_doosan_pkg:/home/useradd/dev_ws/install/mobile_manipulator:/home/useradd/dev_ws/install/doosan_description:/home/useradd/dev_ws/install/bulldog_description:/opt/ros/humble /usr/bin/cmake /home/useradd/ros2_ws/src/husky/husky_gazebo -DCMAKE_INSTALL_PREFIX=/home/useradd/ros2_ws/install/husky_gazebo
[0.493s] -- The C compiler identification is GNU 11.4.0
[2.104s] -- The CXX compiler identification is GNU 11.4.0
[3.777s] -- Detecting C compiler ABI info
[4.224s] -- Detecting C compiler ABI info - done
[4.230s] -- Check for working C compiler: /usr/bin/cc - skipped
[4.230s] -- Detecting C compile features
[4.231s] -- Detecting C compile features - done
[4.234s] -- Detecting CXX compiler ABI info
[4.972s] -- Detecting CXX compiler ABI info - done
[4.978s] -- Check for working CXX compiler: /usr/bin/c++ - skipped
[4.978s] -- Detecting CXX compile features
[4.979s] -- Detecting CXX compile features - done
[4.983s] -- Found ament_cmake: 1.3.11 (/opt/ros/humble/share/ament_cmake/cmake)
[5.258s] -- Found Python3: /usr/bin/python3 (found version "3.10.12") found components: Interpreter 
[5.380s] -- Found urdf: 2.6.1 (/opt/ros/humble/share/urdf/cmake)
[7.505s] -- Found xacro: 2.0.13 (/opt/ros/humble/share/xacro/cmake)
[7.577s] -- Configuring done
[7.581s] -- Generating done
[7.582s] -- Build files have been written to: /home/useradd/ros2_ws/build/husky_gazebo
[7.589s] Invoked command in '/home/useradd/ros2_ws/build/husky_gazebo' returned '0': AMENT_PREFIX_PATH=/home/useradd/ros2_ws/install/husky_control:/home/useradd/ros2_ws/install/husky_description:${AMENT_PREFIX_PATH} CMAKE_PREFIX_PATH=/home/useradd/ros2_ws/install/husky_control:/home/useradd/ros2_ws/install/husky_description:/home/useradd/ws_moveit2/install/moveit_common:/home/useradd/dev_ws/install/ur5_ros2_moveit2:/home/useradd/dev_ws/install/ur5_ros2_gazebo:/home/useradd/dev_ws/install/ros2_actions:/home/useradd/dev_ws/install/ros2_data:/home/useradd/dev_ws/install/dsr_description2:/home/useradd/tfg_ws/install/husky_desktop:/home/useradd/tfg_ws/install/husky_viz:/home/useradd/tfg_ws/install/husky_simulator:/home/useradd/tfg_ws/install/husky_robot:/home/useradd/tfg_ws/install/husky_bringup:/home/useradd/tfg_ws/install/husky_base:/home/useradd/tfg_ws/install/husky_msgs:/home/useradd/tfg_ws/install/husky_gazebo:/home/useradd/tfg_ws/install/husky_control:/home/useradd/tfg_ws/install/husky_description:/home/useradd/evaluable_ws/install/arm_controller:/home/useradd/cyprgame_ws/install/warrior_21:/home/useradd/cyprgame_ws/install/rosgame_msgs:/home/useradd/cyprgame_ws/install/rosgame_bridge:/home/useradd/cypr_ws/install/navigation:/home/useradd/cypr_ws/install/motion:/home/useradd/cypr_ws/install/localization:/home/useradd/cypr_ws/install/keyboard_control:/home/useradd/cypr_exam_ws/install/my_pkg:/home/useradd/cypr_exam_ws/install/data_pkg:/home/useradd/ws_moveit2/install/launch_param_builder:/home/useradd/dev_ws/install/robot_description:/home/useradd/dev_ws/install/my_doosan_pkg:/home/useradd/dev_ws/install/mobile_manipulator:/home/useradd/dev_ws/install/doosan_description:/home/useradd/dev_ws/install/bulldog_description:/opt/ros/humble /usr/bin/cmake /home/useradd/ros2_ws/src/husky/husky_gazebo -DCMAKE_INSTALL_PREFIX=/home/useradd/ros2_ws/install/husky_gazebo
[7.591s] Invoking command in '/home/useradd/ros2_ws/build/husky_gazebo': AMENT_PREFIX_PATH=/home/useradd/ros2_ws/install/husky_control:/home/useradd/ros2_ws/install/husky_description:${AMENT_PREFIX_PATH} CMAKE_PREFIX_PATH=/home/useradd/ros2_ws/install/husky_control:/home/useradd/ros2_ws/install/husky_description:/home/useradd/ws_moveit2/install/moveit_common:/home/useradd/dev_ws/install/ur5_ros2_moveit2:/home/useradd/dev_ws/install/ur5_ros2_gazebo:/home/useradd/dev_ws/install/ros2_actions:/home/useradd/dev_ws/install/ros2_data:/home/useradd/dev_ws/install/dsr_description2:/home/useradd/tfg_ws/install/husky_desktop:/home/useradd/tfg_ws/install/husky_viz:/home/useradd/tfg_ws/install/husky_simulator:/home/useradd/tfg_ws/install/husky_robot:/home/useradd/tfg_ws/install/husky_bringup:/home/useradd/tfg_ws/install/husky_base:/home/useradd/tfg_ws/install/husky_msgs:/home/useradd/tfg_ws/install/husky_gazebo:/home/useradd/tfg_ws/install/husky_control:/home/useradd/tfg_ws/install/husky_description:/home/useradd/evaluable_ws/install/arm_controller:/home/useradd/cyprgame_ws/install/warrior_21:/home/useradd/cyprgame_ws/install/rosgame_msgs:/home/useradd/cyprgame_ws/install/rosgame_bridge:/home/useradd/cypr_ws/install/navigation:/home/useradd/cypr_ws/install/motion:/home/useradd/cypr_ws/install/localization:/home/useradd/cypr_ws/install/keyboard_control:/home/useradd/cypr_exam_ws/install/my_pkg:/home/useradd/cypr_exam_ws/install/data_pkg:/home/useradd/ws_moveit2/install/launch_param_builder:/home/useradd/dev_ws/install/robot_description:/home/useradd/dev_ws/install/my_doosan_pkg:/home/useradd/dev_ws/install/mobile_manipulator:/home/useradd/dev_ws/install/doosan_description:/home/useradd/dev_ws/install/bulldog_description:/opt/ros/humble /usr/bin/cmake --build /home/useradd/ros2_ws/build/husky_gazebo -- -j16 -l16
[7.626s] Invoked command in '/home/useradd/ros2_ws/build/husky_gazebo' returned '0': AMENT_PREFIX_PATH=/home/useradd/ros2_ws/install/husky_control:/home/useradd/ros2_ws/install/husky_description:${AMENT_PREFIX_PATH} CMAKE_PREFIX_PATH=/home/useradd/ros2_ws/install/husky_control:/home/useradd/ros2_ws/install/husky_description:/home/useradd/ws_moveit2/install/moveit_common:/home/useradd/dev_ws/install/ur5_ros2_moveit2:/home/useradd/dev_ws/install/ur5_ros2_gazebo:/home/useradd/dev_ws/install/ros2_actions:/home/useradd/dev_ws/install/ros2_data:/home/useradd/dev_ws/install/dsr_description2:/home/useradd/tfg_ws/install/husky_desktop:/home/useradd/tfg_ws/install/husky_viz:/home/useradd/tfg_ws/install/husky_simulator:/home/useradd/tfg_ws/install/husky_robot:/home/useradd/tfg_ws/install/husky_bringup:/home/useradd/tfg_ws/install/husky_base:/home/useradd/tfg_ws/install/husky_msgs:/home/useradd/tfg_ws/install/husky_gazebo:/home/useradd/tfg_ws/install/husky_control:/home/useradd/tfg_ws/install/husky_description:/home/useradd/evaluable_ws/install/arm_controller:/home/useradd/cyprgame_ws/install/warrior_21:/home/useradd/cyprgame_ws/install/rosgame_msgs:/home/useradd/cyprgame_ws/install/rosgame_bridge:/home/useradd/cypr_ws/install/navigation:/home/useradd/cypr_ws/install/motion:/home/useradd/cypr_ws/install/localization:/home/useradd/cypr_ws/install/keyboard_control:/home/useradd/cypr_exam_ws/install/my_pkg:/home/useradd/cypr_exam_ws/install/data_pkg:/home/useradd/ws_moveit2/install/launch_param_builder:/home/useradd/dev_ws/install/robot_description:/home/useradd/dev_ws/install/my_doosan_pkg:/home/useradd/dev_ws/install/mobile_manipulator:/home/useradd/dev_ws/install/doosan_description:/home/useradd/dev_ws/install/bulldog_description:/opt/ros/humble /usr/bin/cmake --build /home/useradd/ros2_ws/build/husky_gazebo -- -j16 -l16
[7.629s] Invoking command in '/home/useradd/ros2_ws/build/husky_gazebo': AMENT_PREFIX_PATH=/home/useradd/ros2_ws/install/husky_control:/home/useradd/ros2_ws/install/husky_description:${AMENT_PREFIX_PATH} CMAKE_PREFIX_PATH=/home/useradd/ros2_ws/install/husky_control:/home/useradd/ros2_ws/install/husky_description:/home/useradd/ws_moveit2/install/moveit_common:/home/useradd/dev_ws/install/ur5_ros2_moveit2:/home/useradd/dev_ws/install/ur5_ros2_gazebo:/home/useradd/dev_ws/install/ros2_actions:/home/useradd/dev_ws/install/ros2_data:/home/useradd/dev_ws/install/dsr_description2:/home/useradd/tfg_ws/install/husky_desktop:/home/useradd/tfg_ws/install/husky_viz:/home/useradd/tfg_ws/install/husky_simulator:/home/useradd/tfg_ws/install/husky_robot:/home/useradd/tfg_ws/install/husky_bringup:/home/useradd/tfg_ws/install/husky_base:/home/useradd/tfg_ws/install/husky_msgs:/home/useradd/tfg_ws/install/husky_gazebo:/home/useradd/tfg_ws/install/husky_control:/home/useradd/tfg_ws/install/husky_description:/home/useradd/evaluable_ws/install/arm_controller:/home/useradd/cyprgame_ws/install/warrior_21:/home/useradd/cyprgame_ws/install/rosgame_msgs:/home/useradd/cyprgame_ws/install/rosgame_bridge:/home/useradd/cypr_ws/install/navigation:/home/useradd/cypr_ws/install/motion:/home/useradd/cypr_ws/install/localization:/home/useradd/cypr_ws/install/keyboard_control:/home/useradd/cypr_exam_ws/install/my_pkg:/home/useradd/cypr_exam_ws/install/data_pkg:/home/useradd/ws_moveit2/install/launch_param_builder:/home/useradd/dev_ws/install/robot_description:/home/useradd/dev_ws/install/my_doosan_pkg:/home/useradd/dev_ws/install/mobile_manipulator:/home/useradd/dev_ws/install/doosan_description:/home/useradd/dev_ws/install/bulldog_description:/opt/ros/humble /usr/bin/cmake --install /home/useradd/ros2_ws/build/husky_gazebo
[7.637s] -- Install configuration: ""
[7.637s] -- Installing: /home/useradd/ros2_ws/install/husky_gazebo/share/husky_gazebo/launch
[7.639s] -- Installing: /home/useradd/ros2_ws/install/husky_gazebo/share/husky_gazebo/launch/playpen.launch
[7.639s] -- Installing: /home/useradd/ros2_ws/install/husky_gazebo/share/husky_gazebo/launch/husky_playpen.launch
[7.639s] -- Installing: /home/useradd/ros2_ws/install/husky_gazebo/share/husky_gazebo/launch/spawn_husky.launch
[7.640s] -- Installing: /home/useradd/ros2_ws/install/husky_gazebo/share/husky_gazebo/launch/gazebo.launch.py
[7.640s] -- Installing: /home/useradd/ros2_ws/install/husky_gazebo/share/husky_gazebo/launch/husky_playpen.launch.py
[7.641s] -- Installing: /home/useradd/ros2_ws/install/husky_gazebo/share/husky_gazebo/launch/husky_empty_world.launch
[7.641s] -- Installing: /home/useradd/ros2_ws/install/husky_gazebo/share/husky_gazebo/launch/realsense.launch
[7.642s] -- Installing: /home/useradd/ros2_ws/install/husky_gazebo/share/husky_gazebo/launch/multi_husky_playpen.launch
[7.642s] -- Installing: /home/useradd/ros2_ws/install/husky_gazebo/share/husky_gazebo/worlds
[7.643s] -- Installing: /home/useradd/ros2_ws/install/husky_gazebo/share/husky_gazebo/worlds/clearpath_playpen.world
[7.644s] -- Installing: /home/useradd/ros2_ws/install/husky_gazebo/share/husky_gazebo/worlds/warehouse.world
[7.644s] -- Installing: /home/useradd/ros2_ws/install/husky_gazebo/share/husky_gazebo/worlds/warehouse.world:Zone.Identifier
[7.645s] -- Installing: /home/useradd/ros2_ws/install/husky_gazebo/share/ament_index/resource_index/package_run_dependencies/husky_gazebo
[7.645s] -- Installing: /home/useradd/ros2_ws/install/husky_gazebo/share/ament_index/resource_index/parent_prefix_path/husky_gazebo
[7.645s] -- Installing: /home/useradd/ros2_ws/install/husky_gazebo/share/husky_gazebo/environment/ament_prefix_path.sh
[7.646s] -- Installing: /home/useradd/ros2_ws/install/husky_gazebo/share/husky_gazebo/environment/ament_prefix_path.dsv
[7.646s] -- Installing: /home/useradd/ros2_ws/install/husky_gazebo/share/husky_gazebo/environment/path.sh
[7.646s] -- Installing: /home/useradd/ros2_ws/install/husky_gazebo/share/husky_gazebo/environment/path.dsv
[7.646s] -- Installing: /home/useradd/ros2_ws/install/husky_gazebo/share/husky_gazebo/local_setup.bash
[7.646s] -- Installing: /home/useradd/ros2_ws/install/husky_gazebo/share/husky_gazebo/local_setup.sh
[7.646s] -- Installing: /home/useradd/ros2_ws/install/husky_gazebo/share/husky_gazebo/local_setup.zsh
[7.647s] -- Installing: /home/useradd/ros2_ws/install/husky_gazebo/share/husky_gazebo/local_setup.dsv
[7.647s] -- Installing: /home/useradd/ros2_ws/install/husky_gazebo/share/husky_gazebo/package.dsv
[7.647s] -- Installing: /home/useradd/ros2_ws/install/husky_gazebo/share/ament_index/resource_index/packages/husky_gazebo
[7.647s] -- Installing: /home/useradd/ros2_ws/install/husky_gazebo/share/husky_gazebo/cmake/husky_gazeboConfig.cmake
[7.647s] -- Installing: /home/useradd/ros2_ws/install/husky_gazebo/share/husky_gazebo/cmake/husky_gazeboConfig-version.cmake
[7.647s] -- Installing: /home/useradd/ros2_ws/install/husky_gazebo/share/husky_gazebo/package.xml
[7.649s] Invoked command in '/home/useradd/ros2_ws/build/husky_gazebo' returned '0': AMENT_PREFIX_PATH=/home/useradd/ros2_ws/install/husky_control:/home/useradd/ros2_ws/install/husky_description:${AMENT_PREFIX_PATH} CMAKE_PREFIX_PATH=/home/useradd/ros2_ws/install/husky_control:/home/useradd/ros2_ws/install/husky_description:/home/useradd/ws_moveit2/install/moveit_common:/home/useradd/dev_ws/install/ur5_ros2_moveit2:/home/useradd/dev_ws/install/ur5_ros2_gazebo:/home/useradd/dev_ws/install/ros2_actions:/home/useradd/dev_ws/install/ros2_data:/home/useradd/dev_ws/install/dsr_description2:/home/useradd/tfg_ws/install/husky_desktop:/home/useradd/tfg_ws/install/husky_viz:/home/useradd/tfg_ws/install/husky_simulator:/home/useradd/tfg_ws/install/husky_robot:/home/useradd/tfg_ws/install/husky_bringup:/home/useradd/tfg_ws/install/husky_base:/home/useradd/tfg_ws/install/husky_msgs:/home/useradd/tfg_ws/install/husky_gazebo:/home/useradd/tfg_ws/install/husky_control:/home/useradd/tfg_ws/install/husky_description:/home/useradd/evaluable_ws/install/arm_controller:/home/useradd/cyprgame_ws/install/warrior_21:/home/useradd/cyprgame_ws/install/rosgame_msgs:/home/useradd/cyprgame_ws/install/rosgame_bridge:/home/useradd/cypr_ws/install/navigation:/home/useradd/cypr_ws/install/motion:/home/useradd/cypr_ws/install/localization:/home/useradd/cypr_ws/install/keyboard_control:/home/useradd/cypr_exam_ws/install/my_pkg:/home/useradd/cypr_exam_ws/install/data_pkg:/home/useradd/ws_moveit2/install/launch_param_builder:/home/useradd/dev_ws/install/robot_description:/home/useradd/dev_ws/install/my_doosan_pkg:/home/useradd/dev_ws/install/mobile_manipulator:/home/useradd/dev_ws/install/doosan_description:/home/useradd/dev_ws/install/bulldog_description:/opt/ros/humble /usr/bin/cmake --install /home/useradd/ros2_ws/build/husky_gazebo
