[0.272s] Invoking command in '/home/useradd/ros2_ws/src/build/husky_msgs': CMAKE_PREFIX_PATH=${CMAKE_PREFIX_PATH}:/home/useradd/ros2_ws/install/twist_mux_bridge:/home/useradd/ros2_ws/install/robot_navigation:/home/useradd/ros2_ws/install/robot_initial_pose:/home/useradd/ros2_ws/install/odom_bridge:/home/useradd/ros2_ws/install/mi_giro_final:/home/useradd/ros2_ws/install/cmd_vel_bridge:/home/useradd/dev_ws/install/robot_description:/home/useradd/dev_ws/install/my_doosan_pkg:/home/useradd/dev_ws/install/mobile_manipulator:/home/useradd/dev_ws/install/doosan_description:/home/useradd/dev_ws/install/bulldog_description:/opt/ros/humble /usr/bin/cmake /home/useradd/ros2_ws/src/husky/husky_msgs -DCMAKE_INSTALL_PREFIX=/home/useradd/ros2_ws/src/install/husky_msgs
[3.047s] -- Found ament_cmake: 1.3.11 (/opt/ros/humble/share/ament_cmake/cmake)
[3.047s] -- Override CMake install command with custom implementation using symlinks instead of copying resources
[3.047s] -- Found std_msgs: 4.8.0 (/opt/ros/humble/share/std_msgs/cmake)
[3.048s] -- Found rosidl_generator_c: 3.1.6 (/opt/ros/humble/share/rosidl_generator_c/cmake)
[3.050s] -- Found rosidl_adapter: 3.1.6 (/opt/ros/humble/share/rosidl_adapter/cmake)
[3.050s] -- Found rosidl_generator_cpp: 3.1.6 (/opt/ros/humble/share/rosidl_generator_cpp/cmake)
[3.050s] -- Using all available rosidl_typesupport_c: rosidl_typesupport_fastrtps_c;rosidl_typesupport_introspection_c
[3.051s] -- Using all available rosidl_typesupport_cpp: rosidl_typesupport_fastrtps_cpp;rosidl_typesupport_introspection_cpp
[3.051s] -- Found rosidl_default_generators: 1.2.0 (/opt/ros/humble/share/rosidl_default_generators/cmake)
[3.054s] -- Found ament_cmake_ros: 0.10.0 (/opt/ros/humble/share/ament_cmake_ros/cmake)
[3.055s] -- Using all available rosidl_typesupport_c: rosidl_typesupport_fastrtps_c;rosidl_typesupport_introspection_c
[3.055s] -- Using all available rosidl_typesupport_cpp: rosidl_typesupport_fastrtps_cpp;rosidl_typesupport_introspection_cpp
[3.055s] -- Found python_cmake_module: 0.10.0 (/opt/ros/humble/share/python_cmake_module/cmake)
[3.056s] -- Using PYTHON_EXECUTABLE: /usr/bin/python3
[3.057s] -- Using PYTHON_INCLUDE_DIRS: /usr/include/python3.10
[3.057s] -- Using PYTHON_LIBRARIES: /usr/lib/x86_64-linux-gnu/libpython3.10.so
[3.057s] -- Configuring done
[3.057s] -- Generating done
[3.057s] -- Build files have been written to: /home/useradd/ros2_ws/src/build/husky_msgs
[3.095s] Invoked command in '/home/useradd/ros2_ws/src/build/husky_msgs' returned '0': CMAKE_PREFIX_PATH=${CMAKE_PREFIX_PATH}:/home/useradd/ros2_ws/install/twist_mux_bridge:/home/useradd/ros2_ws/install/robot_navigation:/home/useradd/ros2_ws/install/robot_initial_pose:/home/useradd/ros2_ws/install/odom_bridge:/home/useradd/ros2_ws/install/mi_giro_final:/home/useradd/ros2_ws/install/cmd_vel_bridge:/home/useradd/dev_ws/install/robot_description:/home/useradd/dev_ws/install/my_doosan_pkg:/home/useradd/dev_ws/install/mobile_manipulator:/home/useradd/dev_ws/install/doosan_description:/home/useradd/dev_ws/install/bulldog_description:/opt/ros/humble /usr/bin/cmake /home/useradd/ros2_ws/src/husky/husky_msgs -DCMAKE_INSTALL_PREFIX=/home/useradd/ros2_ws/src/install/husky_msgs
[3.100s] Invoking command in '/home/useradd/ros2_ws/src/build/husky_msgs': CMAKE_PREFIX_PATH=${CMAKE_PREFIX_PATH}:/home/useradd/ros2_ws/install/twist_mux_bridge:/home/useradd/ros2_ws/install/robot_navigation:/home/useradd/ros2_ws/install/robot_initial_pose:/home/useradd/ros2_ws/install/odom_bridge:/home/useradd/ros2_ws/install/mi_giro_final:/home/useradd/ros2_ws/install/cmd_vel_bridge:/home/useradd/dev_ws/install/robot_description:/home/useradd/dev_ws/install/my_doosan_pkg:/home/useradd/dev_ws/install/mobile_manipulator:/home/useradd/dev_ws/install/doosan_description:/home/useradd/dev_ws/install/bulldog_description:/opt/ros/humble /usr/bin/cmake --build /home/useradd/ros2_ws/src/build/husky_msgs -- -j16 -l16
[3.156s] [35m[1mConsolidate compiler generated dependencies of target husky_msgs__rosidl_generator_c[0m
[3.175s] [  3%] Built target husky_msgs__cpp
[3.189s] [ 12%] Built target husky_msgs__rosidl_generator_c
[3.190s] [35m[1mConsolidate compiler generated dependencies of target husky_msgs__rosidl_typesupport_cpp[0m
[3.194s] [ 12%] Built target ament_cmake_python_symlink_husky_msgs
[3.200s] [35m[1mConsolidate compiler generated dependencies of target husky_msgs__rosidl_typesupport_introspection_cpp[0m
[3.208s] [35m[1mConsolidate compiler generated dependencies of target husky_msgs__rosidl_typesupport_introspection_c[0m
[3.208s] [35m[1mConsolidate compiler generated dependencies of target husky_msgs__rosidl_typesupport_fastrtps_cpp[0m
[3.208s] [35m[1mConsolidate compiler generated dependencies of target husky_msgs__rosidl_typesupport_c[0m
[3.217s] [35m[1mConsolidate compiler generated dependencies of target husky_msgs__rosidl_typesupport_fastrtps_c[0m
[3.238s] [ 41%] Built target husky_msgs__rosidl_typesupport_fastrtps_cpp
[3.238s] [ 41%] Built target husky_msgs__rosidl_typesupport_c
[3.238s] [ 51%] Built target husky_msgs__rosidl_typesupport_fastrtps_c
[3.238s] [ 29%] Built target husky_msgs__rosidl_typesupport_cpp
[3.239s] [ 61%] Built target husky_msgs__rosidl_typesupport_introspection_cpp
[3.244s] [ 70%] Built target husky_msgs__rosidl_typesupport_introspection_c
[3.352s] [ 70%] Built target husky_msgs
[3.421s] [ 74%] Built target husky_msgs__py
[3.464s] [35m[1mConsolidate compiler generated dependencies of target husky_msgs__rosidl_generator_py[0m
[3.497s] [ 80%] Built target husky_msgs__rosidl_generator_py
[3.508s] [35m[1mConsolidate compiler generated dependencies of target husky_msgs__rosidl_typesupport_c__pyext[0m
[3.509s] [35m[1mConsolidate compiler generated dependencies of target husky_msgs__rosidl_typesupport_introspection_c__pyext[0m
[3.509s] [35m[1mConsolidate compiler generated dependencies of target husky_msgs__rosidl_typesupport_fastrtps_c__pyext[0m
[3.513s] [ 87%] Built target husky_msgs__rosidl_typesupport_fastrtps_c__pyext
[3.529s] [ 93%] Built target husky_msgs__rosidl_typesupport_c__pyext
[3.529s] [100%] Built target husky_msgs__rosidl_typesupport_introspection_c__pyext
[3.800s] running egg_info
[3.801s] writing husky_msgs.egg-info/PKG-INFO
[3.801s] writing dependency_links to husky_msgs.egg-info/dependency_links.txt
[3.801s] writing top-level names to husky_msgs.egg-info/top_level.txt
[3.804s] reading manifest file 'husky_msgs.egg-info/SOURCES.txt'
[3.808s] writing manifest file 'husky_msgs.egg-info/SOURCES.txt'
[3.897s] [100%] Built target ament_cmake_python_build_husky_msgs_egg
[3.946s] Invoked command in '/home/useradd/ros2_ws/src/build/husky_msgs' returned '0': CMAKE_PREFIX_PATH=${CMAKE_PREFIX_PATH}:/home/useradd/ros2_ws/install/twist_mux_bridge:/home/useradd/ros2_ws/install/robot_navigation:/home/useradd/ros2_ws/install/robot_initial_pose:/home/useradd/ros2_ws/install/odom_bridge:/home/useradd/ros2_ws/install/mi_giro_final:/home/useradd/ros2_ws/install/cmd_vel_bridge:/home/useradd/dev_ws/install/robot_description:/home/useradd/dev_ws/install/my_doosan_pkg:/home/useradd/dev_ws/install/mobile_manipulator:/home/useradd/dev_ws/install/doosan_description:/home/useradd/dev_ws/install/bulldog_description:/opt/ros/humble /usr/bin/cmake --build /home/useradd/ros2_ws/src/build/husky_msgs -- -j16 -l16
[3.947s] Invoking command in '/home/useradd/ros2_ws/src/build/husky_msgs': CMAKE_PREFIX_PATH=${CMAKE_PREFIX_PATH}:/home/useradd/ros2_ws/install/twist_mux_bridge:/home/useradd/ros2_ws/install/robot_navigation:/home/useradd/ros2_ws/install/robot_initial_pose:/home/useradd/ros2_ws/install/odom_bridge:/home/useradd/ros2_ws/install/mi_giro_final:/home/useradd/ros2_ws/install/cmd_vel_bridge:/home/useradd/dev_ws/install/robot_description:/home/useradd/dev_ws/install/my_doosan_pkg:/home/useradd/dev_ws/install/mobile_manipulator:/home/useradd/dev_ws/install/doosan_description:/home/useradd/dev_ws/install/bulldog_description:/opt/ros/humble /usr/bin/cmake --install /home/useradd/ros2_ws/src/build/husky_msgs
[3.950s] -- Install configuration: ""
[3.950s] -- Execute custom install script
[3.951s] -- Up-to-date symlink: /home/useradd/ros2_ws/src/install/husky_msgs/share/ament_index/resource_index/rosidl_interfaces/husky_msgs
[3.955s] -- Up-to-date symlink: /home/useradd/ros2_ws/src/install/husky_msgs/include/husky_msgs/husky_msgs/msg/detail/husky_status__functions.h
[3.956s] -- Up-to-date symlink: /home/useradd/ros2_ws/src/install/husky_msgs/include/husky_msgs/husky_msgs/msg/detail/husky_status__struct.h
[3.957s] -- Up-to-date symlink: /home/useradd/ros2_ws/src/install/husky_msgs/include/husky_msgs/husky_msgs/msg/detail/husky_status__type_support.h
[3.959s] -- Up-to-date symlink: /home/useradd/ros2_ws/src/install/husky_msgs/include/husky_msgs/husky_msgs/msg/husky_status.h
[3.960s] -- Up-to-date symlink: /home/useradd/ros2_ws/src/install/husky_msgs/include/husky_msgs/husky_msgs/msg/rosidl_generator_c__visibility_control.h
[3.961s] -- Up-to-date symlink: /home/useradd/ros2_ws/src/install/husky_msgs/share/husky_msgs/environment/library_path.sh
[3.965s] -- Up-to-date symlink: /home/useradd/ros2_ws/src/install/husky_msgs/share/husky_msgs/environment/library_path.dsv
[3.965s] -- Up-to-date symlink: /home/useradd/ros2_ws/src/install/husky_msgs/include/husky_msgs/husky_msgs/msg/detail/husky_status__rosidl_typesupport_fastrtps_c.h
[3.974s] -- Up-to-date symlink: /home/useradd/ros2_ws/src/install/husky_msgs/include/husky_msgs/husky_msgs/msg/rosidl_typesupport_fastrtps_c__visibility_control.h
[3.976s] -- Up-to-date symlink: /home/useradd/ros2_ws/src/install/husky_msgs/include/husky_msgs/husky_msgs/msg/detail/husky_status__builder.hpp
[3.976s] -- Up-to-date symlink: /home/useradd/ros2_ws/src/install/husky_msgs/include/husky_msgs/husky_msgs/msg/detail/husky_status__struct.hpp
[3.976s] -- Up-to-date symlink: /home/useradd/ros2_ws/src/install/husky_msgs/include/husky_msgs/husky_msgs/msg/detail/husky_status__traits.hpp
[3.979s] -- Up-to-date symlink: /home/useradd/ros2_ws/src/install/husky_msgs/include/husky_msgs/husky_msgs/msg/detail/husky_status__type_support.hpp
[3.982s] -- Up-to-date symlink: /home/useradd/ros2_ws/src/install/husky_msgs/include/husky_msgs/husky_msgs/msg/husky_status.hpp
[3.982s] -- Up-to-date symlink: /home/useradd/ros2_ws/src/install/husky_msgs/include/husky_msgs/husky_msgs/msg/rosidl_generator_cpp__visibility_control.hpp
[3.982s] -- Up-to-date symlink: /home/useradd/ros2_ws/src/install/husky_msgs/include/husky_msgs/husky_msgs/msg/detail/husky_status__rosidl_typesupport_fastrtps_cpp.hpp
[3.982s] -- Up-to-date symlink: /home/useradd/ros2_ws/src/install/husky_msgs/include/husky_msgs/husky_msgs/msg/rosidl_typesupport_fastrtps_cpp__visibility_control.h
[3.983s] -- Up-to-date symlink: /home/useradd/ros2_ws/src/install/husky_msgs/include/husky_msgs/husky_msgs/msg/detail/husky_status__rosidl_typesupport_introspection_c.h
[3.984s] -- Up-to-date symlink: /home/useradd/ros2_ws/src/install/husky_msgs/include/husky_msgs/husky_msgs/msg/rosidl_typesupport_introspection_c__visibility_control.h
[3.992s] -- Up-to-date symlink: /home/useradd/ros2_ws/src/install/husky_msgs/include/husky_msgs/husky_msgs/msg/detail/husky_status__rosidl_typesupport_introspection_cpp.hpp
[3.992s] -- Up-to-date symlink: /home/useradd/ros2_ws/src/install/husky_msgs/share/husky_msgs/environment/pythonpath.sh
[3.992s] -- Up-to-date symlink: /home/useradd/ros2_ws/src/install/husky_msgs/share/husky_msgs/environment/pythonpath.dsv
[3.994s] -- Up-to-date symlink: /home/useradd/ros2_ws/src/install/husky_msgs/local/lib/python3.10/dist-packages/husky_msgs-1.0.8-py3.10.egg-info/PKG-INFO
[3.996s] -- Up-to-date symlink: /home/useradd/ros2_ws/src/install/husky_msgs/local/lib/python3.10/dist-packages/husky_msgs-1.0.8-py3.10.egg-info/SOURCES.txt
[3.997s] -- Up-to-date symlink: /home/useradd/ros2_ws/src/install/husky_msgs/local/lib/python3.10/dist-packages/husky_msgs-1.0.8-py3.10.egg-info/dependency_links.txt
[3.998s] -- Up-to-date symlink: /home/useradd/ros2_ws/src/install/husky_msgs/local/lib/python3.10/dist-packages/husky_msgs-1.0.8-py3.10.egg-info/top_level.txt
[4.000s] -- Up-to-date symlink: /home/useradd/ros2_ws/src/install/husky_msgs/local/lib/python3.10/dist-packages/husky_msgs/__init__.py
[4.001s] -- Up-to-date symlink: /home/useradd/ros2_ws/src/install/husky_msgs/local/lib/python3.10/dist-packages/husky_msgs/_husky_msgs_s.ep.rosidl_typesupport_c.c
[4.018s] -- Up-to-date symlink: /home/useradd/ros2_ws/src/install/husky_msgs/local/lib/python3.10/dist-packages/husky_msgs/_husky_msgs_s.ep.rosidl_typesupport_fastrtps_c.c
[4.020s] -- Up-to-date symlink: /home/useradd/ros2_ws/src/install/husky_msgs/local/lib/python3.10/dist-packages/husky_msgs/_husky_msgs_s.ep.rosidl_typesupport_introspection_c.c
[4.024s] -- Up-to-date symlink: /home/useradd/ros2_ws/src/install/husky_msgs/local/lib/python3.10/dist-packages/husky_msgs/husky_msgs_s__rosidl_typesupport_c.cpython-310-x86_64-linux-gnu.so
[4.024s] -- Up-to-date symlink: /home/useradd/ros2_ws/src/install/husky_msgs/local/lib/python3.10/dist-packages/husky_msgs/husky_msgs_s__rosidl_typesupport_fastrtps_c.cpython-310-x86_64-linux-gnu.so
[4.025s] -- Up-to-date symlink: /home/useradd/ros2_ws/src/install/husky_msgs/local/lib/python3.10/dist-packages/husky_msgs/husky_msgs_s__rosidl_typesupport_introspection_c.cpython-310-x86_64-linux-gnu.so
[4.026s] -- Up-to-date symlink: /home/useradd/ros2_ws/src/install/husky_msgs/local/lib/python3.10/dist-packages/husky_msgs/libhusky_msgs__rosidl_generator_py.so
[4.029s] -- Up-to-date symlink: /home/useradd/ros2_ws/src/install/husky_msgs/local/lib/python3.10/dist-packages/husky_msgs/msg/__init__.py
[4.030s] -- Up-to-date symlink: /home/useradd/ros2_ws/src/install/husky_msgs/local/lib/python3.10/dist-packages/husky_msgs/msg/_husky_status.py
[4.031s] -- Up-to-date symlink: /home/useradd/ros2_ws/src/install/husky_msgs/local/lib/python3.10/dist-packages/husky_msgs/msg/_husky_status_s.c
[4.033s] -- Up-to-date symlink: /home/useradd/ros2_ws/src/install/husky_msgs/local/lib/python3.10/dist-packages/husky_msgs/husky_msgs_s__rosidl_typesupport_fastrtps_c.cpython-310-x86_64-linux-gnu.so
[4.033s] -- Up-to-date symlink: /home/useradd/ros2_ws/src/install/husky_msgs/local/lib/python3.10/dist-packages/husky_msgs/husky_msgs_s__rosidl_typesupport_introspection_c.cpython-310-x86_64-linux-gnu.so
[4.034s] -- Up-to-date symlink: /home/useradd/ros2_ws/src/install/husky_msgs/local/lib/python3.10/dist-packages/husky_msgs/husky_msgs_s__rosidl_typesupport_c.cpython-310-x86_64-linux-gnu.so
[4.034s] -- Up-to-date symlink: /home/useradd/ros2_ws/src/install/husky_msgs/share/husky_msgs/msg/HuskyStatus.idl
[4.036s] -- Up-to-date symlink: /home/useradd/ros2_ws/src/install/husky_msgs/share/husky_msgs/msg/HuskyStatus.msg
[4.040s] -- Up-to-date symlink: /home/useradd/ros2_ws/src/install/husky_msgs/share/ament_index/resource_index/package_run_dependencies/husky_msgs
[4.043s] -- Up-to-date symlink: /home/useradd/ros2_ws/src/install/husky_msgs/share/ament_index/resource_index/parent_prefix_path/husky_msgs
[4.049s] -- Up-to-date symlink: /home/useradd/ros2_ws/src/install/husky_msgs/share/husky_msgs/environment/ament_prefix_path.sh
[4.050s] -- Up-to-date symlink: /home/useradd/ros2_ws/src/install/husky_msgs/share/husky_msgs/environment/ament_prefix_path.dsv
[4.054s] -- Up-to-date symlink: /home/useradd/ros2_ws/src/install/husky_msgs/share/husky_msgs/environment/path.sh
[4.055s] -- Up-to-date symlink: /home/useradd/ros2_ws/src/install/husky_msgs/share/husky_msgs/environment/path.dsv
[4.058s] -- Up-to-date symlink: /home/useradd/ros2_ws/src/install/husky_msgs/share/husky_msgs/local_setup.bash
[4.065s] -- Up-to-date symlink: /home/useradd/ros2_ws/src/install/husky_msgs/share/husky_msgs/local_setup.sh
[4.065s] -- Up-to-date symlink: /home/useradd/ros2_ws/src/install/husky_msgs/share/husky_msgs/local_setup.zsh
[4.065s] -- Up-to-date symlink: /home/useradd/ros2_ws/src/install/husky_msgs/share/husky_msgs/local_setup.dsv
[4.065s] -- Symlinking: /home/useradd/ros2_ws/src/install/husky_msgs/share/husky_msgs/package.dsv
[4.088s] -- Up-to-date symlink: /home/useradd/ros2_ws/src/install/husky_msgs/share/ament_index/resource_index/packages/husky_msgs
[4.090s] -- Up-to-date symlink: /home/useradd/ros2_ws/src/install/husky_msgs/share/husky_msgs/cmake/rosidl_cmake-extras.cmake
[4.090s] -- Up-to-date symlink: /home/useradd/ros2_ws/src/install/husky_msgs/share/husky_msgs/cmake/ament_cmake_export_dependencies-extras.cmake
[4.092s] -- Up-to-date symlink: /home/useradd/ros2_ws/src/install/husky_msgs/share/husky_msgs/cmake/ament_cmake_export_include_directories-extras.cmake
[4.094s] -- Up-to-date symlink: /home/useradd/ros2_ws/src/install/husky_msgs/share/husky_msgs/cmake/ament_cmake_export_libraries-extras.cmake
[4.095s] -- Up-to-date symlink: /home/useradd/ros2_ws/src/install/husky_msgs/share/husky_msgs/cmake/ament_cmake_export_targets-extras.cmake
[4.097s] -- Up-to-date symlink: /home/useradd/ros2_ws/src/install/husky_msgs/share/husky_msgs/cmake/rosidl_cmake_export_typesupport_targets-extras.cmake
[4.101s] -- Up-to-date symlink: /home/useradd/ros2_ws/src/install/husky_msgs/share/husky_msgs/cmake/rosidl_cmake_export_typesupport_libraries-extras.cmake
[4.102s] -- Up-to-date symlink: /home/useradd/ros2_ws/src/install/husky_msgs/share/husky_msgs/cmake/husky_msgsConfig.cmake
[4.103s] -- Up-to-date symlink: /home/useradd/ros2_ws/src/install/husky_msgs/share/husky_msgs/cmake/husky_msgsConfig-version.cmake
[4.103s] -- Up-to-date symlink: /home/useradd/ros2_ws/src/install/husky_msgs/share/husky_msgs/package.xml
[4.107s] -- Up-to-date: /home/useradd/ros2_ws/src/install/husky_msgs/lib/libhusky_msgs__rosidl_generator_c.so
[4.111s] -- Up-to-date: /home/useradd/ros2_ws/src/install/husky_msgs/lib/libhusky_msgs__rosidl_typesupport_fastrtps_c.so
[4.116s] -- Up-to-date: /home/useradd/ros2_ws/src/install/husky_msgs/lib/libhusky_msgs__rosidl_typesupport_fastrtps_cpp.so
[4.118s] -- Up-to-date: /home/useradd/ros2_ws/src/install/husky_msgs/lib/libhusky_msgs__rosidl_typesupport_introspection_c.so
[4.118s] -- Up-to-date: /home/useradd/ros2_ws/src/install/husky_msgs/lib/libhusky_msgs__rosidl_typesupport_c.so
[4.135s] -- Up-to-date: /home/useradd/ros2_ws/src/install/husky_msgs/lib/libhusky_msgs__rosidl_typesupport_introspection_cpp.so
[4.137s] -- Up-to-date: /home/useradd/ros2_ws/src/install/husky_msgs/lib/libhusky_msgs__rosidl_typesupport_cpp.so
[4.251s] Listing '/home/useradd/ros2_ws/src/install/husky_msgs/local/lib/python3.10/dist-packages/husky_msgs'...
[4.251s] Compiling '/home/useradd/ros2_ws/src/install/husky_msgs/local/lib/python3.10/dist-packages/husky_msgs/__init__.py'...
[4.251s] Listing '/home/useradd/ros2_ws/src/install/husky_msgs/local/lib/python3.10/dist-packages/husky_msgs/msg'...
[4.267s] -- Up-to-date: /home/useradd/ros2_ws/src/install/husky_msgs/lib/libhusky_msgs__rosidl_generator_py.so
[4.269s] -- Up-to-date: /home/useradd/ros2_ws/src/install/husky_msgs/share/husky_msgs/cmake/export_husky_msgs__rosidl_generator_cExport.cmake
[4.269s] -- Up-to-date: /home/useradd/ros2_ws/src/install/husky_msgs/share/husky_msgs/cmake/export_husky_msgs__rosidl_generator_cExport-noconfig.cmake
[4.273s] -- Up-to-date: /home/useradd/ros2_ws/src/install/husky_msgs/share/husky_msgs/cmake/export_husky_msgs__rosidl_typesupport_fastrtps_cExport.cmake
[4.273s] -- Up-to-date: /home/useradd/ros2_ws/src/install/husky_msgs/share/husky_msgs/cmake/export_husky_msgs__rosidl_typesupport_fastrtps_cExport-noconfig.cmake
[4.275s] -- Up-to-date: /home/useradd/ros2_ws/src/install/husky_msgs/share/husky_msgs/cmake/export_husky_msgs__rosidl_generator_cppExport.cmake
[4.287s] -- Up-to-date: /home/useradd/ros2_ws/src/install/husky_msgs/share/husky_msgs/cmake/export_husky_msgs__rosidl_typesupport_fastrtps_cppExport.cmake
[4.287s] -- Up-to-date: /home/useradd/ros2_ws/src/install/husky_msgs/share/husky_msgs/cmake/export_husky_msgs__rosidl_typesupport_fastrtps_cppExport-noconfig.cmake
[4.295s] -- Up-to-date: /home/useradd/ros2_ws/src/install/husky_msgs/share/husky_msgs/cmake/husky_msgs__rosidl_typesupport_introspection_cExport.cmake
[4.296s] -- Up-to-date: /home/useradd/ros2_ws/src/install/husky_msgs/share/husky_msgs/cmake/husky_msgs__rosidl_typesupport_introspection_cExport-noconfig.cmake
[4.298s] -- Up-to-date: /home/useradd/ros2_ws/src/install/husky_msgs/share/husky_msgs/cmake/husky_msgs__rosidl_typesupport_cExport.cmake
[4.298s] -- Up-to-date: /home/useradd/ros2_ws/src/install/husky_msgs/share/husky_msgs/cmake/husky_msgs__rosidl_typesupport_cExport-noconfig.cmake
[4.302s] -- Up-to-date: /home/useradd/ros2_ws/src/install/husky_msgs/share/husky_msgs/cmake/husky_msgs__rosidl_typesupport_introspection_cppExport.cmake
[4.303s] -- Up-to-date: /home/useradd/ros2_ws/src/install/husky_msgs/share/husky_msgs/cmake/husky_msgs__rosidl_typesupport_introspection_cppExport-noconfig.cmake
[4.307s] -- Up-to-date: /home/useradd/ros2_ws/src/install/husky_msgs/share/husky_msgs/cmake/husky_msgs__rosidl_typesupport_cppExport.cmake
[4.308s] -- Up-to-date: /home/useradd/ros2_ws/src/install/husky_msgs/share/husky_msgs/cmake/husky_msgs__rosidl_typesupport_cppExport-noconfig.cmake
[4.308s] -- Up-to-date: /home/useradd/ros2_ws/src/install/husky_msgs/share/husky_msgs/cmake/export_husky_msgs__rosidl_generator_pyExport.cmake
[4.308s] -- Up-to-date: /home/useradd/ros2_ws/src/install/husky_msgs/share/husky_msgs/cmake/export_husky_msgs__rosidl_generator_pyExport-noconfig.cmake
[4.313s] Invoked command in '/home/useradd/ros2_ws/src/build/husky_msgs' returned '0': CMAKE_PREFIX_PATH=${CMAKE_PREFIX_PATH}:/home/useradd/ros2_ws/install/twist_mux_bridge:/home/useradd/ros2_ws/install/robot_navigation:/home/useradd/ros2_ws/install/robot_initial_pose:/home/useradd/ros2_ws/install/odom_bridge:/home/useradd/ros2_ws/install/mi_giro_final:/home/useradd/ros2_ws/install/cmd_vel_bridge:/home/useradd/dev_ws/install/robot_description:/home/useradd/dev_ws/install/my_doosan_pkg:/home/useradd/dev_ws/install/mobile_manipulator:/home/useradd/dev_ws/install/doosan_description:/home/useradd/dev_ws/install/bulldog_description:/opt/ros/humble /usr/bin/cmake --install /home/useradd/ros2_ws/src/build/husky_msgs
