[0.775s] Invoking command in '/home/useradd/ros2_ws/build/robotiq_controllers': CMAKE_PREFIX_PATH=${CMAKE_PREFIX_PATH}:/home/useradd/ros2_ws/install/robot_navigation:/home/useradd/ros2_ws/install/robot_initial_pose:/home/useradd/ws_moveit2/install/launch_param_builder:/home/useradd/dev_ws/install/robot_description:/home/useradd/dev_ws/install/my_doosan_pkg:/home/useradd/dev_ws/install/mobile_manipulator:/home/useradd/dev_ws/install/doosan_description:/home/useradd/dev_ws/install/bulldog_description:/opt/ros/humble /usr/bin/cmake --build /home/useradd/ros2_ws/build/robotiq_controllers -- -j16 -l16
[0.900s] [35m[1mConsolidate compiler generated dependencies of target robotiq_controllers[0m
[0.978s] [100%] Built target robotiq_controllers
[1.088s] Invoked command in '/home/useradd/ros2_ws/build/robotiq_controllers' returned '0': CMAKE_PREFIX_PATH=${CMAKE_PREFIX_PATH}:/home/useradd/ros2_ws/install/robot_navigation:/home/useradd/ros2_ws/install/robot_initial_pose:/home/useradd/ws_moveit2/install/launch_param_builder:/home/useradd/dev_ws/install/robot_description:/home/useradd/dev_ws/install/my_doosan_pkg:/home/useradd/dev_ws/install/mobile_manipulator:/home/useradd/dev_ws/install/doosan_description:/home/useradd/dev_ws/install/bulldog_description:/opt/ros/humble /usr/bin/cmake --build /home/useradd/ros2_ws/build/robotiq_controllers -- -j16 -l16
[1.104s] Invoking command in '/home/useradd/ros2_ws/build/robotiq_controllers': CMAKE_PREFIX_PATH=${CMAKE_PREFIX_PATH}:/home/useradd/ros2_ws/install/robot_navigation:/home/useradd/ros2_ws/install/robot_initial_pose:/home/useradd/ws_moveit2/install/launch_param_builder:/home/useradd/dev_ws/install/robot_description:/home/useradd/dev_ws/install/my_doosan_pkg:/home/useradd/dev_ws/install/mobile_manipulator:/home/useradd/dev_ws/install/doosan_description:/home/useradd/dev_ws/install/bulldog_description:/opt/ros/humble /usr/bin/cmake --install /home/useradd/ros2_ws/build/robotiq_controllers
[1.130s] -- Install configuration: ""
[1.130s] -- Up-to-date: /home/useradd/ros2_ws/install/robotiq_controllers/share/robotiq_controllers/controller_plugins.xml
[1.130s] -- Up-to-date: /home/useradd/ros2_ws/install/robotiq_controllers/lib/librobotiq_controllers.so
[1.130s] -- Up-to-date: /home/useradd/ros2_ws/install/robotiq_controllers/include
[1.130s] -- Up-to-date: /home/useradd/ros2_ws/install/robotiq_controllers/include/robotiq_controllers
[1.130s] -- Up-to-date: /home/useradd/ros2_ws/install/robotiq_controllers/include/robotiq_controllers/robotiq_activation_controller.hpp
[1.130s] -- Up-to-date: /home/useradd/ros2_ws/install/robotiq_controllers/share/robotiq_controllers/environment/library_path.sh
[1.131s] -- Up-to-date: /home/useradd/ros2_ws/install/robotiq_controllers/share/robotiq_controllers/environment/library_path.dsv
[1.131s] -- Up-to-date: /home/useradd/ros2_ws/install/robotiq_controllers/share/ament_index/resource_index/package_run_dependencies/robotiq_controllers
[1.131s] -- Up-to-date: /home/useradd/ros2_ws/install/robotiq_controllers/share/ament_index/resource_index/parent_prefix_path/robotiq_controllers
[1.131s] -- Up-to-date: /home/useradd/ros2_ws/install/robotiq_controllers/share/robotiq_controllers/environment/ament_prefix_path.sh
[1.131s] -- Up-to-date: /home/useradd/ros2_ws/install/robotiq_controllers/share/robotiq_controllers/environment/ament_prefix_path.dsv
[1.131s] -- Up-to-date: /home/useradd/ros2_ws/install/robotiq_controllers/share/robotiq_controllers/environment/path.sh
[1.131s] -- Up-to-date: /home/useradd/ros2_ws/install/robotiq_controllers/share/robotiq_controllers/environment/path.dsv
[1.131s] -- Up-to-date: /home/useradd/ros2_ws/install/robotiq_controllers/share/robotiq_controllers/local_setup.bash
[1.132s] -- Up-to-date: /home/useradd/ros2_ws/install/robotiq_controllers/share/robotiq_controllers/local_setup.sh
[1.132s] -- Up-to-date: /home/useradd/ros2_ws/install/robotiq_controllers/share/robotiq_controllers/local_setup.zsh
[1.132s] -- Up-to-date: /home/useradd/ros2_ws/install/robotiq_controllers/share/robotiq_controllers/local_setup.dsv
[1.132s] -- Installing: /home/useradd/ros2_ws/install/robotiq_controllers/share/robotiq_controllers/package.dsv
[1.132s] -- Up-to-date: /home/useradd/ros2_ws/install/robotiq_controllers/share/ament_index/resource_index/packages/robotiq_controllers
[1.132s] -- Up-to-date: /home/useradd/ros2_ws/install/robotiq_controllers/share/ament_index/resource_index/controller_interface__pluginlib__plugin/robotiq_controllers
[1.133s] -- Up-to-date: /home/useradd/ros2_ws/install/robotiq_controllers/share/robotiq_controllers/cmake/export_robotiq_controllersExport.cmake
[1.133s] -- Up-to-date: /home/useradd/ros2_ws/install/robotiq_controllers/share/robotiq_controllers/cmake/export_robotiq_controllersExport-noconfig.cmake
[1.133s] -- Up-to-date: /home/useradd/ros2_ws/install/robotiq_controllers/share/robotiq_controllers/cmake/ament_cmake_export_include_directories-extras.cmake
[1.133s] -- Up-to-date: /home/useradd/ros2_ws/install/robotiq_controllers/share/robotiq_controllers/cmake/ament_cmake_export_libraries-extras.cmake
[1.133s] -- Up-to-date: /home/useradd/ros2_ws/install/robotiq_controllers/share/robotiq_controllers/cmake/ament_cmake_export_targets-extras.cmake
[1.133s] -- Up-to-date: /home/useradd/ros2_ws/install/robotiq_controllers/share/robotiq_controllers/cmake/ament_cmake_export_dependencies-extras.cmake
[1.134s] -- Up-to-date: /home/useradd/ros2_ws/install/robotiq_controllers/share/robotiq_controllers/cmake/robotiq_controllersConfig.cmake
[1.134s] -- Up-to-date: /home/useradd/ros2_ws/install/robotiq_controllers/share/robotiq_controllers/cmake/robotiq_controllersConfig-version.cmake
[1.134s] -- Up-to-date: /home/useradd/ros2_ws/install/robotiq_controllers/share/robotiq_controllers/package.xml
[1.197s] Invoked command in '/home/useradd/ros2_ws/build/robotiq_controllers' returned '0': CMAKE_PREFIX_PATH=${CMAKE_PREFIX_PATH}:/home/useradd/ros2_ws/install/robot_navigation:/home/useradd/ros2_ws/install/robot_initial_pose:/home/useradd/ws_moveit2/install/launch_param_builder:/home/useradd/dev_ws/install/robot_description:/home/useradd/dev_ws/install/my_doosan_pkg:/home/useradd/dev_ws/install/mobile_manipulator:/home/useradd/dev_ws/install/doosan_description:/home/useradd/dev_ws/install/bulldog_description:/opt/ros/humble /usr/bin/cmake --install /home/useradd/ros2_ws/build/robotiq_controllers
