[0.094s] Invoking command in '/home/useradd/ros2_ws/build/husky_description': CMAKE_PREFIX_PATH=${CMAKE_PREFIX_PATH}:/home/useradd/ws_moveit2/install/launch_param_builder:/home/useradd/dev_ws/install/robot_description:/home/useradd/dev_ws/install/my_doosan_pkg:/home/useradd/dev_ws/install/mobile_manipulator:/home/useradd/dev_ws/install/doosan_description:/home/useradd/dev_ws/install/bulldog_description:/opt/ros/humble /usr/bin/cmake /home/useradd/ros2_ws/src/husky/husky_description -DCMAKE_INSTALL_PREFIX=/home/useradd/ros2_ws/install/husky_description
[0.850s] -- The C compiler identification is GNU 11.4.0
[2.427s] -- The CXX compiler identification is GNU 11.4.0
[3.762s] -- Detecting C compiler ABI info
[4.219s] -- Detecting C compiler ABI info - done
[4.225s] -- Check for working C compiler: /usr/bin/cc - skipped
[4.226s] -- Detecting C compile features
[4.226s] -- Detecting C compile features - done
[4.228s] -- Detecting CXX compiler ABI info
[4.841s] -- Detecting CXX compiler ABI info - done
[4.848s] -- Check for working CXX compiler: /usr/bin/c++ - skipped
[4.848s] -- Detecting CXX compile features
[4.848s] -- Detecting CXX compile features - done
[4.853s] -- Found ament_cmake: 1.3.11 (/opt/ros/humble/share/ament_cmake/cmake)
[5.069s] -- Found Python3: /usr/bin/python3 (found version "3.10.12") found components: Interpreter 
[5.199s] -- Found urdf: 2.6.1 (/opt/ros/humble/share/urdf/cmake)
[9.604s] -- Configuring done
[9.608s] -- Generating done
[9.610s] -- Build files have been written to: /home/useradd/ros2_ws/build/husky_description
[9.617s] Invoked command in '/home/useradd/ros2_ws/build/husky_description' returned '0': CMAKE_PREFIX_PATH=${CMAKE_PREFIX_PATH}:/home/useradd/ws_moveit2/install/launch_param_builder:/home/useradd/dev_ws/install/robot_description:/home/useradd/dev_ws/install/my_doosan_pkg:/home/useradd/dev_ws/install/mobile_manipulator:/home/useradd/dev_ws/install/doosan_description:/home/useradd/dev_ws/install/bulldog_description:/opt/ros/humble /usr/bin/cmake /home/useradd/ros2_ws/src/husky/husky_description -DCMAKE_INSTALL_PREFIX=/home/useradd/ros2_ws/install/husky_description
[9.619s] Invoking command in '/home/useradd/ros2_ws/build/husky_description': CMAKE_PREFIX_PATH=${CMAKE_PREFIX_PATH}:/home/useradd/ws_moveit2/install/launch_param_builder:/home/useradd/dev_ws/install/robot_description:/home/useradd/dev_ws/install/my_doosan_pkg:/home/useradd/dev_ws/install/mobile_manipulator:/home/useradd/dev_ws/install/doosan_description:/home/useradd/dev_ws/install/bulldog_description:/opt/ros/humble /usr/bin/cmake --build /home/useradd/ros2_ws/build/husky_description -- -j16 -l16
[9.667s] Invoked command in '/home/useradd/ros2_ws/build/husky_description' returned '0': CMAKE_PREFIX_PATH=${CMAKE_PREFIX_PATH}:/home/useradd/ws_moveit2/install/launch_param_builder:/home/useradd/dev_ws/install/robot_description:/home/useradd/dev_ws/install/my_doosan_pkg:/home/useradd/dev_ws/install/mobile_manipulator:/home/useradd/dev_ws/install/doosan_description:/home/useradd/dev_ws/install/bulldog_description:/opt/ros/humble /usr/bin/cmake --build /home/useradd/ros2_ws/build/husky_description -- -j16 -l16
[9.670s] Invoking command in '/home/useradd/ros2_ws/build/husky_description': CMAKE_PREFIX_PATH=${CMAKE_PREFIX_PATH}:/home/useradd/ws_moveit2/install/launch_param_builder:/home/useradd/dev_ws/install/robot_description:/home/useradd/dev_ws/install/my_doosan_pkg:/home/useradd/dev_ws/install/mobile_manipulator:/home/useradd/dev_ws/install/doosan_description:/home/useradd/dev_ws/install/bulldog_description:/opt/ros/humble /usr/bin/cmake --install /home/useradd/ros2_ws/build/husky_description
[9.678s] -- Install configuration: ""
[9.678s] -- Installing: /home/useradd/ros2_ws/install/husky_description/share/husky_description/launch
[9.680s] -- Installing: /home/useradd/ros2_ws/install/husky_description/share/husky_description/launch/description_launch.py
[9.681s] -- Installing: /home/useradd/ros2_ws/install/husky_description/share/husky_description/launch/description.launch
[9.681s] -- Installing: /home/useradd/ros2_ws/install/husky_description/share/husky_description/meshes
[9.681s] -- Installing: /home/useradd/ros2_ws/install/husky_description/share/husky_description/meshes/top_chassis.dae
[9.691s] -- Installing: /home/useradd/ros2_ws/install/husky_description/share/husky_description/meshes/top_plate.stl
[9.692s] -- Installing: /home/useradd/ros2_ws/install/husky_description/share/husky_description/meshes/wheel.stl
[9.702s] -- Installing: /home/useradd/ros2_ws/install/husky_description/share/husky_description/meshes/bumper_extension.dae
[9.703s] -- Installing: /home/useradd/ros2_ws/install/husky_description/share/husky_description/meshes/large_top_plate.dae
[9.704s] -- Installing: /home/useradd/ros2_ws/install/husky_description/share/husky_description/meshes/top_chassis.stl
[9.708s] -- Installing: /home/useradd/ros2_ws/install/husky_description/share/husky_description/meshes/base_link.stl
[9.710s] -- Installing: /home/useradd/ros2_ws/install/husky_description/share/husky_description/meshes/accessories
[9.710s] -- Installing: /home/useradd/ros2_ws/install/husky_description/share/husky_description/meshes/accessories/lms1xx_mount.stl
[9.711s] -- Installing: /home/useradd/ros2_ws/install/husky_description/share/husky_description/meshes/accessories/510_mm_sensor_arch.dae
[9.712s] -- Installing: /home/useradd/ros2_ws/install/husky_description/share/husky_description/meshes/accessories/300_mm_sensor_arch.stl
[9.712s] -- Installing: /home/useradd/ros2_ws/install/husky_description/share/husky_description/meshes/accessories/300_mm_sensor_arch.dae
[9.713s] -- Installing: /home/useradd/ros2_ws/install/husky_description/share/husky_description/meshes/accessories/lidar_mount.stl
[9.714s] -- Installing: /home/useradd/ros2_ws/install/husky_description/share/husky_description/meshes/accessories/510_mm_sensor_arch.stl
[9.714s] -- Installing: /home/useradd/ros2_ws/install/husky_description/share/husky_description/meshes/accessories/lms1xx_mount.dae
[9.716s] -- Installing: /home/useradd/ros2_ws/install/husky_description/share/husky_description/meshes/large_top_plate_collision.stl
[9.716s] -- Installing: /home/useradd/ros2_ws/install/husky_description/share/husky_description/meshes/wheel.dae
[9.723s] -- Installing: /home/useradd/ros2_ws/install/husky_description/share/husky_description/meshes/user_rail.stl
[9.725s] -- Installing: /home/useradd/ros2_ws/install/husky_description/share/husky_description/meshes/base_link.dae
[9.727s] -- Installing: /home/useradd/ros2_ws/install/husky_description/share/husky_description/meshes/bumper.dae
[9.729s] -- Installing: /home/useradd/ros2_ws/install/husky_description/share/husky_description/meshes/user_rail.dae
[9.730s] -- Installing: /home/useradd/ros2_ws/install/husky_description/share/husky_description/meshes/top_plate.dae
[9.731s] -- Installing: /home/useradd/ros2_ws/install/husky_description/share/husky_description/urdf
[9.731s] -- Installing: /home/useradd/ros2_ws/install/husky_description/share/husky_description/urdf/decorations.urdf.xacro
[9.732s] -- Installing: /home/useradd/ros2_ws/install/husky_description/share/husky_description/urdf/empty.urdf
[9.732s] -- Installing: /home/useradd/ros2_ws/install/husky_description/share/husky_description/urdf/accessories
[9.733s] -- Installing: /home/useradd/ros2_ws/install/husky_description/share/husky_description/urdf/accessories/sensor_arch.urdf.xacro
[9.734s] -- Installing: /home/useradd/ros2_ws/install/husky_description/share/husky_description/urdf/accessories/sick_lms1xx_mount.urdf - copia.xacro:Zone.Identifier
[9.734s] -- Installing: /home/useradd/ros2_ws/install/husky_description/share/husky_description/urdf/accessories/sick_lms1xx_mount.urdf.xacro
[9.734s] -- Installing: /home/useradd/ros2_ws/install/husky_description/share/husky_description/urdf/accessories/minimal_lms1xx.urdf.xacro
[9.735s] -- Installing: /home/useradd/ros2_ws/install/husky_description/share/husky_description/urdf/accessories/intel_realsense.urdf.xacro
[9.735s] -- Installing: /home/useradd/ros2_ws/install/husky_description/share/husky_description/urdf/husky_macro.urdf.xacro
[9.735s] -- Installing: /home/useradd/ros2_ws/install/husky_description/share/husky_description/urdf/wheel.urdf.xacro
[9.736s] -- Installing: /home/useradd/ros2_ws/install/husky_description/share/husky_description/urdf/husky.urdf.xacro
[9.737s] -- Installing: /home/useradd/ros2_ws/install/husky_description/share/ament_index/resource_index/package_run_dependencies/husky_description
[9.737s] -- Installing: /home/useradd/ros2_ws/install/husky_description/share/ament_index/resource_index/parent_prefix_path/husky_description
[9.738s] -- Installing: /home/useradd/ros2_ws/install/husky_description/share/husky_description/environment/ament_prefix_path.sh
[9.738s] -- Installing: /home/useradd/ros2_ws/install/husky_description/share/husky_description/environment/ament_prefix_path.dsv
[9.738s] -- Installing: /home/useradd/ros2_ws/install/husky_description/share/husky_description/environment/path.sh
[9.738s] -- Installing: /home/useradd/ros2_ws/install/husky_description/share/husky_description/environment/path.dsv
[9.739s] -- Installing: /home/useradd/ros2_ws/install/husky_description/share/husky_description/local_setup.bash
[9.739s] -- Installing: /home/useradd/ros2_ws/install/husky_description/share/husky_description/local_setup.sh
[9.739s] -- Installing: /home/useradd/ros2_ws/install/husky_description/share/husky_description/local_setup.zsh
[9.740s] -- Installing: /home/useradd/ros2_ws/install/husky_description/share/husky_description/local_setup.dsv
[9.740s] -- Installing: /home/useradd/ros2_ws/install/husky_description/share/husky_description/package.dsv
[9.740s] -- Installing: /home/useradd/ros2_ws/install/husky_description/share/ament_index/resource_index/packages/husky_description
[9.740s] -- Installing: /home/useradd/ros2_ws/install/husky_description/share/husky_description/cmake/ament_cmake_export_dependencies-extras.cmake
[9.741s] -- Installing: /home/useradd/ros2_ws/install/husky_description/share/husky_description/cmake/husky_descriptionConfig.cmake
[9.741s] -- Installing: /home/useradd/ros2_ws/install/husky_description/share/husky_description/cmake/husky_descriptionConfig-version.cmake
[9.741s] -- Installing: /home/useradd/ros2_ws/install/husky_description/share/husky_description/package.xml
[9.744s] Invoked command in '/home/useradd/ros2_ws/build/husky_description' returned '0': CMAKE_PREFIX_PATH=${CMAKE_PREFIX_PATH}:/home/useradd/ws_moveit2/install/launch_param_builder:/home/useradd/dev_ws/install/robot_description:/home/useradd/dev_ws/install/my_doosan_pkg:/home/useradd/dev_ws/install/mobile_manipulator:/home/useradd/dev_ws/install/doosan_description:/home/useradd/dev_ws/install/bulldog_description:/opt/ros/humble /usr/bin/cmake --install /home/useradd/ros2_ws/build/husky_description
