[0.081s] Invoking command in '/home/useradd/ros2_ws/src/build/husky_msgs': CMAKE_PREFIX_PATH=${CMAKE_PREFIX_PATH}:/home/useradd/ros2_ws/install/twist_mux_bridge:/home/useradd/ros2_ws/install/odom_bridge:/home/useradd/dev_ws/install/robot_description:/home/useradd/dev_ws/install/my_doosan_pkg:/home/useradd/dev_ws/install/mobile_manipulator:/home/useradd/dev_ws/install/doosan_description:/home/useradd/dev_ws/install/bulldog_description:/opt/ros/humble /usr/bin/cmake /home/useradd/ros2_ws/src/husky/husky_msgs -DAMENT_CMAKE_SYMLINK_INSTALL=1 -DCMAKE_INSTALL_PREFIX=/home/useradd/ros2_ws/src/install/husky_msgs
[0.416s] -- The C compiler identification is GNU 11.4.0
[1.782s] -- The CXX compiler identification is GNU 11.4.0
[2.880s] -- Detecting C compiler ABI info
[3.200s] -- Detecting C compiler ABI info - done
[3.217s] -- Check for working C compiler: /usr/bin/cc - skipped
[3.217s] -- Detecting C compile features
[3.218s] -- Detecting C compile features - done
[3.222s] -- Detecting CXX compiler ABI info
[3.397s] -- Detecting CXX compiler ABI info - done
[3.404s] -- Check for working CXX compiler: /usr/bin/c++ - skipped
[3.404s] -- Detecting CXX compile features
[3.404s] -- Detecting CXX compile features - done
[3.409s] -- Found ament_cmake: 1.3.11 (/opt/ros/humble/share/ament_cmake/cmake)
[3.625s] -- Found Python3: /usr/bin/python3 (found version "3.10.12") found components: Interpreter 
[3.699s] -- Override CMake install command with custom implementation using symlinks instead of copying resources
[3.785s] -- Found std_msgs: 4.8.0 (/opt/ros/humble/share/std_msgs/cmake)
[4.026s] -- Found rosidl_generator_c: 3.1.6 (/opt/ros/humble/share/rosidl_generator_c/cmake)
[4.042s] -- Found rosidl_adapter: 3.1.6 (/opt/ros/humble/share/rosidl_adapter/cmake)
[4.063s] -- Found rosidl_generator_cpp: 3.1.6 (/opt/ros/humble/share/rosidl_generator_cpp/cmake)
[4.091s] -- Using all available rosidl_typesupport_c: rosidl_typesupport_fastrtps_c;rosidl_typesupport_introspection_c
[4.123s] -- Using all available rosidl_typesupport_cpp: rosidl_typesupport_fastrtps_cpp;rosidl_typesupport_introspection_cpp
[4.170s] -- Found rosidl_default_generators: 1.2.0 (/opt/ros/humble/share/rosidl_default_generators/cmake)
[4.508s] -- Found ament_cmake_ros: 0.10.0 (/opt/ros/humble/share/ament_cmake_ros/cmake)
[4.935s] -- Using all available rosidl_typesupport_c: rosidl_typesupport_fastrtps_c;rosidl_typesupport_introspection_c
[5.102s] -- Using all available rosidl_typesupport_cpp: rosidl_typesupport_fastrtps_cpp;rosidl_typesupport_introspection_cpp
[5.355s] -- Found PythonInterp: /usr/bin/python3 (found suitable version "3.10.12", minimum required is "3.6") 
[5.359s] -- Found python_cmake_module: 0.10.0 (/opt/ros/humble/share/python_cmake_module/cmake)
[5.939s] -- Found PythonLibs: /usr/lib/x86_64-linux-gnu/libpython3.10.so (found suitable version "3.10.12", minimum required is "3.5") 
[5.940s] -- Using PYTHON_EXECUTABLE: /usr/bin/python3
[5.940s] -- Using PYTHON_INCLUDE_DIRS: /usr/include/python3.10
[5.940s] -- Using PYTHON_LIBRARIES: /usr/lib/x86_64-linux-gnu/libpython3.10.so
[5.971s] -- Found PythonExtra: .so  
[6.139s] -- Configuring done
[6.172s] -- Generating done
[6.181s] -- Build files have been written to: /home/useradd/ros2_ws/src/build/husky_msgs
[6.187s] Invoked command in '/home/useradd/ros2_ws/src/build/husky_msgs' returned '0': CMAKE_PREFIX_PATH=${CMAKE_PREFIX_PATH}:/home/useradd/ros2_ws/install/twist_mux_bridge:/home/useradd/ros2_ws/install/odom_bridge:/home/useradd/dev_ws/install/robot_description:/home/useradd/dev_ws/install/my_doosan_pkg:/home/useradd/dev_ws/install/mobile_manipulator:/home/useradd/dev_ws/install/doosan_description:/home/useradd/dev_ws/install/bulldog_description:/opt/ros/humble /usr/bin/cmake /home/useradd/ros2_ws/src/husky/husky_msgs -DAMENT_CMAKE_SYMLINK_INSTALL=1 -DCMAKE_INSTALL_PREFIX=/home/useradd/ros2_ws/src/install/husky_msgs
[6.188s] Invoking command in '/home/useradd/ros2_ws/src/build/husky_msgs': CMAKE_PREFIX_PATH=${CMAKE_PREFIX_PATH}:/home/useradd/ros2_ws/install/twist_mux_bridge:/home/useradd/ros2_ws/install/odom_bridge:/home/useradd/dev_ws/install/robot_description:/home/useradd/dev_ws/install/my_doosan_pkg:/home/useradd/dev_ws/install/mobile_manipulator:/home/useradd/dev_ws/install/doosan_description:/home/useradd/dev_ws/install/bulldog_description:/opt/ros/humble /usr/bin/cmake --build /home/useradd/ros2_ws/src/build/husky_msgs -- -j16 -l16
[6.223s] [  3%] [34m[1mGenerating C code for ROS interfaces[0m
[6.232s] [  6%] [34m[1mGenerating C++ code for ROS interfaces[0m
[6.242s] [  6%] Built target ament_cmake_python_symlink_husky_msgs
[6.497s] running egg_info
[6.497s] creating husky_msgs.egg-info
[6.498s] writing husky_msgs.egg-info/PKG-INFO
[6.498s] writing dependency_links to husky_msgs.egg-info/dependency_links.txt
[6.498s] writing top-level names to husky_msgs.egg-info/top_level.txt
[6.498s] writing manifest file 'husky_msgs.egg-info/SOURCES.txt'
[6.500s] reading manifest file 'husky_msgs.egg-info/SOURCES.txt'
[6.500s] writing manifest file 'husky_msgs.egg-info/SOURCES.txt'
[6.524s] [  6%] Built target ament_cmake_python_build_husky_msgs_egg
[6.565s] [  9%] [32mBuilding C object CMakeFiles/husky_msgs__rosidl_generator_c.dir/rosidl_generator_c/husky_msgs/msg/detail/husky_status__functions.c.o[0m
[6.569s] [  9%] Built target husky_msgs__cpp
[6.577s] [ 12%] [34m[1mGenerating C++ type support for eProsima Fast-RTPS[0m
[6.578s] [ 16%] [34m[1mGenerating C++ type support dispatch for ROS interfaces[0m
[6.580s] [ 19%] [34m[1mGenerating C++ introspection for ROS interfaces[0m
[6.645s] [ 22%] [32m[1mLinking C shared library libhusky_msgs__rosidl_generator_c.so[0m
[6.768s] [ 22%] Built target husky_msgs__rosidl_generator_c
[6.776s] [ 25%] [34m[1mGenerating C type support for eProsima Fast-RTPS[0m
[6.780s] [ 29%] [34m[1mGenerating C introspection for ROS interfaces[0m
[6.781s] [ 32%] [34m[1mGenerating C type support dispatch for ROS interfaces[0m
[6.915s] [ 35%] [32mBuilding CXX object CMakeFiles/husky_msgs__rosidl_typesupport_introspection_cpp.dir/rosidl_typesupport_introspection_cpp/husky_msgs/msg/detail/husky_status__type_support.cpp.o[0m
[6.919s] [ 38%] [32mBuilding CXX object CMakeFiles/husky_msgs__rosidl_typesupport_cpp.dir/rosidl_typesupport_cpp/husky_msgs/msg/husky_status__type_support.cpp.o[0m
[6.921s] [ 41%] [32mBuilding CXX object CMakeFiles/husky_msgs__rosidl_typesupport_fastrtps_cpp.dir/rosidl_typesupport_fastrtps_cpp/husky_msgs/msg/detail/dds_fastrtps/husky_status__type_support.cpp.o[0m
[7.104s] [ 45%] [32mBuilding CXX object CMakeFiles/husky_msgs__rosidl_typesupport_c.dir/rosidl_typesupport_c/husky_msgs/msg/husky_status__type_support.cpp.o[0m
[7.131s] [ 48%] [32m[1mLinking CXX shared library libhusky_msgs__rosidl_typesupport_c.so[0m
[7.140s] [ 51%] [32mBuilding C object CMakeFiles/husky_msgs__rosidl_typesupport_introspection_c.dir/rosidl_typesupport_introspection_c/husky_msgs/msg/detail/husky_status__type_support.c.o[0m
[7.146s] [ 54%] [32mBuilding CXX object CMakeFiles/husky_msgs__rosidl_typesupport_fastrtps_c.dir/rosidl_typesupport_fastrtps_c/husky_msgs/msg/detail/husky_status__type_support_c.cpp.o[0m
[7.171s] [ 58%] [32m[1mLinking C shared library libhusky_msgs__rosidl_typesupport_introspection_c.so[0m
[7.178s] [ 61%] [32m[1mLinking CXX shared library libhusky_msgs__rosidl_typesupport_cpp.so[0m
[7.291s] [ 61%] Built target husky_msgs__rosidl_typesupport_c
[7.293s] [ 61%] Built target husky_msgs__rosidl_typesupport_introspection_c
[7.300s] [ 61%] Built target husky_msgs__rosidl_typesupport_cpp
[7.305s] [ 64%] [32m[1mLinking CXX shared library libhusky_msgs__rosidl_typesupport_introspection_cpp.so[0m
[7.313s] [ 67%] [32m[1mLinking CXX shared library libhusky_msgs__rosidl_typesupport_fastrtps_cpp.so[0m
[7.420s] [ 70%] [32m[1mLinking CXX shared library libhusky_msgs__rosidl_typesupport_fastrtps_c.so[0m
[7.545s] [ 70%] Built target husky_msgs__rosidl_typesupport_introspection_cpp
[7.553s] [ 70%] Built target husky_msgs__rosidl_typesupport_fastrtps_cpp
[7.688s] [ 70%] Built target husky_msgs__rosidl_typesupport_fastrtps_c
[7.702s] [ 70%] Built target husky_msgs
[7.716s] [ 74%] [34m[1mGenerating Python code for ROS interfaces[0m
[8.164s] [ 74%] Built target husky_msgs__py
[8.181s] [ 77%] [32mBuilding C object CMakeFiles/husky_msgs__rosidl_generator_py.dir/rosidl_generator_py/husky_msgs/msg/_husky_status_s.c.o[0m
[8.303s] [ 80%] [32m[1mLinking C shared library rosidl_generator_py/husky_msgs/libhusky_msgs__rosidl_generator_py.so[0m
[8.489s] [ 80%] Built target husky_msgs__rosidl_generator_py
[8.504s] [ 83%] [32mBuilding C object CMakeFiles/husky_msgs__rosidl_typesupport_introspection_c__pyext.dir/rosidl_generator_py/husky_msgs/_husky_msgs_s.ep.rosidl_typesupport_introspection_c.c.o[0m
[8.507s] [ 87%] [32mBuilding C object CMakeFiles/husky_msgs__rosidl_typesupport_fastrtps_c__pyext.dir/rosidl_generator_py/husky_msgs/_husky_msgs_s.ep.rosidl_typesupport_fastrtps_c.c.o[0m
[8.507s] [ 90%] [32mBuilding C object CMakeFiles/husky_msgs__rosidl_typesupport_c__pyext.dir/rosidl_generator_py/husky_msgs/_husky_msgs_s.ep.rosidl_typesupport_c.c.o[0m
[8.589s] [ 93%] [32m[1mLinking C shared library rosidl_generator_py/husky_msgs/husky_msgs_s__rosidl_typesupport_fastrtps_c.cpython-310-x86_64-linux-gnu.so[0m
[8.589s] [ 96%] [32m[1mLinking C shared library rosidl_generator_py/husky_msgs/husky_msgs_s__rosidl_typesupport_c.cpython-310-x86_64-linux-gnu.so[0m
[8.590s] [100%] [32m[1mLinking C shared library rosidl_generator_py/husky_msgs/husky_msgs_s__rosidl_typesupport_introspection_c.cpython-310-x86_64-linux-gnu.so[0m
[8.698s] [100%] Built target husky_msgs__rosidl_typesupport_c__pyext
[8.699s] [100%] Built target husky_msgs__rosidl_typesupport_introspection_c__pyext
[8.706s] [100%] Built target husky_msgs__rosidl_typesupport_fastrtps_c__pyext
[8.715s] Invoked command in '/home/useradd/ros2_ws/src/build/husky_msgs' returned '0': CMAKE_PREFIX_PATH=${CMAKE_PREFIX_PATH}:/home/useradd/ros2_ws/install/twist_mux_bridge:/home/useradd/ros2_ws/install/odom_bridge:/home/useradd/dev_ws/install/robot_description:/home/useradd/dev_ws/install/my_doosan_pkg:/home/useradd/dev_ws/install/mobile_manipulator:/home/useradd/dev_ws/install/doosan_description:/home/useradd/dev_ws/install/bulldog_description:/opt/ros/humble /usr/bin/cmake --build /home/useradd/ros2_ws/src/build/husky_msgs -- -j16 -l16
[8.716s] Invoking command in '/home/useradd/ros2_ws/src/build/husky_msgs': CMAKE_PREFIX_PATH=${CMAKE_PREFIX_PATH}:/home/useradd/ros2_ws/install/twist_mux_bridge:/home/useradd/ros2_ws/install/odom_bridge:/home/useradd/dev_ws/install/robot_description:/home/useradd/dev_ws/install/my_doosan_pkg:/home/useradd/dev_ws/install/mobile_manipulator:/home/useradd/dev_ws/install/doosan_description:/home/useradd/dev_ws/install/bulldog_description:/opt/ros/humble /usr/bin/cmake --install /home/useradd/ros2_ws/src/build/husky_msgs
[8.721s] -- Install configuration: ""
[8.722s] -- Execute custom install script
[8.722s] -- Symlinking: /home/useradd/ros2_ws/src/install/husky_msgs/share/ament_index/resource_index/rosidl_interfaces/husky_msgs
[8.730s] -- Symlinking: /home/useradd/ros2_ws/src/install/husky_msgs/include/husky_msgs/husky_msgs/msg/detail/husky_status__functions.h
[8.736s] -- Symlinking: /home/useradd/ros2_ws/src/install/husky_msgs/include/husky_msgs/husky_msgs/msg/detail/husky_status__struct.h
[8.742s] -- Symlinking: /home/useradd/ros2_ws/src/install/husky_msgs/include/husky_msgs/husky_msgs/msg/detail/husky_status__type_support.h
[8.749s] -- Symlinking: /home/useradd/ros2_ws/src/install/husky_msgs/include/husky_msgs/husky_msgs/msg/husky_status.h
[8.755s] -- Symlinking: /home/useradd/ros2_ws/src/install/husky_msgs/include/husky_msgs/husky_msgs/msg/rosidl_generator_c__visibility_control.h
[8.761s] -- Symlinking: /home/useradd/ros2_ws/src/install/husky_msgs/share/husky_msgs/environment/library_path.sh
[8.768s] -- Symlinking: /home/useradd/ros2_ws/src/install/husky_msgs/share/husky_msgs/environment/library_path.dsv
[8.775s] -- Symlinking: /home/useradd/ros2_ws/src/install/husky_msgs/include/husky_msgs/husky_msgs/msg/detail/husky_status__rosidl_typesupport_fastrtps_c.h
[8.781s] -- Symlinking: /home/useradd/ros2_ws/src/install/husky_msgs/include/husky_msgs/husky_msgs/msg/rosidl_typesupport_fastrtps_c__visibility_control.h
[8.787s] -- Symlinking: /home/useradd/ros2_ws/src/install/husky_msgs/include/husky_msgs/husky_msgs/msg/detail/husky_status__builder.hpp
[8.792s] -- Symlinking: /home/useradd/ros2_ws/src/install/husky_msgs/include/husky_msgs/husky_msgs/msg/detail/husky_status__struct.hpp
[8.798s] -- Symlinking: /home/useradd/ros2_ws/src/install/husky_msgs/include/husky_msgs/husky_msgs/msg/detail/husky_status__traits.hpp
[8.803s] -- Symlinking: /home/useradd/ros2_ws/src/install/husky_msgs/include/husky_msgs/husky_msgs/msg/detail/husky_status__type_support.hpp
[8.809s] -- Symlinking: /home/useradd/ros2_ws/src/install/husky_msgs/include/husky_msgs/husky_msgs/msg/husky_status.hpp
[8.814s] -- Symlinking: /home/useradd/ros2_ws/src/install/husky_msgs/include/husky_msgs/husky_msgs/msg/rosidl_generator_cpp__visibility_control.hpp
[8.820s] -- Symlinking: /home/useradd/ros2_ws/src/install/husky_msgs/include/husky_msgs/husky_msgs/msg/detail/husky_status__rosidl_typesupport_fastrtps_cpp.hpp
[8.826s] -- Symlinking: /home/useradd/ros2_ws/src/install/husky_msgs/include/husky_msgs/husky_msgs/msg/rosidl_typesupport_fastrtps_cpp__visibility_control.h
[8.832s] -- Symlinking: /home/useradd/ros2_ws/src/install/husky_msgs/include/husky_msgs/husky_msgs/msg/detail/husky_status__rosidl_typesupport_introspection_c.h
[8.839s] -- Symlinking: /home/useradd/ros2_ws/src/install/husky_msgs/include/husky_msgs/husky_msgs/msg/rosidl_typesupport_introspection_c__visibility_control.h
[8.846s] -- Symlinking: /home/useradd/ros2_ws/src/install/husky_msgs/include/husky_msgs/husky_msgs/msg/detail/husky_status__rosidl_typesupport_introspection_cpp.hpp
[8.852s] -- Symlinking: /home/useradd/ros2_ws/src/install/husky_msgs/share/husky_msgs/environment/pythonpath.sh
[8.858s] -- Symlinking: /home/useradd/ros2_ws/src/install/husky_msgs/share/husky_msgs/environment/pythonpath.dsv
[8.864s] -- Symlinking: /home/useradd/ros2_ws/src/install/husky_msgs/local/lib/python3.10/dist-packages/husky_msgs-1.0.8-py3.10.egg-info/PKG-INFO
[8.870s] -- Symlinking: /home/useradd/ros2_ws/src/install/husky_msgs/local/lib/python3.10/dist-packages/husky_msgs-1.0.8-py3.10.egg-info/SOURCES.txt
[8.876s] -- Symlinking: /home/useradd/ros2_ws/src/install/husky_msgs/local/lib/python3.10/dist-packages/husky_msgs-1.0.8-py3.10.egg-info/dependency_links.txt
[8.882s] -- Symlinking: /home/useradd/ros2_ws/src/install/husky_msgs/local/lib/python3.10/dist-packages/husky_msgs-1.0.8-py3.10.egg-info/top_level.txt
[8.888s] -- Symlinking: /home/useradd/ros2_ws/src/install/husky_msgs/local/lib/python3.10/dist-packages/husky_msgs/__init__.py
[8.894s] -- Symlinking: /home/useradd/ros2_ws/src/install/husky_msgs/local/lib/python3.10/dist-packages/husky_msgs/_husky_msgs_s.ep.rosidl_typesupport_c.c
[8.900s] -- Symlinking: /home/useradd/ros2_ws/src/install/husky_msgs/local/lib/python3.10/dist-packages/husky_msgs/_husky_msgs_s.ep.rosidl_typesupport_fastrtps_c.c
[8.906s] -- Symlinking: /home/useradd/ros2_ws/src/install/husky_msgs/local/lib/python3.10/dist-packages/husky_msgs/_husky_msgs_s.ep.rosidl_typesupport_introspection_c.c
[8.912s] -- Symlinking: /home/useradd/ros2_ws/src/install/husky_msgs/local/lib/python3.10/dist-packages/husky_msgs/husky_msgs_s__rosidl_typesupport_c.cpython-310-x86_64-linux-gnu.so
[8.918s] -- Symlinking: /home/useradd/ros2_ws/src/install/husky_msgs/local/lib/python3.10/dist-packages/husky_msgs/husky_msgs_s__rosidl_typesupport_fastrtps_c.cpython-310-x86_64-linux-gnu.so
[8.924s] -- Symlinking: /home/useradd/ros2_ws/src/install/husky_msgs/local/lib/python3.10/dist-packages/husky_msgs/husky_msgs_s__rosidl_typesupport_introspection_c.cpython-310-x86_64-linux-gnu.so
[8.929s] -- Symlinking: /home/useradd/ros2_ws/src/install/husky_msgs/local/lib/python3.10/dist-packages/husky_msgs/libhusky_msgs__rosidl_generator_py.so
[8.935s] -- Symlinking: /home/useradd/ros2_ws/src/install/husky_msgs/local/lib/python3.10/dist-packages/husky_msgs/msg/__init__.py
[8.941s] -- Symlinking: /home/useradd/ros2_ws/src/install/husky_msgs/local/lib/python3.10/dist-packages/husky_msgs/msg/_husky_status.py
[8.953s] -- Symlinking: /home/useradd/ros2_ws/src/install/husky_msgs/local/lib/python3.10/dist-packages/husky_msgs/msg/_husky_status_s.c
[8.958s] -- Up-to-date symlink: /home/useradd/ros2_ws/src/install/husky_msgs/local/lib/python3.10/dist-packages/husky_msgs/husky_msgs_s__rosidl_typesupport_fastrtps_c.cpython-310-x86_64-linux-gnu.so
[8.958s] -- Up-to-date symlink: /home/useradd/ros2_ws/src/install/husky_msgs/local/lib/python3.10/dist-packages/husky_msgs/husky_msgs_s__rosidl_typesupport_introspection_c.cpython-310-x86_64-linux-gnu.so
[8.959s] -- Up-to-date symlink: /home/useradd/ros2_ws/src/install/husky_msgs/local/lib/python3.10/dist-packages/husky_msgs/husky_msgs_s__rosidl_typesupport_c.cpython-310-x86_64-linux-gnu.so
[8.959s] -- Symlinking: /home/useradd/ros2_ws/src/install/husky_msgs/share/husky_msgs/msg/HuskyStatus.idl
[8.965s] -- Symlinking: /home/useradd/ros2_ws/src/install/husky_msgs/share/husky_msgs/msg/HuskyStatus.msg
[8.972s] -- Symlinking: /home/useradd/ros2_ws/src/install/husky_msgs/share/ament_index/resource_index/package_run_dependencies/husky_msgs
[8.978s] -- Symlinking: /home/useradd/ros2_ws/src/install/husky_msgs/share/ament_index/resource_index/parent_prefix_path/husky_msgs
[8.983s] -- Symlinking: /home/useradd/ros2_ws/src/install/husky_msgs/share/husky_msgs/environment/ament_prefix_path.sh
[8.990s] -- Symlinking: /home/useradd/ros2_ws/src/install/husky_msgs/share/husky_msgs/environment/ament_prefix_path.dsv
[8.995s] -- Symlinking: /home/useradd/ros2_ws/src/install/husky_msgs/share/husky_msgs/environment/path.sh
[9.001s] -- Symlinking: /home/useradd/ros2_ws/src/install/husky_msgs/share/husky_msgs/environment/path.dsv
[9.011s] -- Symlinking: /home/useradd/ros2_ws/src/install/husky_msgs/share/husky_msgs/local_setup.bash
[9.030s] -- Symlinking: /home/useradd/ros2_ws/src/install/husky_msgs/share/husky_msgs/local_setup.sh
[9.037s] -- Symlinking: /home/useradd/ros2_ws/src/install/husky_msgs/share/husky_msgs/local_setup.zsh
[9.043s] -- Symlinking: /home/useradd/ros2_ws/src/install/husky_msgs/share/husky_msgs/local_setup.dsv
[9.050s] -- Symlinking: /home/useradd/ros2_ws/src/install/husky_msgs/share/husky_msgs/package.dsv
[9.056s] -- Symlinking: /home/useradd/ros2_ws/src/install/husky_msgs/share/ament_index/resource_index/packages/husky_msgs
[9.062s] -- Symlinking: /home/useradd/ros2_ws/src/install/husky_msgs/share/husky_msgs/cmake/rosidl_cmake-extras.cmake
[9.068s] -- Symlinking: /home/useradd/ros2_ws/src/install/husky_msgs/share/husky_msgs/cmake/ament_cmake_export_dependencies-extras.cmake
[9.073s] -- Symlinking: /home/useradd/ros2_ws/src/install/husky_msgs/share/husky_msgs/cmake/ament_cmake_export_include_directories-extras.cmake
[9.080s] -- Symlinking: /home/useradd/ros2_ws/src/install/husky_msgs/share/husky_msgs/cmake/ament_cmake_export_libraries-extras.cmake
[9.086s] -- Symlinking: /home/useradd/ros2_ws/src/install/husky_msgs/share/husky_msgs/cmake/ament_cmake_export_targets-extras.cmake
[9.092s] -- Symlinking: /home/useradd/ros2_ws/src/install/husky_msgs/share/husky_msgs/cmake/rosidl_cmake_export_typesupport_targets-extras.cmake
[9.097s] -- Symlinking: /home/useradd/ros2_ws/src/install/husky_msgs/share/husky_msgs/cmake/rosidl_cmake_export_typesupport_libraries-extras.cmake
[9.104s] -- Symlinking: /home/useradd/ros2_ws/src/install/husky_msgs/share/husky_msgs/cmake/husky_msgsConfig.cmake
[9.109s] -- Symlinking: /home/useradd/ros2_ws/src/install/husky_msgs/share/husky_msgs/cmake/husky_msgsConfig-version.cmake
[9.115s] -- Symlinking: /home/useradd/ros2_ws/src/install/husky_msgs/share/husky_msgs/package.xml
[9.122s] -- Installing: /home/useradd/ros2_ws/src/install/husky_msgs/lib/libhusky_msgs__rosidl_generator_c.so
[9.122s] -- Set runtime path of "/home/useradd/ros2_ws/src/install/husky_msgs/lib/libhusky_msgs__rosidl_generator_c.so" to ""
[9.122s] -- Installing: /home/useradd/ros2_ws/src/install/husky_msgs/lib/libhusky_msgs__rosidl_typesupport_fastrtps_c.so
[9.123s] -- Set runtime path of "/home/useradd/ros2_ws/src/install/husky_msgs/lib/libhusky_msgs__rosidl_typesupport_fastrtps_c.so" to ""
[9.123s] -- Installing: /home/useradd/ros2_ws/src/install/husky_msgs/lib/libhusky_msgs__rosidl_typesupport_fastrtps_cpp.so
[9.123s] -- Set runtime path of "/home/useradd/ros2_ws/src/install/husky_msgs/lib/libhusky_msgs__rosidl_typesupport_fastrtps_cpp.so" to ""
[9.123s] -- Installing: /home/useradd/ros2_ws/src/install/husky_msgs/lib/libhusky_msgs__rosidl_typesupport_introspection_c.so
[9.123s] -- Set runtime path of "/home/useradd/ros2_ws/src/install/husky_msgs/lib/libhusky_msgs__rosidl_typesupport_introspection_c.so" to ""
[9.124s] -- Installing: /home/useradd/ros2_ws/src/install/husky_msgs/lib/libhusky_msgs__rosidl_typesupport_c.so
[9.124s] -- Set runtime path of "/home/useradd/ros2_ws/src/install/husky_msgs/lib/libhusky_msgs__rosidl_typesupport_c.so" to ""
[9.124s] -- Installing: /home/useradd/ros2_ws/src/install/husky_msgs/lib/libhusky_msgs__rosidl_typesupport_introspection_cpp.so
[9.124s] -- Set runtime path of "/home/useradd/ros2_ws/src/install/husky_msgs/lib/libhusky_msgs__rosidl_typesupport_introspection_cpp.so" to ""
[9.124s] -- Installing: /home/useradd/ros2_ws/src/install/husky_msgs/lib/libhusky_msgs__rosidl_typesupport_cpp.so
[9.125s] -- Set runtime path of "/home/useradd/ros2_ws/src/install/husky_msgs/lib/libhusky_msgs__rosidl_typesupport_cpp.so" to ""
[9.170s] Listing '/home/useradd/ros2_ws/src/install/husky_msgs/local/lib/python3.10/dist-packages/husky_msgs'...
[9.170s] Compiling '/home/useradd/ros2_ws/src/install/husky_msgs/local/lib/python3.10/dist-packages/husky_msgs/__init__.py'...
[9.170s] Listing '/home/useradd/ros2_ws/src/install/husky_msgs/local/lib/python3.10/dist-packages/husky_msgs/msg'...
[9.170s] Compiling '/home/useradd/ros2_ws/src/install/husky_msgs/local/lib/python3.10/dist-packages/husky_msgs/msg/__init__.py'...
[9.170s] Compiling '/home/useradd/ros2_ws/src/install/husky_msgs/local/lib/python3.10/dist-packages/husky_msgs/msg/_husky_status.py'...
[9.174s] -- Installing: /home/useradd/ros2_ws/src/install/husky_msgs/lib/libhusky_msgs__rosidl_generator_py.so
[9.175s] -- Set runtime path of "/home/useradd/ros2_ws/src/install/husky_msgs/lib/libhusky_msgs__rosidl_generator_py.so" to ""
[9.175s] -- Installing: /home/useradd/ros2_ws/src/install/husky_msgs/share/husky_msgs/cmake/export_husky_msgs__rosidl_generator_cExport.cmake
[9.175s] -- Installing: /home/useradd/ros2_ws/src/install/husky_msgs/share/husky_msgs/cmake/export_husky_msgs__rosidl_generator_cExport-noconfig.cmake
[9.175s] -- Installing: /home/useradd/ros2_ws/src/install/husky_msgs/share/husky_msgs/cmake/export_husky_msgs__rosidl_typesupport_fastrtps_cExport.cmake
[9.175s] -- Installing: /home/useradd/ros2_ws/src/install/husky_msgs/share/husky_msgs/cmake/export_husky_msgs__rosidl_typesupport_fastrtps_cExport-noconfig.cmake
[9.175s] -- Installing: /home/useradd/ros2_ws/src/install/husky_msgs/share/husky_msgs/cmake/export_husky_msgs__rosidl_generator_cppExport.cmake
[9.176s] -- Installing: /home/useradd/ros2_ws/src/install/husky_msgs/share/husky_msgs/cmake/export_husky_msgs__rosidl_typesupport_fastrtps_cppExport.cmake
[9.176s] -- Installing: /home/useradd/ros2_ws/src/install/husky_msgs/share/husky_msgs/cmake/export_husky_msgs__rosidl_typesupport_fastrtps_cppExport-noconfig.cmake
[9.176s] -- Installing: /home/useradd/ros2_ws/src/install/husky_msgs/share/husky_msgs/cmake/husky_msgs__rosidl_typesupport_introspection_cExport.cmake
[9.177s] -- Installing: /home/useradd/ros2_ws/src/install/husky_msgs/share/husky_msgs/cmake/husky_msgs__rosidl_typesupport_introspection_cExport-noconfig.cmake
[9.177s] -- Installing: /home/useradd/ros2_ws/src/install/husky_msgs/share/husky_msgs/cmake/husky_msgs__rosidl_typesupport_cExport.cmake
[9.177s] -- Installing: /home/useradd/ros2_ws/src/install/husky_msgs/share/husky_msgs/cmake/husky_msgs__rosidl_typesupport_cExport-noconfig.cmake
[9.178s] -- Installing: /home/useradd/ros2_ws/src/install/husky_msgs/share/husky_msgs/cmake/husky_msgs__rosidl_typesupport_introspection_cppExport.cmake
[9.178s] -- Installing: /home/useradd/ros2_ws/src/install/husky_msgs/share/husky_msgs/cmake/husky_msgs__rosidl_typesupport_introspection_cppExport-noconfig.cmake
[9.178s] -- Installing: /home/useradd/ros2_ws/src/install/husky_msgs/share/husky_msgs/cmake/husky_msgs__rosidl_typesupport_cppExport.cmake
[9.179s] -- Installing: /home/useradd/ros2_ws/src/install/husky_msgs/share/husky_msgs/cmake/husky_msgs__rosidl_typesupport_cppExport-noconfig.cmake
[9.179s] -- Installing: /home/useradd/ros2_ws/src/install/husky_msgs/share/husky_msgs/cmake/export_husky_msgs__rosidl_generator_pyExport.cmake
[9.180s] -- Installing: /home/useradd/ros2_ws/src/install/husky_msgs/share/husky_msgs/cmake/export_husky_msgs__rosidl_generator_pyExport-noconfig.cmake
[9.184s] Invoked command in '/home/useradd/ros2_ws/src/build/husky_msgs' returned '0': CMAKE_PREFIX_PATH=${CMAKE_PREFIX_PATH}:/home/useradd/ros2_ws/install/twist_mux_bridge:/home/useradd/ros2_ws/install/odom_bridge:/home/useradd/dev_ws/install/robot_description:/home/useradd/dev_ws/install/my_doosan_pkg:/home/useradd/dev_ws/install/mobile_manipulator:/home/useradd/dev_ws/install/doosan_description:/home/useradd/dev_ws/install/bulldog_description:/opt/ros/humble /usr/bin/cmake --install /home/useradd/ros2_ws/src/build/husky_msgs
